<?xml version="1.0" encoding="UTF-8"?>
<robot generator="Robot 4.0.2 (Python 3.9.0 on win32)" generated="20220121 06:40:41.677" rpa="false" schemaversion="2">
<suite id="s1" name="Mysqldb" source="C:\Users\palak.vora\OneDrive - ConnectWise, Inc\Automation_Testing\Security_Automation\Database\Mysqldb.robot">
<test id="s1-t1" name="TC2">
<kw name="Log To Console" library="BuiltIn">
<arg>"Performing SQL Injection Attack on ITS-ITGue"</arg>
<doc>Logs the given message to the console.</doc>
<status status="PASS" starttime="20220121 06:40:42.330" endtime="20220121 06:40:42.331"/>
</kw>
<kw name="Injection Attack" library="API">
<arg>${API_Name}</arg>
<arg>${HTTP_Method}</arg>
<arg>${Protocol}</arg>
<arg>${Base_URL}</arg>
<arg>${Relative_URL}</arg>
<arg>${Request_Body}</arg>
<arg>${Header}</arg>
<arg>${Cookies}</arg>
<arg>${Payload_Excel_Location}</arg>
<arg>${Payload_Sheet_Name}</arg>
<kw name="Log To Console" library="BuiltIn">
<arg>"Executing Injection Attack"</arg>
<doc>Logs the given message to the console.</doc>
<status status="PASS" starttime="20220121 06:40:42.333" endtime="20220121 06:40:42.333"/>
</kw>
<kw name="Log To Console" library="BuiltIn">
<arg>${Payload_Excel_Location}</arg>
<doc>Logs the given message to the console.</doc>
<status status="PASS" starttime="20220121 06:40:42.334" endtime="20220121 06:40:42.334"/>
</kw>
<kw name="API Injection" library="Injection_Attack">
<var>${result}</var>
<arg>${API_Name}</arg>
<arg>${HTTP_Method}</arg>
<arg>${Protocol}</arg>
<arg>${Base_URL}</arg>
<arg>${Relative_URL}</arg>
<arg>${Request_Body}</arg>
<arg>${Header}</arg>
<arg>${Cookies}</arg>
<arg>${Payload_Excel_Location}</arg>
<arg>${Payload_Sheet_Name}</arg>
<msg timestamp="20220121 06:41:20.106" level="INFO">https://reqres.in/api/users/2 {'': ''} {'Accept': 'text/html,application/xhtml+xml,application/xml;q=0.9,image/webp,*/*;q=0.8', 'Connection': 'keep-alive', 'Referer': 'https://reqres.in/', 'Upgrade-Insecure-Requests': '1'} {'': ''}</msg>
<msg timestamp="20220121 06:41:20.106" level="INFO">${result} = 0</msg>
<status status="PASS" starttime="20220121 06:40:42.334" endtime="20220121 06:41:20.106"/>
</kw>
<kw name="Log To Console" library="BuiltIn">
<arg>${result}</arg>
<doc>Logs the given message to the console.</doc>
<status status="PASS" starttime="20220121 06:41:20.107" endtime="20220121 06:41:20.107"/>
</kw>
<kw name="Run Keyword If" library="BuiltIn">
<arg>${result}!= 0</arg>
<arg>Fail</arg>
<arg>msg=This might be vulnerable to SQL injection</arg>
<doc>Runs the given keyword with the given arguments, if ``condition`` is true.</doc>
<status status="PASS" starttime="20220121 06:41:20.107" endtime="20220121 06:41:20.108"/>
</kw>
<status status="PASS" starttime="20220121 06:40:42.331" endtime="20220121 06:41:20.108"/>
</kw>
<tag>perform_injection</tag>
<status status="PASS" starttime="20220121 06:40:42.330" endtime="20220121 06:41:20.108"/>
</test>
<status status="PASS" starttime="20220121 06:40:41.679" endtime="20220121 06:41:20.110"/>
</suite>
<statistics>
<total>
<stat pass="1" fail="0" skip="0">All Tests</stat>
</total>
<tag>
<stat pass="1" fail="0" skip="0">perform_injection</stat>
</tag>
<suite>
<stat pass="1" fail="0" skip="0" id="s1" name="Mysqldb">Mysqldb</stat>
</suite>
</statistics>
<errors>
<msg timestamp="20220121 06:40:41.712" level="ERROR">Error in file 'C:\Users\palak.vora\OneDrive - ConnectWise, Inc\Automation_Testing\Security_Automation\Resources\API.robot' on line 2: Importing library 'SeleniumLibrary' failed: ModuleNotFoundError: No module named 'SeleniumLibrary'
Traceback (most recent call last):
  None
PYTHONPATH:
  C:\Users\palak.vora\AppData\Local\Programs\Python\Python39\Scripts\robot.exe
  C:\Users\palak.vora\AppData\Local\Programs\Python\Python39
  c:\users\palak.vora\appdata\local\programs\python\python39\python39.zip
  C:\Users\palak.vora\AppData\Local\Programs\Python\Python39\DLLs
  C:\Users\palak.vora\AppData\Local\Programs\Python\Python39\lib
  C:\Users\palak.vora\AppData\Roaming\Python\Python39\site-packages
  C:\Users\palak.vora\AppData\Local\Programs\Python\Python39\lib\site-packages</msg>
<msg timestamp="20220121 06:40:41.717" level="ERROR">Error in file 'C:\Users\palak.vora\OneDrive - ConnectWise, Inc\Automation_Testing\Security_Automation\Resources\API.robot' on line 3: Importing library 'JSpringBotGlobal' failed: ModuleNotFoundError: No module named 'JSpringBotGlobal'
Traceback (most recent call last):
  None
PYTHONPATH:
  C:\Users\palak.vora\AppData\Local\Programs\Python\Python39\Scripts\robot.exe
  C:\Users\palak.vora\AppData\Local\Programs\Python\Python39
  c:\users\palak.vora\appdata\local\programs\python\python39\python39.zip
  C:\Users\palak.vora\AppData\Local\Programs\Python\Python39\DLLs
  C:\Users\palak.vora\AppData\Local\Programs\Python\Python39\lib
  C:\Users\palak.vora\AppData\Roaming\Python\Python39\site-packages
  C:\Users\palak.vora\AppData\Local\Programs\Python\Python39\lib\site-packages</msg>
</errors>
</robot>
