<?xml version="1.0" encoding="UTF-8"?>
<robot generator="Robot 4.0.2 (Python 3.9.0 on win32)" generated="20210602 06:49:48.637" rpa="false" schemaversion="2">
<suite id="s1" name="Mysqldb" source="D:\COE_Automation\Database\Mysqldb.robot">
<kw name="Connect To Database" library="DatabaseLibrary" type="SETUP">
<arg>pymysql</arg>
<arg>${dbname}</arg>
<arg>${dbuser}</arg>
<arg>${dbpass}</arg>
<arg>${dbhost}</arg>
<arg>${dbport}</arg>
<doc>Loads the DB API 2.0 module given `dbapiModuleName` then uses it to
connect to the database using `dbName`, `dbUsername`, and `dbPassword`.</doc>
<msg timestamp="20210602 06:49:49.427" level="INFO">Connecting using : pymysql.connect(db=robot, user=root, passwd=, host=localhost, port=3306, charset=None) </msg>
<status status="PASS" starttime="20210602 06:49:49.414" endtime="20210602 06:49:49.570"/>
</kw>
<test id="s1-t1" name="TC1">
<kw name="Run Keyword And Ignore Error" library="BuiltIn">
<var>${status}</var>
<var>${checking}</var>
<arg>Comparing</arg>
<doc>Runs the given keyword with the given arguments and ignores possible error.</doc>
<kw name="Comparing">
<kw name="Check If Not Exists In Database" library="DatabaseLibrary">
<arg>SELECT * FROM apidetails WHERE API_Name = '${API_to_run}';</arg>
<doc>This is the negation of `check_if_exists_in_database`.</doc>
<msg timestamp="20210602 06:49:49.572" level="INFO">Executing : Check If Not Exists In Database  |  SELECT * FROM apidetails WHERE API_Name = 'TestAPIDefend44'; </msg>
<msg timestamp="20210602 06:49:49.572" level="INFO">Executing : Query  |  SELECT * FROM apidetails WHERE API_Name = 'TestAPIDefend44'; </msg>
<status status="PASS" starttime="20210602 06:49:49.572" endtime="20210602 06:49:49.573"/>
</kw>
<status status="PASS" starttime="20210602 06:49:49.572" endtime="20210602 06:49:49.574"/>
</kw>
<msg timestamp="20210602 06:49:49.574" level="INFO">${status} = PASS</msg>
<msg timestamp="20210602 06:49:49.574" level="INFO">${checking} = None</msg>
<status status="PASS" starttime="20210602 06:49:49.571" endtime="20210602 06:49:49.574"/>
</kw>
<kw name="Log To Console" library="BuiltIn">
<arg>${API_to_run}</arg>
<doc>Logs the given message to the console.</doc>
<status status="PASS" starttime="20210602 06:49:49.574" endtime="20210602 06:49:49.575"/>
</kw>
<kw name="Log To Console" library="BuiltIn">
<arg>${status}</arg>
<doc>Logs the given message to the console.</doc>
<status status="PASS" starttime="20210602 06:49:49.576" endtime="20210602 06:49:49.576"/>
</kw>
<kw name="Run Keyword If" library="BuiltIn">
<arg>'${status}' =='PASS'</arg>
<arg>Insert API</arg>
<doc>Runs the given keyword with the given arguments, if ``condition`` is true.</doc>
<kw name="Insert API">
<kw name="Execute Sql String" library="DatabaseLibrary">
<arg>INSERT INTO apidetails VALUES('${API_to_run}','POST','https','defendtheweb.net','/playground/sqli2?q=$A$','{"":""}','{"Content-Type": "application/json","Connection": "keep-alive","Cookie": "PHPSESSID=84uven6il9vls9pl92anohvki0; cookies_dismissed=1"}','{"":""}','D:/Programming/Application Security/coe-application-security/DataFiles/Payloads.xlsx','SQL');</arg>
<doc>Executes the sqlString as SQL commands. Useful to pass arguments to your sql. Set optional input `sansTran` to
True to run command without an explicit transaction commit or rollback.</doc>
<msg timestamp="20210602 06:49:49.578" level="INFO">Executing : Execute SQL String  |  INSERT INTO apidetails VALUES('TestAPIDefend44','POST','https','defendtheweb.net','/playground/sqli2?q=$A$','{"":""}','{"Content-Type": "application/json","Connection": "keep-alive","Cookie": "PHPSESSID=84uven6il9vls9pl92anohvki0; cookies_dismissed=1"}','{"":""}','D:/Programming/Application Security/coe-application-security/DataFiles/Payloads.xlsx','SQL'); </msg>
<status status="PASS" starttime="20210602 06:49:49.578" endtime="20210602 06:49:49.579"/>
</kw>
<status status="PASS" starttime="20210602 06:49:49.578" endtime="20210602 06:49:49.579"/>
</kw>
<status status="PASS" starttime="20210602 06:49:49.577" endtime="20210602 06:49:49.579"/>
</kw>
<tag>db</tag>
<tag>smoke</tag>
<status status="PASS" starttime="20210602 06:49:49.571" endtime="20210602 06:49:49.580"/>
</test>
<status status="PASS" starttime="20210602 06:49:48.656" endtime="20210602 06:49:49.581"/>
</suite>
<statistics>
<total>
<stat pass="1" fail="0" skip="0">All Tests</stat>
</total>
<tag>
<stat pass="1" fail="0" skip="0">db</stat>
<stat pass="1" fail="0" skip="0">smoke</stat>
</tag>
<suite>
<stat pass="1" fail="0" skip="0" id="s1" name="Mysqldb">Mysqldb</stat>
</suite>
</statistics>
<errors>
<msg timestamp="20210602 06:49:48.701" level="ERROR">Error in file 'D:\COE_Automation\Resources\API.robot' on line 2: Importing library 'SeleniumLibrary' failed: ModuleNotFoundError: No module named 'SeleniumLibrary'
Traceback (most recent call last):
  None
PYTHONPATH:
  C:\Users\palak.vora\AppData\Local\Programs\Python\Python39\Scripts\robot.exe
  C:\Users\palak.vora\AppData\Local\Programs\Python\Python39
  c:\users\palak.vora\appdata\local\programs\python\python39\python39.zip
  C:\Users\palak.vora\AppData\Local\Programs\Python\Python39\DLLs
  C:\Users\palak.vora\AppData\Local\Programs\Python\Python39\lib
  C:\Users\palak.vora\AppData\Roaming\Python\Python39\site-packages
  C:\Users\palak.vora\AppData\Local\Programs\Python\Python39\lib\site-packages</msg>
<msg timestamp="20210602 06:49:48.708" level="ERROR">Error in file 'D:\COE_Automation\Resources\API.robot' on line 3: Importing library 'JSpringBotGlobal' failed: ModuleNotFoundError: No module named 'JSpringBotGlobal'
Traceback (most recent call last):
  None
PYTHONPATH:
  C:\Users\palak.vora\AppData\Local\Programs\Python\Python39\Scripts\robot.exe
  C:\Users\palak.vora\AppData\Local\Programs\Python\Python39
  c:\users\palak.vora\appdata\local\programs\python\python39\python39.zip
  C:\Users\palak.vora\AppData\Local\Programs\Python\Python39\DLLs
  C:\Users\palak.vora\AppData\Local\Programs\Python\Python39\lib
  C:\Users\palak.vora\AppData\Roaming\Python\Python39\site-packages
  C:\Users\palak.vora\AppData\Local\Programs\Python\Python39\lib\site-packages</msg>
<msg timestamp="20210602 06:49:48.888" level="ERROR">Error in file 'D:\COE_Automation\Resources\API.robot' on line 6: Importing library 'JSONLibrary' failed: ModuleNotFoundError: No module named 'JSONLibrary'
Traceback (most recent call last):
  None
PYTHONPATH:
  C:\Users\palak.vora\AppData\Local\Programs\Python\Python39\Scripts\robot.exe
  C:\Users\palak.vora\AppData\Local\Programs\Python\Python39
  c:\users\palak.vora\appdata\local\programs\python\python39\python39.zip
  C:\Users\palak.vora\AppData\Local\Programs\Python\Python39\DLLs
  C:\Users\palak.vora\AppData\Local\Programs\Python\Python39\lib
  C:\Users\palak.vora\AppData\Roaming\Python\Python39\site-packages
  C:\Users\palak.vora\AppData\Local\Programs\Python\Python39\lib\site-packages</msg>
</errors>
</robot>
