<?xml version="1.0" encoding="UTF-8"?>
<robot generator="Robot 4.0.2 (Python 3.9.0 on win32)" generated="20210705 13:28:44.709" rpa="false" schemaversion="2">
<suite id="s1" name="Mysqldb" source="D:\COE_Automation\Database\Mysqldb.robot">
<kw name="Connect To Database" library="DatabaseLibrary" type="SETUP">
<arg>pymysql</arg>
<arg>${dbname}</arg>
<arg>${dbuser}</arg>
<arg>${dbpass}</arg>
<arg>${dbhost}</arg>
<arg>${dbport}</arg>
<doc>Loads the DB API 2.0 module given `dbapiModuleName` then uses it to
connect to the database using `dbName`, `dbUsername`, and `dbPassword`.</doc>
<msg timestamp="20210705 13:28:46.316" level="INFO">Connecting using : pymysql.connect(db=robot, user=root, passwd=, host=localhost, port=3306, charset=None) </msg>
<status status="PASS" starttime="20210705 13:28:46.225" endtime="20210705 13:28:46.334"/>
</kw>
<test id="s1-t1" name="TC1">
<kw name="Run Keyword And Ignore Error" library="BuiltIn">
<var>${status}</var>
<var>${checking}</var>
<arg>Comparing</arg>
<doc>Runs the given keyword with the given arguments and ignores possible error.</doc>
<kw name="Comparing">
<kw name="Check If Not Exists In Database" library="DatabaseLibrary">
<arg>SELECT * FROM apidetails WHERE API_Name = '${API_to_run}';</arg>
<doc>This is the negation of `check_if_exists_in_database`.</doc>
<msg timestamp="20210705 13:28:46.340" level="INFO">Executing : Check If Not Exists In Database  |  SELECT * FROM apidetails WHERE API_Name = 'TestAPI'; </msg>
<msg timestamp="20210705 13:28:46.340" level="INFO">Executing : Query  |  SELECT * FROM apidetails WHERE API_Name = 'TestAPI'; </msg>
<msg timestamp="20210705 13:28:46.345" level="FAIL">Expected to have have no rows from 'SELECT * FROM apidetails WHERE API_Name = 'TestAPI';' but got some rows : (('TestAPI', 'GET', 'https', 'reqres.in', '/api/users/$2$', '{"":""}', '{"Accept": "text/html,application/xhtml+xml,application/xml;q=0.9,image/webp,*/*;q=0.8", "Referer": "https://reqres.in/", "Connection": "keep-alive", "Upgrade-Insecure-Requests": "1"}', '{"":""}', 'D:/Programming/Application Security/coe-application-security/DataFiles/Payloads.xlsx', 'SQL'),).</msg>
<status status="FAIL" starttime="20210705 13:28:46.339" endtime="20210705 13:28:46.345"/>
</kw>
<status status="FAIL" starttime="20210705 13:28:46.338" endtime="20210705 13:28:46.346"/>
</kw>
<msg timestamp="20210705 13:28:46.346" level="INFO">${status} = FAIL</msg>
<msg timestamp="20210705 13:28:46.346" level="INFO">${checking} = Expected to have have no rows from 'SELECT * FROM apidetails WHERE API_Name = 'TestAPI';' but got some rows : (('TestAPI', 'GET', 'https', 'reqres.in', '/api/users/$2$', '{"":""}', '{"Accept": "text/h...</msg>
<status status="PASS" starttime="20210705 13:28:46.337" endtime="20210705 13:28:46.347"/>
</kw>
<kw name="Log To Console" library="BuiltIn">
<arg>${API_to_run}</arg>
<doc>Logs the given message to the console.</doc>
<status status="PASS" starttime="20210705 13:28:46.347" endtime="20210705 13:28:46.349"/>
</kw>
<kw name="Log To Console" library="BuiltIn">
<arg>${status}</arg>
<doc>Logs the given message to the console.</doc>
<status status="PASS" starttime="20210705 13:28:46.349" endtime="20210705 13:28:46.351"/>
</kw>
<kw name="Run Keyword If" library="BuiltIn">
<arg>'${status}' =='PASS'</arg>
<arg>Insert API</arg>
<doc>Runs the given keyword with the given arguments, if ``condition`` is true.</doc>
<status status="PASS" starttime="20210705 13:28:46.352" endtime="20210705 13:28:46.353"/>
</kw>
<tag>db</tag>
<tag>smoke</tag>
<status status="PASS" starttime="20210705 13:28:46.334" endtime="20210705 13:28:46.354"/>
</test>
<test id="s1-t2" name="TC2">
<kw name="Log To Console" library="BuiltIn">
<arg>"Performing SQL Injection Attack on ITS-ITGue"</arg>
<doc>Logs the given message to the console.</doc>
<status status="PASS" starttime="20210705 13:28:46.360" endtime="20210705 13:28:46.361"/>
</kw>
<kw name="Query" library="DatabaseLibrary">
<var>@{output}</var>
<arg>SELECT * FROM apidetails WHERE API_Name='${API_to_run}';</arg>
<doc>Uses the input `selectStatement` to query for the values that will be returned as a list of tuples. Set optional
input `sansTran` to True to run command without an explicit transaction commit or rollback.
Set optional input `returnAsDict` to True to return values as a list of dictionaries.</doc>
<msg timestamp="20210705 13:28:46.363" level="INFO">Executing : Query  |  SELECT * FROM apidetails WHERE API_Name='TestAPI'; </msg>
<msg timestamp="20210705 13:28:46.366" level="INFO">@{output} = [ ('TestAPI', 'GET', 'https', 'reqres.in', '/api/users/$2$', '{"":""}', '{"Accept": "text/html,application/xhtml+xml,application/xml;q=0.9,image/webp,*/*;q=0.8", "Referer": "https://reqres.in/", "Conn...</msg>
<status status="PASS" starttime="20210705 13:28:46.362" endtime="20210705 13:28:46.366"/>
</kw>
<kw name="Log" library="BuiltIn">
<arg>@{output}</arg>
<doc>Logs the given message with the given level.</doc>
<msg timestamp="20210705 13:28:46.367" level="INFO">('TestAPI', 'GET', 'https', 'reqres.in', '/api/users/$2$', '{"":""}', '{"Accept": "text/html,application/xhtml+xml,application/xml;q=0.9,image/webp,*/*;q=0.8", "Referer": "https://reqres.in/", "Connection": "keep-alive", "Upgrade-Insecure-Requests": "1"}', '{"":""}', 'D:/Programming/Application Security/coe-application-security/DataFiles/Payloads.xlsx', 'SQL')</msg>
<status status="PASS" starttime="20210705 13:28:46.366" endtime="20210705 13:28:46.367"/>
</kw>
<kw name="Set Variable" library="BuiltIn">
<var>${API_Name}</var>
<arg>${output[0][0]}</arg>
<doc>Returns the given values which can then be assigned to a variables.</doc>
<msg timestamp="20210705 13:28:46.371" level="INFO">${API_Name} = TestAPI</msg>
<status status="PASS" starttime="20210705 13:28:46.368" endtime="20210705 13:28:46.371"/>
</kw>
<kw name="Set Variable" library="BuiltIn">
<var>${HTTP_Method}</var>
<arg>${output[0][1]}</arg>
<doc>Returns the given values which can then be assigned to a variables.</doc>
<msg timestamp="20210705 13:28:46.376" level="INFO">${HTTP_Method} = GET</msg>
<status status="PASS" starttime="20210705 13:28:46.373" endtime="20210705 13:28:46.376"/>
</kw>
<kw name="Set Variable" library="BuiltIn">
<var>${Protocol}</var>
<arg>${output[0][2]}</arg>
<doc>Returns the given values which can then be assigned to a variables.</doc>
<msg timestamp="20210705 13:28:46.380" level="INFO">${Protocol} = https</msg>
<status status="PASS" starttime="20210705 13:28:46.376" endtime="20210705 13:28:46.380"/>
</kw>
<kw name="Set Variable" library="BuiltIn">
<var>${Base_URL}</var>
<arg>${output[0][3]}</arg>
<doc>Returns the given values which can then be assigned to a variables.</doc>
<msg timestamp="20210705 13:28:46.384" level="INFO">${Base_URL} = reqres.in</msg>
<status status="PASS" starttime="20210705 13:28:46.381" endtime="20210705 13:28:46.384"/>
</kw>
<kw name="Set Variable" library="BuiltIn">
<var>${Relative_URL}</var>
<arg>${output[0][4]}</arg>
<doc>Returns the given values which can then be assigned to a variables.</doc>
<msg timestamp="20210705 13:28:46.388" level="INFO">${Relative_URL} = /api/users/$2$</msg>
<status status="PASS" starttime="20210705 13:28:46.385" endtime="20210705 13:28:46.388"/>
</kw>
<kw name="Set Variable" library="BuiltIn">
<var>${Request_Body}</var>
<arg>${output[0][5]}</arg>
<doc>Returns the given values which can then be assigned to a variables.</doc>
<msg timestamp="20210705 13:28:46.399" level="INFO">${Request_Body} = {"":""}</msg>
<status status="PASS" starttime="20210705 13:28:46.394" endtime="20210705 13:28:46.399"/>
</kw>
<kw name="Set Variable" library="BuiltIn">
<var>${Header}</var>
<arg>${output[0][6]}</arg>
<doc>Returns the given values which can then be assigned to a variables.</doc>
<msg timestamp="20210705 13:28:46.404" level="INFO">${Header} = {"Accept": "text/html,application/xhtml+xml,application/xml;q=0.9,image/webp,*/*;q=0.8", "Referer": "https://reqres.in/", "Connection": "keep-alive", "Upgrade-Insecure-Requests": "1"}</msg>
<status status="PASS" starttime="20210705 13:28:46.401" endtime="20210705 13:28:46.404"/>
</kw>
<kw name="Set Variable" library="BuiltIn">
<var>${Cookies}</var>
<arg>${output[0][7]}</arg>
<doc>Returns the given values which can then be assigned to a variables.</doc>
<msg timestamp="20210705 13:28:46.411" level="INFO">${Cookies} = {"":""}</msg>
<status status="PASS" starttime="20210705 13:28:46.406" endtime="20210705 13:28:46.411"/>
</kw>
<kw name="Set Variable" library="BuiltIn">
<var>${Payload_Excel_Location}</var>
<arg>${output[0][8]}</arg>
<doc>Returns the given values which can then be assigned to a variables.</doc>
<msg timestamp="20210705 13:28:46.422" level="INFO">${Payload_Excel_Location} = D:/Programming/Application Security/coe-application-security/DataFiles/Payloads.xlsx</msg>
<status status="PASS" starttime="20210705 13:28:46.412" endtime="20210705 13:28:46.422"/>
</kw>
<kw name="Set Variable" library="BuiltIn">
<var>${Payload_Sheet_Name}</var>
<arg>${output[0][9]}</arg>
<doc>Returns the given values which can then be assigned to a variables.</doc>
<msg timestamp="20210705 13:28:46.428" level="INFO">${Payload_Sheet_Name} = SQL</msg>
<status status="PASS" starttime="20210705 13:28:46.423" endtime="20210705 13:28:46.428"/>
</kw>
<kw name="Injection Attack" library="API">
<arg>${API_Name}</arg>
<arg>${HTTP_Method}</arg>
<arg>${Protocol}</arg>
<arg>${Base_URL}</arg>
<arg>${Relative_URL}</arg>
<arg>${Request_Body}</arg>
<arg>${Header}</arg>
<arg>${Cookies}</arg>
<arg>${Payload_Excel_Location}</arg>
<arg>${Payload_Sheet_Name}</arg>
<kw name="Log To Console" library="BuiltIn">
<arg>"Executing Injection Attack"</arg>
<doc>Logs the given message to the console.</doc>
<status status="PASS" starttime="20210705 13:28:46.434" endtime="20210705 13:28:46.435"/>
</kw>
<kw name="Log To Console" library="BuiltIn">
<arg>${Payload_Excel_Location}</arg>
<doc>Logs the given message to the console.</doc>
<status status="PASS" starttime="20210705 13:28:46.436" endtime="20210705 13:28:46.447"/>
</kw>
<kw name="API Injection" library="Injection_Attack">
<var>${result}</var>
<arg>${API_Name}</arg>
<arg>${HTTP_Method}</arg>
<arg>${Protocol}</arg>
<arg>${Base_URL}</arg>
<arg>${Relative_URL}</arg>
<arg>${Request_Body}</arg>
<arg>${Header}</arg>
<arg>${Cookies}</arg>
<arg>${Payload_Excel_Location}</arg>
<arg>${Payload_Sheet_Name}</arg>
<msg timestamp="20210705 13:29:21.836" level="INFO">https://reqres.in/api/users/2
No Change in Body
{'': ''}
No Change in Header
{'Accept': 'text/html,application/xhtml+xml,application/xml;q=0.9,image/webp,*/*;q=0.8', 'Referer': 'https://reqres.in/', 'Connection': 'keep-alive', 'Upgrade-Insecure-Requests': '1'}
No Change in Cookie
{'': ''}
No Change in Method
No Change in PROTOCOL
Found GET API, So Executing It.
Its GET API
&lt;class 'float'&gt;
Executed GET Method for payload
abc
{'StatusCode': '200', 'ResponseBody': '{"data":{"id":2,"email":"janet.weaver@reqres.in","first_name":"Janet","last_name":"Weaver","avatar":"https://reqres.in/img/faces/2-image.jpg"},"support":{"url":"https://reqres.in/#support-heading","text":"To keep ReqRes free, contributions towards server costs are appreciated!"}}', 'ResponseHeader': '{\'Date\': \'Mon, 05 Jul 2021 07:58:44 GMT\', \'Content-Type\': \'application/json; charset=utf-8\', \'Transfer-Encoding\': \'chunked\', \'Connection\': \'keep-alive\', \'X-Powered-By\': \'Express\', \'Access-Control-Allow-Origin\': \'*\', \'Etag\': \'W/"118-pbdwwFo9SKNhD3Lx5iHJyngpq00"\', \'Via\': \'1.1 vegur\', \'Cache-Control\': \'max-age=14400\', \'CF-Cache-Status\': \'HIT\', \'Age\': \'1534\', \'Expect-CT\': \'max-age=604800, report-uri="https://report-uri.cloudflare.com/cdn-cgi/beacon/expect-ct"\', \'Report-To\': \'{"endpoints":[{"url":"https:\\\\/\\\\/a.nel.cloudflare.com\\\\/report\\\\/v2?s=N%2FyD%2FeoTBpavVntefVWoV1ALW8bY31nu%2F5yIc%2Fa0y9FT7AFhaGr3w2B9XFzZo0iyhi3RJHvVwfKbFxSvorMp5l71B6IlhBO91FR%2FLWvG2LNA6uw%2FQXOm"}],"group":"cf-nel","max_age":604800}\', \'NEL\': \'{"report_to":"cf-nel","max_age":604800}\', \'Vary\': \'Accept-Encoding\', \'Server\': \'cloudflare\', \'CF-RAY\': \'669f0cc91f3cde2d-BOM\', \'Content-Encoding\': \'gzip\', \'alt-svc\': \'h3-27=":443"; ma=86400, h3-28=":443"; ma=86400, h3-29=":443"; ma=86400, h3=":443"; ma=86400\'}', 'ResponseCookie': '&lt;RequestsCookieJar[]&gt;'}
&lt;Response [200]&gt;
Why
{'StatusCode': '200', 'ResponseBody': '{"data":{"id":2,"email":"janet.weaver@reqres.in","first_name":"Janet","last_name":"Weaver","avatar":"https://reqres.in/img/faces/2-image.jpg"},"support":{"url":"https://reqres.in/#support-heading","text":"To keep ReqRes free, contributions towards server costs are appreciated!"}}', 'ResponseHeader': '{\'Date\': \'Mon, 05 Jul 2021 07:58:44 GMT\', \'Content-Type\': \'application/json; charset=utf-8\', \'Transfer-Encoding\': \'chunked\', \'Connection\': \'keep-alive\', \'X-Powered-By\': \'Express\', \'Access-Control-Allow-Origin\': \'*\', \'Etag\': \'W/"118-pbdwwFo9SKNhD3Lx5iHJyngpq00"\', \'Via\': \'1.1 vegur\', \'Cache-Control\': \'max-age=14400\', \'CF-Cache-Status\': \'HIT\', \'Age\': \'1534\', \'Expect-CT\': \'max-age=604800, report-uri="https://report-uri.cloudflare.com/cdn-cgi/beacon/expect-ct"\', \'Report-To\': \'{"endpoints":[{"url":"https:\\\\/\\\\/a.nel.cloudflare.com\\\\/report\\\\/v2?s=N%2FyD%2FeoTBpavVntefVWoV1ALW8bY31nu%2F5yIc%2Fa0y9FT7AFhaGr3w2B9XFzZo0iyhi3RJHvVwfKbFxSvorMp5l71B6IlhBO91FR%2FLWvG2LNA6uw%2FQXOm"}],"group":"cf-nel","max_age":604800}\', \'NEL\': \'{"report_to":"cf-nel","max_age":604800}\', \'Vary\': \'Accept-Encoding\', \'Server\': \'cloudflare\', \'CF-RAY\': \'669f0cc91f3cde2d-BOM\', \'Content-Encoding\': \'gzip\', \'alt-svc\': \'h3-27=":443"; ma=86400, h3-28=":443"; ma=86400, h3-29=":443"; ma=86400, h3=":443"; ma=86400\'}', 'ResponseCookie': '&lt;RequestsCookieJar[]&gt;'}
&lt;Response [200]&gt;
inside for
Worksheet Found = SQL
Title of Sheet = SQL
Number of Payloads for SQL = 32
Row 
2
 = "
loaded param
https://reqres.in/api/users/'
Its GET API
&lt;class 'float'&gt;
Executed GET Method for payload
abc
{'StatusCode': '404', 'ResponseBody': '{}', 'ResponseHeader': '{\'Date\': \'Mon, 05 Jul 2021 07:58:45 GMT\', \'Content-Type\': \'application/json; charset=utf-8\', \'Content-Length\': \'2\', \'Connection\': \'keep-alive\', \'X-Powered-By\': \'Express\', \'Access-Control-Allow-Origin\': \'*\', \'Etag\': \'W/"2-vyGp6PvFo4RvsFtPoIWeCReyIC8"\', \'Via\': \'1.1 vegur\', \'Cache-Control\': \'max-age=14400\', \'CF-Cache-Status\': \'EXPIRED\', \'Expect-CT\': \'max-age=604800, report-uri="https://report-uri.cloudflare.com/cdn-cgi/beacon/expect-ct"\', \'Report-To\': \'{"endpoints":[{"url":"https:\\\\/\\\\/a.nel.cloudflare.com\\\\/report\\\\/v2?s=tfvrslCQMf6B3ZemBwZPBcLJyoYsp7m2Kkjo4xEnmvPJQfoJ0MEeDWzfwFIoVCNhbx%2B89QA7hh0uRzD%2Bh9BxjFvzKBkwVPjJjG7%2BvvgIm8Lm8P1cuMsm"}],"group":"cf-nel","max_age":604800}\', \'NEL\': \'{"report_to":"cf-nel","max_age":604800}\', \'Vary\': \'Accept-Encoding\', \'Server\': \'cloudflare\', \'CF-RAY\': \'669f0cca7f54de39-BOM\', \'alt-svc\': \'h3-27=":443"; ma=86400, h3-28=":443"; ma=86400, h3-29=":443"; ma=86400, h3=":443"; ma=86400\'}', 'ResponseCookie': '&lt;RequestsCookieJar[]&gt;'}
&lt;Response [404]&gt;
The functionality respond
error
Or here
Your status code404
Safe from this use case
or it is here
{'StatusCode': '200', 'ResponseBody': '{"data":{"id":2,"email":"janet.weaver@reqres.in","first_name":"Janet","last_name":"Weaver","avatar":"https://reqres.in/img/faces/2-image.jpg"},"support":{"url":"https://reqres.in/#support-heading","text":"To keep ReqRes free, contributions towards server costs are appreciated!"}}', 'ResponseHeader': '{\'Date\': \'Mon, 05 Jul 2021 07:58:44 GMT\', \'Content-Type\': \'application/json; charset=utf-8\', \'Transfer-Encoding\': \'chunked\', \'Connection\': \'keep-alive\', \'X-Powered-By\': \'Express\', \'Access-Control-Allow-Origin\': \'*\', \'Etag\': \'W/"118-pbdwwFo9SKNhD3Lx5iHJyngpq00"\', \'Via\': \'1.1 vegur\', \'Cache-Control\': \'max-age=14400\', \'CF-Cache-Status\': \'HIT\', \'Age\': \'1534\', \'Expect-CT\': \'max-age=604800, report-uri="https://report-uri.cloudflare.com/cdn-cgi/beacon/expect-ct"\', \'Report-To\': \'{"endpoints":[{"url":"https:\\\\/\\\\/a.nel.cloudflare.com\\\\/report\\\\/v2?s=N%2FyD%2FeoTBpavVntefVWoV1ALW8bY31nu%2F5yIc%2Fa0y9FT7AFhaGr3w2B9XFzZo0iyhi3RJHvVwfKbFxSvorMp5l71B6IlhBO91FR%2FLWvG2LNA6uw%2FQXOm"}],"group":"cf-nel","max_age":604800}\', \'NEL\': \'{"report_to":"cf-nel","max_age":604800}\', \'Vary\': \'Accept-Encoding\', \'Server\': \'cloudflare\', \'CF-RAY\': \'669f0cc91f3cde2d-BOM\', \'Content-Encoding\': \'gzip\', \'alt-svc\': \'h3-27=":443"; ma=86400, h3-28=":443"; ma=86400, h3-29=":443"; ma=86400, h3=":443"; ma=86400\'}', 'ResponseCookie': '&lt;RequestsCookieJar[]&gt;'}
0
Flag
0
loaded param
https://reqres.in/api/users/"
Its GET API
&lt;class 'float'&gt;
Executed GET Method for payload
abc
{'StatusCode': '404', 'ResponseBody': '{}', 'ResponseHeader': '{\'Date\': \'Mon, 05 Jul 2021 07:58:45 GMT\', \'Content-Type\': \'application/json; charset=utf-8\', \'Content-Length\': \'2\', \'Connection\': \'keep-alive\', \'X-Powered-By\': \'Express\', \'Access-Control-Allow-Origin\': \'*\', \'Etag\': \'W/"2-vyGp6PvFo4RvsFtPoIWeCReyIC8"\', \'Via\': \'1.1 vegur\', \'Cache-Control\': \'max-age=14400\', \'CF-Cache-Status\': \'EXPIRED\', \'Expect-CT\': \'max-age=604800, report-uri="https://report-uri.cloudflare.com/cdn-cgi/beacon/expect-ct"\', \'Report-To\': \'{"endpoints":[{"url":"https:\\\\/\\\\/a.nel.cloudflare.com\\\\/report\\\\/v2?s=RV4TrXuu%2FYUeZvPujC2Qy5KVjNTBkdgYslkkxtzXBIgpLJubJzAJsYXryUvwzW6SGpYLtUsQchY1W5mGU2xaeEHlEDiUVes2qd9CDC%2FKU3AV59zTnaHx"}],"group":"cf-nel","max_age":604800}\', \'NEL\': \'{"report_to":"cf-nel","max_age":604800}\', \'Vary\': \'Accept-Encoding\', \'Server\': \'cloudflare\', \'CF-RAY\': \'669f0ccea8a2de72-BOM\', \'alt-svc\': \'h3-27=":443"; ma=86400, h3-28=":443"; ma=86400, h3-29=":443"; ma=86400, h3=":443"; ma=86400\'}', 'ResponseCookie': '&lt;RequestsCookieJar[]&gt;'}
&lt;Response [404]&gt;
The functionality respond
error
Or here
Your status code404
Safe from this use case
or it is here
{'StatusCode': '200', 'ResponseBody': '{"data":{"id":2,"email":"janet.weaver@reqres.in","first_name":"Janet","last_name":"Weaver","avatar":"https://reqres.in/img/faces/2-image.jpg"},"support":{"url":"https://reqres.in/#support-heading","text":"To keep ReqRes free, contributions towards server costs are appreciated!"}}', 'ResponseHeader': '{\'Date\': \'Mon, 05 Jul 2021 07:58:44 GMT\', \'Content-Type\': \'application/json; charset=utf-8\', \'Transfer-Encoding\': \'chunked\', \'Connection\': \'keep-alive\', \'X-Powered-By\': \'Express\', \'Access-Control-Allow-Origin\': \'*\', \'Etag\': \'W/"118-pbdwwFo9SKNhD3Lx5iHJyngpq00"\', \'Via\': \'1.1 vegur\', \'Cache-Control\': \'max-age=14400\', \'CF-Cache-Status\': \'HIT\', \'Age\': \'1534\', \'Expect-CT\': \'max-age=604800, report-uri="https://report-uri.cloudflare.com/cdn-cgi/beacon/expect-ct"\', \'Report-To\': \'{"endpoints":[{"url":"https:\\\\/\\\\/a.nel.cloudflare.com\\\\/report\\\\/v2?s=N%2FyD%2FeoTBpavVntefVWoV1ALW8bY31nu%2F5yIc%2Fa0y9FT7AFhaGr3w2B9XFzZo0iyhi3RJHvVwfKbFxSvorMp5l71B6IlhBO91FR%2FLWvG2LNA6uw%2FQXOm"}],"group":"cf-nel","max_age":604800}\', \'NEL\': \'{"report_to":"cf-nel","max_age":604800}\', \'Vary\': \'Accept-Encoding\', \'Server\': \'cloudflare\', \'CF-RAY\': \'669f0cc91f3cde2d-BOM\', \'Content-Encoding\': \'gzip\', \'alt-svc\': \'h3-27=":443"; ma=86400, h3-28=":443"; ma=86400, h3-29=":443"; ma=86400, h3=":443"; ma=86400\'}', 'ResponseCookie': '&lt;RequestsCookieJar[]&gt;'}
0
Flag
0
WE have a URL ***********************************
https://reqres.in/api/users/2"
Its GET API
&lt;class 'float'&gt;
Executed GET Method for payload
abc
{'StatusCode': '404', 'ResponseBody': '{}', 'ResponseHeader': '{\'Date\': \'Mon, 05 Jul 2021 07:58:46 GMT\', \'Content-Type\': \'application/json; charset=utf-8\', \'Content-Length\': \'2\', \'Connection\': \'keep-alive\', \'X-Powered-By\': \'Express\', \'Access-Control-Allow-Origin\': \'*\', \'Etag\': \'W/"2-vyGp6PvFo4RvsFtPoIWeCReyIC8"\', \'Via\': \'1.1 vegur\', \'Cache-Control\': \'max-age=14400\', \'CF-Cache-Status\': \'EXPIRED\', \'Expect-CT\': \'max-age=604800, report-uri="https://report-uri.cloudflare.com/cdn-cgi/beacon/expect-ct"\', \'Report-To\': \'{"endpoints":[{"url":"https:\\\\/\\\\/a.nel.cloudflare.com\\\\/report\\\\/v2?s=z1iOHX6L5vFIHaHavFLkDvCjZvWsBERwRXhcqUJLlsY7kwYEBvxbje71Pc2MLmb0WMmwnUU3DakFdJd0z7dN0KVCdeQ3AY2KmSUFCmn2jyXa%2B%2FtaVdri"}],"group":"cf-nel","max_age":604800}\', \'NEL\': \'{"report_to":"cf-nel","max_age":604800}\', \'Vary\': \'Accept-Encoding\', \'Server\': \'cloudflare\', \'CF-RAY\': \'669f0cd14aa7de25-BOM\', \'alt-svc\': \'h3-27=":443"; ma=86400, h3-28=":443"; ma=86400, h3-29=":443"; ma=86400, h3=":443"; ma=86400\'}', 'ResponseCookie': '&lt;RequestsCookieJar[]&gt;'}
&lt;Response [404]&gt;
The functionality respond
error
Or here
Your status code404
Safe from this use case
or it is here
{'StatusCode': '200', 'ResponseBody': '{"data":{"id":2,"email":"janet.weaver@reqres.in","first_name":"Janet","last_name":"Weaver","avatar":"https://reqres.in/img/faces/2-image.jpg"},"support":{"url":"https://reqres.in/#support-heading","text":"To keep ReqRes free, contributions towards server costs are appreciated!"}}', 'ResponseHeader': '{\'Date\': \'Mon, 05 Jul 2021 07:58:44 GMT\', \'Content-Type\': \'application/json; charset=utf-8\', \'Transfer-Encoding\': \'chunked\', \'Connection\': \'keep-alive\', \'X-Powered-By\': \'Express\', \'Access-Control-Allow-Origin\': \'*\', \'Etag\': \'W/"118-pbdwwFo9SKNhD3Lx5iHJyngpq00"\', \'Via\': \'1.1 vegur\', \'Cache-Control\': \'max-age=14400\', \'CF-Cache-Status\': \'HIT\', \'Age\': \'1534\', \'Expect-CT\': \'max-age=604800, report-uri="https://report-uri.cloudflare.com/cdn-cgi/beacon/expect-ct"\', \'Report-To\': \'{"endpoints":[{"url":"https:\\\\/\\\\/a.nel.cloudflare.com\\\\/report\\\\/v2?s=N%2FyD%2FeoTBpavVntefVWoV1ALW8bY31nu%2F5yIc%2Fa0y9FT7AFhaGr3w2B9XFzZo0iyhi3RJHvVwfKbFxSvorMp5l71B6IlhBO91FR%2FLWvG2LNA6uw%2FQXOm"}],"group":"cf-nel","max_age":604800}\', \'NEL\': \'{"report_to":"cf-nel","max_age":604800}\', \'Vary\': \'Accept-Encoding\', \'Server\': \'cloudflare\', \'CF-RAY\': \'669f0cc91f3cde2d-BOM\', \'Content-Encoding\': \'gzip\', \'alt-svc\': \'h3-27=":443"; ma=86400, h3-28=":443"; ma=86400, h3-29=":443"; ma=86400, h3=":443"; ma=86400\'}', 'ResponseCookie': '&lt;RequestsCookieJar[]&gt;'}
0
Flag
0
WE have a URL with space ***********************************
https://reqres.in/api/users/2 "
Its GET API
&lt;class 'float'&gt;
Executed GET Method for payload
abc
{'StatusCode': '404', 'ResponseBody': '{}', 'ResponseHeader': '{\'Date\': \'Mon, 05 Jul 2021 07:58:46 GMT\', \'Content-Type\': \'application/json; charset=utf-8\', \'Content-Length\': \'2\', \'Connection\': \'keep-alive\', \'X-Powered-By\': \'Express\', \'Access-Control-Allow-Origin\': \'*\', \'Etag\': \'W/"2-vyGp6PvFo4RvsFtPoIWeCReyIC8"\', \'Via\': \'1.1 vegur\', \'Cache-Control\': \'max-age=14400\', \'CF-Cache-Status\': \'EXPIRED\', \'Expect-CT\': \'max-age=604800, report-uri="https://report-uri.cloudflare.com/cdn-cgi/beacon/expect-ct"\', \'Report-To\': \'{"endpoints":[{"url":"https:\\\\/\\\\/a.nel.cloudflare.com\\\\/report\\\\/v2?s=UumeSIMBaNuQPgmNuiT7vSGMO4n7xUSwQRkoyQT0gemxuANlfAUUwqADyJa6IvURx1vBGndh8HqglA78lvU%2FZzE2f6ew48I433QPpSBW4F0aD9CrXA8I"}],"group":"cf-nel","max_age":604800}\', \'NEL\': \'{"report_to":"cf-nel","max_age":604800}\', \'Vary\': \'Accept-Encoding\', \'Server\': \'cloudflare\', \'CF-RAY\': \'669f0cd42bcfde6e-BOM\', \'alt-svc\': \'h3-27=":443"; ma=86400, h3-28=":443"; ma=86400, h3-29=":443"; ma=86400, h3=":443"; ma=86400\'}', 'ResponseCookie': '&lt;RequestsCookieJar[]&gt;'}
&lt;Response [404]&gt;
The functionality respond
error
Or here
Your status code404
Safe from this use case
or it is here
{'StatusCode': '200', 'ResponseBody': '{"data":{"id":2,"email":"janet.weaver@reqres.in","first_name":"Janet","last_name":"Weaver","avatar":"https://reqres.in/img/faces/2-image.jpg"},"support":{"url":"https://reqres.in/#support-heading","text":"To keep ReqRes free, contributions towards server costs are appreciated!"}}', 'ResponseHeader': '{\'Date\': \'Mon, 05 Jul 2021 07:58:44 GMT\', \'Content-Type\': \'application/json; charset=utf-8\', \'Transfer-Encoding\': \'chunked\', \'Connection\': \'keep-alive\', \'X-Powered-By\': \'Express\', \'Access-Control-Allow-Origin\': \'*\', \'Etag\': \'W/"118-pbdwwFo9SKNhD3Lx5iHJyngpq00"\', \'Via\': \'1.1 vegur\', \'Cache-Control\': \'max-age=14400\', \'CF-Cache-Status\': \'HIT\', \'Age\': \'1534\', \'Expect-CT\': \'max-age=604800, report-uri="https://report-uri.cloudflare.com/cdn-cgi/beacon/expect-ct"\', \'Report-To\': \'{"endpoints":[{"url":"https:\\\\/\\\\/a.nel.cloudflare.com\\\\/report\\\\/v2?s=N%2FyD%2FeoTBpavVntefVWoV1ALW8bY31nu%2F5yIc%2Fa0y9FT7AFhaGr3w2B9XFzZo0iyhi3RJHvVwfKbFxSvorMp5l71B6IlhBO91FR%2FLWvG2LNA6uw%2FQXOm"}],"group":"cf-nel","max_age":604800}\', \'NEL\': \'{"report_to":"cf-nel","max_age":604800}\', \'Vary\': \'Accept-Encoding\', \'Server\': \'cloudflare\', \'CF-RAY\': \'669f0cc91f3cde2d-BOM\', \'Content-Encoding\': \'gzip\', \'alt-svc\': \'h3-27=":443"; ma=86400, h3-28=":443"; ma=86400, h3-29=":443"; ma=86400, h3=":443"; ma=86400\'}', 'ResponseCookie': '&lt;RequestsCookieJar[]&gt;'}
0
Flag
0
Row 
3
 = '%20;
loaded param
https://reqres.in/api/users/'
Its GET API
&lt;class 'float'&gt;
Executed GET Method for payload
abc
{'StatusCode': '404', 'ResponseBody': '{}', 'ResponseHeader': '{\'Date\': \'Mon, 05 Jul 2021 07:58:46 GMT\', \'Content-Type\': \'application/json; charset=utf-8\', \'Content-Length\': \'2\', \'Connection\': \'keep-alive\', \'X-Powered-By\': \'Express\', \'Access-Control-Allow-Origin\': \'*\', \'Etag\': \'W/"2-vyGp6PvFo4RvsFtPoIWeCReyIC8"\', \'Via\': \'1.1 vegur\', \'Cache-Control\': \'max-age=14400\', \'CF-Cache-Status\': \'HIT\', \'Age\': \'1\', \'Expect-CT\': \'max-age=604800, report-uri="https://report-uri.cloudflare.com/cdn-cgi/beacon/expect-ct"\', \'Report-To\': \'{"endpoints":[{"url":"https:\\\\/\\\\/a.nel.cloudflare.com\\\\/report\\\\/v2?s=u9qsy9078ENm5BK2wDun6C9I9yb3cLop5DbeAGOxsP2Q7kqrSqXPCfil5WlXMS4W09L8rIEZkOiMs1yZxaNv97qyqnKgLYOIj4Aof8OL4yji7s%2BtUXyo"}],"group":"cf-nel","max_age":604800}\', \'NEL\': \'{"report_to":"cf-nel","max_age":604800}\', \'Vary\': \'Accept-Encoding\', \'Server\': \'cloudflare\', \'CF-RAY\': \'669f0cd6ff0bde05-BOM\', \'alt-svc\': \'h3-27=":443"; ma=86400, h3-28=":443"; ma=86400, h3-29=":443"; ma=86400, h3=":443"; ma=86400\'}', 'ResponseCookie': '&lt;RequestsCookieJar[]&gt;'}
&lt;Response [404]&gt;
The functionality respond
error
Or here
Your status code404
Safe from this use case
or it is here
{'StatusCode': '200', 'ResponseBody': '{"data":{"id":2,"email":"janet.weaver@reqres.in","first_name":"Janet","last_name":"Weaver","avatar":"https://reqres.in/img/faces/2-image.jpg"},"support":{"url":"https://reqres.in/#support-heading","text":"To keep ReqRes free, contributions towards server costs are appreciated!"}}', 'ResponseHeader': '{\'Date\': \'Mon, 05 Jul 2021 07:58:44 GMT\', \'Content-Type\': \'application/json; charset=utf-8\', \'Transfer-Encoding\': \'chunked\', \'Connection\': \'keep-alive\', \'X-Powered-By\': \'Express\', \'Access-Control-Allow-Origin\': \'*\', \'Etag\': \'W/"118-pbdwwFo9SKNhD3Lx5iHJyngpq00"\', \'Via\': \'1.1 vegur\', \'Cache-Control\': \'max-age=14400\', \'CF-Cache-Status\': \'HIT\', \'Age\': \'1534\', \'Expect-CT\': \'max-age=604800, report-uri="https://report-uri.cloudflare.com/cdn-cgi/beacon/expect-ct"\', \'Report-To\': \'{"endpoints":[{"url":"https:\\\\/\\\\/a.nel.cloudflare.com\\\\/report\\\\/v2?s=N%2FyD%2FeoTBpavVntefVWoV1ALW8bY31nu%2F5yIc%2Fa0y9FT7AFhaGr3w2B9XFzZo0iyhi3RJHvVwfKbFxSvorMp5l71B6IlhBO91FR%2FLWvG2LNA6uw%2FQXOm"}],"group":"cf-nel","max_age":604800}\', \'NEL\': \'{"report_to":"cf-nel","max_age":604800}\', \'Vary\': \'Accept-Encoding\', \'Server\': \'cloudflare\', \'CF-RAY\': \'669f0cc91f3cde2d-BOM\', \'Content-Encoding\': \'gzip\', \'alt-svc\': \'h3-27=":443"; ma=86400, h3-28=":443"; ma=86400, h3-29=":443"; ma=86400, h3=":443"; ma=86400\'}', 'ResponseCookie': '&lt;RequestsCookieJar[]&gt;'}
0
Flag
0
loaded param
https://reqres.in/api/users/'%20;
Its GET API
&lt;class 'float'&gt;
Executed GET Method for payload
abc
{'StatusCode': '404', 'ResponseBody': '{}', 'ResponseHeader': '{\'Date\': \'Mon, 05 Jul 2021 07:58:47 GMT\', \'Content-Type\': \'application/json; charset=utf-8\', \'Content-Length\': \'2\', \'Connection\': \'keep-alive\', \'X-Powered-By\': \'Express\', \'Access-Control-Allow-Origin\': \'*\', \'Etag\': \'W/"2-vyGp6PvFo4RvsFtPoIWeCReyIC8"\', \'Via\': \'1.1 vegur\', \'Cache-Control\': \'max-age=14400\', \'CF-Cache-Status\': \'EXPIRED\', \'Expect-CT\': \'max-age=604800, report-uri="https://report-uri.cloudflare.com/cdn-cgi/beacon/expect-ct"\', \'Report-To\': \'{"endpoints":[{"url":"https:\\\\/\\\\/a.nel.cloudflare.com\\\\/report\\\\/v2?s=v9sQD0R5PwVPgFMC5dHOfQ0v6l0te3D8csUhe%2FQOohCF%2FI9wivRygbeB0VFnRTuw6o81ERtu7Bj0e6muBEesNa8n9vgJh7myCSUf7Z%2F4jSrbZDCXkJWE"}],"group":"cf-nel","max_age":604800}\', \'NEL\': \'{"report_to":"cf-nel","max_age":604800}\', \'Vary\': \'Accept-Encoding\', \'Server\': \'cloudflare\', \'CF-RAY\': \'669f0cd81dabde52-BOM\', \'alt-svc\': \'h3-27=":443"; ma=86400, h3-28=":443"; ma=86400, h3-29=":443"; ma=86400, h3=":443"; ma=86400\'}', 'ResponseCookie': '&lt;RequestsCookieJar[]&gt;'}
&lt;Response [404]&gt;
The functionality respond
error
Or here
Your status code404
Safe from this use case
or it is here
{'StatusCode': '200', 'ResponseBody': '{"data":{"id":2,"email":"janet.weaver@reqres.in","first_name":"Janet","last_name":"Weaver","avatar":"https://reqres.in/img/faces/2-image.jpg"},"support":{"url":"https://reqres.in/#support-heading","text":"To keep ReqRes free, contributions towards server costs are appreciated!"}}', 'ResponseHeader': '{\'Date\': \'Mon, 05 Jul 2021 07:58:44 GMT\', \'Content-Type\': \'application/json; charset=utf-8\', \'Transfer-Encoding\': \'chunked\', \'Connection\': \'keep-alive\', \'X-Powered-By\': \'Express\', \'Access-Control-Allow-Origin\': \'*\', \'Etag\': \'W/"118-pbdwwFo9SKNhD3Lx5iHJyngpq00"\', \'Via\': \'1.1 vegur\', \'Cache-Control\': \'max-age=14400\', \'CF-Cache-Status\': \'HIT\', \'Age\': \'1534\', \'Expect-CT\': \'max-age=604800, report-uri="https://report-uri.cloudflare.com/cdn-cgi/beacon/expect-ct"\', \'Report-To\': \'{"endpoints":[{"url":"https:\\\\/\\\\/a.nel.cloudflare.com\\\\/report\\\\/v2?s=N%2FyD%2FeoTBpavVntefVWoV1ALW8bY31nu%2F5yIc%2Fa0y9FT7AFhaGr3w2B9XFzZo0iyhi3RJHvVwfKbFxSvorMp5l71B6IlhBO91FR%2FLWvG2LNA6uw%2FQXOm"}],"group":"cf-nel","max_age":604800}\', \'NEL\': \'{"report_to":"cf-nel","max_age":604800}\', \'Vary\': \'Accept-Encoding\', \'Server\': \'cloudflare\', \'CF-RAY\': \'669f0cc91f3cde2d-BOM\', \'Content-Encoding\': \'gzip\', \'alt-svc\': \'h3-27=":443"; ma=86400, h3-28=":443"; ma=86400, h3-29=":443"; ma=86400, h3=":443"; ma=86400\'}', 'ResponseCookie': '&lt;RequestsCookieJar[]&gt;'}
0
Flag
0
WE have a URL ***********************************
https://reqres.in/api/users/2'%20;
Its GET API
&lt;class 'float'&gt;
Executed GET Method for payload
abc
{'StatusCode': '404', 'ResponseBody': '{}', 'ResponseHeader': '{\'Date\': \'Mon, 05 Jul 2021 07:58:47 GMT\', \'Content-Type\': \'application/json; charset=utf-8\', \'Content-Length\': \'2\', \'Connection\': \'keep-alive\', \'X-Powered-By\': \'Express\', \'Access-Control-Allow-Origin\': \'*\', \'Etag\': \'W/"2-vyGp6PvFo4RvsFtPoIWeCReyIC8"\', \'Via\': \'1.1 vegur\', \'Cache-Control\': \'max-age=14400\', \'CF-Cache-Status\': \'EXPIRED\', \'Expect-CT\': \'max-age=604800, report-uri="https://report-uri.cloudflare.com/cdn-cgi/beacon/expect-ct"\', \'Report-To\': \'{"endpoints":[{"url":"https:\\\\/\\\\/a.nel.cloudflare.com\\\\/report\\\\/v2?s=O4%2F0ScT3qK9j8Nr3UuYHRsPXVbqU%2F6YZSLm0%2FqQNcVR3espC8MJvv%2FVzdJowFVTLIeYDupfx1X1uZbvYcrt%2Fq6iG0nNtawWtwWB%2BiF6bBlcR17gy2%2BWX"}],"group":"cf-nel","max_age":604800}\', \'NEL\': \'{"report_to":"cf-nel","max_age":604800}\', \'Vary\': \'Accept-Encoding\', \'Server\': \'cloudflare\', \'CF-RAY\': \'669f0cdaf89ade4e-BOM\', \'alt-svc\': \'h3-27=":443"; ma=86400, h3-28=":443"; ma=86400, h3-29=":443"; ma=86400, h3=":443"; ma=86400\'}', 'ResponseCookie': '&lt;RequestsCookieJar[]&gt;'}
&lt;Response [404]&gt;
The functionality respond
error
Or here
Your status code404
Safe from this use case
or it is here
{'StatusCode': '200', 'ResponseBody': '{"data":{"id":2,"email":"janet.weaver@reqres.in","first_name":"Janet","last_name":"Weaver","avatar":"https://reqres.in/img/faces/2-image.jpg"},"support":{"url":"https://reqres.in/#support-heading","text":"To keep ReqRes free, contributions towards server costs are appreciated!"}}', 'ResponseHeader': '{\'Date\': \'Mon, 05 Jul 2021 07:58:44 GMT\', \'Content-Type\': \'application/json; charset=utf-8\', \'Transfer-Encoding\': \'chunked\', \'Connection\': \'keep-alive\', \'X-Powered-By\': \'Express\', \'Access-Control-Allow-Origin\': \'*\', \'Etag\': \'W/"118-pbdwwFo9SKNhD3Lx5iHJyngpq00"\', \'Via\': \'1.1 vegur\', \'Cache-Control\': \'max-age=14400\', \'CF-Cache-Status\': \'HIT\', \'Age\': \'1534\', \'Expect-CT\': \'max-age=604800, report-uri="https://report-uri.cloudflare.com/cdn-cgi/beacon/expect-ct"\', \'Report-To\': \'{"endpoints":[{"url":"https:\\\\/\\\\/a.nel.cloudflare.com\\\\/report\\\\/v2?s=N%2FyD%2FeoTBpavVntefVWoV1ALW8bY31nu%2F5yIc%2Fa0y9FT7AFhaGr3w2B9XFzZo0iyhi3RJHvVwfKbFxSvorMp5l71B6IlhBO91FR%2FLWvG2LNA6uw%2FQXOm"}],"group":"cf-nel","max_age":604800}\', \'NEL\': \'{"report_to":"cf-nel","max_age":604800}\', \'Vary\': \'Accept-Encoding\', \'Server\': \'cloudflare\', \'CF-RAY\': \'669f0cc91f3cde2d-BOM\', \'Content-Encoding\': \'gzip\', \'alt-svc\': \'h3-27=":443"; ma=86400, h3-28=":443"; ma=86400, h3-29=":443"; ma=86400, h3=":443"; ma=86400\'}', 'ResponseCookie': '&lt;RequestsCookieJar[]&gt;'}
0
Flag
0
WE have a URL with space ***********************************
https://reqres.in/api/users/2 '%20;
Its GET API
&lt;class 'float'&gt;
Executed GET Method for payload
abc
{'StatusCode': '404', 'ResponseBody': '{}', 'ResponseHeader': '{\'Date\': \'Mon, 05 Jul 2021 07:58:48 GMT\', \'Content-Type\': \'application/json; charset=utf-8\', \'Content-Length\': \'2\', \'Connection\': \'keep-alive\', \'X-Powered-By\': \'Express\', \'Access-Control-Allow-Origin\': \'*\', \'Etag\': \'W/"2-vyGp6PvFo4RvsFtPoIWeCReyIC8"\', \'Via\': \'1.1 vegur\', \'Cache-Control\': \'max-age=14400\', \'CF-Cache-Status\': \'EXPIRED\', \'Expect-CT\': \'max-age=604800, report-uri="https://report-uri.cloudflare.com/cdn-cgi/beacon/expect-ct"\', \'Report-To\': \'{"endpoints":[{"url":"https:\\\\/\\\\/a.nel.cloudflare.com\\\\/report\\\\/v2?s=yPFlAg2rOkCr5xH1pmOUhE2cqqRTt5Aqcy2AIW5%2BOrt69bwbeAAF8LtBzfL7%2Blkj5CFXZ0242VlEM1XRhH0C4rfsIh0c0iNdeoz2GLA9Fk%2B0RSpAlSHn"}],"group":"cf-nel","max_age":604800}\', \'NEL\': \'{"report_to":"cf-nel","max_age":604800}\', \'Vary\': \'Accept-Encoding\', \'Server\': \'cloudflare\', \'CF-RAY\': \'669f0cddffd6de35-BOM\', \'alt-svc\': \'h3-27=":443"; ma=86400, h3-28=":443"; ma=86400, h3-29=":443"; ma=86400, h3=":443"; ma=86400\'}', 'ResponseCookie': '&lt;RequestsCookieJar[]&gt;'}
&lt;Response [404]&gt;
The functionality respond
error
Or here
Your status code404
Safe from this use case
or it is here
{'StatusCode': '200', 'ResponseBody': '{"data":{"id":2,"email":"janet.weaver@reqres.in","first_name":"Janet","last_name":"Weaver","avatar":"https://reqres.in/img/faces/2-image.jpg"},"support":{"url":"https://reqres.in/#support-heading","text":"To keep ReqRes free, contributions towards server costs are appreciated!"}}', 'ResponseHeader': '{\'Date\': \'Mon, 05 Jul 2021 07:58:44 GMT\', \'Content-Type\': \'application/json; charset=utf-8\', \'Transfer-Encoding\': \'chunked\', \'Connection\': \'keep-alive\', \'X-Powered-By\': \'Express\', \'Access-Control-Allow-Origin\': \'*\', \'Etag\': \'W/"118-pbdwwFo9SKNhD3Lx5iHJyngpq00"\', \'Via\': \'1.1 vegur\', \'Cache-Control\': \'max-age=14400\', \'CF-Cache-Status\': \'HIT\', \'Age\': \'1534\', \'Expect-CT\': \'max-age=604800, report-uri="https://report-uri.cloudflare.com/cdn-cgi/beacon/expect-ct"\', \'Report-To\': \'{"endpoints":[{"url":"https:\\\\/\\\\/a.nel.cloudflare.com\\\\/report\\\\/v2?s=N%2FyD%2FeoTBpavVntefVWoV1ALW8bY31nu%2F5yIc%2Fa0y9FT7AFhaGr3w2B9XFzZo0iyhi3RJHvVwfKbFxSvorMp5l71B6IlhBO91FR%2FLWvG2LNA6uw%2FQXOm"}],"group":"cf-nel","max_age":604800}\', \'NEL\': \'{"report_to":"cf-nel","max_age":604800}\', \'Vary\': \'Accept-Encoding\', \'Server\': \'cloudflare\', \'CF-RAY\': \'669f0cc91f3cde2d-BOM\', \'Content-Encoding\': \'gzip\', \'alt-svc\': \'h3-27=":443"; ma=86400, h3-28=":443"; ma=86400, h3-29=":443"; ma=86400, h3=":443"; ma=86400\'}', 'ResponseCookie': '&lt;RequestsCookieJar[]&gt;'}
0
Flag
0
Row 
4
 = =%20'
loaded param
https://reqres.in/api/users/'
Its GET API
&lt;class 'float'&gt;
Executed GET Method for payload
abc
{'StatusCode': '404', 'ResponseBody': '{}', 'ResponseHeader': '{\'Date\': \'Mon, 05 Jul 2021 07:58:48 GMT\', \'Content-Type\': \'application/json; charset=utf-8\', \'Content-Length\': \'2\', \'Connection\': \'keep-alive\', \'X-Powered-By\': \'Express\', \'Access-Control-Allow-Origin\': \'*\', \'Etag\': \'W/"2-vyGp6PvFo4RvsFtPoIWeCReyIC8"\', \'Via\': \'1.1 vegur\', \'Cache-Control\': \'max-age=14400\', \'CF-Cache-Status\': \'HIT\', \'Age\': \'3\', \'Expect-CT\': \'max-age=604800, report-uri="https://report-uri.cloudflare.com/cdn-cgi/beacon/expect-ct"\', \'Report-To\': \'{"endpoints":[{"url":"https:\\\\/\\\\/a.nel.cloudflare.com\\\\/report\\\\/v2?s=cec7PG18cLEr2w6JzEtTM8l7KrEoi964g4rIGF0Gx%2BFEUdzYqtqI4hkalasDeKCCCrgjRIC%2F%2B%2BHNbyg40Yn%2F7f23p%2F0YeVSRqbUiTFAmCjlY38bRgXiT"}],"group":"cf-nel","max_age":604800}\', \'NEL\': \'{"report_to":"cf-nel","max_age":604800}\', \'Vary\': \'Accept-Encoding\', \'Server\': \'cloudflare\', \'CF-RAY\': \'669f0ce0e905de11-BOM\', \'alt-svc\': \'h3-27=":443"; ma=86400, h3-28=":443"; ma=86400, h3-29=":443"; ma=86400, h3=":443"; ma=86400\'}', 'ResponseCookie': '&lt;RequestsCookieJar[]&gt;'}
&lt;Response [404]&gt;
The functionality respond
error
Or here
Your status code404
Safe from this use case
or it is here
{'StatusCode': '200', 'ResponseBody': '{"data":{"id":2,"email":"janet.weaver@reqres.in","first_name":"Janet","last_name":"Weaver","avatar":"https://reqres.in/img/faces/2-image.jpg"},"support":{"url":"https://reqres.in/#support-heading","text":"To keep ReqRes free, contributions towards server costs are appreciated!"}}', 'ResponseHeader': '{\'Date\': \'Mon, 05 Jul 2021 07:58:44 GMT\', \'Content-Type\': \'application/json; charset=utf-8\', \'Transfer-Encoding\': \'chunked\', \'Connection\': \'keep-alive\', \'X-Powered-By\': \'Express\', \'Access-Control-Allow-Origin\': \'*\', \'Etag\': \'W/"118-pbdwwFo9SKNhD3Lx5iHJyngpq00"\', \'Via\': \'1.1 vegur\', \'Cache-Control\': \'max-age=14400\', \'CF-Cache-Status\': \'HIT\', \'Age\': \'1534\', \'Expect-CT\': \'max-age=604800, report-uri="https://report-uri.cloudflare.com/cdn-cgi/beacon/expect-ct"\', \'Report-To\': \'{"endpoints":[{"url":"https:\\\\/\\\\/a.nel.cloudflare.com\\\\/report\\\\/v2?s=N%2FyD%2FeoTBpavVntefVWoV1ALW8bY31nu%2F5yIc%2Fa0y9FT7AFhaGr3w2B9XFzZo0iyhi3RJHvVwfKbFxSvorMp5l71B6IlhBO91FR%2FLWvG2LNA6uw%2FQXOm"}],"group":"cf-nel","max_age":604800}\', \'NEL\': \'{"report_to":"cf-nel","max_age":604800}\', \'Vary\': \'Accept-Encoding\', \'Server\': \'cloudflare\', \'CF-RAY\': \'669f0cc91f3cde2d-BOM\', \'Content-Encoding\': \'gzip\', \'alt-svc\': \'h3-27=":443"; ma=86400, h3-28=":443"; ma=86400, h3-29=":443"; ma=86400, h3=":443"; ma=86400\'}', 'ResponseCookie': '&lt;RequestsCookieJar[]&gt;'}
0
Flag
0
loaded param
https://reqres.in/api/users/=%20'
Its GET API
&lt;class 'float'&gt;
Executed GET Method for payload
abc
{'StatusCode': '404', 'ResponseBody': '{}', 'ResponseHeader': '{\'Date\': \'Mon, 05 Jul 2021 07:58:48 GMT\', \'Content-Type\': \'application/json; charset=utf-8\', \'Content-Length\': \'2\', \'Connection\': \'keep-alive\', \'X-Powered-By\': \'Express\', \'Access-Control-Allow-Origin\': \'*\', \'Etag\': \'W/"2-vyGp6PvFo4RvsFtPoIWeCReyIC8"\', \'Via\': \'1.1 vegur\', \'Cache-Control\': \'max-age=14400\', \'CF-Cache-Status\': \'EXPIRED\', \'Expect-CT\': \'max-age=604800, report-uri="https://report-uri.cloudflare.com/cdn-cgi/beacon/expect-ct"\', \'Report-To\': \'{"endpoints":[{"url":"https:\\\\/\\\\/a.nel.cloudflare.com\\\\/report\\\\/v2?s=EBjZvAiPBcucH%2B4Tlye%2B5ZYT756aOBvE64Dp%2B%2FPcAQ1gwSd2NNt%2F%2BXKAImByF%2B%2FEqW6hyHf2XBfLFW11kmybfERJi%2Bi%2BgYcN55D8ThkksGorhrsYW4al"}],"group":"cf-nel","max_age":604800}\', \'NEL\': \'{"report_to":"cf-nel","max_age":604800}\', \'Vary\': \'Accept-Encoding\', \'Server\': \'cloudflare\', \'CF-RAY\': \'669f0ce1bea3de35-BOM\', \'alt-svc\': \'h3-27=":443"; ma=86400, h3-28=":443"; ma=86400, h3-29=":443"; ma=86400, h3=":443"; ma=86400\'}', 'ResponseCookie': '&lt;RequestsCookieJar[]&gt;'}
&lt;Response [404]&gt;
The functionality respond
error
Or here
Your status code404
Safe from this use case
or it is here
{'StatusCode': '200', 'ResponseBody': '{"data":{"id":2,"email":"janet.weaver@reqres.in","first_name":"Janet","last_name":"Weaver","avatar":"https://reqres.in/img/faces/2-image.jpg"},"support":{"url":"https://reqres.in/#support-heading","text":"To keep ReqRes free, contributions towards server costs are appreciated!"}}', 'ResponseHeader': '{\'Date\': \'Mon, 05 Jul 2021 07:58:44 GMT\', \'Content-Type\': \'application/json; charset=utf-8\', \'Transfer-Encoding\': \'chunked\', \'Connection\': \'keep-alive\', \'X-Powered-By\': \'Express\', \'Access-Control-Allow-Origin\': \'*\', \'Etag\': \'W/"118-pbdwwFo9SKNhD3Lx5iHJyngpq00"\', \'Via\': \'1.1 vegur\', \'Cache-Control\': \'max-age=14400\', \'CF-Cache-Status\': \'HIT\', \'Age\': \'1534\', \'Expect-CT\': \'max-age=604800, report-uri="https://report-uri.cloudflare.com/cdn-cgi/beacon/expect-ct"\', \'Report-To\': \'{"endpoints":[{"url":"https:\\\\/\\\\/a.nel.cloudflare.com\\\\/report\\\\/v2?s=N%2FyD%2FeoTBpavVntefVWoV1ALW8bY31nu%2F5yIc%2Fa0y9FT7AFhaGr3w2B9XFzZo0iyhi3RJHvVwfKbFxSvorMp5l71B6IlhBO91FR%2FLWvG2LNA6uw%2FQXOm"}],"group":"cf-nel","max_age":604800}\', \'NEL\': \'{"report_to":"cf-nel","max_age":604800}\', \'Vary\': \'Accept-Encoding\', \'Server\': \'cloudflare\', \'CF-RAY\': \'669f0cc91f3cde2d-BOM\', \'Content-Encoding\': \'gzip\', \'alt-svc\': \'h3-27=":443"; ma=86400, h3-28=":443"; ma=86400, h3-29=":443"; ma=86400, h3=":443"; ma=86400\'}', 'ResponseCookie': '&lt;RequestsCookieJar[]&gt;'}
0
Flag
0
WE have a URL ***********************************
https://reqres.in/api/users/2=%20'
Its GET API
&lt;class 'float'&gt;
Executed GET Method for payload
abc
{'StatusCode': '404', 'ResponseBody': '{}', 'ResponseHeader': '{\'Date\': \'Mon, 05 Jul 2021 07:58:49 GMT\', \'Content-Type\': \'application/json; charset=utf-8\', \'Content-Length\': \'2\', \'Connection\': \'keep-alive\', \'X-Powered-By\': \'Express\', \'Access-Control-Allow-Origin\': \'*\', \'Etag\': \'W/"2-vyGp6PvFo4RvsFtPoIWeCReyIC8"\', \'Via\': \'1.1 vegur\', \'Cache-Control\': \'max-age=14400\', \'CF-Cache-Status\': \'EXPIRED\', \'Expect-CT\': \'max-age=604800, report-uri="https://report-uri.cloudflare.com/cdn-cgi/beacon/expect-ct"\', \'Report-To\': \'{"endpoints":[{"url":"https:\\\\/\\\\/a.nel.cloudflare.com\\\\/report\\\\/v2?s=rLxw8tTczHhFeYCyL4mXa0wmkAb%2FQGgLe2n8BJYC4kpSj7jmjeLOp0Fm1HGKW9iVt7Vkd7k2GyPFrg61naQ0pmR7ip8zNu26b3%2BPjjlRFQMl1ut7x2qJ"}],"group":"cf-nel","max_age":604800}\', \'NEL\': \'{"report_to":"cf-nel","max_age":604800}\', \'Vary\': \'Accept-Encoding\', \'Server\': \'cloudflare\', \'CF-RAY\': \'669f0ce45b6ade4a-BOM\', \'alt-svc\': \'h3-27=":443"; ma=86400, h3-28=":443"; ma=86400, h3-29=":443"; ma=86400, h3=":443"; ma=86400\'}', 'ResponseCookie': '&lt;RequestsCookieJar[]&gt;'}
&lt;Response [404]&gt;
The functionality respond
error
Or here
Your status code404
Safe from this use case
or it is here
{'StatusCode': '200', 'ResponseBody': '{"data":{"id":2,"email":"janet.weaver@reqres.in","first_name":"Janet","last_name":"Weaver","avatar":"https://reqres.in/img/faces/2-image.jpg"},"support":{"url":"https://reqres.in/#support-heading","text":"To keep ReqRes free, contributions towards server costs are appreciated!"}}', 'ResponseHeader': '{\'Date\': \'Mon, 05 Jul 2021 07:58:44 GMT\', \'Content-Type\': \'application/json; charset=utf-8\', \'Transfer-Encoding\': \'chunked\', \'Connection\': \'keep-alive\', \'X-Powered-By\': \'Express\', \'Access-Control-Allow-Origin\': \'*\', \'Etag\': \'W/"118-pbdwwFo9SKNhD3Lx5iHJyngpq00"\', \'Via\': \'1.1 vegur\', \'Cache-Control\': \'max-age=14400\', \'CF-Cache-Status\': \'HIT\', \'Age\': \'1534\', \'Expect-CT\': \'max-age=604800, report-uri="https://report-uri.cloudflare.com/cdn-cgi/beacon/expect-ct"\', \'Report-To\': \'{"endpoints":[{"url":"https:\\\\/\\\\/a.nel.cloudflare.com\\\\/report\\\\/v2?s=N%2FyD%2FeoTBpavVntefVWoV1ALW8bY31nu%2F5yIc%2Fa0y9FT7AFhaGr3w2B9XFzZo0iyhi3RJHvVwfKbFxSvorMp5l71B6IlhBO91FR%2FLWvG2LNA6uw%2FQXOm"}],"group":"cf-nel","max_age":604800}\', \'NEL\': \'{"report_to":"cf-nel","max_age":604800}\', \'Vary\': \'Accept-Encoding\', \'Server\': \'cloudflare\', \'CF-RAY\': \'669f0cc91f3cde2d-BOM\', \'Content-Encoding\': \'gzip\', \'alt-svc\': \'h3-27=":443"; ma=86400, h3-28=":443"; ma=86400, h3-29=":443"; ma=86400, h3=":443"; ma=86400\'}', 'ResponseCookie': '&lt;RequestsCookieJar[]&gt;'}
0
Flag
0
WE have a URL with space ***********************************
https://reqres.in/api/users/2 =%20'
Its GET API
&lt;class 'float'&gt;
Executed GET Method for payload
abc
{'StatusCode': '404', 'ResponseBody': '{}', 'ResponseHeader': '{\'Date\': \'Mon, 05 Jul 2021 07:58:49 GMT\', \'Content-Type\': \'application/json; charset=utf-8\', \'Content-Length\': \'2\', \'Connection\': \'keep-alive\', \'X-Powered-By\': \'Express\', \'Access-Control-Allow-Origin\': \'*\', \'Etag\': \'W/"2-vyGp6PvFo4RvsFtPoIWeCReyIC8"\', \'Via\': \'1.1 vegur\', \'Cache-Control\': \'max-age=14400\', \'CF-Cache-Status\': \'MISS\', \'Expect-CT\': \'max-age=604800, report-uri="https://report-uri.cloudflare.com/cdn-cgi/beacon/expect-ct"\', \'Report-To\': \'{"endpoints":[{"url":"https:\\\\/\\\\/a.nel.cloudflare.com\\\\/report\\\\/v2?s=XYUUdKLn61T0vv7fuuT4JrXWxdjl4g3SbxazqfK0B5m8QbwZFJBFA8ZD2poNETNkpXpIIe1hLOyh5CY0DI2J%2F7bh%2FIlosjFJmXD%2F1KXPM9iCx%2F%2F%2BBBGZ"}],"group":"cf-nel","max_age":604800}\', \'NEL\': \'{"report_to":"cf-nel","max_age":604800}\', \'Vary\': \'Accept-Encoding\', \'Server\': \'cloudflare\', \'CF-RAY\': \'669f0ce77bfdde52-BOM\', \'alt-svc\': \'h3-27=":443"; ma=86400, h3-28=":443"; ma=86400, h3-29=":443"; ma=86400, h3=":443"; ma=86400\'}', 'ResponseCookie': '&lt;RequestsCookieJar[]&gt;'}
&lt;Response [404]&gt;
The functionality respond
error
Or here
Your status code404
Safe from this use case
or it is here
{'StatusCode': '200', 'ResponseBody': '{"data":{"id":2,"email":"janet.weaver@reqres.in","first_name":"Janet","last_name":"Weaver","avatar":"https://reqres.in/img/faces/2-image.jpg"},"support":{"url":"https://reqres.in/#support-heading","text":"To keep ReqRes free, contributions towards server costs are appreciated!"}}', 'ResponseHeader': '{\'Date\': \'Mon, 05 Jul 2021 07:58:44 GMT\', \'Content-Type\': \'application/json; charset=utf-8\', \'Transfer-Encoding\': \'chunked\', \'Connection\': \'keep-alive\', \'X-Powered-By\': \'Express\', \'Access-Control-Allow-Origin\': \'*\', \'Etag\': \'W/"118-pbdwwFo9SKNhD3Lx5iHJyngpq00"\', \'Via\': \'1.1 vegur\', \'Cache-Control\': \'max-age=14400\', \'CF-Cache-Status\': \'HIT\', \'Age\': \'1534\', \'Expect-CT\': \'max-age=604800, report-uri="https://report-uri.cloudflare.com/cdn-cgi/beacon/expect-ct"\', \'Report-To\': \'{"endpoints":[{"url":"https:\\\\/\\\\/a.nel.cloudflare.com\\\\/report\\\\/v2?s=N%2FyD%2FeoTBpavVntefVWoV1ALW8bY31nu%2F5yIc%2Fa0y9FT7AFhaGr3w2B9XFzZo0iyhi3RJHvVwfKbFxSvorMp5l71B6IlhBO91FR%2FLWvG2LNA6uw%2FQXOm"}],"group":"cf-nel","max_age":604800}\', \'NEL\': \'{"report_to":"cf-nel","max_age":604800}\', \'Vary\': \'Accept-Encoding\', \'Server\': \'cloudflare\', \'CF-RAY\': \'669f0cc91f3cde2d-BOM\', \'Content-Encoding\': \'gzip\', \'alt-svc\': \'h3-27=":443"; ma=86400, h3-28=":443"; ma=86400, h3-29=":443"; ma=86400, h3=":443"; ma=86400\'}', 'ResponseCookie': '&lt;RequestsCookieJar[]&gt;'}
0
Flag
0
Row 
5
 = =%20;
loaded param
https://reqres.in/api/users/'
Its GET API
&lt;class 'float'&gt;
Executed GET Method for payload
abc
{'StatusCode': '404', 'ResponseBody': '{}', 'ResponseHeader': '{\'Date\': \'Mon, 05 Jul 2021 07:58:49 GMT\', \'Content-Type\': \'application/json; charset=utf-8\', \'Content-Length\': \'2\', \'Connection\': \'keep-alive\', \'X-Powered-By\': \'Express\', \'Access-Control-Allow-Origin\': \'*\', \'Etag\': \'W/"2-vyGp6PvFo4RvsFtPoIWeCReyIC8"\', \'Via\': \'1.1 vegur\', \'Cache-Control\': \'max-age=14400\', \'CF-Cache-Status\': \'HIT\', \'Age\': \'4\', \'Expect-CT\': \'max-age=604800, report-uri="https://report-uri.cloudflare.com/cdn-cgi/beacon/expect-ct"\', \'Report-To\': \'{"endpoints":[{"url":"https:\\\\/\\\\/a.nel.cloudflare.com\\\\/report\\\\/v2?s=WeOV3AS05p7SkbKtSWn8zd38VLp7o%2FehJoJDKjIKXYDnQr0Q3BoqgiNiCYT9e5eXUnqnKhp53NjiBAJn%2B8N%2FjbjUfGO0giLA6aD4Qnfp2DuEdrueB5Rh"}],"group":"cf-nel","max_age":604800}\', \'NEL\': \'{"report_to":"cf-nel","max_age":604800}\', \'Vary\': \'Accept-Encoding\', \'Server\': \'cloudflare\', \'CF-RAY\': \'669f0cea5ccede31-BOM\', \'alt-svc\': \'h3-27=":443"; ma=86400, h3-28=":443"; ma=86400, h3-29=":443"; ma=86400, h3=":443"; ma=86400\'}', 'ResponseCookie': '&lt;RequestsCookieJar[]&gt;'}
&lt;Response [404]&gt;
The functionality respond
error
Or here
Your status code404
Safe from this use case
or it is here
{'StatusCode': '200', 'ResponseBody': '{"data":{"id":2,"email":"janet.weaver@reqres.in","first_name":"Janet","last_name":"Weaver","avatar":"https://reqres.in/img/faces/2-image.jpg"},"support":{"url":"https://reqres.in/#support-heading","text":"To keep ReqRes free, contributions towards server costs are appreciated!"}}', 'ResponseHeader': '{\'Date\': \'Mon, 05 Jul 2021 07:58:44 GMT\', \'Content-Type\': \'application/json; charset=utf-8\', \'Transfer-Encoding\': \'chunked\', \'Connection\': \'keep-alive\', \'X-Powered-By\': \'Express\', \'Access-Control-Allow-Origin\': \'*\', \'Etag\': \'W/"118-pbdwwFo9SKNhD3Lx5iHJyngpq00"\', \'Via\': \'1.1 vegur\', \'Cache-Control\': \'max-age=14400\', \'CF-Cache-Status\': \'HIT\', \'Age\': \'1534\', \'Expect-CT\': \'max-age=604800, report-uri="https://report-uri.cloudflare.com/cdn-cgi/beacon/expect-ct"\', \'Report-To\': \'{"endpoints":[{"url":"https:\\\\/\\\\/a.nel.cloudflare.com\\\\/report\\\\/v2?s=N%2FyD%2FeoTBpavVntefVWoV1ALW8bY31nu%2F5yIc%2Fa0y9FT7AFhaGr3w2B9XFzZo0iyhi3RJHvVwfKbFxSvorMp5l71B6IlhBO91FR%2FLWvG2LNA6uw%2FQXOm"}],"group":"cf-nel","max_age":604800}\', \'NEL\': \'{"report_to":"cf-nel","max_age":604800}\', \'Vary\': \'Accept-Encoding\', \'Server\': \'cloudflare\', \'CF-RAY\': \'669f0cc91f3cde2d-BOM\', \'Content-Encoding\': \'gzip\', \'alt-svc\': \'h3-27=":443"; ma=86400, h3-28=":443"; ma=86400, h3-29=":443"; ma=86400, h3=":443"; ma=86400\'}', 'ResponseCookie': '&lt;RequestsCookieJar[]&gt;'}
0
Flag
0
loaded param
https://reqres.in/api/users/=%20;
Its GET API
&lt;class 'float'&gt;
Executed GET Method for payload
abc
{'StatusCode': '404', 'ResponseBody': '{}', 'ResponseHeader': '{\'Date\': \'Mon, 05 Jul 2021 07:58:50 GMT\', \'Content-Type\': \'application/json; charset=utf-8\', \'Content-Length\': \'2\', \'Connection\': \'keep-alive\', \'X-Powered-By\': \'Express\', \'Access-Control-Allow-Origin\': \'*\', \'Etag\': \'W/"2-vyGp6PvFo4RvsFtPoIWeCReyIC8"\', \'Via\': \'1.1 vegur\', \'Cache-Control\': \'max-age=14400\', \'CF-Cache-Status\': \'MISS\', \'Expect-CT\': \'max-age=604800, report-uri="https://report-uri.cloudflare.com/cdn-cgi/beacon/expect-ct"\', \'Report-To\': \'{"endpoints":[{"url":"https:\\\\/\\\\/a.nel.cloudflare.com\\\\/report\\\\/v2?s=wR6hCaJ0XmiGyTiwHEO8OO9yLqBt45k60IOACgmrtVMMTEY%2Be%2BwnxnBPNa4hjC5BBdM7GkHXL3dBSi6YdLZzqE6F4MA242ydIWqWgfECR1TyF%2B0wwZHx"}],"group":"cf-nel","max_age":604800}\', \'NEL\': \'{"report_to":"cf-nel","max_age":604800}\', \'Vary\': \'Accept-Encoding\', \'Server\': \'cloudflare\', \'CF-RAY\': \'669f0ceb3f34de35-BOM\', \'alt-svc\': \'h3-27=":443"; ma=86400, h3-28=":443"; ma=86400, h3-29=":443"; ma=86400, h3=":443"; ma=86400\'}', 'ResponseCookie': '&lt;RequestsCookieJar[]&gt;'}
&lt;Response [404]&gt;
The functionality respond
error
Or here
Your status code404
Safe from this use case
or it is here
{'StatusCode': '200', 'ResponseBody': '{"data":{"id":2,"email":"janet.weaver@reqres.in","first_name":"Janet","last_name":"Weaver","avatar":"https://reqres.in/img/faces/2-image.jpg"},"support":{"url":"https://reqres.in/#support-heading","text":"To keep ReqRes free, contributions towards server costs are appreciated!"}}', 'ResponseHeader': '{\'Date\': \'Mon, 05 Jul 2021 07:58:44 GMT\', \'Content-Type\': \'application/json; charset=utf-8\', \'Transfer-Encoding\': \'chunked\', \'Connection\': \'keep-alive\', \'X-Powered-By\': \'Express\', \'Access-Control-Allow-Origin\': \'*\', \'Etag\': \'W/"118-pbdwwFo9SKNhD3Lx5iHJyngpq00"\', \'Via\': \'1.1 vegur\', \'Cache-Control\': \'max-age=14400\', \'CF-Cache-Status\': \'HIT\', \'Age\': \'1534\', \'Expect-CT\': \'max-age=604800, report-uri="https://report-uri.cloudflare.com/cdn-cgi/beacon/expect-ct"\', \'Report-To\': \'{"endpoints":[{"url":"https:\\\\/\\\\/a.nel.cloudflare.com\\\\/report\\\\/v2?s=N%2FyD%2FeoTBpavVntefVWoV1ALW8bY31nu%2F5yIc%2Fa0y9FT7AFhaGr3w2B9XFzZo0iyhi3RJHvVwfKbFxSvorMp5l71B6IlhBO91FR%2FLWvG2LNA6uw%2FQXOm"}],"group":"cf-nel","max_age":604800}\', \'NEL\': \'{"report_to":"cf-nel","max_age":604800}\', \'Vary\': \'Accept-Encoding\', \'Server\': \'cloudflare\', \'CF-RAY\': \'669f0cc91f3cde2d-BOM\', \'Content-Encoding\': \'gzip\', \'alt-svc\': \'h3-27=":443"; ma=86400, h3-28=":443"; ma=86400, h3-29=":443"; ma=86400, h3=":443"; ma=86400\'}', 'ResponseCookie': '&lt;RequestsCookieJar[]&gt;'}
0
Flag
0
WE have a URL ***********************************
https://reqres.in/api/users/2=%20;
Its GET API
&lt;class 'float'&gt;
Executed GET Method for payload
abc
{'StatusCode': '404', 'ResponseBody': '{}', 'ResponseHeader': '{\'Date\': \'Mon, 05 Jul 2021 07:58:50 GMT\', \'Content-Type\': \'application/json; charset=utf-8\', \'Content-Length\': \'2\', \'Connection\': \'keep-alive\', \'X-Powered-By\': \'Express\', \'Access-Control-Allow-Origin\': \'*\', \'Etag\': \'W/"2-vyGp6PvFo4RvsFtPoIWeCReyIC8"\', \'Via\': \'1.1 vegur\', \'Cache-Control\': \'max-age=14400\', \'CF-Cache-Status\': \'MISS\', \'Expect-CT\': \'max-age=604800, report-uri="https://report-uri.cloudflare.com/cdn-cgi/beacon/expect-ct"\', \'Report-To\': \'{"endpoints":[{"url":"https:\\\\/\\\\/a.nel.cloudflare.com\\\\/report\\\\/v2?s=tf11H3mVRbZA6Lz3Kct2M1GZFnGTXVilC3vaZrq0RPfFRCEYdYTDLV3UZXDw4tBsK4WsMmXPS863kDjdcMdufBWRAsp1IB0uQp%2F59DrfoTwsOi9TGh0J"}],"group":"cf-nel","max_age":604800}\', \'NEL\': \'{"report_to":"cf-nel","max_age":604800}\', \'Vary\': \'Accept-Encoding\', \'Server\': \'cloudflare\', \'CF-RAY\': \'669f0cee1905de52-BOM\', \'alt-svc\': \'h3-27=":443"; ma=86400, h3-28=":443"; ma=86400, h3-29=":443"; ma=86400, h3=":443"; ma=86400\'}', 'ResponseCookie': '&lt;RequestsCookieJar[]&gt;'}
&lt;Response [404]&gt;
The functionality respond
error
Or here
Your status code404
Safe from this use case
or it is here
{'StatusCode': '200', 'ResponseBody': '{"data":{"id":2,"email":"janet.weaver@reqres.in","first_name":"Janet","last_name":"Weaver","avatar":"https://reqres.in/img/faces/2-image.jpg"},"support":{"url":"https://reqres.in/#support-heading","text":"To keep ReqRes free, contributions towards server costs are appreciated!"}}', 'ResponseHeader': '{\'Date\': \'Mon, 05 Jul 2021 07:58:44 GMT\', \'Content-Type\': \'application/json; charset=utf-8\', \'Transfer-Encoding\': \'chunked\', \'Connection\': \'keep-alive\', \'X-Powered-By\': \'Express\', \'Access-Control-Allow-Origin\': \'*\', \'Etag\': \'W/"118-pbdwwFo9SKNhD3Lx5iHJyngpq00"\', \'Via\': \'1.1 vegur\', \'Cache-Control\': \'max-age=14400\', \'CF-Cache-Status\': \'HIT\', \'Age\': \'1534\', \'Expect-CT\': \'max-age=604800, report-uri="https://report-uri.cloudflare.com/cdn-cgi/beacon/expect-ct"\', \'Report-To\': \'{"endpoints":[{"url":"https:\\\\/\\\\/a.nel.cloudflare.com\\\\/report\\\\/v2?s=N%2FyD%2FeoTBpavVntefVWoV1ALW8bY31nu%2F5yIc%2Fa0y9FT7AFhaGr3w2B9XFzZo0iyhi3RJHvVwfKbFxSvorMp5l71B6IlhBO91FR%2FLWvG2LNA6uw%2FQXOm"}],"group":"cf-nel","max_age":604800}\', \'NEL\': \'{"report_to":"cf-nel","max_age":604800}\', \'Vary\': \'Accept-Encoding\', \'Server\': \'cloudflare\', \'CF-RAY\': \'669f0cc91f3cde2d-BOM\', \'Content-Encoding\': \'gzip\', \'alt-svc\': \'h3-27=":443"; ma=86400, h3-28=":443"; ma=86400, h3-29=":443"; ma=86400, h3=":443"; ma=86400\'}', 'ResponseCookie': '&lt;RequestsCookieJar[]&gt;'}
0
Flag
0
WE have a URL with space ***********************************
https://reqres.in/api/users/2 =%20;
Its GET API
&lt;class 'float'&gt;
Executed GET Method for payload
abc
{'StatusCode': '404', 'ResponseBody': '{}', 'ResponseHeader': '{\'Date\': \'Mon, 05 Jul 2021 07:58:51 GMT\', \'Content-Type\': \'application/json; charset=utf-8\', \'Content-Length\': \'2\', \'Connection\': \'keep-alive\', \'X-Powered-By\': \'Express\', \'Access-Control-Allow-Origin\': \'*\', \'Etag\': \'W/"2-vyGp6PvFo4RvsFtPoIWeCReyIC8"\', \'Via\': \'1.1 vegur\', \'Cache-Control\': \'max-age=14400\', \'CF-Cache-Status\': \'MISS\', \'Expect-CT\': \'max-age=604800, report-uri="https://report-uri.cloudflare.com/cdn-cgi/beacon/expect-ct"\', \'Report-To\': \'{"endpoints":[{"url":"https:\\\\/\\\\/a.nel.cloudflare.com\\\\/report\\\\/v2?s=bT2xH6kG4StP4C7VNwVD2RqVLoQdCI%2BDlZSmsYiAlo7%2FBCdHHGUdgh0%2BcUgSzqBkzqvpSYgs%2FKYooHMa4ImjejxtDsKmtmv%2FXjbIHGC1jSyDxNFnc0Z1"}],"group":"cf-nel","max_age":604800}\', \'NEL\': \'{"report_to":"cf-nel","max_age":604800}\', \'Vary\': \'Accept-Encoding\', \'Server\': \'cloudflare\', \'CF-RAY\': \'669f0cf098fade31-BOM\', \'alt-svc\': \'h3-27=":443"; ma=86400, h3-28=":443"; ma=86400, h3-29=":443"; ma=86400, h3=":443"; ma=86400\'}', 'ResponseCookie': '&lt;RequestsCookieJar[]&gt;'}
&lt;Response [404]&gt;
The functionality respond
error
Or here
Your status code404
Safe from this use case
or it is here
{'StatusCode': '200', 'ResponseBody': '{"data":{"id":2,"email":"janet.weaver@reqres.in","first_name":"Janet","last_name":"Weaver","avatar":"https://reqres.in/img/faces/2-image.jpg"},"support":{"url":"https://reqres.in/#support-heading","text":"To keep ReqRes free, contributions towards server costs are appreciated!"}}', 'ResponseHeader': '{\'Date\': \'Mon, 05 Jul 2021 07:58:44 GMT\', \'Content-Type\': \'application/json; charset=utf-8\', \'Transfer-Encoding\': \'chunked\', \'Connection\': \'keep-alive\', \'X-Powered-By\': \'Express\', \'Access-Control-Allow-Origin\': \'*\', \'Etag\': \'W/"118-pbdwwFo9SKNhD3Lx5iHJyngpq00"\', \'Via\': \'1.1 vegur\', \'Cache-Control\': \'max-age=14400\', \'CF-Cache-Status\': \'HIT\', \'Age\': \'1534\', \'Expect-CT\': \'max-age=604800, report-uri="https://report-uri.cloudflare.com/cdn-cgi/beacon/expect-ct"\', \'Report-To\': \'{"endpoints":[{"url":"https:\\\\/\\\\/a.nel.cloudflare.com\\\\/report\\\\/v2?s=N%2FyD%2FeoTBpavVntefVWoV1ALW8bY31nu%2F5yIc%2Fa0y9FT7AFhaGr3w2B9XFzZo0iyhi3RJHvVwfKbFxSvorMp5l71B6IlhBO91FR%2FLWvG2LNA6uw%2FQXOm"}],"group":"cf-nel","max_age":604800}\', \'NEL\': \'{"report_to":"cf-nel","max_age":604800}\', \'Vary\': \'Accept-Encoding\', \'Server\': \'cloudflare\', \'CF-RAY\': \'669f0cc91f3cde2d-BOM\', \'Content-Encoding\': \'gzip\', \'alt-svc\': \'h3-27=":443"; ma=86400, h3-28=":443"; ma=86400, h3-29=":443"; ma=86400, h3=":443"; ma=86400\'}', 'ResponseCookie': '&lt;RequestsCookieJar[]&gt;'}
0
Flag
0
Row 
6
 = \x23
loaded param
https://reqres.in/api/users/'
Its GET API
&lt;class 'float'&gt;
Executed GET Method for payload
abc
{'StatusCode': '404', 'ResponseBody': '{}', 'ResponseHeader': '{\'Date\': \'Mon, 05 Jul 2021 07:58:51 GMT\', \'Content-Type\': \'application/json; charset=utf-8\', \'Content-Length\': \'2\', \'Connection\': \'keep-alive\', \'X-Powered-By\': \'Express\', \'Access-Control-Allow-Origin\': \'*\', \'Etag\': \'W/"2-vyGp6PvFo4RvsFtPoIWeCReyIC8"\', \'Via\': \'1.1 vegur\', \'Cache-Control\': \'max-age=14400\', \'CF-Cache-Status\': \'HIT\', \'Age\': \'6\', \'Expect-CT\': \'max-age=604800, report-uri="https://report-uri.cloudflare.com/cdn-cgi/beacon/expect-ct"\', \'Report-To\': \'{"endpoints":[{"url":"https:\\\\/\\\\/a.nel.cloudflare.com\\\\/report\\\\/v2?s=ghAaRnq9jahbeoIcw0HNkWvoSW9QnSstQ3%2B61efm5ed%2BZSk2ipUc%2Fo1RfvrBfAu%2BWAa9JOdaxXEMH6xYIBkwUzdemCpumJDIq2yUxCGaXyP3z1qwwhXF"}],"group":"cf-nel","max_age":604800}\', \'NEL\': \'{"report_to":"cf-nel","max_age":604800}\', \'Vary\': \'Accept-Encoding\', \'Server\': \'cloudflare\', \'CF-RAY\': \'669f0cf349b2de39-BOM\', \'alt-svc\': \'h3-27=":443"; ma=86400, h3-28=":443"; ma=86400, h3-29=":443"; ma=86400, h3=":443"; ma=86400\'}', 'ResponseCookie': '&lt;RequestsCookieJar[]&gt;'}
&lt;Response [404]&gt;
The functionality respond
error
Or here
Your status code404
Safe from this use case
or it is here
{'StatusCode': '200', 'ResponseBody': '{"data":{"id":2,"email":"janet.weaver@reqres.in","first_name":"Janet","last_name":"Weaver","avatar":"https://reqres.in/img/faces/2-image.jpg"},"support":{"url":"https://reqres.in/#support-heading","text":"To keep ReqRes free, contributions towards server costs are appreciated!"}}', 'ResponseHeader': '{\'Date\': \'Mon, 05 Jul 2021 07:58:44 GMT\', \'Content-Type\': \'application/json; charset=utf-8\', \'Transfer-Encoding\': \'chunked\', \'Connection\': \'keep-alive\', \'X-Powered-By\': \'Express\', \'Access-Control-Allow-Origin\': \'*\', \'Etag\': \'W/"118-pbdwwFo9SKNhD3Lx5iHJyngpq00"\', \'Via\': \'1.1 vegur\', \'Cache-Control\': \'max-age=14400\', \'CF-Cache-Status\': \'HIT\', \'Age\': \'1534\', \'Expect-CT\': \'max-age=604800, report-uri="https://report-uri.cloudflare.com/cdn-cgi/beacon/expect-ct"\', \'Report-To\': \'{"endpoints":[{"url":"https:\\\\/\\\\/a.nel.cloudflare.com\\\\/report\\\\/v2?s=N%2FyD%2FeoTBpavVntefVWoV1ALW8bY31nu%2F5yIc%2Fa0y9FT7AFhaGr3w2B9XFzZo0iyhi3RJHvVwfKbFxSvorMp5l71B6IlhBO91FR%2FLWvG2LNA6uw%2FQXOm"}],"group":"cf-nel","max_age":604800}\', \'NEL\': \'{"report_to":"cf-nel","max_age":604800}\', \'Vary\': \'Accept-Encoding\', \'Server\': \'cloudflare\', \'CF-RAY\': \'669f0cc91f3cde2d-BOM\', \'Content-Encoding\': \'gzip\', \'alt-svc\': \'h3-27=":443"; ma=86400, h3-28=":443"; ma=86400, h3-29=":443"; ma=86400, h3=":443"; ma=86400\'}', 'ResponseCookie': '&lt;RequestsCookieJar[]&gt;'}
0
Flag
0
loaded param
https://reqres.in/api/users/\x23
Its GET API
&lt;class 'float'&gt;
Executed GET Method for payload
abc
{'StatusCode': '404', 'ResponseBody': '{}', 'ResponseHeader': '{\'Date\': \'Mon, 05 Jul 2021 07:58:51 GMT\', \'Content-Type\': \'application/json; charset=utf-8\', \'Content-Length\': \'2\', \'Connection\': \'keep-alive\', \'X-Powered-By\': \'Express\', \'Access-Control-Allow-Origin\': \'*\', \'Etag\': \'W/"2-vyGp6PvFo4RvsFtPoIWeCReyIC8"\', \'Via\': \'1.1 vegur\', \'Cache-Control\': \'max-age=14400\', \'CF-Cache-Status\': \'MISS\', \'Expect-CT\': \'max-age=604800, report-uri="https://report-uri.cloudflare.com/cdn-cgi/beacon/expect-ct"\', \'Report-To\': \'{"endpoints":[{"url":"https:\\\\/\\\\/a.nel.cloudflare.com\\\\/report\\\\/v2?s=o6ArCctB8A1O4yDmrSqa12VL7dxQA%2BMLyqzeSlWDoXDIIoUm%2FICnOQRS4%2FPoPE9b1WInMFa%2FW9wFozTFSOCjnvbm9BTZmItMInK%2B10RlDbAGlgzJs8UG"}],"group":"cf-nel","max_age":604800}\', \'NEL\': \'{"report_to":"cf-nel","max_age":604800}\', \'Vary\': \'Accept-Encoding\', \'Server\': \'cloudflare\', \'CF-RAY\': \'669f0cf41d2fde72-BOM\', \'alt-svc\': \'h3-27=":443"; ma=86400, h3-28=":443"; ma=86400, h3-29=":443"; ma=86400, h3=":443"; ma=86400\'}', 'ResponseCookie': '&lt;RequestsCookieJar[]&gt;'}
&lt;Response [404]&gt;
The functionality respond
error
Or here
Your status code404
Safe from this use case
or it is here
{'StatusCode': '200', 'ResponseBody': '{"data":{"id":2,"email":"janet.weaver@reqres.in","first_name":"Janet","last_name":"Weaver","avatar":"https://reqres.in/img/faces/2-image.jpg"},"support":{"url":"https://reqres.in/#support-heading","text":"To keep ReqRes free, contributions towards server costs are appreciated!"}}', 'ResponseHeader': '{\'Date\': \'Mon, 05 Jul 2021 07:58:44 GMT\', \'Content-Type\': \'application/json; charset=utf-8\', \'Transfer-Encoding\': \'chunked\', \'Connection\': \'keep-alive\', \'X-Powered-By\': \'Express\', \'Access-Control-Allow-Origin\': \'*\', \'Etag\': \'W/"118-pbdwwFo9SKNhD3Lx5iHJyngpq00"\', \'Via\': \'1.1 vegur\', \'Cache-Control\': \'max-age=14400\', \'CF-Cache-Status\': \'HIT\', \'Age\': \'1534\', \'Expect-CT\': \'max-age=604800, report-uri="https://report-uri.cloudflare.com/cdn-cgi/beacon/expect-ct"\', \'Report-To\': \'{"endpoints":[{"url":"https:\\\\/\\\\/a.nel.cloudflare.com\\\\/report\\\\/v2?s=N%2FyD%2FeoTBpavVntefVWoV1ALW8bY31nu%2F5yIc%2Fa0y9FT7AFhaGr3w2B9XFzZo0iyhi3RJHvVwfKbFxSvorMp5l71B6IlhBO91FR%2FLWvG2LNA6uw%2FQXOm"}],"group":"cf-nel","max_age":604800}\', \'NEL\': \'{"report_to":"cf-nel","max_age":604800}\', \'Vary\': \'Accept-Encoding\', \'Server\': \'cloudflare\', \'CF-RAY\': \'669f0cc91f3cde2d-BOM\', \'Content-Encoding\': \'gzip\', \'alt-svc\': \'h3-27=":443"; ma=86400, h3-28=":443"; ma=86400, h3-29=":443"; ma=86400, h3=":443"; ma=86400\'}', 'ResponseCookie': '&lt;RequestsCookieJar[]&gt;'}
0
Flag
0
WE have a URL ***********************************
https://reqres.in/api/users/2\x23
Its GET API
&lt;class 'float'&gt;
Executed GET Method for payload
abc
{'StatusCode': '404', 'ResponseBody': '{}', 'ResponseHeader': '{\'Date\': \'Mon, 05 Jul 2021 07:58:52 GMT\', \'Content-Type\': \'application/json; charset=utf-8\', \'Content-Length\': \'2\', \'Connection\': \'keep-alive\', \'X-Powered-By\': \'Express\', \'Access-Control-Allow-Origin\': \'*\', \'Etag\': \'W/"2-vyGp6PvFo4RvsFtPoIWeCReyIC8"\', \'Via\': \'1.1 vegur\', \'Cache-Control\': \'max-age=14400\', \'CF-Cache-Status\': \'MISS\', \'Expect-CT\': \'max-age=604800, report-uri="https://report-uri.cloudflare.com/cdn-cgi/beacon/expect-ct"\', \'Report-To\': \'{"endpoints":[{"url":"https:\\\\/\\\\/a.nel.cloudflare.com\\\\/report\\\\/v2?s=w4FUYXPjE4Yt4z5rh5rRN5EaeGLoS6E%2ByPC7mLjrBGESHW%2B2L8DnxL8Ug483NKCs4zg6tQ2c3fDOdlA8YsnFa1BDb6Mo9va5RsorGSyQ76snWDxMwPn0"}],"group":"cf-nel","max_age":604800}\', \'NEL\': \'{"report_to":"cf-nel","max_age":604800}\', \'Vary\': \'Accept-Encoding\', \'Server\': \'cloudflare\', \'CF-RAY\': \'669f0cf6ede4de25-BOM\', \'alt-svc\': \'h3-27=":443"; ma=86400, h3-28=":443"; ma=86400, h3-29=":443"; ma=86400, h3=":443"; ma=86400\'}', 'ResponseCookie': '&lt;RequestsCookieJar[]&gt;'}
&lt;Response [404]&gt;
The functionality respond
error
Or here
Your status code404
Safe from this use case
or it is here
{'StatusCode': '200', 'ResponseBody': '{"data":{"id":2,"email":"janet.weaver@reqres.in","first_name":"Janet","last_name":"Weaver","avatar":"https://reqres.in/img/faces/2-image.jpg"},"support":{"url":"https://reqres.in/#support-heading","text":"To keep ReqRes free, contributions towards server costs are appreciated!"}}', 'ResponseHeader': '{\'Date\': \'Mon, 05 Jul 2021 07:58:44 GMT\', \'Content-Type\': \'application/json; charset=utf-8\', \'Transfer-Encoding\': \'chunked\', \'Connection\': \'keep-alive\', \'X-Powered-By\': \'Express\', \'Access-Control-Allow-Origin\': \'*\', \'Etag\': \'W/"118-pbdwwFo9SKNhD3Lx5iHJyngpq00"\', \'Via\': \'1.1 vegur\', \'Cache-Control\': \'max-age=14400\', \'CF-Cache-Status\': \'HIT\', \'Age\': \'1534\', \'Expect-CT\': \'max-age=604800, report-uri="https://report-uri.cloudflare.com/cdn-cgi/beacon/expect-ct"\', \'Report-To\': \'{"endpoints":[{"url":"https:\\\\/\\\\/a.nel.cloudflare.com\\\\/report\\\\/v2?s=N%2FyD%2FeoTBpavVntefVWoV1ALW8bY31nu%2F5yIc%2Fa0y9FT7AFhaGr3w2B9XFzZo0iyhi3RJHvVwfKbFxSvorMp5l71B6IlhBO91FR%2FLWvG2LNA6uw%2FQXOm"}],"group":"cf-nel","max_age":604800}\', \'NEL\': \'{"report_to":"cf-nel","max_age":604800}\', \'Vary\': \'Accept-Encoding\', \'Server\': \'cloudflare\', \'CF-RAY\': \'669f0cc91f3cde2d-BOM\', \'Content-Encoding\': \'gzip\', \'alt-svc\': \'h3-27=":443"; ma=86400, h3-28=":443"; ma=86400, h3-29=":443"; ma=86400, h3=":443"; ma=86400\'}', 'ResponseCookie': '&lt;RequestsCookieJar[]&gt;'}
0
Flag
0
WE have a URL with space ***********************************
https://reqres.in/api/users/2 \x23
Its GET API
&lt;class 'float'&gt;
Executed GET Method for payload
abc
{'StatusCode': '404', 'ResponseBody': '{}', 'ResponseHeader': '{\'Date\': \'Mon, 05 Jul 2021 07:58:52 GMT\', \'Content-Type\': \'application/json; charset=utf-8\', \'Content-Length\': \'2\', \'Connection\': \'keep-alive\', \'x-powered-by\': \'Express\', \'access-control-allow-origin\': \'*\', \'etag\': \'W/"2-vyGp6PvFo4RvsFtPoIWeCReyIC8"\', \'via\': \'1.1 vegur\', \'Cache-Control\': \'max-age=14400\', \'CF-Cache-Status\': \'MISS\', \'Expect-CT\': \'max-age=604800, report-uri="https://report-uri.cloudflare.com/cdn-cgi/beacon/expect-ct"\', \'Report-To\': \'{"endpoints":[{"url":"https:\\\\/\\\\/a.nel.cloudflare.com\\\\/report\\\\/v2?s=vrm5xExgrm8%2FSRrQ2Gw67E%2FUAmsvIdQKkpOwpKhQxdYTZdBtzS4eGSMWbyWU4%2BhiANSDKTTs33MHLU5KDVGmRX9DIubUgcbnbINKc%2BgF2L7SpmtCkubP"}],"group":"cf-nel","max_age":604800}\', \'NEL\': \'{"report_to":"cf-nel","max_age":604800}\', \'Vary\': \'Accept-Encoding\', \'Server\': \'cloudflare\', \'CF-RAY\': \'669f0cfa0c54de42-BOM\', \'alt-svc\': \'h3-27=":443"; ma=86400, h3-28=":443"; ma=86400, h3-29=":443"; ma=86400, h3=":443"; ma=86400\'}', 'ResponseCookie': '&lt;RequestsCookieJar[]&gt;'}
&lt;Response [404]&gt;
The functionality respond
error
Or here
Your status code404
Safe from this use case
or it is here
{'StatusCode': '200', 'ResponseBody': '{"data":{"id":2,"email":"janet.weaver@reqres.in","first_name":"Janet","last_name":"Weaver","avatar":"https://reqres.in/img/faces/2-image.jpg"},"support":{"url":"https://reqres.in/#support-heading","text":"To keep ReqRes free, contributions towards server costs are appreciated!"}}', 'ResponseHeader': '{\'Date\': \'Mon, 05 Jul 2021 07:58:44 GMT\', \'Content-Type\': \'application/json; charset=utf-8\', \'Transfer-Encoding\': \'chunked\', \'Connection\': \'keep-alive\', \'X-Powered-By\': \'Express\', \'Access-Control-Allow-Origin\': \'*\', \'Etag\': \'W/"118-pbdwwFo9SKNhD3Lx5iHJyngpq00"\', \'Via\': \'1.1 vegur\', \'Cache-Control\': \'max-age=14400\', \'CF-Cache-Status\': \'HIT\', \'Age\': \'1534\', \'Expect-CT\': \'max-age=604800, report-uri="https://report-uri.cloudflare.com/cdn-cgi/beacon/expect-ct"\', \'Report-To\': \'{"endpoints":[{"url":"https:\\\\/\\\\/a.nel.cloudflare.com\\\\/report\\\\/v2?s=N%2FyD%2FeoTBpavVntefVWoV1ALW8bY31nu%2F5yIc%2Fa0y9FT7AFhaGr3w2B9XFzZo0iyhi3RJHvVwfKbFxSvorMp5l71B6IlhBO91FR%2FLWvG2LNA6uw%2FQXOm"}],"group":"cf-nel","max_age":604800}\', \'NEL\': \'{"report_to":"cf-nel","max_age":604800}\', \'Vary\': \'Accept-Encoding\', \'Server\': \'cloudflare\', \'CF-RAY\': \'669f0cc91f3cde2d-BOM\', \'Content-Encoding\': \'gzip\', \'alt-svc\': \'h3-27=":443"; ma=86400, h3-28=":443"; ma=86400, h3-29=":443"; ma=86400, h3=":443"; ma=86400\'}', 'ResponseCookie': '&lt;RequestsCookieJar[]&gt;'}
0
Flag
0
Row 
7
 = \x27
loaded param
https://reqres.in/api/users/'
Its GET API
&lt;class 'float'&gt;
Executed GET Method for payload
abc
{'StatusCode': '404', 'ResponseBody': '{}', 'ResponseHeader': '{\'Date\': \'Mon, 05 Jul 2021 07:58:52 GMT\', \'Content-Type\': \'application/json; charset=utf-8\', \'Content-Length\': \'2\', \'Connection\': \'keep-alive\', \'X-Powered-By\': \'Express\', \'Access-Control-Allow-Origin\': \'*\', \'Etag\': \'W/"2-vyGp6PvFo4RvsFtPoIWeCReyIC8"\', \'Via\': \'1.1 vegur\', \'Cache-Control\': \'max-age=14400\', \'CF-Cache-Status\': \'HIT\', \'Age\': \'7\', \'Expect-CT\': \'max-age=604800, report-uri="https://report-uri.cloudflare.com/cdn-cgi/beacon/expect-ct"\', \'Report-To\': \'{"endpoints":[{"url":"https:\\\\/\\\\/a.nel.cloudflare.com\\\\/report\\\\/v2?s=6BUYEtRSZeYxTJsLEet5J1tDgYOz6gP5ug2amM4YCnBeIeFgY9GK32IrN6548l3aqrQ99nICdJr8%2FtwPQjfOpA4WLLXRL5NFzIsUdtkFC4Iy6fXX5eHJ"}],"group":"cf-nel","max_age":604800}\', \'NEL\': \'{"report_to":"cf-nel","max_age":604800}\', \'Vary\': \'Accept-Encoding\', \'Server\': \'cloudflare\', \'CF-RAY\': \'669f0cfcca21de6e-BOM\', \'alt-svc\': \'h3-27=":443"; ma=86400, h3-28=":443"; ma=86400, h3-29=":443"; ma=86400, h3=":443"; ma=86400\'}', 'ResponseCookie': '&lt;RequestsCookieJar[]&gt;'}
&lt;Response [404]&gt;
The functionality respond
error
Or here
Your status code404
Safe from this use case
or it is here
{'StatusCode': '200', 'ResponseBody': '{"data":{"id":2,"email":"janet.weaver@reqres.in","first_name":"Janet","last_name":"Weaver","avatar":"https://reqres.in/img/faces/2-image.jpg"},"support":{"url":"https://reqres.in/#support-heading","text":"To keep ReqRes free, contributions towards server costs are appreciated!"}}', 'ResponseHeader': '{\'Date\': \'Mon, 05 Jul 2021 07:58:44 GMT\', \'Content-Type\': \'application/json; charset=utf-8\', \'Transfer-Encoding\': \'chunked\', \'Connection\': \'keep-alive\', \'X-Powered-By\': \'Express\', \'Access-Control-Allow-Origin\': \'*\', \'Etag\': \'W/"118-pbdwwFo9SKNhD3Lx5iHJyngpq00"\', \'Via\': \'1.1 vegur\', \'Cache-Control\': \'max-age=14400\', \'CF-Cache-Status\': \'HIT\', \'Age\': \'1534\', \'Expect-CT\': \'max-age=604800, report-uri="https://report-uri.cloudflare.com/cdn-cgi/beacon/expect-ct"\', \'Report-To\': \'{"endpoints":[{"url":"https:\\\\/\\\\/a.nel.cloudflare.com\\\\/report\\\\/v2?s=N%2FyD%2FeoTBpavVntefVWoV1ALW8bY31nu%2F5yIc%2Fa0y9FT7AFhaGr3w2B9XFzZo0iyhi3RJHvVwfKbFxSvorMp5l71B6IlhBO91FR%2FLWvG2LNA6uw%2FQXOm"}],"group":"cf-nel","max_age":604800}\', \'NEL\': \'{"report_to":"cf-nel","max_age":604800}\', \'Vary\': \'Accept-Encoding\', \'Server\': \'cloudflare\', \'CF-RAY\': \'669f0cc91f3cde2d-BOM\', \'Content-Encoding\': \'gzip\', \'alt-svc\': \'h3-27=":443"; ma=86400, h3-28=":443"; ma=86400, h3-29=":443"; ma=86400, h3=":443"; ma=86400\'}', 'ResponseCookie': '&lt;RequestsCookieJar[]&gt;'}
0
Flag
0
loaded param
https://reqres.in/api/users/\x27
Its GET API
&lt;class 'float'&gt;
Executed GET Method for payload
abc
{'StatusCode': '404', 'ResponseBody': '{}', 'ResponseHeader': '{\'Date\': \'Mon, 05 Jul 2021 07:58:53 GMT\', \'Content-Type\': \'application/json; charset=utf-8\', \'Content-Length\': \'2\', \'Connection\': \'keep-alive\', \'X-Powered-By\': \'Express\', \'Access-Control-Allow-Origin\': \'*\', \'Etag\': \'W/"2-vyGp6PvFo4RvsFtPoIWeCReyIC8"\', \'Via\': \'1.1 vegur\', \'Cache-Control\': \'max-age=14400\', \'CF-Cache-Status\': \'MISS\', \'Expect-CT\': \'max-age=604800, report-uri="https://report-uri.cloudflare.com/cdn-cgi/beacon/expect-ct"\', \'Report-To\': \'{"endpoints":[{"url":"https:\\\\/\\\\/a.nel.cloudflare.com\\\\/report\\\\/v2?s=cHY7eHHM5fW%2BI2ZAp7VerHg%2FZZal3nPokGl1PxsJ5cBkxfx2K93UsnT1%2BLdh3liI5gdGlcDyfBEItJlcnKrqZvX5v1RGNKFzuXffbi7i2usvil5%2BsdaB"}],"group":"cf-nel","max_age":604800}\', \'NEL\': \'{"report_to":"cf-nel","max_age":604800}\', \'Vary\': \'Accept-Encoding\', \'Server\': \'cloudflare\', \'CF-RAY\': \'669f0cfd9dd9de7a-BOM\', \'alt-svc\': \'h3-27=":443"; ma=86400, h3-28=":443"; ma=86400, h3-29=":443"; ma=86400, h3=":443"; ma=86400\'}', 'ResponseCookie': '&lt;RequestsCookieJar[]&gt;'}
&lt;Response [404]&gt;
The functionality respond
error
Or here
Your status code404
Safe from this use case
or it is here
{'StatusCode': '200', 'ResponseBody': '{"data":{"id":2,"email":"janet.weaver@reqres.in","first_name":"Janet","last_name":"Weaver","avatar":"https://reqres.in/img/faces/2-image.jpg"},"support":{"url":"https://reqres.in/#support-heading","text":"To keep ReqRes free, contributions towards server costs are appreciated!"}}', 'ResponseHeader': '{\'Date\': \'Mon, 05 Jul 2021 07:58:44 GMT\', \'Content-Type\': \'application/json; charset=utf-8\', \'Transfer-Encoding\': \'chunked\', \'Connection\': \'keep-alive\', \'X-Powered-By\': \'Express\', \'Access-Control-Allow-Origin\': \'*\', \'Etag\': \'W/"118-pbdwwFo9SKNhD3Lx5iHJyngpq00"\', \'Via\': \'1.1 vegur\', \'Cache-Control\': \'max-age=14400\', \'CF-Cache-Status\': \'HIT\', \'Age\': \'1534\', \'Expect-CT\': \'max-age=604800, report-uri="https://report-uri.cloudflare.com/cdn-cgi/beacon/expect-ct"\', \'Report-To\': \'{"endpoints":[{"url":"https:\\\\/\\\\/a.nel.cloudflare.com\\\\/report\\\\/v2?s=N%2FyD%2FeoTBpavVntefVWoV1ALW8bY31nu%2F5yIc%2Fa0y9FT7AFhaGr3w2B9XFzZo0iyhi3RJHvVwfKbFxSvorMp5l71B6IlhBO91FR%2FLWvG2LNA6uw%2FQXOm"}],"group":"cf-nel","max_age":604800}\', \'NEL\': \'{"report_to":"cf-nel","max_age":604800}\', \'Vary\': \'Accept-Encoding\', \'Server\': \'cloudflare\', \'CF-RAY\': \'669f0cc91f3cde2d-BOM\', \'Content-Encoding\': \'gzip\', \'alt-svc\': \'h3-27=":443"; ma=86400, h3-28=":443"; ma=86400, h3-29=":443"; ma=86400, h3=":443"; ma=86400\'}', 'ResponseCookie': '&lt;RequestsCookieJar[]&gt;'}
0
Flag
0
WE have a URL ***********************************
https://reqres.in/api/users/2\x27
Its GET API
&lt;class 'float'&gt;
Executed GET Method for payload
abc
{'StatusCode': '404', 'ResponseBody': '{}', 'ResponseHeader': '{\'Date\': \'Mon, 05 Jul 2021 07:58:53 GMT\', \'Content-Type\': \'application/json; charset=utf-8\', \'Content-Length\': \'2\', \'Connection\': \'keep-alive\', \'X-Powered-By\': \'Express\', \'Access-Control-Allow-Origin\': \'*\', \'Etag\': \'W/"2-vyGp6PvFo4RvsFtPoIWeCReyIC8"\', \'Via\': \'1.1 vegur\', \'Cache-Control\': \'max-age=14400\', \'CF-Cache-Status\': \'MISS\', \'Expect-CT\': \'max-age=604800, report-uri="https://report-uri.cloudflare.com/cdn-cgi/beacon/expect-ct"\', \'Report-To\': \'{"endpoints":[{"url":"https:\\\\/\\\\/a.nel.cloudflare.com\\\\/report\\\\/v2?s=8XuvM076NrD%2Fp88UONPvR9AYB0lKiK1%2F0IMGpr5NMnjOAnIZElxeFGOWS5oicrvrLoUSVaBq%2F4bjxRtcizdf3gBRlrNXRsIl59ebHNd7wxXFm2uX9HNt"}],"group":"cf-nel","max_age":604800}\', \'NEL\': \'{"report_to":"cf-nel","max_age":604800}\', \'Vary\': \'Accept-Encoding\', \'Server\': \'cloudflare\', \'CF-RAY\': \'669f0d002a47de52-BOM\', \'alt-svc\': \'h3-27=":443"; ma=86400, h3-28=":443"; ma=86400, h3-29=":443"; ma=86400, h3=":443"; ma=86400\'}', 'ResponseCookie': '&lt;RequestsCookieJar[]&gt;'}
&lt;Response [404]&gt;
The functionality respond
error
Or here
Your status code404
Safe from this use case
or it is here
{'StatusCode': '200', 'ResponseBody': '{"data":{"id":2,"email":"janet.weaver@reqres.in","first_name":"Janet","last_name":"Weaver","avatar":"https://reqres.in/img/faces/2-image.jpg"},"support":{"url":"https://reqres.in/#support-heading","text":"To keep ReqRes free, contributions towards server costs are appreciated!"}}', 'ResponseHeader': '{\'Date\': \'Mon, 05 Jul 2021 07:58:44 GMT\', \'Content-Type\': \'application/json; charset=utf-8\', \'Transfer-Encoding\': \'chunked\', \'Connection\': \'keep-alive\', \'X-Powered-By\': \'Express\', \'Access-Control-Allow-Origin\': \'*\', \'Etag\': \'W/"118-pbdwwFo9SKNhD3Lx5iHJyngpq00"\', \'Via\': \'1.1 vegur\', \'Cache-Control\': \'max-age=14400\', \'CF-Cache-Status\': \'HIT\', \'Age\': \'1534\', \'Expect-CT\': \'max-age=604800, report-uri="https://report-uri.cloudflare.com/cdn-cgi/beacon/expect-ct"\', \'Report-To\': \'{"endpoints":[{"url":"https:\\\\/\\\\/a.nel.cloudflare.com\\\\/report\\\\/v2?s=N%2FyD%2FeoTBpavVntefVWoV1ALW8bY31nu%2F5yIc%2Fa0y9FT7AFhaGr3w2B9XFzZo0iyhi3RJHvVwfKbFxSvorMp5l71B6IlhBO91FR%2FLWvG2LNA6uw%2FQXOm"}],"group":"cf-nel","max_age":604800}\', \'NEL\': \'{"report_to":"cf-nel","max_age":604800}\', \'Vary\': \'Accept-Encoding\', \'Server\': \'cloudflare\', \'CF-RAY\': \'669f0cc91f3cde2d-BOM\', \'Content-Encoding\': \'gzip\', \'alt-svc\': \'h3-27=":443"; ma=86400, h3-28=":443"; ma=86400, h3-29=":443"; ma=86400, h3=":443"; ma=86400\'}', 'ResponseCookie': '&lt;RequestsCookieJar[]&gt;'}
0
Flag
0
WE have a URL with space ***********************************
https://reqres.in/api/users/2 \x27
Its GET API
&lt;class 'float'&gt;
Executed GET Method for payload
abc
[...]
&lt;Response [404]&gt;
original response
0.166759
After hit response
0.215695
Flag
0
Row 
20
 = /
loaded param
https://reqres.in/api/users/'
Its GET API
&lt;class 'float'&gt;
Executed GET Method for payload
abc
{'StatusCode': '404', 'ResponseBody': '{}', 'ResponseHeader': '{\'Date\': \'Mon, 05 Jul 2021 07:59:18 GMT\', \'Content-Type\': \'application/json; charset=utf-8\', \'Content-Length\': \'2\', \'Connection\': \'keep-alive\', \'X-Powered-By\': \'Express\', \'Access-Control-Allow-Origin\': \'*\', \'Etag\': \'W/"2-vyGp6PvFo4RvsFtPoIWeCReyIC8"\', \'Via\': \'1.1 vegur\', \'Cache-Control\': \'max-age=14400\', \'CF-Cache-Status\': \'HIT\', \'Age\': \'33\', \'Expect-CT\': \'max-age=604800, report-uri="https://report-uri.cloudflare.com/cdn-cgi/beacon/expect-ct"\', \'Report-To\': \'{"endpoints":[{"url":"https:\\\\/\\\\/a.nel.cloudflare.com\\\\/report\\\\/v2?s=eWmbX8eWTvEvjydMCcNzZQo%2Bb4J2kNmP4M5QsVpGFBzdcjwVieTE%2FWyaIy4pmXCF6nm%2FzNFGGgdxkwkl0XRPFpy2UML8kLXoG9hf6xoVB%2FGaIokLb06P"}],"group":"cf-nel","max_age":604800}\', \'NEL\': \'{"report_to":"cf-nel","max_age":604800}\', \'Vary\': \'Accept-Encoding\', \'Server\': \'cloudflare\', \'CF-RAY\': \'669f0d99db63de25-BOM\', \'alt-svc\': \'h3-27=":443"; ma=86400, h3-28=":443"; ma=86400, h3-29=":443"; ma=86400, h3=":443"; ma=86400\'}', 'ResponseCookie': '&lt;RequestsCookieJar[]&gt;'}
&lt;Response [404]&gt;
original response
0.166759
After hit response
0.16885
Flag
0
loaded param
https://reqres.in/api/users//
Its GET API
&lt;class 'float'&gt;
Executed GET Method for payload
abc
{'StatusCode': '404', 'ResponseBody': '{}', 'ResponseHeader': '{\'Date\': \'Mon, 05 Jul 2021 07:59:18 GMT\', \'Content-Type\': \'application/json; charset=utf-8\', \'Content-Length\': \'2\', \'Connection\': \'keep-alive\', \'X-Powered-By\': \'Express\', \'Access-Control-Allow-Origin\': \'*\', \'Etag\': \'W/"2-vyGp6PvFo4RvsFtPoIWeCReyIC8"\', \'Via\': \'1.1 vegur\', \'Cache-Control\': \'max-age=14400\', \'CF-Cache-Status\': \'HIT\', \'Age\': \'6\', \'Expect-CT\': \'max-age=604800, report-uri="https://report-uri.cloudflare.com/cdn-cgi/beacon/expect-ct"\', \'Report-To\': \'{"endpoints":[{"url":"https:\\\\/\\\\/a.nel.cloudflare.com\\\\/report\\\\/v2?s=BDEbF4sE3aVe0BgHMTN3DT6fe6lb4Vo7BUH8rGrg8VekoqQTkV99h50eja%2Fku0uT9%2FUhiu8Cweb2BHXNrg%2F%2BoMmBbxLdVqWjw1xS8%2FsuOG2KQqlvSb7R"}],"group":"cf-nel","max_age":604800}\', \'NEL\': \'{"report_to":"cf-nel","max_age":604800}\', \'Vary\': \'Accept-Encoding\', \'Server\': \'cloudflare\', \'CF-RAY\': \'669f0d9b38ebde0d-BOM\', \'alt-svc\': \'h3-27=":443"; ma=86400, h3-28=":443"; ma=86400, h3-29=":443"; ma=86400, h3=":443"; ma=86400\'}', 'ResponseCookie': '&lt;RequestsCookieJar[]&gt;'}
&lt;Response [404]&gt;
original response
0.166759
After hit response
0.222623
Flag
0
WE have a URL ***********************************
https://reqres.in/api/users/2/
Its GET API
&lt;class 'float'&gt;
Executed GET Method for payload
abc
{'StatusCode': '404', 'ResponseBody': '{}', 'ResponseHeader': '{\'Date\': \'Mon, 05 Jul 2021 07:59:18 GMT\', \'Content-Type\': \'application/json; charset=utf-8\', \'Content-Length\': \'2\', \'Connection\': \'keep-alive\', \'X-Powered-By\': \'Express\', \'Access-Control-Allow-Origin\': \'*\', \'Etag\': \'W/"2-vyGp6PvFo4RvsFtPoIWeCReyIC8"\', \'Via\': \'1.1 vegur\', \'Cache-Control\': \'max-age=14400\', \'CF-Cache-Status\': \'HIT\', \'Age\': \'5\', \'Expect-CT\': \'max-age=604800, report-uri="https://report-uri.cloudflare.com/cdn-cgi/beacon/expect-ct"\', \'Report-To\': \'{"endpoints":[{"url":"https:\\\\/\\\\/a.nel.cloudflare.com\\\\/report\\\\/v2?s=%2BNtKmjSWU0aSNRvTBK4Hl%2BLPwhVpWEkAOHmxHflOjBqqU7fuCcprDC1%2BLyrnyo7PqOLnVjyCH4KX6nd18Dx0YmIs%2FSthgFKStrY1FRJ6ut11yB7ChAEp"}],"group":"cf-nel","max_age":604800}\', \'NEL\': \'{"report_to":"cf-nel","max_age":604800}\', \'Vary\': \'Accept-Encoding\', \'Server\': \'cloudflare\', \'CF-RAY\': \'669f0d9c1ef6de6e-BOM\', \'alt-svc\': \'h3-27=":443"; ma=86400, h3-28=":443"; ma=86400, h3-29=":443"; ma=86400, h3=":443"; ma=86400\'}', 'ResponseCookie': '&lt;RequestsCookieJar[]&gt;'}
&lt;Response [404]&gt;
original response
0.166759
After hit response
0.129865
Flag
0
WE have a URL with space ***********************************
https://reqres.in/api/users/2 /
Its GET API
&lt;class 'float'&gt;
Executed GET Method for payload
abc
{'StatusCode': '404', 'ResponseBody': '{}', 'ResponseHeader': '{\'Date\': \'Mon, 05 Jul 2021 07:59:18 GMT\', \'Content-Type\': \'application/json; charset=utf-8\', \'Content-Length\': \'2\', \'Connection\': \'keep-alive\', \'X-Powered-By\': \'Express\', \'Access-Control-Allow-Origin\': \'*\', \'Etag\': \'W/"2-vyGp6PvFo4RvsFtPoIWeCReyIC8"\', \'Via\': \'1.1 vegur\', \'Cache-Control\': \'max-age=14400\', \'CF-Cache-Status\': \'HIT\', \'Age\': \'5\', \'Expect-CT\': \'max-age=604800, report-uri="https://report-uri.cloudflare.com/cdn-cgi/beacon/expect-ct"\', \'Report-To\': \'{"endpoints":[{"url":"https:\\\\/\\\\/a.nel.cloudflare.com\\\\/report\\\\/v2?s=7SIM78huNWUTwO%2BWfZDYCTrobwyr2dhOfp9JpYAehnMXUq8P%2FMHyDfjsvDzcsHRwUTqb7lfWJDMBai0BOl5L%2B7YzJIoM6DAyIaHEb6frooUmYzk62%2FmG"}],"group":"cf-nel","max_age":604800}\', \'NEL\': \'{"report_to":"cf-nel","max_age":604800}\', \'Vary\': \'Accept-Encoding\', \'Server\': \'cloudflare\', \'CF-RAY\': \'669f0d9cc8d3de4e-BOM\', \'alt-svc\': \'h3-27=":443"; ma=86400, h3-28=":443"; ma=86400, h3-29=":443"; ma=86400, h3=":443"; ma=86400\'}', 'ResponseCookie': '&lt;RequestsCookieJar[]&gt;'}
&lt;Response [404]&gt;
original response
0.166759
After hit response
0.098298
Flag
0
Row 
20
 = /
loaded param
https://reqres.in/api/users/'
Its GET API
&lt;class 'float'&gt;
Executed GET Method for payload
abc
{'StatusCode': '404', 'ResponseBody': '{}', 'ResponseHeader': '{\'Date\': \'Mon, 05 Jul 2021 07:59:18 GMT\', \'Content-Type\': \'application/json; charset=utf-8\', \'Content-Length\': \'2\', \'Connection\': \'keep-alive\', \'X-Powered-By\': \'Express\', \'Access-Control-Allow-Origin\': \'*\', \'Etag\': \'W/"2-vyGp6PvFo4RvsFtPoIWeCReyIC8"\', \'Via\': \'1.1 vegur\', \'Cache-Control\': \'max-age=14400\', \'CF-Cache-Status\': \'HIT\', \'Age\': \'33\', \'Expect-CT\': \'max-age=604800, report-uri="https://report-uri.cloudflare.com/cdn-cgi/beacon/expect-ct"\', \'Report-To\': \'{"endpoints":[{"url":"https:\\\\/\\\\/a.nel.cloudflare.com\\\\/report\\\\/v2?s=dnOYoFl2JO%2FgN8DQ1PLf11ApVCcT39cbNPj8qBDaFgZXul%2FaVUoqyqT59cIJgG%2F5SMXGQGdGKf0KbOzvEWp3C0mdPXOn1gZTIUccOrtk9IM79uBSNI%2Bg"}],"group":"cf-nel","max_age":604800}\', \'NEL\': \'{"report_to":"cf-nel","max_age":604800}\', \'Vary\': \'Accept-Encoding\', \'Server\': \'cloudflare\', \'CF-RAY\': \'669f0d9daa43de4e-BOM\', \'alt-svc\': \'h3-27=":443"; ma=86400, h3-28=":443"; ma=86400, h3-29=":443"; ma=86400, h3=":443"; ma=86400\'}', 'ResponseCookie': '&lt;RequestsCookieJar[]&gt;'}
&lt;Response [404]&gt;
original response
0.166759
After hit response
0.134996
Flag
0
loaded param
https://reqres.in/api/users//
Its GET API
&lt;class 'float'&gt;
Executed GET Method for payload
abc
{'StatusCode': '404', 'ResponseBody': '{}', 'ResponseHeader': '{\'Date\': \'Mon, 05 Jul 2021 07:59:18 GMT\', \'Content-Type\': \'application/json; charset=utf-8\', \'Content-Length\': \'2\', \'Connection\': \'keep-alive\', \'X-Powered-By\': \'Express\', \'Access-Control-Allow-Origin\': \'*\', \'Etag\': \'W/"2-vyGp6PvFo4RvsFtPoIWeCReyIC8"\', \'Via\': \'1.1 vegur\', \'Cache-Control\': \'max-age=14400\', \'CF-Cache-Status\': \'HIT\', \'Age\': \'6\', \'Expect-CT\': \'max-age=604800, report-uri="https://report-uri.cloudflare.com/cdn-cgi/beacon/expect-ct"\', \'Report-To\': \'{"endpoints":[{"url":"https:\\\\/\\\\/a.nel.cloudflare.com\\\\/report\\\\/v2?s=ZqL1FAW0nleZIWXpvZS%2FZOOVoqzXRUh%2FBSMztyalVCt%2F1Uk3W045B428D6xabWj8OWMU83w64%2FaaCFjX4DgsG72oqyNkATwrC8KhUqjAnVX7cQeEEWxa"}],"group":"cf-nel","max_age":604800}\', \'NEL\': \'{"report_to":"cf-nel","max_age":604800}\', \'Vary\': \'Accept-Encoding\', \'Server\': \'cloudflare\', \'CF-RAY\': \'669f0d9e5f3ede11-BOM\', \'alt-svc\': \'h3-27=":443"; ma=86400, h3-28=":443"; ma=86400, h3-29=":443"; ma=86400, h3=":443"; ma=86400\'}', 'ResponseCookie': '&lt;RequestsCookieJar[]&gt;'}
&lt;Response [404]&gt;
original response
0.166759
After hit response
0.123459
Flag
0
WE have a URL ***********************************
https://reqres.in/api/users/2/
Its GET API
&lt;class 'float'&gt;
Executed GET Method for payload
abc
{'StatusCode': '404', 'ResponseBody': '{}', 'ResponseHeader': '{\'Date\': \'Mon, 05 Jul 2021 07:59:18 GMT\', \'Content-Type\': \'application/json; charset=utf-8\', \'Content-Length\': \'2\', \'Connection\': \'keep-alive\', \'X-Powered-By\': \'Express\', \'Access-Control-Allow-Origin\': \'*\', \'Etag\': \'W/"2-vyGp6PvFo4RvsFtPoIWeCReyIC8"\', \'Via\': \'1.1 vegur\', \'Cache-Control\': \'max-age=14400\', \'CF-Cache-Status\': \'HIT\', \'Age\': \'5\', \'Expect-CT\': \'max-age=604800, report-uri="https://report-uri.cloudflare.com/cdn-cgi/beacon/expect-ct"\', \'Report-To\': \'{"endpoints":[{"url":"https:\\\\/\\\\/a.nel.cloudflare.com\\\\/report\\\\/v2?s=jrPDDxWHs7%2FDymX76eFJbQ%2FBRRUolXU%2Bip%2FZqjNdWSNIx2a1yGO5QPvWfruOPK%2FZoyfJmVKbCkVgkSXXJUqp8%2BUPowg1TUBfkeXF4isDg4CV0HgqhmGE"}],"group":"cf-nel","max_age":604800}\', \'NEL\': \'{"report_to":"cf-nel","max_age":604800}\', \'Vary\': \'Accept-Encoding\', \'Server\': \'cloudflare\', \'CF-RAY\': \'669f0d9f8ce1de72-BOM\', \'alt-svc\': \'h3-27=":443"; ma=86400, h3-28=":443"; ma=86400, h3-29=":443"; ma=86400, h3=":443"; ma=86400\'}', 'ResponseCookie': '&lt;RequestsCookieJar[]&gt;'}
&lt;Response [404]&gt;
original response
0.166759
After hit response
0.186301
Flag
0
WE have a URL with space ***********************************
https://reqres.in/api/users/2 /
Its GET API
&lt;class 'float'&gt;
Executed GET Method for payload
abc
{'StatusCode': '404', 'ResponseBody': '{}', 'ResponseHeader': '{\'Date\': \'Mon, 05 Jul 2021 07:59:19 GMT\', \'Content-Type\': \'application/json; charset=utf-8\', \'Content-Length\': \'2\', \'Connection\': \'keep-alive\', \'X-Powered-By\': \'Express\', \'Access-Control-Allow-Origin\': \'*\', \'Etag\': \'W/"2-vyGp6PvFo4RvsFtPoIWeCReyIC8"\', \'Via\': \'1.1 vegur\', \'Cache-Control\': \'max-age=14400\', \'CF-Cache-Status\': \'HIT\', \'Age\': \'6\', \'Expect-CT\': \'max-age=604800, report-uri="https://report-uri.cloudflare.com/cdn-cgi/beacon/expect-ct"\', \'Report-To\': \'{"endpoints":[{"url":"https:\\\\/\\\\/a.nel.cloudflare.com\\\\/report\\\\/v2?s=ZhSqHpDSTFvQMmijahkFzMpsbzuPLtH2vqzQZlJCGb1mfE9XWoBqZ4MU8GmC02y209TOzMEH1IvI1A1EOE48mBReKzJUGmFn6RaCOoRiicHLg8qpUylQ"}],"group":"cf-nel","max_age":604800}\', \'NEL\': \'{"report_to":"cf-nel","max_age":604800}\', \'Vary\': \'Accept-Encoding\', \'Server\': \'cloudflare\', \'CF-RAY\': \'669f0da0896ade29-BOM\', \'alt-svc\': \'h3-27=":443"; ma=86400, h3-28=":443"; ma=86400, h3-29=":443"; ma=86400, h3=":443"; ma=86400\'}', 'ResponseCookie': '&lt;RequestsCookieJar[]&gt;'}
&lt;Response [404]&gt;
original response
0.166759
After hit response
0.138504
Flag
0
Row 
20
 = /
loaded param
https://reqres.in/api/users/'
Its GET API
&lt;class 'float'&gt;
Executed GET Method for payload
abc
{'StatusCode': '404', 'ResponseBody': '{}', 'ResponseHeader': '{\'Date\': \'Mon, 05 Jul 2021 07:59:19 GMT\', \'Content-Type\': \'application/json; charset=utf-8\', \'Content-Length\': \'2\', \'Connection\': \'keep-alive\', \'X-Powered-By\': \'Express\', \'Access-Control-Allow-Origin\': \'*\', \'Etag\': \'W/"2-vyGp6PvFo4RvsFtPoIWeCReyIC8"\', \'Via\': \'1.1 vegur\', \'Cache-Control\': \'max-age=14400\', \'CF-Cache-Status\': \'HIT\', \'Age\': \'34\', \'Expect-CT\': \'max-age=604800, report-uri="https://report-uri.cloudflare.com/cdn-cgi/beacon/expect-ct"\', \'Report-To\': \'{"endpoints":[{"url":"https:\\\\/\\\\/a.nel.cloudflare.com\\\\/report\\\\/v2?s=JQAEgmdeGQUUoPyOuVCpuIYBjkYb92y4p8jeUQyGvCavb1jPOyqh3Eos4SWJMeYqSPUFGxgO5vrc%2FBn5TvC2a1nW36RKVLrpVKjd1JZ3xVBoq1QhKGb%2F"}],"group":"cf-nel","max_age":604800}\', \'NEL\': \'{"report_to":"cf-nel","max_age":604800}\', \'Vary\': \'Accept-Encoding\', \'Server\': \'cloudflare\', \'CF-RAY\': \'669f0da169dfde05-BOM\', \'alt-svc\': \'h3-27=":443"; ma=86400, h3-28=":443"; ma=86400, h3-29=":443"; ma=86400, h3=":443"; ma=86400\'}', 'ResponseCookie': '&lt;RequestsCookieJar[]&gt;'}
&lt;Response [404]&gt;
original response
0.166759
After hit response
0.19221
Flag
0
loaded param
https://reqres.in/api/users//
Its GET API
&lt;class 'float'&gt;
Executed GET Method for payload
abc
{'StatusCode': '404', 'ResponseBody': '{}', 'ResponseHeader': '{\'Date\': \'Mon, 05 Jul 2021 07:59:19 GMT\', \'Content-Type\': \'application/json; charset=utf-8\', \'Content-Length\': \'2\', \'Connection\': \'keep-alive\', \'X-Powered-By\': \'Express\', \'Access-Control-Allow-Origin\': \'*\', \'Etag\': \'W/"2-vyGp6PvFo4RvsFtPoIWeCReyIC8"\', \'Via\': \'1.1 vegur\', \'Cache-Control\': \'max-age=14400\', \'CF-Cache-Status\': \'HIT\', \'Age\': \'7\', \'Expect-CT\': \'max-age=604800, report-uri="https://report-uri.cloudflare.com/cdn-cgi/beacon/expect-ct"\', \'Report-To\': \'{"endpoints":[{"url":"https:\\\\/\\\\/a.nel.cloudflare.com\\\\/report\\\\/v2?s=x4KYsWmulMF8RasuO2b5SbbRnpC6XfBySRJA6XOxO9V07SX3gdW3nV9JfTjTY0eEglOvmk2kbaJyfYILoklfEJWILjm4ARPdzISg8eaYqXnjuiuYZEPP"}],"group":"cf-nel","max_age":604800}\', \'NEL\': \'{"report_to":"cf-nel","max_age":604800}\', \'Vary\': \'Accept-Encoding\', \'Server\': \'cloudflare\', \'CF-RAY\': \'669f0da26c8dde35-BOM\', \'alt-svc\': \'h3-27=":443"; ma=86400, h3-28=":443"; ma=86400, h3-29=":443"; ma=86400, h3=":443"; ma=86400\'}', 'ResponseCookie': '&lt;RequestsCookieJar[]&gt;'}
&lt;Response [404]&gt;
original response
0.166759
After hit response
0.141472
Flag
0
WE have a URL ***********************************
https://reqres.in/api/users/2/
Its GET API
&lt;class 'float'&gt;
Executed GET Method for payload
abc
{'StatusCode': '404', 'ResponseBody': '{}', 'ResponseHeader': '{\'Date\': \'Mon, 05 Jul 2021 07:59:19 GMT\', \'Content-Type\': \'application/json; charset=utf-8\', \'Content-Length\': \'2\', \'Connection\': \'keep-alive\', \'X-Powered-By\': \'Express\', \'Access-Control-Allow-Origin\': \'*\', \'Etag\': \'W/"2-vyGp6PvFo4RvsFtPoIWeCReyIC8"\', \'Via\': \'1.1 vegur\', \'Cache-Control\': \'max-age=14400\', \'CF-Cache-Status\': \'HIT\', \'Age\': \'6\', \'Expect-CT\': \'max-age=604800, report-uri="https://report-uri.cloudflare.com/cdn-cgi/beacon/expect-ct"\', \'Report-To\': \'{"endpoints":[{"url":"https:\\\\/\\\\/a.nel.cloudflare.com\\\\/report\\\\/v2?s=%2Fh9gFGkCo4uAB1cnSeaiSm37PILYHMjXdkSj4CxGqY5gHiOTn2b27EC2NVqKmuVPQLPAKpNdS99VCzauz5lbYZ%2B%2BAWARKHXX66GAYK69cUjLBdNxltXW"}],"group":"cf-nel","max_age":604800}\', \'NEL\': \'{"report_to":"cf-nel","max_age":604800}\', \'Vary\': \'Accept-Encoding\', \'Server\': \'cloudflare\', \'CF-RAY\': \'669f0da3bfccde39-BOM\', \'alt-svc\': \'h3-27=":443"; ma=86400, h3-28=":443"; ma=86400, h3-29=":443"; ma=86400, h3=":443"; ma=86400\'}', 'ResponseCookie': '&lt;RequestsCookieJar[]&gt;'}
&lt;Response [404]&gt;
original response
0.166759
After hit response
0.187012
Flag
0
WE have a URL with space ***********************************
https://reqres.in/api/users/2 /
Its GET API
&lt;class 'float'&gt;
Executed GET Method for payload
abc
{'StatusCode': '404', 'ResponseBody': '{}', 'ResponseHeader': '{\'Date\': \'Mon, 05 Jul 2021 07:59:19 GMT\', \'Content-Type\': \'application/json; charset=utf-8\', \'Content-Length\': \'2\', \'Connection\': \'keep-alive\', \'X-Powered-By\': \'Express\', \'Access-Control-Allow-Origin\': \'*\', \'Etag\': \'W/"2-vyGp6PvFo4RvsFtPoIWeCReyIC8"\', \'Via\': \'1.1 vegur\', \'Cache-Control\': \'max-age=14400\', \'CF-Cache-Status\': \'HIT\', \'Age\': \'6\', \'Expect-CT\': \'max-age=604800, report-uri="https://report-uri.cloudflare.com/cdn-cgi/beacon/expect-ct"\', \'Report-To\': \'{"endpoints":[{"url":"https:\\\\/\\\\/a.nel.cloudflare.com\\\\/report\\\\/v2?s=aQNvmiPDZfiH1aokOUEysn6XGvfTR1AswG%2F4Ld1zIo9FFfvzIP6NU52eH%2B7xj1RF53%2Fxs3I4eOUYTuecOl0vaTodh0sIYuQtdEay13hKQXe0cmwxmLpn"}],"group":"cf-nel","max_age":604800}\', \'NEL\': \'{"report_to":"cf-nel","max_age":604800}\', \'Vary\': \'Accept-Encoding\', \'Server\': \'cloudflare\', \'CF-RAY\': \'669f0da4eeb1de72-BOM\', \'alt-svc\': \'h3-27=":443"; ma=86400, h3-28=":443"; ma=86400, h3-29=":443"; ma=86400, h3=":443"; ma=86400\'}', 'ResponseCookie': '&lt;RequestsCookieJar[]&gt;'}
&lt;Response [404]&gt;
original response
0.166759
After hit response
0.172376
Flag
0
No position selected
0</msg>
<msg timestamp="20210705 13:29:21.843" level="INFO">${result} = 0</msg>
<status status="PASS" starttime="20210705 13:28:46.449" endtime="20210705 13:29:21.843"/>
</kw>
<kw name="Log To Console" library="BuiltIn">
<arg>${result}</arg>
<doc>Logs the given message to the console.</doc>
<status status="PASS" starttime="20210705 13:29:21.843" endtime="20210705 13:29:21.845"/>
</kw>
<kw name="Run Keyword If" library="BuiltIn">
<arg>${result}!= 0</arg>
<arg>Fail</arg>
<arg>msg=This might be vulnerable to SQL injection</arg>
<doc>Runs the given keyword with the given arguments, if ``condition`` is true.</doc>
<status status="PASS" starttime="20210705 13:29:21.845" endtime="20210705 13:29:21.846"/>
</kw>
<status status="PASS" starttime="20210705 13:28:46.429" endtime="20210705 13:29:21.846"/>
</kw>
<status status="PASS" starttime="20210705 13:28:46.358" endtime="20210705 13:29:21.847"/>
</test>
<status status="PASS" starttime="20210705 13:28:44.715" endtime="20210705 13:29:21.850"/>
</suite>
<statistics>
<total>
<stat pass="2" fail="0" skip="0">All Tests</stat>
</total>
<tag>
<stat pass="1" fail="0" skip="0">db</stat>
<stat pass="1" fail="0" skip="0">smoke</stat>
</tag>
<suite>
<stat pass="2" fail="0" skip="0" id="s1" name="Mysqldb">Mysqldb</stat>
</suite>
</statistics>
<errors>
<msg timestamp="20210705 13:28:44.806" level="ERROR">Error in file 'D:\COE_Automation\Resources\API.robot' on line 2: Importing library 'SeleniumLibrary' failed: ModuleNotFoundError: No module named 'SeleniumLibrary'
Traceback (most recent call last):
  None
PYTHONPATH:
  C:\Users\palak.vora\AppData\Local\Programs\Python\Python39\Scripts\robot.exe
  C:\Users\palak.vora\AppData\Local\Programs\Python\Python39
  c:\users\palak.vora\appdata\local\programs\python\python39\python39.zip
  C:\Users\palak.vora\AppData\Local\Programs\Python\Python39\DLLs
  C:\Users\palak.vora\AppData\Local\Programs\Python\Python39\lib
  C:\Users\palak.vora\AppData\Roaming\Python\Python39\site-packages
  C:\Users\palak.vora\AppData\Local\Programs\Python\Python39\lib\site-packages</msg>
<msg timestamp="20210705 13:28:44.813" level="ERROR">Error in file 'D:\COE_Automation\Resources\API.robot' on line 3: Importing library 'JSpringBotGlobal' failed: ModuleNotFoundError: No module named 'JSpringBotGlobal'
Traceback (most recent call last):
  None
PYTHONPATH:
  C:\Users\palak.vora\AppData\Local\Programs\Python\Python39\Scripts\robot.exe
  C:\Users\palak.vora\AppData\Local\Programs\Python\Python39
  c:\users\palak.vora\appdata\local\programs\python\python39\python39.zip
  C:\Users\palak.vora\AppData\Local\Programs\Python\Python39\DLLs
  C:\Users\palak.vora\AppData\Local\Programs\Python\Python39\lib
  C:\Users\palak.vora\AppData\Roaming\Python\Python39\site-packages
  C:\Users\palak.vora\AppData\Local\Programs\Python\Python39\lib\site-packages</msg>
<msg timestamp="20210705 13:28:45.148" level="ERROR">Error in file 'D:\COE_Automation\Resources\API.robot' on line 6: Importing library 'JSONLibrary' failed: ModuleNotFoundError: No module named 'JSONLibrary'
Traceback (most recent call last):
  None
PYTHONPATH:
  C:\Users\palak.vora\AppData\Local\Programs\Python\Python39\Scripts\robot.exe
  C:\Users\palak.vora\AppData\Local\Programs\Python\Python39
  c:\users\palak.vora\appdata\local\programs\python\python39\python39.zip
  C:\Users\palak.vora\AppData\Local\Programs\Python\Python39\DLLs
  C:\Users\palak.vora\AppData\Local\Programs\Python\Python39\lib
  C:\Users\palak.vora\AppData\Roaming\Python\Python39\site-packages
  C:\Users\palak.vora\AppData\Local\Programs\Python\Python39\lib\site-packages</msg>
</errors>
</robot>
