<?xml version="1.0" encoding="UTF-8"?>
<robot generator="Robot 4.0.2 (Python 3.9.0 on win32)" generated="20210601 06:39:00.251" rpa="false" schemaversion="2">
<suite id="s1" name="Mysqldb" source="D:\COE_Automation\Database\Mysqldb.robot">
<kw name="Connect To Database" library="DatabaseLibrary" type="SETUP">
<arg>pymysql</arg>
<arg>${dbname}</arg>
<arg>${dbuser}</arg>
<arg>${dbpass}</arg>
<arg>${dbhost}</arg>
<arg>${dbport}</arg>
<doc>Loads the DB API 2.0 module given `dbapiModuleName` then uses it to
connect to the database using `dbName`, `dbUsername`, and `dbPassword`.</doc>
<msg timestamp="20210601 06:39:00.852" level="INFO">Connecting using : pymysql.connect(db=robot, user=root, passwd=, host=localhost, port=3306, charset=None) </msg>
<status status="PASS" starttime="20210601 06:39:00.837" endtime="20210601 06:39:00.892"/>
</kw>
<test id="s1-t1" name="TC1">
<kw name="Log To Console" library="BuiltIn">
<arg>"Performing SQL Injection Attack on ITS-ITGue"</arg>
<doc>Logs the given message to the console.</doc>
<status status="PASS" starttime="20210601 06:39:00.893" endtime="20210601 06:39:00.895"/>
</kw>
<kw name="Query" library="DatabaseLibrary">
<var>@{output}</var>
<arg>SELECT * FROM apidetails LIMIT 1;</arg>
<doc>Uses the input `selectStatement` to query for the values that will be returned as a list of tuples. Set optional
input `sansTran` to True to run command without an explicit transaction commit or rollback.
Set optional input `returnAsDict` to True to return values as a list of dictionaries.</doc>
<msg timestamp="20210601 06:39:00.896" level="INFO">Executing : Query  |  SELECT * FROM apidetails LIMIT 1; </msg>
<msg timestamp="20210601 06:39:00.900" level="INFO">@{output} = [ ('TestAPI', 'GET', 'https', 'reqres.in', '/api/users/$2$', '{"":""}', '{"Accept": "text/html,application/xhtml+xml,application/xml;q=0.9,image/webp,*/*;q=0.8", "Referer": "https://reqres.in/", "Conn...</msg>
<status status="PASS" starttime="20210601 06:39:00.896" endtime="20210601 06:39:00.900"/>
</kw>
<kw name="Log" library="BuiltIn">
<arg>@{output}</arg>
<doc>Logs the given message with the given level.</doc>
<msg timestamp="20210601 06:39:00.901" level="INFO">('TestAPI', 'GET', 'https', 'reqres.in', '/api/users/$2$', '{"":""}', '{"Accept": "text/html,application/xhtml+xml,application/xml;q=0.9,image/webp,*/*;q=0.8", "Referer": "https://reqres.in/", "Connection": "keep-alive", "Upgrade-Insecure-Requests": "1"}', '{"":""}', 'D:/Programming/Application Security/coe-application-security/DataFiles/Payloads.xlsx', 'SQL')</msg>
<status status="PASS" starttime="20210601 06:39:00.900" endtime="20210601 06:39:00.901"/>
</kw>
<kw name="Set Variable" library="BuiltIn">
<var>${API_Name}</var>
<arg>${output[0][0]}</arg>
<doc>Returns the given values which can then be assigned to a variables.</doc>
<msg timestamp="20210601 06:39:00.902" level="INFO">${API_Name} = TestAPI</msg>
<status status="PASS" starttime="20210601 06:39:00.901" endtime="20210601 06:39:00.902"/>
</kw>
<kw name="Set Variable" library="BuiltIn">
<var>${HTTP_Method}</var>
<arg>${output[0][1]}</arg>
<doc>Returns the given values which can then be assigned to a variables.</doc>
<msg timestamp="20210601 06:39:00.903" level="INFO">${HTTP_Method} = GET</msg>
<status status="PASS" starttime="20210601 06:39:00.902" endtime="20210601 06:39:00.903"/>
</kw>
<kw name="Set Variable" library="BuiltIn">
<var>${Protocol}</var>
<arg>${output[0][2]}</arg>
<doc>Returns the given values which can then be assigned to a variables.</doc>
<msg timestamp="20210601 06:39:00.904" level="INFO">${Protocol} = https</msg>
<status status="PASS" starttime="20210601 06:39:00.904" endtime="20210601 06:39:00.904"/>
</kw>
<kw name="Set Variable" library="BuiltIn">
<var>${Base_URL}</var>
<arg>${output[0][3]}</arg>
<doc>Returns the given values which can then be assigned to a variables.</doc>
<msg timestamp="20210601 06:39:00.905" level="INFO">${Base_URL} = reqres.in</msg>
<status status="PASS" starttime="20210601 06:39:00.905" endtime="20210601 06:39:00.905"/>
</kw>
<kw name="Set Variable" library="BuiltIn">
<var>${Relative_URL}</var>
<arg>${output[0][4]}</arg>
<doc>Returns the given values which can then be assigned to a variables.</doc>
<msg timestamp="20210601 06:39:00.906" level="INFO">${Relative_URL} = /api/users/$2$</msg>
<status status="PASS" starttime="20210601 06:39:00.906" endtime="20210601 06:39:00.907"/>
</kw>
<kw name="Set Variable" library="BuiltIn">
<var>${Request_Body}</var>
<arg>${output[0][5]}</arg>
<doc>Returns the given values which can then be assigned to a variables.</doc>
<msg timestamp="20210601 06:39:00.908" level="INFO">${Request_Body} = {"":""}</msg>
<status status="PASS" starttime="20210601 06:39:00.907" endtime="20210601 06:39:00.908"/>
</kw>
<kw name="Set Variable" library="BuiltIn">
<var>${Header}</var>
<arg>${output[0][6]}</arg>
<doc>Returns the given values which can then be assigned to a variables.</doc>
<msg timestamp="20210601 06:39:00.909" level="INFO">${Header} = {"Accept": "text/html,application/xhtml+xml,application/xml;q=0.9,image/webp,*/*;q=0.8", "Referer": "https://reqres.in/", "Connection": "keep-alive", "Upgrade-Insecure-Requests": "1"}</msg>
<status status="PASS" starttime="20210601 06:39:00.908" endtime="20210601 06:39:00.909"/>
</kw>
<kw name="Set Variable" library="BuiltIn">
<var>${Cookies}</var>
<arg>${output[0][7]}</arg>
<doc>Returns the given values which can then be assigned to a variables.</doc>
<msg timestamp="20210601 06:39:00.911" level="INFO">${Cookies} = {"":""}</msg>
<status status="PASS" starttime="20210601 06:39:00.909" endtime="20210601 06:39:00.911"/>
</kw>
<kw name="Set Variable" library="BuiltIn">
<var>${Payload_Excel_Location}</var>
<arg>${output[0][8]}</arg>
<doc>Returns the given values which can then be assigned to a variables.</doc>
<msg timestamp="20210601 06:39:00.913" level="INFO">${Payload_Excel_Location} = D:/Programming/Application Security/coe-application-security/DataFiles/Payloads.xlsx</msg>
<status status="PASS" starttime="20210601 06:39:00.912" endtime="20210601 06:39:00.913"/>
</kw>
<kw name="Set Variable" library="BuiltIn">
<var>${Payload_Sheet_Name}</var>
<arg>${output[0][9]}</arg>
<doc>Returns the given values which can then be assigned to a variables.</doc>
<msg timestamp="20210601 06:39:00.915" level="INFO">${Payload_Sheet_Name} = SQL</msg>
<status status="PASS" starttime="20210601 06:39:00.914" endtime="20210601 06:39:00.915"/>
</kw>
<kw name="Injection Attack" library="API">
<arg>${API_Name}</arg>
<arg>${HTTP_Method}</arg>
<arg>${Protocol}</arg>
<arg>${Base_URL}</arg>
<arg>${Relative_URL}</arg>
<arg>${Request_Body}</arg>
<arg>${Header}</arg>
<arg>${Cookies}</arg>
<arg>${Payload_Excel_Location}</arg>
<arg>${Payload_Sheet_Name}</arg>
<kw name="Log To Console" library="BuiltIn">
<arg>"Executing Injection Attack"</arg>
<doc>Logs the given message to the console.</doc>
<status status="PASS" starttime="20210601 06:39:00.917" endtime="20210601 06:39:00.918"/>
</kw>
<kw name="Log To Console" library="BuiltIn">
<arg>${Payload_Excel_Location}</arg>
<doc>Logs the given message to the console.</doc>
<status status="PASS" starttime="20210601 06:39:00.918" endtime="20210601 06:39:00.918"/>
</kw>
<kw name="API Wert" library="Injection_Attack">
<var>${result}</var>
<arg>${API_Name}</arg>
<arg>${HTTP_Method}</arg>
<arg>${Protocol}</arg>
<arg>${Base_URL}</arg>
<arg>${Relative_URL}</arg>
<arg>${Request_Body}</arg>
<arg>${Header}</arg>
<arg>${Cookies}</arg>
<arg>${Payload_Excel_Location}</arg>
<arg>${Payload_Sheet_Name}</arg>
<msg timestamp="20210601 06:40:01.476" level="INFO">API is
TestAPI
GET
OUtside method
https

URL 

https://reqres.in/api/users/$2$
Fdata Body
{'': ''}
{'Accept': 'text/html,application/xhtml+xml,application/xml;q=0.9,image/webp,*/*;q=0.8', 'Referer': 'https://reqres.in/', 'Connection': 'keep-alive', 'Upgrade-Insecure-Requests': '1'}
{'': ''}
{'API': 'TestAPI', 'HTTPMethod': 'GET', 'Protocol': 'https', 'URL': 'https://reqres.in/api/users/$2$', 'Body': {'': ''}, 'Header': {'Accept': 'text/html,application/xhtml+xml,application/xml;q=0.9,image/webp,*/*;q=0.8', 'Referer': 'https://reqres.in/', 'Connection': 'keep-alive', 'Upgrade-Insecure-Requests': '1'}, 'Cookie': {'': ''}}
Data from Excel
{'API': 'TestAPI', 'HTTPMethod': 'GET', 'Protocol': 'https', 'URL': 'https://reqres.in/api/users/$2$', 'Body': {'': ''}, 'Header': {'Accept': 'text/html,application/xhtml+xml,application/xml;q=0.9,image/webp,*/*;q=0.8', 'Referer': 'https://reqres.in/', 'Connection': 'keep-alive', 'Upgrade-Insecure-Requests': '1'}, 'Cookie': {'': ''}}
https://reqres.in/api/users/2
['URL']
No Change in Body
{'': ''}
No Change in Header
{'Accept': 'text/html,application/xhtml+xml,application/xml;q=0.9,image/webp,*/*;q=0.8', 'Referer': 'https://reqres.in/', 'Connection': 'keep-alive', 'Upgrade-Insecure-Requests': '1'}
No Change in Cookie
{'': ''}
Found GET API, So Executing It.
Executed GET Method
{'StatusCode': '200', 'ResponseBody': '{"data":{"id":2,"email":"janet.weaver@reqres.in","first_name":"Janet","last_name":"Weaver","avatar":"https://reqres.in/img/faces/2-image.jpg"},"support":{"url":"https://reqres.in/#support-heading","text":"To keep ReqRes free, contributions towards server costs are appreciated!"}}', 'ResponseHeader': '{\'Date\': \'Tue, 01 Jun 2021 01:09:02 GMT\', \'Content-Type\': \'application/json; charset=utf-8\', \'Transfer-Encoding\': \'chunked\', \'Connection\': \'keep-alive\', \'X-Powered-By\': \'Express\', \'Access-Control-Allow-Origin\': \'*\', \'Etag\': \'W/"118-pbdwwFo9SKNhD3Lx5iHJyngpq00"\', \'Via\': \'1.1 vegur\', \'Cache-Control\': \'max-age=14400\', \'CF-Cache-Status\': \'HIT\', \'Age\': \'4547\', \'cf-request-id\': \'0a66b700b700000ab4c390f000000001\', \'Expect-CT\': \'max-age=604800, report-uri="https://report-uri.cloudflare.com/cdn-cgi/beacon/expect-ct"\', \'Report-To\': \'{"endpoints":[{"url":"https:\\\\/\\\\/a.nel.cloudflare.com\\\\/report\\\\/v2?s=A6JDiw9r9UGfVD1xwf9LMb6bVubb7TKoHDTWqyjtj1wDnC7Ioly5hqqeE%2BKvfnYbnKn7KE9xdG7uSq7lxzl5jy3%2B5UYaVRjAitbWO%2FAAoP3kRbQs5jf3"}],"group":"cf-nel","max_age":604800}\', \'NEL\': \'{"report_to":"cf-nel","max_age":604800}\', \'Vary\': \'Accept-Encoding\', \'Server\': \'cloudflare\', \'CF-RAY\': \'65848de11e410ab4-NRT\', \'Content-Encoding\': \'gzip\', \'alt-svc\': \'h3-27=":443"; ma=86400, h3-28=":443"; ma=86400, h3-29=":443"; ma=86400\'}', 'ResponseCookie': '&lt;RequestsCookieJar[]&gt;'}
inside for
Something up
Worksheet Found = SQL
Title of Sheet = SQL
Number of Payloads for SQL = 21
Shhetname&lt;Worksheet "SQL"&gt;
Row 1 =   '  
loaded param
https://reqres.in/api/users/'
Its GET API
Executed GET Method for payload
{'StatusCode': '404', 'ResponseBody': '{}', 'ResponseHeader': '{\'Date\': \'Tue, 01 Jun 2021 01:09:03 GMT\', \'Content-Type\': \'application/json; charset=utf-8\', \'Content-Length\': \'2\', \'Connection\': \'keep-alive\', \'X-Powered-By\': \'Express\', \'Access-Control-Allow-Origin\': \'*\', \'Etag\': \'W/"2-vyGp6PvFo4RvsFtPoIWeCReyIC8"\', \'Via\': \'1.1 vegur\', \'Cache-Control\': \'max-age=14400\', \'CF-Cache-Status\': \'EXPIRED\', \'cf-request-id\': \'0a66b702f500001d9721926000000001\', \'Expect-CT\': \'max-age=604800, report-uri="https://report-uri.cloudflare.com/cdn-cgi/beacon/expect-ct"\', \'Report-To\': \'{"endpoints":[{"url":"https:\\\\/\\\\/a.nel.cloudflare.com\\\\/report\\\\/v2?s=c9%2BCd6KwQhgQnayPFcg3FT7xp0ny%2F9RryiHaEKNHjTQH7iGnna1lSNve4oNI8v964JRuTMrucLQNgtDDX2nM0rrqXJD%2BDZ2tC%2FGb4yoQgL7mv8RYT4Sn"}],"group":"cf-nel","max_age":604800}\', \'NEL\': \'{"report_to":"cf-nel","max_age":604800}\', \'Vary\': \'Accept-Encoding\', \'Server\': \'cloudflare\', \'CF-RAY\': \'65848de4bcab1d97-NRT\', \'alt-svc\': \'h3-27=":443"; ma=86400, h3-28=":443"; ma=86400, h3-29=":443"; ma=86400\'}', 'ResponseCookie': '&lt;RequestsCookieJar[]&gt;'}
The functionality responded
Your status code404
Safe from this use case
WE have a URL ***********************************
https://reqres.in/api/users/2  '  
Its GET API
Executed GET Method for payload
{'StatusCode': '404', 'ResponseBody': '{}', 'ResponseHeader': '{\'Date\': \'Tue, 01 Jun 2021 01:09:04 GMT\', \'Content-Type\': \'application/json; charset=utf-8\', \'Content-Length\': \'2\', \'Connection\': \'keep-alive\', \'X-Powered-By\': \'Express\', \'Access-Control-Allow-Origin\': \'*\', \'Etag\': \'W/"2-vyGp6PvFo4RvsFtPoIWeCReyIC8"\', \'Via\': \'1.1 vegur\', \'Cache-Control\': \'max-age=14400\', \'CF-Cache-Status\': \'EXPIRED\', \'cf-request-id\': \'0a66b7082800000b8fdebc5000000001\', \'Expect-CT\': \'max-age=604800, report-uri="https://report-uri.cloudflare.com/cdn-cgi/beacon/expect-ct"\', \'Report-To\': \'{"endpoints":[{"url":"https:\\\\/\\\\/a.nel.cloudflare.com\\\\/report\\\\/v2?s=YB%2FV47LE3Dtp2jkNWJnF6nXC%2B2ZGX0XfcLh9e%2FAjp32xiNH7fXv0hKbSphH6jUrATVEjOILyn1nw%2BXqJ7x6m7O8fQFiZh%2F%2Fm15%2F8XyPZ4KOyiKzJGLCM"}],"group":"cf-nel","max_age":604800}\', \'NEL\': \'{"report_to":"cf-nel","max_age":604800}\', \'Vary\': \'Accept-Encoding\', \'Server\': \'cloudflare\', \'CF-RAY\': \'65848ded0ece0b8f-NRT\', \'alt-svc\': \'h3-27=":443"; ma=86400, h3-28=":443"; ma=86400, h3-29=":443"; ma=86400\'}', 'ResponseCookie': '&lt;RequestsCookieJar[]&gt;'}
The functionality responded
Your status code404
Safe from this use case
WE have a URL with space ***********************************
https://reqres.in/api/users/2   '  
Its GET API
Executed GET Method for payload
{'StatusCode': '404', 'ResponseBody': '{}', 'ResponseHeader': '{\'Date\': \'Tue, 01 Jun 2021 01:09:05 GMT\', \'Content-Type\': \'application/json; charset=utf-8\', \'Content-Length\': \'2\', \'Connection\': \'keep-alive\', \'X-Powered-By\': \'Express\', \'Access-Control-Allow-Origin\': \'*\', \'Etag\': \'W/"2-vyGp6PvFo4RvsFtPoIWeCReyIC8"\', \'Via\': \'1.1 vegur\', \'Cache-Control\': \'max-age=14400\', \'CF-Cache-Status\': \'EXPIRED\', \'cf-request-id\': \'0a66b70c8600000ab4fa992000000001\', \'Expect-CT\': \'max-age=604800, report-uri="https://report-uri.cloudflare.com/cdn-cgi/beacon/expect-ct"\', \'Report-To\': \'{"endpoints":[{"url":"https:\\\\/\\\\/a.nel.cloudflare.com\\\\/report\\\\/v2?s=s1bAAVZxg65JBBM5JFs8Vh4Y3hEndcleqbLIttGpj7%2Fy0utfY5FNqyqPoVKHTJBONVhjK47O0h25QMPA8n3yHOha2n5iKMWrH%2F%2FzLiDhV%2F1EJBHGzA70"}],"group":"cf-nel","max_age":604800}\', \'NEL\': \'{"report_to":"cf-nel","max_age":604800}\', \'Vary\': \'Accept-Encoding\', \'Server\': \'cloudflare\', \'CF-RAY\': \'65848df40b480ab4-NRT\', \'alt-svc\': \'h3-27=":443"; ma=86400, h3-28=":443"; ma=86400, h3-29=":443"; ma=86400\'}', 'ResponseCookie': '&lt;RequestsCookieJar[]&gt;'}
The functionality responded
Your status code404
Safe from this use case
=======after hit
{}
Shhetname&lt;Worksheet "SQL"&gt;
Row 2 = \\\
loaded param
https://reqres.in/api/users/'
Its GET API
Executed GET Method for payload
{'StatusCode': '404', 'ResponseBody': '{}', 'ResponseHeader': '{\'Date\': \'Tue, 01 Jun 2021 01:09:06 GMT\', \'Content-Type\': \'application/json; charset=utf-8\', \'Content-Length\': \'2\', \'Connection\': \'keep-alive\', \'X-Powered-By\': \'Express\', \'Access-Control-Allow-Origin\': \'*\', \'Etag\': \'W/"2-vyGp6PvFo4RvsFtPoIWeCReyIC8"\', \'Via\': \'1.1 vegur\', \'Cache-Control\': \'max-age=14400\', \'CF-Cache-Status\': \'HIT\', \'Age\': \'3\', \'cf-request-id\': \'0a66b710bf00001d7731b1d000000001\', \'Expect-CT\': \'max-age=604800, report-uri="https://report-uri.cloudflare.com/cdn-cgi/beacon/expect-ct"\', \'Report-To\': \'{"endpoints":[{"url":"https:\\\\/\\\\/a.nel.cloudflare.com\\\\/report\\\\/v2?s=TV9VWSP0YOJHeCJGdPsnInH2ygt%2BuDaDZSRDRvraYzrDMiCfUe%2FsUi5ZKz73IFTMIKbww55i2LEb8rd42anKKghxhW%2F3k9u9bGlq31dESsKGngJYu2rm"}],"group":"cf-nel","max_age":604800}\', \'NEL\': \'{"report_to":"cf-nel","max_age":604800}\', \'Vary\': \'Accept-Encoding\', \'Server\': \'cloudflare\', \'CF-RAY\': \'65848dfac88a1d77-NRT\', \'alt-svc\': \'h3-27=":443"; ma=86400, h3-28=":443"; ma=86400, h3-29=":443"; ma=86400\'}', 'ResponseCookie': '&lt;RequestsCookieJar[]&gt;'}
The functionality responded
Your status code404
Safe from this use case
WE have a URL ***********************************
https://reqres.in/api/users/2\\\
Its GET API
Executed GET Method for payload
{'StatusCode': '404', 'ResponseBody': '{}', 'ResponseHeader': '{\'Date\': \'Tue, 01 Jun 2021 01:09:07 GMT\', \'Content-Type\': \'application/json; charset=utf-8\', \'Content-Length\': \'2\', \'Connection\': \'keep-alive\', \'X-Powered-By\': \'Express\', \'Access-Control-Allow-Origin\': \'*\', \'Etag\': \'W/"2-vyGp6PvFo4RvsFtPoIWeCReyIC8"\', \'Via\': \'1.1 vegur\', \'Cache-Control\': \'max-age=14400\', \'CF-Cache-Status\': \'EXPIRED\', \'cf-request-id\': \'0a66b712e50000f8d730849000000001\', \'Expect-CT\': \'max-age=604800, report-uri="https://report-uri.cloudflare.com/cdn-cgi/beacon/expect-ct"\', \'Report-To\': \'{"endpoints":[{"url":"https:\\\\/\\\\/a.nel.cloudflare.com\\\\/report\\\\/v2?s=%2BhPKiQrbkiyWPNzuKH%2FvKlIOfBcrK%2F99H0nPK7pFu%2F5j0ntJxCG%2BfJuqzQ2%2F3yUzzywHM9MEa3Q%2BjoGxE31vMbMwsZfMx6GIlePVlDvGwm%2FgCklTMj8Y"}],"group":"cf-nel","max_age":604800}\', \'NEL\': \'{"report_to":"cf-nel","max_age":604800}\', \'Vary\': \'Accept-Encoding\', \'Server\': \'cloudflare\', \'CF-RAY\': \'65848dfe39abf8d7-NRT\', \'alt-svc\': \'h3-27=":443"; ma=86400, h3-28=":443"; ma=86400, h3-29=":443"; ma=86400\'}', 'ResponseCookie': '&lt;RequestsCookieJar[]&gt;'}
The functionality responded
Your status code404
Safe from this use case
WE have a URL with space ***********************************
https://reqres.in/api/users/2 \\\
Its GET API
Executed GET Method for payload
{'StatusCode': '404', 'ResponseBody': '{}', 'ResponseHeader': '{\'Date\': \'Tue, 01 Jun 2021 01:09:08 GMT\', \'Content-Type\': \'application/json; charset=utf-8\', \'Content-Length\': \'2\', \'Connection\': \'keep-alive\', \'X-Powered-By\': \'Express\', \'Access-Control-Allow-Origin\': \'*\', \'Etag\': \'W/"2-vyGp6PvFo4RvsFtPoIWeCReyIC8"\', \'Via\': \'1.1 vegur\', \'Cache-Control\': \'max-age=14400\', \'CF-Cache-Status\': \'EXPIRED\', \'cf-request-id\': \'0a66b716ff0000efb6d6b80000000001\', \'Expect-CT\': \'max-age=604800, report-uri="https://report-uri.cloudflare.com/cdn-cgi/beacon/expect-ct"\', \'Report-To\': \'{"endpoints":[{"url":"https:\\\\/\\\\/a.nel.cloudflare.com\\\\/report\\\\/v2?s=v9go%2FubbuvG43dBm5VChA9A6HleEz7bRuiHbOQTh%2Bmfbuc0eNFW9BjdrKbPC2rHj2n5K%2BvaSpCZ5CgBJTuXeS6ket%2BEvJHwSXOgwl4NdNBTM2%2BgeM8lF"}],"group":"cf-nel","max_age":604800}\', \'NEL\': \'{"report_to":"cf-nel","max_age":604800}\', \'Vary\': \'Accept-Encoding\', \'Server\': \'cloudflare\', \'CF-RAY\': \'65848e04c945efb6-NRT\', \'alt-svc\': \'h3-27=":443"; ma=86400, h3-28=":443"; ma=86400, h3-29=":443"; ma=86400\'}', 'ResponseCookie': '&lt;RequestsCookieJar[]&gt;'}
The functionality responded
Your status code404
Safe from this use case
=======after hit
{}
Shhetname&lt;Worksheet "SQL"&gt;
Row 3 = ||\
loaded param
https://reqres.in/api/users/'
Its GET API
Executed GET Method for payload
{'StatusCode': '404', 'ResponseBody': '{}', 'ResponseHeader': '{\'Date\': \'Tue, 01 Jun 2021 01:09:09 GMT\', \'Content-Type\': \'application/json; charset=utf-8\', \'Content-Length\': \'2\', \'Connection\': \'keep-alive\', \'X-Powered-By\': \'Express\', \'Access-Control-Allow-Origin\': \'*\', \'Etag\': \'W/"2-vyGp6PvFo4RvsFtPoIWeCReyIC8"\', \'Via\': \'1.1 vegur\', \'Cache-Control\': \'max-age=14400\', \'CF-Cache-Status\': \'HIT\', \'Age\': \'6\', \'cf-request-id\': \'0a66b71b4800000ac05320d000000001\', \'Expect-CT\': \'max-age=604800, report-uri="https://report-uri.cloudflare.com/cdn-cgi/beacon/expect-ct"\', \'Report-To\': \'{"endpoints":[{"url":"https:\\\\/\\\\/a.nel.cloudflare.com\\\\/report\\\\/v2?s=CvXSmE9tA6LCHkwQKSRXYi8NFX2JZmtsofr7iybI40hjrHP3PMYjnZkV83SxXTqxEoU%2FPhc6C62zEOY5jBpKeqwKSmc26ztjDOWiOcNFRg8m2vSGpUrW"}],"group":"cf-nel","max_age":604800}\', \'NEL\': \'{"report_to":"cf-nel","max_age":604800}\', \'Vary\': \'Accept-Encoding\', \'Server\': \'cloudflare\', \'CF-RAY\': \'65848e0baa330ac0-NRT\', \'alt-svc\': \'h3-27=":443"; ma=86400, h3-28=":443"; ma=86400, h3-29=":443"; ma=86400\'}', 'ResponseCookie': '&lt;RequestsCookieJar[]&gt;'}
The functionality responded
Your status code404
Safe from this use case
WE have a URL ***********************************
https://reqres.in/api/users/2||\
Its GET API
Executed GET Method for payload
{'StatusCode': '404', 'ResponseBody': '{}', 'ResponseHeader': '{\'Date\': \'Tue, 01 Jun 2021 01:09:10 GMT\', \'Content-Type\': \'application/json; charset=utf-8\', \'Content-Length\': \'2\', \'Connection\': \'keep-alive\', \'X-Powered-By\': \'Express\', \'Access-Control-Allow-Origin\': \'*\', \'Etag\': \'W/"2-vyGp6PvFo4RvsFtPoIWeCReyIC8"\', \'Via\': \'1.1 vegur\', \'Cache-Control\': \'max-age=14400\', \'CF-Cache-Status\': \'EXPIRED\', \'cf-request-id\': \'0a66b71d5d00005f024f2b6000000001\', \'Expect-CT\': \'max-age=604800, report-uri="https://report-uri.cloudflare.com/cdn-cgi/beacon/expect-ct"\', \'Report-To\': \'{"endpoints":[{"url":"https:\\\\/\\\\/a.nel.cloudflare.com\\\\/report\\\\/v2?s=VR9Sk4z3JEHNP%2B2EmliY8L3Gca7znjtsbVS%2BXc5azhNfcjezsLWoaCfmlQbZblffiaQn28NCPIPsucWNxyYP7DTXbAewC2leM47u%2BuV1aVnbKW1c9IAW"}],"group":"cf-nel","max_age":604800}\', \'NEL\': \'{"report_to":"cf-nel","max_age":604800}\', \'Vary\': \'Accept-Encoding\', \'Server\': \'cloudflare\', \'CF-RAY\': \'65848e0efe045f02-NRT\', \'alt-svc\': \'h3-27=":443"; ma=86400, h3-28=":443"; ma=86400, h3-29=":443"; ma=86400\'}', 'ResponseCookie': '&lt;RequestsCookieJar[]&gt;'}
The functionality responded
Your status code404
Safe from this use case
WE have a URL with space ***********************************
https://reqres.in/api/users/2 ||\
Its GET API
Executed GET Method for payload
{'StatusCode': '404', 'ResponseBody': '{}', 'ResponseHeader': '{\'Date\': \'Tue, 01 Jun 2021 01:09:11 GMT\', \'Content-Type\': \'application/json; charset=utf-8\', \'Content-Length\': \'2\', \'Connection\': \'keep-alive\', \'X-Powered-By\': \'Express\', \'Access-Control-Allow-Origin\': \'*\', \'Etag\': \'W/"2-vyGp6PvFo4RvsFtPoIWeCReyIC8"\', \'Via\': \'1.1 vegur\', \'Cache-Control\': \'max-age=14400\', \'CF-Cache-Status\': \'EXPIRED\', \'cf-request-id\': \'0a66b7219800005f332124c000000001\', \'Expect-CT\': \'max-age=604800, report-uri="https://report-uri.cloudflare.com/cdn-cgi/beacon/expect-ct"\', \'Report-To\': \'{"endpoints":[{"url":"https:\\\\/\\\\/a.nel.cloudflare.com\\\\/report\\\\/v2?s=XDjtxu79nUswuYcljd7UueO3BbJxFtG9I%2Bu67duhcgTPi7jN8RNnicq4oTmQ%2FRND%2BZn2Q%2FBUjh3ZboIiQDSapKzt1D8hISLfYNmk7a5rI7nHQSjT7%2BYk"}],"group":"cf-nel","max_age":604800}\', \'NEL\': \'{"report_to":"cf-nel","max_age":604800}\', \'Vary\': \'Accept-Encoding\', \'Server\': \'cloudflare\', \'CF-RAY\': \'65848e15bc905f33-NRT\', \'alt-svc\': \'h3-27=":443"; ma=86400, h3-28=":443"; ma=86400, h3-29=":443"; ma=86400\'}', 'ResponseCookie': '&lt;RequestsCookieJar[]&gt;'}
The functionality responded
Your status code404
Safe from this use case
=======after hit
{}
Shhetname&lt;Worksheet "SQL"&gt;
Row 4 = GROUP BY 1,2, --+
loaded param
https://reqres.in/api/users/'
Its GET API
Executed GET Method for payload
{'StatusCode': '404', 'ResponseBody': '{}', 'ResponseHeader': '{\'Date\': \'Tue, 01 Jun 2021 01:09:12 GMT\', \'Content-Type\': \'application/json; charset=utf-8\', \'Content-Length\': \'2\', \'Connection\': \'keep-alive\', \'X-Powered-By\': \'Express\', \'Access-Control-Allow-Origin\': \'*\', \'Etag\': \'W/"2-vyGp6PvFo4RvsFtPoIWeCReyIC8"\', \'Via\': \'1.1 vegur\', \'Cache-Control\': \'max-age=14400\', \'CF-Cache-Status\': \'HIT\', \'Age\': \'9\', \'cf-request-id\': \'0a66b728bd00000e764d182000000001\', \'Expect-CT\': \'max-age=604800, report-uri="https://report-uri.cloudflare.com/cdn-cgi/beacon/expect-ct"\', \'Report-To\': \'{"endpoints":[{"url":"https:\\\\/\\\\/a.nel.cloudflare.com\\\\/report\\\\/v2?s=1OuEMVh1wo6iRsOLttPTOfWo3j1B69HWQ1kpHFwu44%2BEFBPxLcYhgWHee5Vr4koVCUsSzhq0Lk9lJ9R%2BBgm%2FeM8%2FEwkyhFVCTtDQoeWWeQD%2B82s7fRkp"}],"group":"cf-nel","max_age":604800}\', \'NEL\': \'{"report_to":"cf-nel","max_age":604800}\', \'Vary\': \'Accept-Encoding\', \'Server\': \'cloudflare\', \'CF-RAY\': \'65848e211da40e76-NRT\', \'alt-svc\': \'h3-27=":443"; ma=86400, h3-28=":443"; ma=86400, h3-29=":443"; ma=86400\'}', 'ResponseCookie': '&lt;RequestsCookieJar[]&gt;'}
The functionality responded
Your status code404
Safe from this use case
WE have a URL with UNION***********************************
https://reqres.in/api/users/2 GROUP BY 1,2, --+
Its GET API
Executed GET Method for payload
{'StatusCode': '404', 'ResponseBody': '{}', 'ResponseHeader': '{\'Date\': \'Tue, 01 Jun 2021 01:09:13 GMT\', \'Content-Type\': \'application/json; charset=utf-8\', \'Content-Length\': \'2\', \'Connection\': \'keep-alive\', \'X-Powered-By\': \'Express\', \'Access-Control-Allow-Origin\': \'*\', \'Etag\': \'W/"2-vyGp6PvFo4RvsFtPoIWeCReyIC8"\', \'Via\': \'1.1 vegur\', \'Cache-Control\': \'max-age=14400\', \'CF-Cache-Status\': \'EXPIRED\', \'cf-request-id\': \'0a66b72af60000a51c2f11b000000001\', \'Expect-CT\': \'max-age=604800, report-uri="https://report-uri.cloudflare.com/cdn-cgi/beacon/expect-ct"\', \'Report-To\': \'{"endpoints":[{"url":"https:\\\\/\\\\/a.nel.cloudflare.com\\\\/report\\\\/v2?s=wYpSMZ%2By9TfGh1F%2BCthVzMjvFgU1ugB36A9kUBSRCInnsgWI993Ybo9dhBQGapBhmcfdHkPfH2njJx1ZO8698M3qwZjF4y63qGwjGHgpCgyHD%2BVZx6KL"}],"group":"cf-nel","max_age":604800}\', \'NEL\': \'{"report_to":"cf-nel","max_age":604800}\', \'Vary\': \'Accept-Encoding\', \'Server\': \'cloudflare\', \'CF-RAY\': \'65848e24bb0fa51c-NRT\', \'alt-svc\': \'h3-27=":443"; ma=86400, h3-28=":443"; ma=86400, h3-29=":443"; ma=86400\'}', 'ResponseCookie': '&lt;RequestsCookieJar[]&gt;'}
The functionality responded
Your status code404
Safe from this use case
=======after hit
{}
Shhetname&lt;Worksheet "SQL"&gt;
Row 5 = "1\'1"
loaded param
https://reqres.in/api/users/'
Its GET API
Executed GET Method for payload
{'StatusCode': '404', 'ResponseBody': '{}', 'ResponseHeader': '{\'Date\': \'Tue, 01 Jun 2021 01:09:14 GMT\', \'Content-Type\': \'application/json; charset=utf-8\', \'Content-Length\': \'2\', \'Connection\': \'keep-alive\', \'X-Powered-By\': \'Express\', \'Access-Control-Allow-Origin\': \'*\', \'Etag\': \'W/"2-vyGp6PvFo4RvsFtPoIWeCReyIC8"\', \'Via\': \'1.1 vegur\', \'Cache-Control\': \'max-age=14400\', \'CF-Cache-Status\': \'HIT\', \'Age\': \'11\', \'cf-request-id\': \'0a66b72f4900001da70d340000000001\', \'Expect-CT\': \'max-age=604800, report-uri="https://report-uri.cloudflare.com/cdn-cgi/beacon/expect-ct"\', \'Report-To\': \'{"endpoints":[{"url":"https:\\\\/\\\\/a.nel.cloudflare.com\\\\/report\\\\/v2?s=ezK7U17%2FRuhev8AVtaZx%2Fxa88DKv9m886AyFCB6z6EeStYL4AhPpYBX5EQ5J4jAHxXb2%2Fa2tl9KI4PqkRIdGUt04fj8J%2FBEOShVOblBSTpvtLOTyuow%2B"}],"group":"cf-nel","max_age":604800}\', \'NEL\': \'{"report_to":"cf-nel","max_age":604800}\', \'Vary\': \'Accept-Encoding\', \'Server\': \'cloudflare\', \'CF-RAY\': \'65848e2ba8ab1da7-NRT\', \'alt-svc\': \'h3-27=":443"; ma=86400, h3-28=":443"; ma=86400, h3-29=":443"; ma=86400\'}', 'ResponseCookie': '&lt;RequestsCookieJar[]&gt;'}
The functionality responded
Your status code404
Safe from this use case
WE have a URL ***********************************
https://reqres.in/api/users/2"1\'1"
Its GET API
Executed GET Method for payload
{'StatusCode': '404', 'ResponseBody': '{}', 'ResponseHeader': '{\'Date\': \'Tue, 01 Jun 2021 01:09:15 GMT\', \'Content-Type\': \'application/json; charset=utf-8\', \'Content-Length\': \'2\', \'Connection\': \'keep-alive\', \'X-Powered-By\': \'Express\', \'Access-Control-Allow-Origin\': \'*\', \'Etag\': \'W/"2-vyGp6PvFo4RvsFtPoIWeCReyIC8"\', \'Via\': \'1.1 vegur\', \'Cache-Control\': \'max-age=14400\', \'CF-Cache-Status\': \'EXPIRED\', \'cf-request-id\': \'0a66b7317f00005f0f9fa1a000000001\', \'Expect-CT\': \'max-age=604800, report-uri="https://report-uri.cloudflare.com/cdn-cgi/beacon/expect-ct"\', \'Report-To\': \'{"endpoints":[{"url":"https:\\\\/\\\\/a.nel.cloudflare.com\\\\/report\\\\/v2?s=8UlPf8ghoMcmGa90TePl%2FP9e%2Fb%2B601ASpSTttSU7QgBwhyJfDBaCfbrvaWpK65mhSo3e4LRMZ3ibUdJt0QoZmEBZBgh4zeQnj22%2BAjXBwLxSBIAteKT4"}],"group":"cf-nel","max_age":604800}\', \'NEL\': \'{"report_to":"cf-nel","max_age":604800}\', \'Vary\': \'Accept-Encoding\', \'Server\': \'cloudflare\', \'CF-RAY\': \'65848e2f3b955f0f-NRT\', \'alt-svc\': \'h3-27=":443"; ma=86400, h3-28=":443"; ma=86400, h3-29=":443"; ma=86400\'}', 'ResponseCookie': '&lt;RequestsCookieJar[]&gt;'}
The functionality responded
Your status code404
Safe from this use case
WE have a URL with space ***********************************
https://reqres.in/api/users/2 "1\'1"
Its GET API
Executed GET Method for payload
{'StatusCode': '404', 'ResponseBody': '{}', 'ResponseHeader': '{\'Date\': \'Tue, 01 Jun 2021 01:09:16 GMT\', \'Content-Type\': \'application/json; charset=utf-8\', \'Content-Length\': \'2\', \'Connection\': \'keep-alive\', \'x-powered-by\': \'Express\', \'access-control-allow-origin\': \'*\', \'etag\': \'W/"2-vyGp6PvFo4RvsFtPoIWeCReyIC8"\', \'via\': \'1.1 vegur\', \'Cache-Control\': \'max-age=14400\', \'CF-Cache-Status\': \'EXPIRED\', \'cf-request-id\': \'0a66b7361300000ab4b9ab5000000001\', \'Expect-CT\': \'max-age=604800, report-uri="https://report-uri.cloudflare.com/cdn-cgi/beacon/expect-ct"\', \'Report-To\': \'{"endpoints":[{"url":"https:\\\\/\\\\/a.nel.cloudflare.com\\\\/report\\\\/v2?s=xcKjv1KJAksy%2BiNwEkyIpYrqUQ0%2BKqLs5OPWE7GCruioFJhMQmQVv5FUivRhtXHOAdzb901RcOB2F63AirqO79JOpRyHaand0q%2F0mxfY%2Bzgf5tOxPg0%2B"}],"group":"cf-nel","max_age":604800}\', \'NEL\': \'{"report_to":"cf-nel","max_age":604800}\', \'Vary\': \'Accept-Encoding\', \'Server\': \'cloudflare\', \'CF-RAY\': \'65848e368f590ab4-NRT\', \'alt-svc\': \'h3-27=":443"; ma=86400, h3-28=":443"; ma=86400, h3-29=":443"; ma=86400\'}', 'ResponseCookie': '&lt;RequestsCookieJar[]&gt;'}
The functionality responded
Your status code404
Safe from this use case
=======after hit
{}
Shhetname&lt;Worksheet "SQL"&gt;
Row 6 = "-%s"%(r_time())
loaded param
https://reqres.in/api/users/'
Its GET API
Executed GET Method for payload
{'StatusCode': '404', 'ResponseBody': '{}', 'ResponseHeader': '{\'Date\': \'Tue, 01 Jun 2021 01:09:17 GMT\', \'Content-Type\': \'application/json; charset=utf-8\', \'Content-Length\': \'2\', \'Connection\': \'keep-alive\', \'X-Powered-By\': \'Express\', \'Access-Control-Allow-Origin\': \'*\', \'Etag\': \'W/"2-vyGp6PvFo4RvsFtPoIWeCReyIC8"\', \'Via\': \'1.1 vegur\', \'Cache-Control\': \'max-age=14400\', \'CF-Cache-Status\': \'HIT\', \'Age\': \'14\', \'cf-request-id\': \'0a66b73a5b00005f022f876000000001\', \'Expect-CT\': \'max-age=604800, report-uri="https://report-uri.cloudflare.com/cdn-cgi/beacon/expect-ct"\', \'Report-To\': \'{"endpoints":[{"url":"https:\\\\/\\\\/a.nel.cloudflare.com\\\\/report\\\\/v2?s=%2FXzBLk5TAyzE5bH3TO%2F0xUqYwWAa7FRl2z%2BQN52A7byqsclWNvrhb59uk2m3IydVjyRn3L0s%2FWu8B37QfcMxw%2F%2Bt0vuLuuA3JVxdpWcp%2B717MElK4Hz%2F"}],"group":"cf-nel","max_age":604800}\', \'NEL\': \'{"report_to":"cf-nel","max_age":604800}\', \'Vary\': \'Accept-Encoding\', \'Server\': \'cloudflare\', \'CF-RAY\': \'65848e3d5bbc5f02-NRT\', \'alt-svc\': \'h3-27=":443"; ma=86400, h3-28=":443"; ma=86400, h3-29=":443"; ma=86400\'}', 'ResponseCookie': '&lt;RequestsCookieJar[]&gt;'}
The functionality responded
Your status code404
Safe from this use case
WE have a URL ***********************************
https://reqres.in/api/users/2"-%s"%(r_time())
Its GET API
Executed GET Method for payload
{'StatusCode': '404', 'ResponseBody': '{}', 'ResponseHeader': '{\'Date\': \'Tue, 01 Jun 2021 01:09:18 GMT\', \'Content-Type\': \'application/json; charset=utf-8\', \'Content-Length\': \'2\', \'Connection\': \'keep-alive\', \'X-Powered-By\': \'Express\', \'Access-Control-Allow-Origin\': \'*\', \'Etag\': \'W/"2-vyGp6PvFo4RvsFtPoIWeCReyIC8"\', \'Via\': \'1.1 vegur\', \'Cache-Control\': \'max-age=14400\', \'CF-Cache-Status\': \'EXPIRED\', \'cf-request-id\': \'0a66b73cbf00000aa8c3bde000000001\', \'Expect-CT\': \'max-age=604800, report-uri="https://report-uri.cloudflare.com/cdn-cgi/beacon/expect-ct"\', \'Report-To\': \'{"endpoints":[{"url":"https:\\\\/\\\\/a.nel.cloudflare.com\\\\/report\\\\/v2?s=gDGjgjIDX1NXAsAADMM7PeRila9Bxlz4X%2FKgVbCTKIAzbmSl5zoxcR8fZwY3ujQ0bk6xS3gNMcm%2BneZv1eygYIP4aw2gZMwLbD87V0bctOaOZYrd81kV"}],"group":"cf-nel","max_age":604800}\', \'NEL\': \'{"report_to":"cf-nel","max_age":604800}\', \'Vary\': \'Accept-Encoding\', \'Server\': \'cloudflare\', \'CF-RAY\': \'65848e412b460aa8-NRT\', \'alt-svc\': \'h3-27=":443"; ma=86400, h3-28=":443"; ma=86400, h3-29=":443"; ma=86400\'}', 'ResponseCookie': '&lt;RequestsCookieJar[]&gt;'}
The functionality responded
Your status code404
Safe from this use case
WE have a URL with space ***********************************
https://reqres.in/api/users/2 "-%s"%(r_time())
Its GET API
Executed GET Method for payload
{'StatusCode': '404', 'ResponseBody': '{}', 'ResponseHeader': '{\'Date\': \'Tue, 01 Jun 2021 01:09:19 GMT\', \'Content-Type\': \'application/json; charset=utf-8\', \'Content-Length\': \'2\', \'Connection\': \'keep-alive\', \'X-Powered-By\': \'Express\', \'Access-Control-Allow-Origin\': \'*\', \'Etag\': \'W/"2-vyGp6PvFo4RvsFtPoIWeCReyIC8"\', \'Via\': \'1.1 vegur\', \'Cache-Control\': \'max-age=14400\', \'CF-Cache-Status\': \'EXPIRED\', \'cf-request-id\': \'0a66b7410200001d6b572ea000000001\', \'Expect-CT\': \'max-age=604800, report-uri="https://report-uri.cloudflare.com/cdn-cgi/beacon/expect-ct"\', \'Report-To\': \'{"endpoints":[{"url":"https:\\\\/\\\\/a.nel.cloudflare.com\\\\/report\\\\/v2?s=o3UsSNn7mWkW8G8B1geV7BePNTUJpqypKKOL9HZXEL5PFBDNzOvdj5FymhGr9y20fSdAkPlhpPGJESZlIbxRdEZU3ma44zNFIw%2F37fzhSMg4NsTDd0uG"}],"group":"cf-nel","max_age":604800}\', \'NEL\': \'{"report_to":"cf-nel","max_age":604800}\', \'Vary\': \'Accept-Encoding\', \'Server\': \'cloudflare\', \'CF-RAY\': \'65848e480b301d6b-NRT\', \'alt-svc\': \'h3-27=":443"; ma=86400, h3-28=":443"; ma=86400, h3-29=":443"; ma=86400\'}', 'ResponseCookie': '&lt;RequestsCookieJar[]&gt;'}
The functionality responded
Your status code404
Safe from this use case
=======after hit
{}
Shhetname&lt;Worksheet "SQL"&gt;
Row 7 = "\'%s"%(r_time())
loaded param
https://reqres.in/api/users/'
Its GET API
Executed GET Method for payload
{'StatusCode': '404', 'ResponseBody': '{}', 'ResponseHeader': '{\'Date\': \'Tue, 01 Jun 2021 01:09:19 GMT\', \'Content-Type\': \'application/json; charset=utf-8\', \'Content-Length\': \'2\', \'Connection\': \'keep-alive\', \'X-Powered-By\': \'Express\', \'Access-Control-Allow-Origin\': \'*\', \'Etag\': \'W/"2-vyGp6PvFo4RvsFtPoIWeCReyIC8"\', \'Via\': \'1.1 vegur\', \'Cache-Control\': \'max-age=14400\', \'CF-Cache-Status\': \'HIT\', \'Age\': \'16\', \'cf-request-id\': \'0a66b7455000000b8b7ab0e000000001\', \'Expect-CT\': \'max-age=604800, report-uri="https://report-uri.cloudflare.com/cdn-cgi/beacon/expect-ct"\', \'Report-To\': \'{"endpoints":[{"url":"https:\\\\/\\\\/a.nel.cloudflare.com\\\\/report\\\\/v2?s=Iv%2FIA4xKbAiEkrpot1DfbdJCMsx1Hn85vp00m%2Fgz8jWQh0Oj8ld12cbPx5ch0AQL7bQ5qdzoQKynxGmgBOhXiiFLzlzBJoJYctKp4ODc0DDU6Q5owW7R"}],"group":"cf-nel","max_age":604800}\', \'NEL\': \'{"report_to":"cf-nel","max_age":604800}\', \'Vary\': \'Accept-Encoding\', \'Server\': \'cloudflare\', \'CF-RAY\': \'65848e4eec9d0b8b-NRT\', \'alt-svc\': \'h3-27=":443"; ma=86400, h3-28=":443"; ma=86400, h3-29=":443"; ma=86400\'}', 'ResponseCookie': '&lt;RequestsCookieJar[]&gt;'}
The functionality responded
Your status code404
Safe from this use case
WE have a URL ***********************************
https://reqres.in/api/users/2"\'%s"%(r_time())
Its GET API
Executed GET Method for payload
{'StatusCode': '404', 'ResponseBody': '{}', 'ResponseHeader': '{\'Date\': \'Tue, 01 Jun 2021 01:09:21 GMT\', \'Content-Type\': \'application/json; charset=utf-8\', \'Content-Length\': \'2\', \'Connection\': \'keep-alive\', \'X-Powered-By\': \'Express\', \'Access-Control-Allow-Origin\': \'*\', \'Etag\': \'W/"2-vyGp6PvFo4RvsFtPoIWeCReyIC8"\', \'Via\': \'1.1 vegur\', \'Cache-Control\': \'max-age=14400\', \'CF-Cache-Status\': \'EXPIRED\', \'cf-request-id\': \'0a66b747660000f8df261dd000000001\', \'Expect-CT\': \'max-age=604800, report-uri="https://report-uri.cloudflare.com/cdn-cgi/beacon/expect-ct"\', \'Report-To\': \'{"endpoints":[{"url":"https:\\\\/\\\\/a.nel.cloudflare.com\\\\/report\\\\/v2?s=BRXGWku9D2EJmaKAcWfHgk%2BiIdsLwj8oE84dAc1WoF%2FGS6PBBzgvobgd0l16ywEWKFl11mjwpK3zT0LRuqGrhJRxVBFibtFjblaPRlK5XDkdc7HMB84u"}],"group":"cf-nel","max_age":604800}\', \'NEL\': \'{"report_to":"cf-nel","max_age":604800}\', \'Vary\': \'Accept-Encoding\', \'Server\': \'cloudflare\', \'CF-RAY\': \'65848e523cc1f8df-NRT\', \'alt-svc\': \'h3-27=":443"; ma=86400, h3-28=":443"; ma=86400, h3-29=":443"; ma=86400\'}', 'ResponseCookie': '&lt;RequestsCookieJar[]&gt;'}
The functionality responded
Your status code404
Safe from this use case
WE have a URL with space ***********************************
https://reqres.in/api/users/2 "\'%s"%(r_time())
Its GET API
Executed GET Method for payload
{'StatusCode': '404', 'ResponseBody': '{}', 'ResponseHeader': '{\'Date\': \'Tue, 01 Jun 2021 01:09:22 GMT\', \'Content-Type\': \'application/json; charset=utf-8\', \'Content-Length\': \'2\', \'Connection\': \'keep-alive\', \'X-Powered-By\': \'Express\', \'Access-Control-Allow-Origin\': \'*\', \'Etag\': \'W/"2-vyGp6PvFo4RvsFtPoIWeCReyIC8"\', \'Via\': \'1.1 vegur\', \'Cache-Control\': \'max-age=14400\', \'CF-Cache-Status\': \'EXPIRED\', \'cf-request-id\': \'0a66b74c290000949d928e7000000001\', \'Expect-CT\': \'max-age=604800, report-uri="https://report-uri.cloudflare.com/cdn-cgi/beacon/expect-ct"\', \'Report-To\': \'{"endpoints":[{"url":"https:\\\\/\\\\/a.nel.cloudflare.com\\\\/report\\\\/v2?s=xVPV78Yuh%2BsnXfqVHcudl004F2qwZvEVx1rj345HJJJfx7Ihm2IIJA5wWROKfIsZyr%2BwD%2FkFsiTWVbL8D32NlH1%2FnAocBzgtXf4xVWQaRn8tpCF9KwBa"}],"group":"cf-nel","max_age":604800}\', \'NEL\': \'{"report_to":"cf-nel","max_age":604800}\', \'Vary\': \'Accept-Encoding\', \'Server\': \'cloudflare\', \'CF-RAY\': \'65848e59d975949d-NRT\', \'alt-svc\': \'h3-27=":443"; ma=86400, h3-28=":443"; ma=86400, h3-29=":443"; ma=86400\'}', 'ResponseCookie': '&lt;RequestsCookieJar[]&gt;'}
The functionality responded
Your status code404
Safe from this use case
=======after hit
{}
Shhetname&lt;Worksheet "SQL"&gt;
Row 8 = "%s\'"%(r_string(10))
loaded param
https://reqres.in/api/users/'
Its GET API
Executed GET Method for payload
{'StatusCode': '404', 'ResponseBody': '{}', 'ResponseHeader': '{\'Date\': \'Tue, 01 Jun 2021 01:09:22 GMT\', \'Content-Type\': \'application/json; charset=utf-8\', \'Content-Length\': \'2\', \'Connection\': \'keep-alive\', \'X-Powered-By\': \'Express\', \'Access-Control-Allow-Origin\': \'*\', \'Etag\': \'W/"2-vyGp6PvFo4RvsFtPoIWeCReyIC8"\', \'Via\': \'1.1 vegur\', \'Cache-Control\': \'max-age=14400\', \'CF-Cache-Status\': \'HIT\', \'Age\': \'19\', \'cf-request-id\': \'0a66b7508900001d77dc2cb000000001\', \'Expect-CT\': \'max-age=604800, report-uri="https://report-uri.cloudflare.com/cdn-cgi/beacon/expect-ct"\', \'Report-To\': \'{"endpoints":[{"url":"https:\\\\/\\\\/a.nel.cloudflare.com\\\\/report\\\\/v2?s=mZaOrUtDi1yJd4KJMb70BAAVpL0u1C4OGeb45UUWEUXXk2BobNVAdsQehj51iHz6Xj4fuN3dwduN%2Bc2zXzzYtplH3HPCGXqj5ZvtbcI5nmfRZyNA5ahF"}],"group":"cf-nel","max_age":604800}\', \'NEL\': \'{"report_to":"cf-nel","max_age":604800}\', \'Vary\': \'Accept-Encoding\', \'Server\': \'cloudflare\', \'CF-RAY\': \'65848e60df801d77-NRT\', \'alt-svc\': \'h3-27=":443"; ma=86400, h3-28=":443"; ma=86400, h3-29=":443"; ma=86400\'}', 'ResponseCookie': '&lt;RequestsCookieJar[]&gt;'}
The functionality responded
Your status code404
Safe from this use case
WE have a URL ***********************************
https://reqres.in/api/users/2"%s\'"%(r_string(10))
Its GET API
Executed GET Method for payload
{'StatusCode': '404', 'ResponseBody': '{}', 'ResponseHeader': '{\'Date\': \'Tue, 01 Jun 2021 01:09:23 GMT\', \'Content-Type\': \'application/json; charset=utf-8\', \'Content-Length\': \'2\', \'Connection\': \'keep-alive\', \'X-Powered-By\': \'Express\', \'Access-Control-Allow-Origin\': \'*\', \'Etag\': \'W/"2-vyGp6PvFo4RvsFtPoIWeCReyIC8"\', \'Via\': \'1.1 vegur\', \'Cache-Control\': \'max-age=14400\', \'CF-Cache-Status\': \'EXPIRED\', \'cf-request-id\': \'0a66b752bb0000f8eb9a809000000001\', \'Expect-CT\': \'max-age=604800, report-uri="https://report-uri.cloudflare.com/cdn-cgi/beacon/expect-ct"\', \'Report-To\': \'{"endpoints":[{"url":"https:\\\\/\\\\/a.nel.cloudflare.com\\\\/report\\\\/v2?s=eqlymz7%2FbWmSknacmp3n1pvZk6OTkLq%2BXPYBCRLuEXMa3bcTpWDjfj5nr6o0b48d5jN2uBVsg5frWTzYOOyrIwzeg275r%2FI%2FzcyJ%2FWBuTWS5lPvHPAF%2B"}],"group":"cf-nel","max_age":604800}\', \'NEL\': \'{"report_to":"cf-nel","max_age":604800}\', \'Vary\': \'Accept-Encoding\', \'Server\': \'cloudflare\', \'CF-RAY\': \'65848e645e3df8eb-NRT\', \'alt-svc\': \'h3-27=":443"; ma=86400, h3-28=":443"; ma=86400, h3-29=":443"; ma=86400\'}', 'ResponseCookie': '&lt;RequestsCookieJar[]&gt;'}
The functionality responded
Your status code404
Safe from this use case
WE have a URL with space ***********************************
https://reqres.in/api/users/2 "%s\'"%(r_string(10))
Its GET API
Executed GET Method for payload
{'StatusCode': '404', 'ResponseBody': '{}', 'ResponseHeader': '{\'Date\': \'Tue, 01 Jun 2021 01:09:24 GMT\', \'Content-Type\': \'application/json; charset=utf-8\', \'Content-Length\': \'2\', \'Connection\': \'keep-alive\', \'X-Powered-By\': \'Express\', \'Access-Control-Allow-Origin\': \'*\', \'Etag\': \'W/"2-vyGp6PvFo4RvsFtPoIWeCReyIC8"\', \'Via\': \'1.1 vegur\', \'Cache-Control\': \'max-age=14400\', \'CF-Cache-Status\': \'EXPIRED\', \'cf-request-id\': \'0a66b7570b00000ae426ba2000000001\', \'Expect-CT\': \'max-age=604800, report-uri="https://report-uri.cloudflare.com/cdn-cgi/beacon/expect-ct"\', \'Report-To\': \'{"endpoints":[{"url":"https:\\\\/\\\\/a.nel.cloudflare.com\\\\/report\\\\/v2?s=0k%2FIKAmDOhB4IEceP5mza%2BXFLsXP3kYnNmSys0tc6j%2FIl%2B0nn1l%2BAPdIEHj0HCaXqz%2B%2FI032qwU9bD4%2BECi5QzLZWBrBLIhk3nFv4QLVIfQpErUGjP1Q"}],"group":"cf-nel","max_age":604800}\', \'NEL\': \'{"report_to":"cf-nel","max_age":604800}\', \'Vary\': \'Accept-Encoding\', \'Server\': \'cloudflare\', \'CF-RAY\': \'65848e6b3fe30ae4-NRT\', \'alt-svc\': \'h3-27=":443"; ma=86400, h3-28=":443"; ma=86400, h3-29=":443"; ma=86400\'}', 'ResponseCookie': '&lt;RequestsCookieJar[]&gt;'}
The functionality responded
Your status code404
Safe from this use case
=======after hit
{}
Shhetname&lt;Worksheet "SQL"&gt;
Row 9 = "\\\"%s"%(r_string(10))
loaded param
https://reqres.in/api/users/'
Its GET API
Executed GET Method for payload
{'StatusCode': '404', 'ResponseBody': '{}', 'ResponseHeader': '{\'Date\': \'Tue, 01 Jun 2021 01:09:25 GMT\', \'Content-Type\': \'application/json; charset=utf-8\', \'Content-Length\': \'2\', \'Connection\': \'keep-alive\', \'X-Powered-By\': \'Express\', \'Access-Control-Allow-Origin\': \'*\', \'Etag\': \'W/"2-vyGp6PvFo4RvsFtPoIWeCReyIC8"\', \'Via\': \'1.1 vegur\', \'Cache-Control\': \'max-age=14400\', \'CF-Cache-Status\': \'HIT\', \'Age\': \'22\', \'cf-request-id\': \'0a66b75b6600005eebe49a8000000001\', \'Expect-CT\': \'max-age=604800, report-uri="https://report-uri.cloudflare.com/cdn-cgi/beacon/expect-ct"\', \'Report-To\': \'{"endpoints":[{"url":"https:\\\\/\\\\/a.nel.cloudflare.com\\\\/report\\\\/v2?s=bBa%2BdsKha%2B3NErloWfQB2BZPUhkd5M1WatkaoWJeMksP5QYgh9HJS9myPI74bfXLWNJfPTiJ0nMt5pDWqXxG4PQdQAVlZWuOJUD%2FNd1HUV10CjzwVB0x"}],"group":"cf-nel","max_age":604800}\', \'NEL\': \'{"report_to":"cf-nel","max_age":604800}\', \'Vary\': \'Accept-Encoding\', \'Server\': \'cloudflare\', \'CF-RAY\': \'65848e723fcf5eeb-NRT\', \'alt-svc\': \'h3-27=":443"; ma=86400, h3-28=":443"; ma=86400, h3-29=":443"; ma=86400\'}', 'ResponseCookie': '&lt;RequestsCookieJar[]&gt;'}
The functionality responded
Your status code404
Safe from this use case
WE have a URL ***********************************
https://reqres.in/api/users/2"\\\"%s"%(r_string(10))
Its GET API
Executed GET Method for payload
{'StatusCode': '404', 'ResponseBody': '{}', 'ResponseHeader': '{\'Date\': \'Tue, 01 Jun 2021 01:09:26 GMT\', \'Content-Type\': \'application/json; charset=utf-8\', \'Content-Length\': \'2\', \'Connection\': \'keep-alive\', \'X-Powered-By\': \'Express\', \'Access-Control-Allow-Origin\': \'*\', \'Etag\': \'W/"2-vyGp6PvFo4RvsFtPoIWeCReyIC8"\', \'Via\': \'1.1 vegur\', \'Cache-Control\': \'max-age=14400\', \'CF-Cache-Status\': \'EXPIRED\', \'cf-request-id\': \'0a66b75d8500005f4d6506d000000001\', \'Expect-CT\': \'max-age=604800, report-uri="https://report-uri.cloudflare.com/cdn-cgi/beacon/expect-ct"\', \'Report-To\': \'{"endpoints":[{"url":"https:\\\\/\\\\/a.nel.cloudflare.com\\\\/report\\\\/v2?s=84O%2FohMGrdNo5E5I0No3zN4rd68LQJbgDLsg36uNYdbsrwEkJxb%2FNV9lFwVjIw%2BThnB%2Bx7ztqVUt7V66bqJerr5ChoFwVJDmSjlGZJYF7eLzj6JnHWXy"}],"group":"cf-nel","max_age":604800}\', \'NEL\': \'{"report_to":"cf-nel","max_age":604800}\', \'Vary\': \'Accept-Encoding\', \'Server\': \'cloudflare\', \'CF-RAY\': \'65848e75a8535f4d-NRT\', \'alt-svc\': \'h3-27=":443"; ma=86400, h3-28=":443"; ma=86400, h3-29=":443"; ma=86400\'}', 'ResponseCookie': '&lt;RequestsCookieJar[]&gt;'}
The functionality responded
Your status code404
Safe from this use case
WE have a URL with space ***********************************
https://reqres.in/api/users/2 "\\\"%s"%(r_string(10))
Its GET API
Executed GET Method for payload
{'StatusCode': '404', 'ResponseBody': '{}', 'ResponseHeader': '{\'Date\': \'Tue, 01 Jun 2021 01:09:27 GMT\', \'Content-Type\': \'application/json; charset=utf-8\', \'Content-Length\': \'2\', \'Connection\': \'keep-alive\', \'X-Powered-By\': \'Express\', \'Access-Control-Allow-Origin\': \'*\', \'Etag\': \'W/"2-vyGp6PvFo4RvsFtPoIWeCReyIC8"\', \'Via\': \'1.1 vegur\', \'Cache-Control\': \'max-age=14400\', \'CF-Cache-Status\': \'EXPIRED\', \'cf-request-id\': \'0a66b761e30000f8fbd41ea000000001\', \'Expect-CT\': \'max-age=604800, report-uri="https://report-uri.cloudflare.com/cdn-cgi/beacon/expect-ct"\', \'Report-To\': \'{"endpoints":[{"url":"https:\\\\/\\\\/a.nel.cloudflare.com\\\\/report\\\\/v2?s=SSNMXDtInMMjo2eh9XRSdRTLwYIEcD8I9DGTjNVTx%2FNeCz9XhcfzkdklcpTYXnv%2FwiUlrE5%2BDAXDvNljaFDntG0v0%2FEIBGgil7GLXCSwBBFr41Ocq2OA"}],"group":"cf-nel","max_age":604800}\', \'NEL\': \'{"report_to":"cf-nel","max_age":604800}\', \'Vary\': \'Accept-Encoding\', \'Server\': \'cloudflare\', \'CF-RAY\': \'65848e7c9e8ef8fb-NRT\', \'alt-svc\': \'h3-27=":443"; ma=86400, h3-28=":443"; ma=86400, h3-29=":443"; ma=86400\'}', 'ResponseCookie': '&lt;RequestsCookieJar[]&gt;'}
The functionality responded
Your status code404
Safe from this use case
=======after hit
{}
Shhetname&lt;Worksheet "SQL"&gt;
Row 10 = "%s=\'%s"%(r_time(),r_time())
loaded param
https://reqres.in/api/users/'
Its GET API
Executed GET Method for payload
{'StatusCode': '404', 'ResponseBody': '{}', 'ResponseHeader': '{\'Date\': \'Tue, 01 Jun 2021 01:09:28 GMT\', \'Content-Type\': \'application/json; charset=utf-8\', \'Content-Length\': \'2\', \'Connection\': \'keep-alive\', \'X-Powered-By\': \'Express\', \'Access-Control-Allow-Origin\': \'*\', \'Etag\': \'W/"2-vyGp6PvFo4RvsFtPoIWeCReyIC8"\', \'Via\': \'1.1 vegur\', \'Cache-Control\': \'max-age=14400\', \'CF-Cache-Status\': \'HIT\', \'Age\': \'25\', \'cf-request-id\': \'0a66b7663800000af8ab070000000001\', \'Expect-CT\': \'max-age=604800, report-uri="https://report-uri.cloudflare.com/cdn-cgi/beacon/expect-ct"\', \'Report-To\': \'{"endpoints":[{"url":"https:\\\\/\\\\/a.nel.cloudflare.com\\\\/report\\\\/v2?s=4KeavoQ5h4CxWkSrM%2BB%2FnjjnQrVay5cd38Km1a5HKP%2FYQE3qAzWkyqDFXCRBRWcbDbgYIwBT3B7oiaraY0yvA6EFfIwyBoZ3QDd9x7RGR32xD%2FOTkB92"}],"group":"cf-nel","max_age":604800}\', \'NEL\': \'{"report_to":"cf-nel","max_age":604800}\', \'Vary\': \'Accept-Encoding\', \'Server\': \'cloudflare\', \'CF-RAY\': \'65848e838a100af8-NRT\', \'alt-svc\': \'h3-27=":443"; ma=86400, h3-28=":443"; ma=86400, h3-29=":443"; ma=86400\'}', 'ResponseCookie': '&lt;RequestsCookieJar[]&gt;'}
The functionality responded
Your status code404
Safe from this use case
WE have a URL ***********************************
https://reqres.in/api/users/2"%s=\'%s"%(r_time(),r_time())
Its GET API
Executed GET Method for payload
{'StatusCode': '404', 'ResponseBody': '{}', 'ResponseHeader': '{\'Date\': \'Tue, 01 Jun 2021 01:09:29 GMT\', \'Content-Type\': \'application/json; charset=utf-8\', \'Content-Length\': \'2\', \'Connection\': \'keep-alive\', \'X-Powered-By\': \'Express\', \'Access-Control-Allow-Origin\': \'*\', \'Etag\': \'W/"2-vyGp6PvFo4RvsFtPoIWeCReyIC8"\', \'Via\': \'1.1 vegur\', \'Cache-Control\': \'max-age=14400\', \'CF-Cache-Status\': \'EXPIRED\', \'cf-request-id\': \'0a66b7685e0000efb2eba1d000000001\', \'Expect-CT\': \'max-age=604800, report-uri="https://report-uri.cloudflare.com/cdn-cgi/beacon/expect-ct"\', \'Report-To\': \'{"endpoints":[{"url":"https:\\\\/\\\\/a.nel.cloudflare.com\\\\/report\\\\/v2?s=Xc%2BOHHtwudfT1c4xWkRNOEnBfsiCueTu%2B5%2BE4A3OkFe3zdL7ovBB1Z4Ia6TG1F5aXOHj64%2F6KsTfg50KMiw8YJY8RFd6znGAqq4yQyBFfdIfCaktP7Ja"}],"group":"cf-nel","max_age":604800}\', \'NEL\': \'{"report_to":"cf-nel","max_age":604800}\', \'Vary\': \'Accept-Encoding\', \'Server\': \'cloudflare\', \'CF-RAY\': \'65848e86fa2cefb2-NRT\', \'alt-svc\': \'h3-27=":443"; ma=86400, h3-28=":443"; ma=86400, h3-29=":443"; ma=86400\'}', 'ResponseCookie': '&lt;RequestsCookieJar[]&gt;'}
The functionality responded
Your status code404
Safe from this use case
WE have a URL with space ***********************************
https://reqres.in/api/users/2 "%s=\'%s"%(r_time(),r_time())
Its GET API
Executed GET Method for payload
{'StatusCode': '404', 'ResponseBody': '{}', 'ResponseHeader': '{\'Date\': \'Tue, 01 Jun 2021 01:09:30 GMT\', \'Content-Type\': \'application/json; charset=utf-8\', \'Content-Length\': \'2\', \'Connection\': \'keep-alive\', \'X-Powered-By\': \'Express\', \'Access-Control-Allow-Origin\': \'*\', \'Etag\': \'W/"2-vyGp6PvFo4RvsFtPoIWeCReyIC8"\', \'Via\': \'1.1 vegur\', \'Cache-Control\': \'max-age=14400\', \'CF-Cache-Status\': \'EXPIRED\', \'cf-request-id\': \'0a66b76cab0000955d14141000000001\', \'Expect-CT\': \'max-age=604800, report-uri="https://report-uri.cloudflare.com/cdn-cgi/beacon/expect-ct"\', \'Report-To\': \'{"endpoints":[{"url":"https:\\\\/\\\\/a.nel.cloudflare.com\\\\/report\\\\/v2?s=1Dx7takr7Vh3sKxQG2gfrSub3C6n0u9mFpGARpXsZjupkTU8mBLiv%2FmUtXHmO%2FakQgsOS4JOXXtWY4AS2bNUdo1lwq684cmja06Pzj9mjw0gJx%2FjvJKF"}],"group":"cf-nel","max_age":604800}\', \'NEL\': \'{"report_to":"cf-nel","max_age":604800}\', \'Vary\': \'Accept-Encoding\', \'Server\': \'cloudflare\', \'CF-RAY\': \'65848e8ddf73955d-NRT\', \'alt-svc\': \'h3-27=":443"; ma=86400, h3-28=":443"; ma=86400, h3-29=":443"; ma=86400\'}', 'ResponseCookie': '&lt;RequestsCookieJar[]&gt;'}
The functionality responded
Your status code404
Safe from this use case
=======after hit
{}
Shhetname&lt;Worksheet "SQL"&gt;
Row 11 = "))\'+OR+%s=%s"%(r_time(),r_time())
loaded param
https://reqres.in/api/users/'
Its GET API
Executed GET Method for payload
{'StatusCode': '404', 'ResponseBody': '{}', 'ResponseHeader': '{\'Date\': \'Tue, 01 Jun 2021 01:09:31 GMT\', \'Content-Type\': \'application/json; charset=utf-8\', \'Content-Length\': \'2\', \'Connection\': \'keep-alive\', \'X-Powered-By\': \'Express\', \'Access-Control-Allow-Origin\': \'*\', \'Etag\': \'W/"2-vyGp6PvFo4RvsFtPoIWeCReyIC8"\', \'Via\': \'1.1 vegur\', \'Cache-Control\': \'max-age=14400\', \'CF-Cache-Status\': \'HIT\', \'Age\': \'28\', \'cf-request-id\': \'0a66b770ff00000ad80d1e1000000001\', \'Expect-CT\': \'max-age=604800, report-uri="https://report-uri.cloudflare.com/cdn-cgi/beacon/expect-ct"\', \'Report-To\': \'{"endpoints":[{"url":"https:\\\\/\\\\/a.nel.cloudflare.com\\\\/report\\\\/v2?s=vV9gzSMiCRZukLn65Zt95XYviWIQ7mhjPVRmzpf7F879HlbHW8CU6P1bF4nHqEoHy5Wlqv4VplodkXtIUiliapkZVrvJrrVl%2F77mMtPRbWHKi865RkcX"}],"group":"cf-nel","max_age":604800}\', \'NEL\': \'{"report_to":"cf-nel","max_age":604800}\', \'Vary\': \'Accept-Encoding\', \'Server\': \'cloudflare\', \'CF-RAY\': \'65848e94cb3d0ad8-NRT\', \'alt-svc\': \'h3-27=":443"; ma=86400, h3-28=":443"; ma=86400, h3-29=":443"; ma=86400\'}', 'ResponseCookie': '&lt;RequestsCookieJar[]&gt;'}
The functionality responded
Your status code404
Safe from this use case
WE have a URL ***********************************
https://reqres.in/api/users/2"))\'+OR+%s=%s"%(r_time(),r_time())
Its GET API
Executed GET Method for payload
{'StatusCode': '404', 'ResponseBody': '{}', 'ResponseHeader': '{\'Date\': \'Tue, 01 Jun 2021 01:09:32 GMT\', \'Content-Type\': \'application/json; charset=utf-8\', \'Content-Length\': \'2\', \'Connection\': \'keep-alive\', \'X-Powered-By\': \'Express\', \'Access-Control-Allow-Origin\': \'*\', \'Etag\': \'W/"2-vyGp6PvFo4RvsFtPoIWeCReyIC8"\', \'Via\': \'1.1 vegur\', \'Cache-Control\': \'max-age=14400\', \'CF-Cache-Status\': \'EXPIRED\', \'cf-request-id\': \'0a66b7731400000ac411bde000000001\', \'Expect-CT\': \'max-age=604800, report-uri="https://report-uri.cloudflare.com/cdn-cgi/beacon/expect-ct"\', \'Report-To\': \'{"endpoints":[{"url":"https:\\\\/\\\\/a.nel.cloudflare.com\\\\/report\\\\/v2?s=%2BwMs7BQ6LIb0JjwbtjWi7FKf5IOsBjjiM19ndgKLWgTxnr99KhM83ApPgzYTW9%2FpXZrqsJHuPo0Nyid6skTpJFmcXO%2FLFkres1GjqOXAZesr8S4lm6pZ"}],"group":"cf-nel","max_age":604800}\', \'NEL\': \'{"report_to":"cf-nel","max_age":604800}\', \'Vary\': \'Accept-Encoding\', \'Server\': \'cloudflare\', \'CF-RAY\': \'65848e982af10ac4-NRT\', \'alt-svc\': \'h3-27=":443"; ma=86400, h3-28=":443"; ma=86400, h3-29=":443"; ma=86400\'}', 'ResponseCookie': '&lt;RequestsCookieJar[]&gt;'}
The functionality responded
Your status code404
Safe from this use case
WE have a URL with space ***********************************
https://reqres.in/api/users/2 "))\'+OR+%s=%s"%(r_time(),r_time())
Its GET API
Executed GET Method for payload
{'StatusCode': '404', 'ResponseBody': '{}', 'ResponseHeader': '{\'Date\': \'Tue, 01 Jun 2021 01:09:33 GMT\', \'Content-Type\': \'application/json; charset=utf-8\', \'Content-Length\': \'2\', \'Connection\': \'keep-alive\', \'X-Powered-By\': \'Express\', \'Access-Control-Allow-Origin\': \'*\', \'Etag\': \'W/"2-vyGp6PvFo4RvsFtPoIWeCReyIC8"\', \'Via\': \'1.1 vegur\', \'Cache-Control\': \'max-age=14400\', \'CF-Cache-Status\': \'EXPIRED\', \'cf-request-id\': \'0a66b777540000f8af52821000000001\', \'Expect-CT\': \'max-age=604800, report-uri="https://report-uri.cloudflare.com/cdn-cgi/beacon/expect-ct"\', \'Report-To\': \'{"endpoints":[{"url":"https:\\\\/\\\\/a.nel.cloudflare.com\\\\/report\\\\/v2?s=3rTvFljn3PKj9eTgrQuooIqkMMMz7PvCqvlAJOYoiC8ROQ15zWA7n9FIHTmAjYea6L83LOxhANk9vQnJrcFFZ5vEbVIUVbyn1%2F%2FbXhG8nSlcvWG2LVoz"}],"group":"cf-nel","max_age":604800}\', \'NEL\': \'{"report_to":"cf-nel","max_age":604800}\', \'Vary\': \'Accept-Encoding\', \'Server\': \'cloudflare\', \'CF-RAY\': \'65848e9eef34f8af-NRT\', \'alt-svc\': \'h3-27=":443"; ma=86400, h3-28=":443"; ma=86400, h3-29=":443"; ma=86400\'}', 'ResponseCookie': '&lt;RequestsCookieJar[]&gt;'}
The functionality responded
Your status code404
Safe from this use case
=======after hit
{}
Shhetname&lt;Worksheet "SQL"&gt;
Row 12 = "))) AND %s=%s"%(r_time(),r_time())
loaded param
https://reqres.in/api/users/'
Its GET API
Executed GET Method for payload
{'StatusCode': '404', 'ResponseBody': '{}', 'ResponseHeader': '{\'Date\': \'Tue, 01 Jun 2021 01:09:33 GMT\', \'Content-Type\': \'application/json; charset=utf-8\', \'Content-Length\': \'2\', \'Connection\': \'keep-alive\', \'X-Powered-By\': \'Express\', \'Access-Control-Allow-Origin\': \'*\', \'Etag\': \'W/"2-vyGp6PvFo4RvsFtPoIWeCReyIC8"\', \'Via\': \'1.1 vegur\', \'Cache-Control\': \'max-age=14400\', \'CF-Cache-Status\': \'HIT\', \'Age\': \'30\', \'cf-request-id\': \'0a66b77b8300000acca61d3000000001\', \'Expect-CT\': \'max-age=604800, report-uri="https://report-uri.cloudflare.com/cdn-cgi/beacon/expect-ct"\', \'Report-To\': \'{"endpoints":[{"url":"https:\\\\/\\\\/a.nel.cloudflare.com\\\\/report\\\\/v2?s=e1ELHXWSWxnj2QIasdFhO3f%2BsL7fTbndL7Bw6tSlET0604x%2FMrCSoctkrsCsVAhkP5IphQcQJwY%2F6KWa%2F7P2WTOamqIYiUhB5qZu%2B5u%2B7KBbLzJFIIiz"}],"group":"cf-nel","max_age":604800}\', \'NEL\': \'{"report_to":"cf-nel","max_age":604800}\', \'Vary\': \'Accept-Encoding\', \'Server\': \'cloudflare\', \'CF-RAY\': \'65848ea59a800acc-NRT\', \'alt-svc\': \'h3-27=":443"; ma=86400, h3-28=":443"; ma=86400, h3-29=":443"; ma=86400\'}', 'ResponseCookie': '&lt;RequestsCookieJar[]&gt;'}
The functionality responded
Your status code404
Safe from this use case
WE have a URL ***********************************
https://reqres.in/api/users/2"))) AND %s=%s"%(r_time(),r_time())
Its GET API
Executed GET Method for payload
{'StatusCode': '404', 'ResponseBody': '{}', 'ResponseHeader': '{\'Date\': \'Tue, 01 Jun 2021 01:09:34 GMT\', \'Content-Type\': \'application/json; charset=utf-8\', \'Content-Length\': \'2\', \'Connection\': \'keep-alive\', \'X-Powered-By\': \'Express\', \'Access-Control-Allow-Origin\': \'*\', \'Etag\': \'W/"2-vyGp6PvFo4RvsFtPoIWeCReyIC8"\', \'Via\': \'1.1 vegur\', \'Cache-Control\': \'max-age=14400\', \'CF-Cache-Status\': \'EXPIRED\', \'cf-request-id\': \'0a66b77da100005f3b069cd000000001\', \'Expect-CT\': \'max-age=604800, report-uri="https://report-uri.cloudflare.com/cdn-cgi/beacon/expect-ct"\', \'Report-To\': \'{"endpoints":[{"url":"https:\\\\/\\\\/a.nel.cloudflare.com\\\\/report\\\\/v2?s=wU2MjNiD%2BlzA6hJcidEpCqDzamqXLml1ZXWpjXwqZ9cJ%2Fgh%2B7uR7FO4g0iGajxOHk%2Fb2yLNfXB2wDXFL5H%2B29iG2HPsko%2FuC%2Fjjgwp41MFO%2BqkLCeqQI"}],"group":"cf-nel","max_age":604800}\', \'NEL\': \'{"report_to":"cf-nel","max_age":604800}\', \'Vary\': \'Accept-Encoding\', \'Server\': \'cloudflare\', \'CF-RAY\': \'65848ea90afd5f3b-NRT\', \'alt-svc\': \'h3-27=":443"; ma=86400, h3-28=":443"; ma=86400, h3-29=":443"; ma=86400\'}', 'ResponseCookie': '&lt;RequestsCookieJar[]&gt;'}
The functionality responded
Your status code404
Safe from this use case
WE have a URL with space ***********************************
https://reqres.in/api/users/2 "))) AND %s=%s"%(r_time(),r_time())
Its GET API
Executed GET Method for payload
{'StatusCode': '404', 'ResponseBody': '{}', 'ResponseHeader': '{\'Date\': \'Tue, 01 Jun 2021 01:09:35 GMT\', \'Content-Type\': \'application/json; charset=utf-8\', \'Content-Length\': \'2\', \'Connection\': \'keep-alive\', \'X-Powered-By\': \'Express\', \'Access-Control-Allow-Origin\': \'*\', \'Etag\': \'W/"2-vyGp6PvFo4RvsFtPoIWeCReyIC8"\', \'Via\': \'1.1 vegur\', \'Cache-Control\': \'max-age=14400\', \'CF-Cache-Status\': \'EXPIRED\', \'cf-request-id\': \'0a66b781e100005f4d5034d000000001\', \'Expect-CT\': \'max-age=604800, report-uri="https://report-uri.cloudflare.com/cdn-cgi/beacon/expect-ct"\', \'Report-To\': \'{"endpoints":[{"url":"https:\\\\/\\\\/a.nel.cloudflare.com\\\\/report\\\\/v2?s=DcGaiilBmM6hcDPaWCLNRAXoEC5z0lM70p5FBRCERR77D4As4olsu3sAfca2GqiN09%2BUNJVEQhb3Kh5U4jJzkRapZr7TNHaUpdaFxjgnGj46p2%2FzMPf0"}],"group":"cf-nel","max_age":604800}\', \'NEL\': \'{"report_to":"cf-nel","max_age":604800}\', \'Vary\': \'Accept-Encoding\', \'Server\': \'cloudflare\', \'CF-RAY\': \'65848eafcb9b5f4d-NRT\', \'alt-svc\': \'h3-27=":443"; ma=86400, h3-28=":443"; ma=86400, h3-29=":443"; ma=86400\'}', 'ResponseCookie': '&lt;RequestsCookieJar[]&gt;'}
The functionality responded
Your status code404
Safe from this use case
=======after hit
{}
Shhetname&lt;Worksheet "SQL"&gt;
Row 13 = "; OR \'%s\'=\'%s\'"%(r_time(),r_time())
loaded param
https://reqres.in/api/users/'
Its GET API
Executed GET Method for payload
{'StatusCode': '404', 'ResponseBody': '{}', 'ResponseHeader': '{\'Date\': \'Tue, 01 Jun 2021 01:09:36 GMT\', \'Content-Type\': \'application/json; charset=utf-8\', \'Content-Length\': \'2\', \'Connection\': \'keep-alive\', \'X-Powered-By\': \'Express\', \'Access-Control-Allow-Origin\': \'*\', \'Etag\': \'W/"2-vyGp6PvFo4RvsFtPoIWeCReyIC8"\', \'Via\': \'1.1 vegur\', \'Cache-Control\': \'max-age=14400\', \'CF-Cache-Status\': \'HIT\', \'Age\': \'33\', \'cf-request-id\': \'0a66b7863c00005ef6800e8000000001\', \'Expect-CT\': \'max-age=604800, report-uri="https://report-uri.cloudflare.com/cdn-cgi/beacon/expect-ct"\', \'Report-To\': \'{"endpoints":[{"url":"https:\\\\/\\\\/a.nel.cloudflare.com\\\\/report\\\\/v2?s=UQyggXEQGHb%2FzK4MoJjXUJ9gGn3rJqRSDgvVotrNzGMekAo6BytDP6wR5%2BcfVVQIinr%2FI6zV4L9YTYfbxn%2BjOeG73uJLalKGHe7x65VATzgsqOyvsDq6"}],"group":"cf-nel","max_age":604800}\', \'NEL\': \'{"report_to":"cf-nel","max_age":604800}\', \'Vary\': \'Accept-Encoding\', \'Server\': \'cloudflare\', \'CF-RAY\': \'65848eb6c8eb5ef6-NRT\', \'alt-svc\': \'h3-27=":443"; ma=86400, h3-28=":443"; ma=86400, h3-29=":443"; ma=86400\'}', 'ResponseCookie': '&lt;RequestsCookieJar[]&gt;'}
The functionality responded
Your status code404
Safe from this use case
WE have a URL ***********************************
https://reqres.in/api/users/2"; OR \'%s\'=\'%s\'"%(r_time(),r_time())
Its GET API
Executed GET Method for payload
{'StatusCode': '404', 'ResponseBody': '{}', 'ResponseHeader': '{\'Date\': \'Tue, 01 Jun 2021 01:09:37 GMT\', \'Content-Type\': \'application/json; charset=utf-8\', \'Content-Length\': \'2\', \'Connection\': \'keep-alive\', \'X-Powered-By\': \'Express\', \'Access-Control-Allow-Origin\': \'*\', \'Etag\': \'W/"2-vyGp6PvFo4RvsFtPoIWeCReyIC8"\', \'Via\': \'1.1 vegur\', \'Cache-Control\': \'max-age=14400\', \'CF-Cache-Status\': \'EXPIRED\', \'cf-request-id\': \'0a66b788590000a53a588a7000000001\', \'Expect-CT\': \'max-age=604800, report-uri="https://report-uri.cloudflare.com/cdn-cgi/beacon/expect-ct"\', \'Report-To\': \'{"endpoints":[{"url":"https:\\\\/\\\\/a.nel.cloudflare.com\\\\/report\\\\/v2?s=BMsEY3%2Bkq1v4%2Fgarj90X7DlU9E3nIl0ExH31y%2BPexC8SkGm8%2BdcpDiySxDdrQidGi%2FFzIVGwpb7wOsUSD0WUKyh%2BNXFxVFwlaVay%2FSwQJfKlUYA%2FM7ek"}],"group":"cf-nel","max_age":604800}\', \'NEL\': \'{"report_to":"cf-nel","max_age":604800}\', \'Vary\': \'Accept-Encoding\', \'Server\': \'cloudflare\', \'CF-RAY\': \'65848eba2891a53a-NRT\', \'alt-svc\': \'h3-27=":443"; ma=86400, h3-28=":443"; ma=86400, h3-29=":443"; ma=86400\'}', 'ResponseCookie': '&lt;RequestsCookieJar[]&gt;'}
The functionality responded
Your status code404
Safe from this use case
WE have a URL with space ***********************************
https://reqres.in/api/users/2 "; OR \'%s\'=\'%s\'"%(r_time(),r_time())
Its GET API
Executed GET Method for payload
{'StatusCode': '404', 'ResponseBody': '{}', 'ResponseHeader': '{\'Date\': \'Tue, 01 Jun 2021 01:09:38 GMT\', \'Content-Type\': \'application/json; charset=utf-8\', \'Content-Length\': \'2\', \'Connection\': \'keep-alive\', \'X-Powered-By\': \'Express\', \'Access-Control-Allow-Origin\': \'*\', \'Etag\': \'W/"2-vyGp6PvFo4RvsFtPoIWeCReyIC8"\', \'Via\': \'1.1 vegur\', \'Cache-Control\': \'max-age=14400\', \'CF-Cache-Status\': \'EXPIRED\', \'cf-request-id\': \'0a66b78c9400000ae402193000000001\', \'Expect-CT\': \'max-age=604800, report-uri="https://report-uri.cloudflare.com/cdn-cgi/beacon/expect-ct"\', \'Report-To\': \'{"endpoints":[{"url":"https:\\\\/\\\\/a.nel.cloudflare.com\\\\/report\\\\/v2?s=qUACQl608u8Q2e2VTfQhqyhpvV9BJbEa79ugh5bkmhtYDFWkW8OTfMDOSjqFuDDnxlgoMWHg0wyWz6%2FGyESTl4Hv%2BPtnJOUWaEo5KRGGkWWiscksXKyi"}],"group":"cf-nel","max_age":604800}\', \'NEL\': \'{"report_to":"cf-nel","max_age":604800}\', \'Vary\': \'Accept-Encoding\', \'Server\': \'cloudflare\', \'CF-RAY\': \'65848ec0e9af0ae4-NRT\', \'alt-svc\': \'h3-27=":443"; ma=86400, h3-28=":443"; ma=86400, h3-29=":443"; ma=86400\'}', 'ResponseCookie': '&lt;RequestsCookieJar[]&gt;'}
The functionality responded
Your status code404
Safe from this use case
=======after hit
{}
Shhetname&lt;Worksheet "SQL"&gt;
Row 14 = "\'OR \'))%s=%s --"%(r_time(),r_time())
loaded param
https://reqres.in/api/users/'
Its GET API
Executed GET Method for payload
{'StatusCode': '404', 'ResponseBody': '{}', 'ResponseHeader': '{\'Date\': \'Tue, 01 Jun 2021 01:09:39 GMT\', \'Content-Type\': \'application/json; charset=utf-8\', \'Content-Length\': \'2\', \'Connection\': \'keep-alive\', \'X-Powered-By\': \'Express\', \'Access-Control-Allow-Origin\': \'*\', \'Etag\': \'W/"2-vyGp6PvFo4RvsFtPoIWeCReyIC8"\', \'Via\': \'1.1 vegur\', \'Cache-Control\': \'max-age=14400\', \'CF-Cache-Status\': \'HIT\', \'Age\': \'36\', \'cf-request-id\': \'0a66b790cd0000f8e789277000000001\', \'Expect-CT\': \'max-age=604800, report-uri="https://report-uri.cloudflare.com/cdn-cgi/beacon/expect-ct"\', \'Report-To\': \'{"endpoints":[{"url":"https:\\\\/\\\\/a.nel.cloudflare.com\\\\/report\\\\/v2?s=zmoGBzOt7hkQKQirQmcqNmpWKye0LYjnfuGxcI5U6XsInN9190XWAlXdaVkpaT%2F62eCwK42z7RQr8Q4ExtJhgguRq7KCyY4g5RHU2G84%2FqYogDGc6M0G"}],"group":"cf-nel","max_age":604800}\', \'NEL\': \'{"report_to":"cf-nel","max_age":604800}\', \'Vary\': \'Accept-Encoding\', \'Server\': \'cloudflare\', \'CF-RAY\': \'65848ec7aefaf8e7-NRT\', \'alt-svc\': \'h3-27=":443"; ma=86400, h3-28=":443"; ma=86400, h3-29=":443"; ma=86400\'}', 'ResponseCookie': '&lt;RequestsCookieJar[]&gt;'}
The functionality responded
Your status code404
Safe from this use case
WE have a URL ***********************************
https://reqres.in/api/users/2"\'OR \'))%s=%s --"%(r_time(),r_time())
Its GET API
Executed GET Method for payload
{'StatusCode': '404', 'ResponseBody': '{}', 'ResponseHeader': '{\'Date\': \'Tue, 01 Jun 2021 01:09:40 GMT\', \'Content-Type\': \'application/json; charset=utf-8\', \'Content-Length\': \'2\', \'Connection\': \'keep-alive\', \'X-Powered-By\': \'Express\', \'Access-Control-Allow-Origin\': \'*\', \'Etag\': \'W/"2-vyGp6PvFo4RvsFtPoIWeCReyIC8"\', \'Via\': \'1.1 vegur\', \'Cache-Control\': \'max-age=14400\', \'CF-Cache-Status\': \'EXPIRED\', \'cf-request-id\': \'0a66b792ec0000a53a5c287000000001\', \'Expect-CT\': \'max-age=604800, report-uri="https://report-uri.cloudflare.com/cdn-cgi/beacon/expect-ct"\', \'Report-To\': \'{"endpoints":[{"url":"https:\\\\/\\\\/a.nel.cloudflare.com\\\\/report\\\\/v2?s=utrFX5yxi9YZkfTpjMq18NxmS%2F%2F0zkSgPObuDBLhQiO8Jz7kahvxFyk68Ft%2BGbjAB6QiK32Cf6afypAsxvBeWK3APxPTYZwTLo4HZzZsKhrMgNz0Lokb"}],"group":"cf-nel","max_age":604800}\', \'NEL\': \'{"report_to":"cf-nel","max_age":604800}\', \'Vary\': \'Accept-Encoding\', \'Server\': \'cloudflare\', \'CF-RAY\': \'65848ecb1fc0a53a-NRT\', \'alt-svc\': \'h3-27=":443"; ma=86400, h3-28=":443"; ma=86400, h3-29=":443"; ma=86400\'}', 'ResponseCookie': '&lt;RequestsCookieJar[]&gt;'}
The functionality responded
Your status code404
Safe from this use case
WE have a URL with space ***********************************
https://reqres.in/api/users/2 "\'OR \'))%s=%s --"%(r_time(),r_time())
Its GET API
Executed GET Method for payload
{'StatusCode': '404', 'ResponseBody': '{}', 'ResponseHeader': '{\'Date\': \'Tue, 01 Jun 2021 01:09:41 GMT\', \'Content-Type\': \'application/json; charset=utf-8\', \'Content-Length\': \'2\', \'Connection\': \'keep-alive\', \'X-Powered-By\': \'Express\', \'Access-Control-Allow-Origin\': \'*\', \'Etag\': \'W/"2-vyGp6PvFo4RvsFtPoIWeCReyIC8"\', \'Via\': \'1.1 vegur\', \'Cache-Control\': \'max-age=14400\', \'CF-Cache-Status\': \'EXPIRED\', \'cf-request-id\': \'0a66b797420000efb61d024000000001\', \'Expect-CT\': \'max-age=604800, report-uri="https://report-uri.cloudflare.com/cdn-cgi/beacon/expect-ct"\', \'Report-To\': \'{"endpoints":[{"url":"https:\\\\/\\\\/a.nel.cloudflare.com\\\\/report\\\\/v2?s=i4ewEKo8wpSGr5avoxhdzxLNlgn%2BQ9%2BrJSvf%2B9hWMLHYl%2FKXrVNNUFyjwLFYd4Cst%2FR%2FSE%2BJZebFUtq0dGM%2F5R9EbUyU7PSA%2Fem4Bp65dp9y1i6P5Jar"}],"group":"cf-nel","max_age":604800}\', \'NEL\': \'{"report_to":"cf-nel","max_age":604800}\', \'Vary\': \'Accept-Encoding\', \'Server\': \'cloudflare\', \'CF-RAY\': \'65848ed20976efb6-NRT\', \'alt-svc\': \'h3-27=":443"; ma=86400, h3-28=":443"; ma=86400, h3-29=":443"; ma=86400\'}', 'ResponseCookie': '&lt;RequestsCookieJar[]&gt;'}
The functionality responded
Your status code404
Safe from this use case
=======after hit
{}
Shhetname&lt;Worksheet "SQL"&gt;
Row 15 = "\'AND \')))%s=%s --#"%(r_time(),r_time())
loaded param
https://reqres.in/api/users/'
Its GET API
Executed GET Method for payload
{'StatusCode': '404', 'ResponseBody': '{}', 'ResponseHeader': '{\'Date\': \'Tue, 01 Jun 2021 01:09:41 GMT\', \'Content-Type\': \'application/json; charset=utf-8\', \'Content-Length\': \'2\', \'Connection\': \'keep-alive\', \'X-Powered-By\': \'Express\', \'Access-Control-Allow-Origin\': \'*\', \'Etag\': \'W/"2-vyGp6PvFo4RvsFtPoIWeCReyIC8"\', \'Via\': \'1.1 vegur\', \'Cache-Control\': \'max-age=14400\', \'CF-Cache-Status\': \'HIT\', \'Age\': \'38\', \'cf-request-id\': \'0a66b79ba100000a9cce8e3000000001\', \'Expect-CT\': \'max-age=604800, report-uri="https://report-uri.cloudflare.com/cdn-cgi/beacon/expect-ct"\', \'Report-To\': \'{"endpoints":[{"url":"https:\\\\/\\\\/a.nel.cloudflare.com\\\\/report\\\\/v2?s=xJJydvFJN7VUaL%2FQsjTX3bGrL5cM7gNkT53akYZb3F6iY2BgVnZgbiLxp7FSMC2ziHFlSNgQRu7ctRFnIGhc0FZqQm4O88jcRS37vGTXjKw9F18RSaZ3"}],"group":"cf-nel","max_age":604800}\', \'NEL\': \'{"report_to":"cf-nel","max_age":604800}\', \'Vary\': \'Accept-Encoding\', \'Server\': \'cloudflare\', \'CF-RAY\': \'65848ed90a390a9c-NRT\', \'alt-svc\': \'h3-27=":443"; ma=86400, h3-28=":443"; ma=86400, h3-29=":443"; ma=86400\'}', 'ResponseCookie': '&lt;RequestsCookieJar[]&gt;'}
The functionality responded
Your status code404
Safe from this use case
WE have a URL ***********************************
https://reqres.in/api/users/2"\'AND \')))%s=%s --#"%(r_time(),r_time())
Its GET API
Executed GET Method for payload
{'StatusCode': '404', 'ResponseBody': '{}', 'ResponseHeader': '{\'Date\': \'Tue, 01 Jun 2021 01:09:43 GMT\', \'Content-Type\': \'application/json; charset=utf-8\', \'Content-Length\': \'2\', \'Connection\': \'keep-alive\', \'X-Powered-By\': \'Express\', \'Access-Control-Allow-Origin\': \'*\', \'Etag\': \'W/"2-vyGp6PvFo4RvsFtPoIWeCReyIC8"\', \'Via\': \'1.1 vegur\', \'Cache-Control\': \'max-age=14400\', \'CF-Cache-Status\': \'EXPIRED\', \'cf-request-id\': \'0a66b79dc70000efa2c317d000000001\', \'Expect-CT\': \'max-age=604800, report-uri="https://report-uri.cloudflare.com/cdn-cgi/beacon/expect-ct"\', \'Report-To\': \'{"endpoints":[{"url":"https:\\\\/\\\\/a.nel.cloudflare.com\\\\/report\\\\/v2?s=p%2BKLT9EUT%2FRIPCph0xkMZ9DLqQoTW8FZvaP2CsgzyTlZB5sJMYXeRKIQYmB1ni%2B5fJAqOVgN4V0XCzq5UZF8qHov%2F%2BYLFhz0Z48mhYRC7HwaV9N65ydR"}],"group":"cf-nel","max_age":604800}\', \'NEL\': \'{"report_to":"cf-nel","max_age":604800}\', \'Vary\': \'Accept-Encoding\', \'Server\': \'cloudflare\', \'CF-RAY\': \'65848edc7d5aefa2-NRT\', \'alt-svc\': \'h3-27=":443"; ma=86400, h3-28=":443"; ma=86400, h3-29=":443"; ma=86400\'}', 'ResponseCookie': '&lt;RequestsCookieJar[]&gt;'}
The functionality responded
Your status code404
Safe from this use case
WE have a URL with space ***********************************
https://reqres.in/api/users/2 "\'AND \')))%s=%s --#"%(r_time(),r_time())
Its GET API
Executed GET Method for payload
{'StatusCode': '404', 'ResponseBody': '{}', 'ResponseHeader': '{\'Date\': \'Tue, 01 Jun 2021 01:09:44 GMT\', \'Content-Type\': \'application/json; charset=utf-8\', \'Content-Length\': \'2\', \'Connection\': \'keep-alive\', \'X-Powered-By\': \'Express\', \'Access-Control-Allow-Origin\': \'*\', \'Etag\': \'W/"2-vyGp6PvFo4RvsFtPoIWeCReyIC8"\', \'Via\': \'1.1 vegur\', \'Cache-Control\': \'max-age=14400\', \'CF-Cache-Status\': \'EXPIRED\', \'cf-request-id\': \'0a66b7a2010000f90fcc179000000001\', \'Expect-CT\': \'max-age=604800, report-uri="https://report-uri.cloudflare.com/cdn-cgi/beacon/expect-ct"\', \'Report-To\': \'{"endpoints":[{"url":"https:\\\\/\\\\/a.nel.cloudflare.com\\\\/report\\\\/v2?s=v%2FEIVP0ap9U%2F%2FTZqxbA5%2B3JD33aEafuBAXf3jAPaZDGAs5LMB5z5R3ap77nrEQGx4fffXAXFlBkpmrjwLrxt8KsQS5KSIhNW8yRHRnutTrnz2C60uvHR"}],"group":"cf-nel","max_age":604800}\', \'NEL\': \'{"report_to":"cf-nel","max_age":604800}\', \'Vary\': \'Accept-Encoding\', \'Server\': \'cloudflare\', \'CF-RAY\': \'65848ee33f35f90f-NRT\', \'alt-svc\': \'h3-27=":443"; ma=86400, h3-28=":443"; ma=86400, h3-29=":443"; ma=86400\'}', 'ResponseCookie': '&lt;RequestsCookieJar[]&gt;'}
The functionality responded
Your status code404
Safe from this use case
=======after hit
{}
Shhetname&lt;Worksheet "SQL"&gt;
Row 16 = " %s 1=1 --"%(r_string(20))
loaded param
https://reqres.in/api/users/'
Its GET API
Executed GET Method for payload
{'StatusCode': '404', 'ResponseBody': '{}', 'ResponseHeader': '{\'Date\': \'Tue, 01 Jun 2021 01:09:44 GMT\', \'Content-Type\': \'application/json; charset=utf-8\', \'Content-Length\': \'2\', \'Connection\': \'keep-alive\', \'X-Powered-By\': \'Express\', \'Access-Control-Allow-Origin\': \'*\', \'Etag\': \'W/"2-vyGp6PvFo4RvsFtPoIWeCReyIC8"\', \'Via\': \'1.1 vegur\', \'Cache-Control\': \'max-age=14400\', \'CF-Cache-Status\': \'HIT\', \'Age\': \'41\', \'cf-request-id\': \'0a66b7a6360000f8afae146000000001\', \'Expect-CT\': \'max-age=604800, report-uri="https://report-uri.cloudflare.com/cdn-cgi/beacon/expect-ct"\', \'Report-To\': \'{"endpoints":[{"url":"https:\\\\/\\\\/a.nel.cloudflare.com\\\\/report\\\\/v2?s=1Bn72Uf0a6Ns6D3ynP4h3%2F21Pa9pWgtcXrad55%2BelREYO6a1Sq%2FqdHwdKoqUEGLZD10iJrd5wVeFh8uY4F%2BK3w1V5pm3w639Xw%2F5hrK460UOkhotV2dq"}],"group":"cf-nel","max_age":604800}\', \'NEL\': \'{"report_to":"cf-nel","max_age":604800}\', \'Vary\': \'Accept-Encoding\', \'Server\': \'cloudflare\', \'CF-RAY\': \'65848ee9eab8f8af-NRT\', \'alt-svc\': \'h3-27=":443"; ma=86400, h3-28=":443"; ma=86400, h3-29=":443"; ma=86400\'}', 'ResponseCookie': '&lt;RequestsCookieJar[]&gt;'}
The functionality responded
Your status code404
Safe from this use case
WE have a URL ***********************************
https://reqres.in/api/users/2" %s 1=1 --"%(r_string(20))
Its GET API
Executed GET Method for payload
{'StatusCode': '404', 'ResponseBody': '{}', 'ResponseHeader': '{\'Date\': \'Tue, 01 Jun 2021 01:09:45 GMT\', \'Content-Type\': \'application/json; charset=utf-8\', \'Content-Length\': \'2\', \'Connection\': \'keep-alive\', \'X-Powered-By\': \'Express\', \'Access-Control-Allow-Origin\': \'*\', \'Etag\': \'W/"2-vyGp6PvFo4RvsFtPoIWeCReyIC8"\', \'Via\': \'1.1 vegur\', \'Cache-Control\': \'max-age=14400\', \'CF-Cache-Status\': \'EXPIRED\', \'cf-request-id\': \'0a66b7a85d0000a5cacc1a9000000001\', \'Expect-CT\': \'max-age=604800, report-uri="https://report-uri.cloudflare.com/cdn-cgi/beacon/expect-ct"\', \'Report-To\': \'{"endpoints":[{"url":"https:\\\\/\\\\/a.nel.cloudflare.com\\\\/report\\\\/v2?s=XjRlEhDI3b4AE7sJeQJfxiqdYvIE2o8ORC412%2FWYmelnxOjYKZdxbS%2BoKwmZoc3V6VLVBdTwkKlhva4RBfFnAQdgdg%2FOUY8S7Gx20XiYKeU5Mbd6%2BaFG"}],"group":"cf-nel","max_age":604800}\', \'NEL\': \'{"report_to":"cf-nel","max_age":604800}\', \'Vary\': \'Accept-Encoding\', \'Server\': \'cloudflare\', \'CF-RAY\': \'65848eed5a78a5ca-NRT\', \'alt-svc\': \'h3-27=":443"; ma=86400, h3-28=":443"; ma=86400, h3-29=":443"; ma=86400\'}', 'ResponseCookie': '&lt;RequestsCookieJar[]&gt;'}
The functionality responded
Your status code404
Safe from this use case
WE have a URL with space ***********************************
https://reqres.in/api/users/2 " %s 1=1 --"%(r_string(20))
Its GET API
Executed GET Method for payload
{'StatusCode': '404', 'ResponseBody': '{}', 'ResponseHeader': '{\'Date\': \'Tue, 01 Jun 2021 01:09:46 GMT\', \'Content-Type\': \'application/json; charset=utf-8\', \'Content-Length\': \'2\', \'Connection\': \'keep-alive\', \'X-Powered-By\': \'Express\', \'Access-Control-Allow-Origin\': \'*\', \'Etag\': \'W/"2-vyGp6PvFo4RvsFtPoIWeCReyIC8"\', \'Via\': \'1.1 vegur\', \'Cache-Control\': \'max-age=14400\', \'CF-Cache-Status\': \'EXPIRED\', \'cf-request-id\': \'0a66b7ac8700000aa04e31a000000001\', \'Expect-CT\': \'max-age=604800, report-uri="https://report-uri.cloudflare.com/cdn-cgi/beacon/expect-ct"\', \'Report-To\': \'{"endpoints":[{"url":"https:\\\\/\\\\/a.nel.cloudflare.com\\\\/report\\\\/v2?s=YlmeQ1Ghj76%2FHkVmGGYCHxAkNao0KzzebwtJPReB5r%2FguFTpLSvosfjrJGxm0y5WncwzCoFAMOA3OVHMqzzc3S1uz%2FRhYM0lmEtJvYnb9k%2BWM9ISgthk"}],"group":"cf-nel","max_age":604800}\', \'NEL\': \'{"report_to":"cf-nel","max_age":604800}\', \'Vary\': \'Accept-Encoding\', \'Server\': \'cloudflare\', \'CF-RAY\': \'65848ef40dae0aa0-NRT\', \'alt-svc\': \'h3-27=":443"; ma=86400, h3-28=":443"; ma=86400, h3-29=":443"; ma=86400\'}', 'ResponseCookie': '&lt;RequestsCookieJar[]&gt;'}
The functionality responded
Your status code404
Safe from this use case
=======after hit
{}
Shhetname&lt;Worksheet "SQL"&gt;
Row 17 = " or sleep(%s)=\'"%(r_time())
loaded param
https://reqres.in/api/users/'
Its GET API
Executed GET Method for payload
{'StatusCode': '404', 'ResponseBody': '{}', 'ResponseHeader': '{\'Date\': \'Tue, 01 Jun 2021 01:09:47 GMT\', \'Content-Type\': \'application/json; charset=utf-8\', \'Content-Length\': \'2\', \'Connection\': \'keep-alive\', \'X-Powered-By\': \'Express\', \'Access-Control-Allow-Origin\': \'*\', \'Etag\': \'W/"2-vyGp6PvFo4RvsFtPoIWeCReyIC8"\', \'Via\': \'1.1 vegur\', \'Cache-Control\': \'max-age=14400\', \'CF-Cache-Status\': \'HIT\', \'Age\': \'44\', \'cf-request-id\': \'0a66b7b0d000005f2dad0be000000001\', \'Expect-CT\': \'max-age=604800, report-uri="https://report-uri.cloudflare.com/cdn-cgi/beacon/expect-ct"\', \'Report-To\': \'{"endpoints":[{"url":"https:\\\\/\\\\/a.nel.cloudflare.com\\\\/report\\\\/v2?s=ylCIXIoeH4g8wEXA9PsuTTcemRs1rcw0G%2FQJjC%2Bkjtca4VdYp8I19oR%2FCa3b13MK8RHmEA3HBI57yq2gNW%2BHzaP1DgI4pShB8ngkABSA3jfjaSvsl6nI"}],"group":"cf-nel","max_age":604800}\', \'NEL\': \'{"report_to":"cf-nel","max_age":604800}\', \'Vary\': \'Accept-Encoding\', \'Server\': \'cloudflare\', \'CF-RAY\': \'65848efaecd45f2d-NRT\', \'alt-svc\': \'h3-27=":443"; ma=86400, h3-28=":443"; ma=86400, h3-29=":443"; ma=86400\'}', 'ResponseCookie': '&lt;RequestsCookieJar[]&gt;'}
The functionality responded
Your status code404
Safe from this use case
WE have a URL ***********************************
https://reqres.in/api/users/2" or sleep(%s)=\'"%(r_time())
Its GET API
Executed GET Method for payload
{'StatusCode': '404', 'ResponseBody': '{}', 'ResponseHeader': '{\'Date\': \'Tue, 01 Jun 2021 01:09:48 GMT\', \'Content-Type\': \'application/json; charset=utf-8\', \'Content-Length\': \'2\', \'Connection\': \'keep-alive\', \'x-powered-by\': \'Express\', \'access-control-allow-origin\': \'*\', \'etag\': \'W/"2-vyGp6PvFo4RvsFtPoIWeCReyIC8"\', \'via\': \'1.1 vegur\', \'Cache-Control\': \'max-age=14400\', \'CF-Cache-Status\': \'EXPIRED\', \'cf-request-id\': \'0a66b7b2da0000f8bf691d5000000001\', \'Expect-CT\': \'max-age=604800, report-uri="https://report-uri.cloudflare.com/cdn-cgi/beacon/expect-ct"\', \'Report-To\': \'{"endpoints":[{"url":"https:\\\\/\\\\/a.nel.cloudflare.com\\\\/report\\\\/v2?s=Tzl9eNKn0UJYGtl1Og4k7EZykWOubqNFM4CiaFkdxLz0znfo3JDh8jeJ4S3FdQYVgZMT4p0ffl%2FgeK6S1iLX1HjHAjJIYFpUe%2F2qC0fZDjiMX1ARmaSc"}],"group":"cf-nel","max_age":604800}\', \'NEL\': \'{"report_to":"cf-nel","max_age":604800}\', \'Vary\': \'Accept-Encoding\', \'Server\': \'cloudflare\', \'CF-RAY\': \'65848efe2b79f8bf-NRT\', \'alt-svc\': \'h3-27=":443"; ma=86400, h3-28=":443"; ma=86400, h3-29=":443"; ma=86400\'}', 'ResponseCookie': '&lt;RequestsCookieJar[]&gt;'}
The functionality responded
Your status code404
Safe from this use case
WE have a URL with space ***********************************
https://reqres.in/api/users/2 " or sleep(%s)=\'"%(r_time())
Its GET API
Executed GET Method for payload
[...]
The functionality responded
Your status code404
Safe from this use case
WE have a URL ***********************************
https://reqres.in/api/users/2"%s' AND userid IS NULL; --"%(r_string(10))
Its GET API
Executed GET Method for payload
{'StatusCode': '404', 'ResponseBody': '{}', 'ResponseHeader': '{\'Date\': \'Tue, 01 Jun 2021 01:09:51 GMT\', \'Content-Type\': \'application/json; charset=utf-8\', \'Content-Length\': \'2\', \'Connection\': \'keep-alive\', \'x-powered-by\': \'Express\', \'access-control-allow-origin\': \'*\', \'etag\': \'W/"2-vyGp6PvFo4RvsFtPoIWeCReyIC8"\', \'via\': \'1.1 vegur\', \'Cache-Control\': \'max-age=14400\', \'CF-Cache-Status\': \'EXPIRED\', \'cf-request-id\': \'0a66b7bd9c00005f33edaf8000000001\', \'Expect-CT\': \'max-age=604800, report-uri="https://report-uri.cloudflare.com/cdn-cgi/beacon/expect-ct"\', \'Report-To\': \'{"endpoints":[{"url":"https:\\\\/\\\\/a.nel.cloudflare.com\\\\/report\\\\/v2?s=RG3Em030e9CVvUHp7OGsauHYdPiokD2I3bA4ufJAnQamaJDHuj8J4BcoxtUDtD1sKVUHYuuvszdXKxd0AqD9rZJWPwjvVkTYb6yo74eQo57t8w%2BmX9%2F%2B"}],"group":"cf-nel","max_age":604800}\', \'NEL\': \'{"report_to":"cf-nel","max_age":604800}\', \'Vary\': \'Accept-Encoding\', \'Server\': \'cloudflare\', \'CF-RAY\': \'65848f0f68925f33-NRT\', \'alt-svc\': \'h3-27=":443"; ma=86400, h3-28=":443"; ma=86400, h3-29=":443"; ma=86400\'}', 'ResponseCookie': '&lt;RequestsCookieJar[]&gt;'}
The functionality responded
Your status code404
Safe from this use case
WE have a URL with space ***********************************
https://reqres.in/api/users/2 "%s' AND userid IS NULL; --"%(r_string(10))
Its GET API
Executed GET Method for payload
{'StatusCode': '404', 'ResponseBody': '{}', 'ResponseHeader': '{\'Date\': \'Tue, 01 Jun 2021 01:09:52 GMT\', \'Content-Type\': \'application/json; charset=utf-8\', \'Content-Length\': \'2\', \'Connection\': \'keep-alive\', \'X-Powered-By\': \'Express\', \'Access-Control-Allow-Origin\': \'*\', \'Etag\': \'W/"2-vyGp6PvFo4RvsFtPoIWeCReyIC8"\', \'Via\': \'1.1 vegur\', \'Cache-Control\': \'max-age=14400\', \'CF-Cache-Status\': \'EXPIRED\', \'cf-request-id\': \'0a66b7c1f100005efcb3bdf000000001\', \'Expect-CT\': \'max-age=604800, report-uri="https://report-uri.cloudflare.com/cdn-cgi/beacon/expect-ct"\', \'Report-To\': \'{"endpoints":[{"url":"https:\\\\/\\\\/a.nel.cloudflare.com\\\\/report\\\\/v2?s=nH7aSS8Zh4g7MJMEgXrB581Fon8J67bRyLPAeD9WCgb5SOHhyopOPvlO1sz%2F60iEpfeVG3gKXfQxLippkrrwkAwbNGwOLraLRr4e3zu3u7PDfpgnXrFO"}],"group":"cf-nel","max_age":604800}\', \'NEL\': \'{"report_to":"cf-nel","max_age":604800}\', \'Vary\': \'Accept-Encoding\', \'Server\': \'cloudflare\', \'CF-RAY\': \'65848f164e005efc-NRT\', \'alt-svc\': \'h3-27=":443"; ma=86400, h3-28=":443"; ma=86400, h3-29=":443"; ma=86400\'}', 'ResponseCookie': '&lt;RequestsCookieJar[]&gt;'}
The functionality responded
Your status code404
Safe from this use case
=======after hit
{}
Shhetname&lt;Worksheet "SQL"&gt;
Row 19 = "\") or pg_sleep(%s)--"%(r_time())
loaded param
https://reqres.in/api/users/'
Its GET API
Executed GET Method for payload
{'StatusCode': '404', 'ResponseBody': '{}', 'ResponseHeader': '{\'Date\': \'Tue, 01 Jun 2021 01:09:52 GMT\', \'Content-Type\': \'application/json; charset=utf-8\', \'Content-Length\': \'2\', \'Connection\': \'keep-alive\', \'X-Powered-By\': \'Express\', \'Access-Control-Allow-Origin\': \'*\', \'Etag\': \'W/"2-vyGp6PvFo4RvsFtPoIWeCReyIC8"\', \'Via\': \'1.1 vegur\', \'Cache-Control\': \'max-age=14400\', \'CF-Cache-Status\': \'HIT\', \'Age\': \'49\', \'cf-request-id\': \'0a66b7c65c0000946dc31b4000000001\', \'Expect-CT\': \'max-age=604800, report-uri="https://report-uri.cloudflare.com/cdn-cgi/beacon/expect-ct"\', \'Report-To\': \'{"endpoints":[{"url":"https:\\\\/\\\\/a.nel.cloudflare.com\\\\/report\\\\/v2?s=ZYYvNsGI%2Bp8fwtkuc4AgkOiAtKuODt4d8cMWBdg%2ByUHvfEgjgWu7PP8SqqET%2BfH%2B63RQZO5v0BmYT47rdklwVgQ8KfRO%2B6Rg9cUJKtv4IrSrltEfXpVG"}],"group":"cf-nel","max_age":604800}\', \'NEL\': \'{"report_to":"cf-nel","max_age":604800}\', \'Vary\': \'Accept-Encoding\', \'Server\': \'cloudflare\', \'CF-RAY\': \'65848f1d5d09946d-NRT\', \'alt-svc\': \'h3-27=":443"; ma=86400, h3-28=":443"; ma=86400, h3-29=":443"; ma=86400\'}', 'ResponseCookie': '&lt;RequestsCookieJar[]&gt;'}
The functionality responded
Your status code404
Safe from this use case
WE have a URL ***********************************
https://reqres.in/api/users/2"\") or pg_sleep(%s)--"%(r_time())
Its GET API
Executed GET Method for payload
{'StatusCode': '404', 'ResponseBody': '{}', 'ResponseHeader': '{\'Date\': \'Tue, 01 Jun 2021 01:09:53 GMT\', \'Content-Type\': \'application/json; charset=utf-8\', \'Content-Length\': \'2\', \'Connection\': \'keep-alive\', \'X-Powered-By\': \'Express\', \'Access-Control-Allow-Origin\': \'*\', \'Etag\': \'W/"2-vyGp6PvFo4RvsFtPoIWeCReyIC8"\', \'Via\': \'1.1 vegur\', \'Cache-Control\': \'max-age=14400\', \'CF-Cache-Status\': \'EXPIRED\', \'cf-request-id\': \'0a66b7c8890000f8d793899000000001\', \'Expect-CT\': \'max-age=604800, report-uri="https://report-uri.cloudflare.com/cdn-cgi/beacon/expect-ct"\', \'Report-To\': \'{"endpoints":[{"url":"https:\\\\/\\\\/a.nel.cloudflare.com\\\\/report\\\\/v2?s=KllWIl8AS1Lr8wzFFxrM47p3sJ1lHLEZncsTgJNe%2FAJoSX%2FLRgQGWDPDqFVp2MNQa5guGgffzNRNHeLlHPspaxvvlYEAHDH11ySlG80gNx%2FcgTXb1lrj"}],"group":"cf-nel","max_age":604800}\', \'NEL\': \'{"report_to":"cf-nel","max_age":604800}\', \'Vary\': \'Accept-Encoding\', \'Server\': \'cloudflare\', \'CF-RAY\': \'65848f20defaf8d7-NRT\', \'alt-svc\': \'h3-27=":443"; ma=86400, h3-28=":443"; ma=86400, h3-29=":443"; ma=86400\'}', 'ResponseCookie': '&lt;RequestsCookieJar[]&gt;'}
The functionality responded
Your status code404
Safe from this use case
WE have a URL with space ***********************************
https://reqres.in/api/users/2 "\") or pg_sleep(%s)--"%(r_time())
Its GET API
Executed GET Method for payload
{'StatusCode': '404', 'ResponseBody': '{}', 'ResponseHeader': '{\'Date\': \'Tue, 01 Jun 2021 01:09:55 GMT\', \'Content-Type\': \'application/json; charset=utf-8\', \'Content-Length\': \'2\', \'Connection\': \'keep-alive\', \'X-Powered-By\': \'Express\', \'Access-Control-Allow-Origin\': \'*\', \'Etag\': \'W/"2-vyGp6PvFo4RvsFtPoIWeCReyIC8"\', \'Via\': \'1.1 vegur\', \'Cache-Control\': \'max-age=14400\', \'CF-Cache-Status\': \'EXPIRED\', \'cf-request-id\': \'0a66b7cccd00000b8b5eb81000000001\', \'Expect-CT\': \'max-age=604800, report-uri="https://report-uri.cloudflare.com/cdn-cgi/beacon/expect-ct"\', \'Report-To\': \'{"endpoints":[{"url":"https:\\\\/\\\\/a.nel.cloudflare.com\\\\/report\\\\/v2?s=qlS1SZvGrDG6GDoLAprb%2F1HursW3G91Chp7u99EI9JEvDLz41M3PzbyX3KXQW7NHwN76gKM9J9Ak0ayzT%2BCDEEfumrnOAF%2FiwN03LCBzLi5jodnZJ85O"}],"group":"cf-nel","max_age":604800}\', \'NEL\': \'{"report_to":"cf-nel","max_age":604800}\', \'Vary\': \'Accept-Encoding\', \'Server\': \'cloudflare\', \'CF-RAY\': \'65848f27af8c0b8b-NRT\', \'alt-svc\': \'h3-27=":443"; ma=86400, h3-28=":443"; ma=86400, h3-29=":443"; ma=86400\'}', 'ResponseCookie': '&lt;RequestsCookieJar[]&gt;'}
The functionality responded
Your status code404
Safe from this use case
=======after hit
{}
Shhetname&lt;Worksheet "SQL"&gt;
Row 20 = "; exec (\'sel\' + \'ect us\' + \'er\')"
loaded param
https://reqres.in/api/users/'
Its GET API
Executed GET Method for payload
{'StatusCode': '404', 'ResponseBody': '{}', 'ResponseHeader': '{\'Date\': \'Tue, 01 Jun 2021 01:09:55 GMT\', \'Content-Type\': \'application/json; charset=utf-8\', \'Content-Length\': \'2\', \'Connection\': \'keep-alive\', \'X-Powered-By\': \'Express\', \'Access-Control-Allow-Origin\': \'*\', \'Etag\': \'W/"2-vyGp6PvFo4RvsFtPoIWeCReyIC8"\', \'Via\': \'1.1 vegur\', \'Cache-Control\': \'max-age=14400\', \'CF-Cache-Status\': \'HIT\', \'Age\': \'52\', \'cf-request-id\': \'0a66b7d12f0000f903359d1000000001\', \'Expect-CT\': \'max-age=604800, report-uri="https://report-uri.cloudflare.com/cdn-cgi/beacon/expect-ct"\', \'Report-To\': \'{"endpoints":[{"url":"https:\\\\/\\\\/a.nel.cloudflare.com\\\\/report\\\\/v2?s=5ktp4wkkSMaTKFEEZu7ogb2QlUW6AhLsdZmTSOrbb2FloQfJag1XsPwHSJdD%2FIf%2Bd2f1AxoD8Ljb1I%2FnYuVSYE6JCIOMHSera15MQBtfb2BXKFDIwpCW"}],"group":"cf-nel","max_age":604800}\', \'NEL\': \'{"report_to":"cf-nel","max_age":604800}\', \'Vary\': \'Accept-Encoding\', \'Server\': \'cloudflare\', \'CF-RAY\': \'65848f2eb89ff903-NRT\', \'alt-svc\': \'h3-27=":443"; ma=86400, h3-28=":443"; ma=86400, h3-29=":443"; ma=86400\'}', 'ResponseCookie': '&lt;RequestsCookieJar[]&gt;'}
The functionality responded
Your status code404
Safe from this use case
WE have a URL ***********************************
https://reqres.in/api/users/2"; exec (\'sel\' + \'ect us\' + \'er\')"
Its GET API
Executed GET Method for payload
{'StatusCode': '404', 'ResponseBody': '{}', 'ResponseHeader': '{\'Date\': \'Tue, 01 Jun 2021 01:09:56 GMT\', \'Content-Type\': \'application/json; charset=utf-8\', \'Content-Length\': \'2\', \'Connection\': \'keep-alive\', \'X-Powered-By\': \'Express\', \'Access-Control-Allow-Origin\': \'*\', \'Etag\': \'W/"2-vyGp6PvFo4RvsFtPoIWeCReyIC8"\', \'Via\': \'1.1 vegur\', \'Cache-Control\': \'max-age=14400\', \'CF-Cache-Status\': \'EXPIRED\', \'cf-request-id\': \'0a66b7d34b000014d4e38a3000000001\', \'Expect-CT\': \'max-age=604800, report-uri="https://report-uri.cloudflare.com/cdn-cgi/beacon/expect-ct"\', \'Report-To\': \'{"endpoints":[{"url":"https:\\\\/\\\\/a.nel.cloudflare.com\\\\/report\\\\/v2?s=IwNk6bdelkcrDc9SPrwuzaIFLof%2FPpA3inRMzGI1lDef%2FRsMKLBRH7QkUHCVwizSjwVw0OP%2BqGpu71V1iv1hIK1pNIYICLuVHmCcjPa0JQBiLBNyxkie"}],"group":"cf-nel","max_age":604800}\', \'NEL\': \'{"report_to":"cf-nel","max_age":604800}\', \'Vary\': \'Accept-Encoding\', \'Server\': \'cloudflare\', \'CF-RAY\': \'65848f320a9c14d4-NRT\', \'alt-svc\': \'h3-27=":443"; ma=86400, h3-28=":443"; ma=86400, h3-29=":443"; ma=86400\'}', 'ResponseCookie': '&lt;RequestsCookieJar[]&gt;'}
The functionality responded
Your status code404
Safe from this use case
WE have a URL with space ***********************************
https://reqres.in/api/users/2 "; exec (\'sel\' + \'ect us\' + \'er\')"
Its GET API
Executed GET Method for payload
{'StatusCode': '404', 'ResponseBody': '{}', 'ResponseHeader': '{\'Date\': \'Tue, 01 Jun 2021 01:09:57 GMT\', \'Content-Type\': \'application/json; charset=utf-8\', \'Content-Length\': \'2\', \'Connection\': \'keep-alive\', \'X-Powered-By\': \'Express\', \'Access-Control-Allow-Origin\': \'*\', \'Etag\': \'W/"2-vyGp6PvFo4RvsFtPoIWeCReyIC8"\', \'Via\': \'1.1 vegur\', \'Cache-Control\': \'max-age=14400\', \'CF-Cache-Status\': \'EXPIRED\', \'cf-request-id\': \'0a66b7d78e00000e7af93f1000000001\', \'Expect-CT\': \'max-age=604800, report-uri="https://report-uri.cloudflare.com/cdn-cgi/beacon/expect-ct"\', \'Report-To\': \'{"endpoints":[{"url":"https:\\\\/\\\\/a.nel.cloudflare.com\\\\/report\\\\/v2?s=PnO%2FtbrkzH9vnfwDqdjfegm1ZNnx1Tn4BjuOpPhigRWx%2FRlkZqCMTRxBABKT%2B8IH7zwz%2B3eJLbjlpjXrAk%2BNIhhW%2FG8NxA111O64IkbKtGocmW3fgxCh"}],"group":"cf-nel","max_age":604800}\', \'NEL\': \'{"report_to":"cf-nel","max_age":604800}\', \'Vary\': \'Accept-Encoding\', \'Server\': \'cloudflare\', \'CF-RAY\': \'65848f38ef750e7a-NRT\', \'alt-svc\': \'h3-27=":443"; ma=86400, h3-28=":443"; ma=86400, h3-29=":443"; ma=86400\'}', 'ResponseCookie': '&lt;RequestsCookieJar[]&gt;'}
The functionality responded
Your status code404
Safe from this use case
=======after hit
{}
Shhetname&lt;Worksheet "SQL"&gt;
Row 21 = None
loaded param
https://reqres.in/api/users/'
Its GET API
Executed GET Method for payload
{'StatusCode': '404', 'ResponseBody': '{}', 'ResponseHeader': '{\'Date\': \'Tue, 01 Jun 2021 01:09:58 GMT\', \'Content-Type\': \'application/json; charset=utf-8\', \'Content-Length\': \'2\', \'Connection\': \'keep-alive\', \'X-Powered-By\': \'Express\', \'Access-Control-Allow-Origin\': \'*\', \'Etag\': \'W/"2-vyGp6PvFo4RvsFtPoIWeCReyIC8"\', \'Via\': \'1.1 vegur\', \'Cache-Control\': \'max-age=14400\', \'CF-Cache-Status\': \'HIT\', \'Age\': \'55\', \'cf-request-id\': \'0a66b7dbfa0000f8cbbab4c000000001\', \'Expect-CT\': \'max-age=604800, report-uri="https://report-uri.cloudflare.com/cdn-cgi/beacon/expect-ct"\', \'Report-To\': \'{"endpoints":[{"url":"https:\\\\/\\\\/a.nel.cloudflare.com\\\\/report\\\\/v2?s=xKLHTrS0VAzh4qkyMTU%2FSAqSoprfxnfgOOVYfGiwez%2FHcM3jU9xRexHlanuTc7hnb%2B%2BD05XiD559psH0sCBAtKSPgDv3rBsODKe0G%2Bv1Op1aUgXh%2FLiE"}],"group":"cf-nel","max_age":604800}\', \'NEL\': \'{"report_to":"cf-nel","max_age":604800}\', \'Vary\': \'Accept-Encoding\', \'Server\': \'cloudflare\', \'CF-RAY\': \'65848f3ffcd1f8cb-NRT\', \'alt-svc\': \'h3-27=":443"; ma=86400, h3-28=":443"; ma=86400, h3-29=":443"; ma=86400\'}', 'ResponseCookie': '&lt;RequestsCookieJar[]&gt;'}
The functionality responded
Your status code404
Safe from this use case
WE have a URL ***********************************
https://reqres.in/api/users/2None
Its GET API
Executed GET Method for payload
{'StatusCode': '404', 'ResponseBody': '{}', 'ResponseHeader': '{\'Date\': \'Tue, 01 Jun 2021 01:10:00 GMT\', \'Content-Type\': \'application/json; charset=utf-8\', \'Content-Length\': \'2\', \'Connection\': \'keep-alive\', \'X-Powered-By\': \'Express\', \'Access-Control-Allow-Origin\': \'*\', \'Etag\': \'W/"2-vyGp6PvFo4RvsFtPoIWeCReyIC8"\', \'Via\': \'1.1 vegur\', \'Cache-Control\': \'max-age=14400\', \'CF-Cache-Status\': \'EXPIRED\', \'cf-request-id\': \'0a66b7e0eb00005f208e989000000001\', \'Expect-CT\': \'max-age=604800, report-uri="https://report-uri.cloudflare.com/cdn-cgi/beacon/expect-ct"\', \'Report-To\': \'{"endpoints":[{"url":"https:\\\\/\\\\/a.nel.cloudflare.com\\\\/report\\\\/v2?s=QXBxL2VCX3WLCeZwbEb9RsJ1L2sCW2poZ8BtkFoUlCnaJfdnG7bWwceQBce36edoGzvKcXStCGp49RAKbV51kN7JRqiwCaI3HU0pIOghmwR%2BvaT53GQx"}],"group":"cf-nel","max_age":604800}\', \'NEL\': \'{"report_to":"cf-nel","max_age":604800}\', \'Vary\': \'Accept-Encoding\', \'Server\': \'cloudflare\', \'CF-RAY\': \'65848f47db115f20-NRT\', \'alt-svc\': \'h3-27=":443"; ma=86400, h3-28=":443"; ma=86400, h3-29=":443"; ma=86400\'}', 'ResponseCookie': '&lt;RequestsCookieJar[]&gt;'}
The functionality responded
Your status code404
Safe from this use case
WE have a URL with space ***********************************
https://reqres.in/api/users/2 None
Its GET API
Executed GET Method for payload
{'StatusCode': '404', 'ResponseBody': '{}', 'ResponseHeader': '{\'Date\': \'Tue, 01 Jun 2021 01:10:01 GMT\', \'Content-Type\': \'application/json; charset=utf-8\', \'Content-Length\': \'2\', \'Connection\': \'keep-alive\', \'X-Powered-By\': \'Express\', \'Access-Control-Allow-Origin\': \'*\', \'Etag\': \'W/"2-vyGp6PvFo4RvsFtPoIWeCReyIC8"\', \'Via\': \'1.1 vegur\', \'Cache-Control\': \'max-age=14400\', \'CF-Cache-Status\': \'EXPIRED\', \'cf-request-id\': \'0a66b7e55d00000df9ae89c000000001\', \'Expect-CT\': \'max-age=604800, report-uri="https://report-uri.cloudflare.com/cdn-cgi/beacon/expect-ct"\', \'Report-To\': \'{"endpoints":[{"url":"https:\\\\/\\\\/a.nel.cloudflare.com\\\\/report\\\\/v2?s=SB08YrBOrlqDy7%2F1c2ryUFqeSvE7iuprTIIi%2F8DLMqWXeiN9bB7x5TQVpRTxe6OBmf5Xg5GYYa2gUG52qIXIyb99%2FQqM3Iz6O7YG63oUAaNaLF3ylCCh"}],"group":"cf-nel","max_age":604800}\', \'NEL\': \'{"report_to":"cf-nel","max_age":604800}\', \'Vary\': \'Accept-Encoding\', \'Server\': \'cloudflare\', \'CF-RAY\': \'65848f4efba00df9-NRT\', \'alt-svc\': \'h3-27=":443"; ma=86400, h3-28=":443"; ma=86400, h3-29=":443"; ma=86400\'}', 'ResponseCookie': '&lt;RequestsCookieJar[]&gt;'}
The functionality responded
Your status code404
Safe from this use case
=======after hit
{}</msg>
<msg timestamp="20210601 06:40:01.481" level="INFO">${result} = {'StatusCode': '200', 'ResponseBody': '{"data":{"id":2,"email":"janet.weaver@reqres.in","first_name":"Janet","last_name":"Weaver","avatar":"https://reqres.in/img/faces/2-image.jpg"},"support":{"url":"...</msg>
<status status="PASS" starttime="20210601 06:39:00.918" endtime="20210601 06:40:01.481"/>
</kw>
<kw name="Log To Console" library="BuiltIn">
<arg>${result}</arg>
<doc>Logs the given message to the console.</doc>
<status status="PASS" starttime="20210601 06:40:01.482" endtime="20210601 06:40:01.486"/>
</kw>
<kw name="List Should Not Contain Value" library="Collections">
<arg>${result}</arg>
<arg>200</arg>
<doc>Fails if the ``value`` is found from ``list``.</doc>
<status status="PASS" starttime="20210601 06:40:01.486" endtime="20210601 06:40:01.487"/>
</kw>
<kw name="List Should Not Contain Value" library="Collections">
<arg>${result}</arg>
<arg>201</arg>
<doc>Fails if the ``value`` is found from ``list``.</doc>
<status status="PASS" starttime="20210601 06:40:01.487" endtime="20210601 06:40:01.488"/>
</kw>
<kw name="List Should Not Contain Value" library="Collections">
<arg>${result}</arg>
<arg>202</arg>
<doc>Fails if the ``value`` is found from ``list``.</doc>
<status status="PASS" starttime="20210601 06:40:01.488" endtime="20210601 06:40:01.489"/>
</kw>
<status status="PASS" starttime="20210601 06:39:00.916" endtime="20210601 06:40:01.489"/>
</kw>
<status status="PASS" starttime="20210601 06:39:00.892" endtime="20210601 06:40:01.490"/>
</test>
<status status="PASS" starttime="20210601 06:39:00.255" endtime="20210601 06:40:01.492"/>
</suite>
<statistics>
<total>
<stat pass="1" fail="0" skip="0">All Tests</stat>
</total>
<tag>
</tag>
<suite>
<stat pass="1" fail="0" skip="0" id="s1" name="Mysqldb">Mysqldb</stat>
</suite>
</statistics>
<errors>
<msg timestamp="20210601 06:39:00.288" level="ERROR">Error in file 'D:\COE_Automation\Resources\API.robot' on line 2: Importing library 'SeleniumLibrary' failed: ModuleNotFoundError: No module named 'SeleniumLibrary'
Traceback (most recent call last):
  None
PYTHONPATH:
  C:\Users\palak.vora\AppData\Local\Programs\Python\Python39\Scripts\robot.exe
  C:\Users\palak.vora\AppData\Local\Programs\Python\Python39
  c:\users\palak.vora\appdata\local\programs\python\python39\python39.zip
  c:\users\palak.vora\appdata\local\programs\python\python39\DLLs
  c:\users\palak.vora\appdata\local\programs\python\python39\lib
  C:\Users\palak.vora\AppData\Roaming\Python\Python39\site-packages
  c:\users\palak.vora\appdata\local\programs\python\python39\lib\site-packages</msg>
<msg timestamp="20210601 06:39:00.292" level="ERROR">Error in file 'D:\COE_Automation\Resources\API.robot' on line 3: Importing library 'JSpringBotGlobal' failed: ModuleNotFoundError: No module named 'JSpringBotGlobal'
Traceback (most recent call last):
  None
PYTHONPATH:
  C:\Users\palak.vora\AppData\Local\Programs\Python\Python39\Scripts\robot.exe
  C:\Users\palak.vora\AppData\Local\Programs\Python\Python39
  c:\users\palak.vora\appdata\local\programs\python\python39\python39.zip
  c:\users\palak.vora\appdata\local\programs\python\python39\DLLs
  c:\users\palak.vora\appdata\local\programs\python\python39\lib
  C:\Users\palak.vora\AppData\Roaming\Python\Python39\site-packages
  c:\users\palak.vora\appdata\local\programs\python\python39\lib\site-packages</msg>
<msg timestamp="20210601 06:39:00.399" level="ERROR">Error in file 'D:\COE_Automation\Resources\API.robot' on line 6: Importing library 'JSONLibrary' failed: ModuleNotFoundError: No module named 'JSONLibrary'
Traceback (most recent call last):
  None
PYTHONPATH:
  C:\Users\palak.vora\AppData\Local\Programs\Python\Python39\Scripts\robot.exe
  C:\Users\palak.vora\AppData\Local\Programs\Python\Python39
  c:\users\palak.vora\appdata\local\programs\python\python39\python39.zip
  c:\users\palak.vora\appdata\local\programs\python\python39\DLLs
  c:\users\palak.vora\appdata\local\programs\python\python39\lib
  C:\Users\palak.vora\AppData\Roaming\Python\Python39\site-packages
  c:\users\palak.vora\appdata\local\programs\python\python39\lib\site-packages</msg>
</errors>
</robot>
