<?xml version="1.0" encoding="UTF-8"?>
<robot generator="Robot 4.0.2 (Python 3.9.0 on win32)" generated="20210601 07:34:35.057" rpa="false" schemaversion="2">
<suite id="s1" name="Mysqldb" source="D:\COE_Automation\Database\Mysqldb.robot">
<kw name="Connect To Database" library="DatabaseLibrary" type="SETUP">
<arg>pymysql</arg>
<arg>${dbname}</arg>
<arg>${dbuser}</arg>
<arg>${dbpass}</arg>
<arg>${dbhost}</arg>
<arg>${dbport}</arg>
<doc>Loads the DB API 2.0 module given `dbapiModuleName` then uses it to
connect to the database using `dbName`, `dbUsername`, and `dbPassword`.</doc>
<msg timestamp="20210601 07:34:35.634" level="INFO">Connecting using : pymysql.connect(db=robot, user=root, passwd=, host=localhost, port=3306, charset=None) </msg>
<status status="PASS" starttime="20210601 07:34:35.620" endtime="20210601 07:34:35.680"/>
</kw>
<test id="s1-t1" name="TC1">
<kw name="Execute Sql String" library="DatabaseLibrary">
<var>${output1}</var>
<arg>INSERT INTO apidetails VALUES('TestAPIDefend','POST','https','defendtheweb.net','/playground/sqli2?q=$A$','{"":""}','{"Content-Type": "application/json","Connection": "keep-alive","Cookie": "PHPSESSID=84uven6il9vls9pl92anohvki0; cookies_dismissed=1"}','{"":""}','D:/Programming/Application Security/coe-application-security/DataFiles/Payloads.xlsx','SQL');</arg>
<doc>Executes the sqlString as SQL commands. Useful to pass arguments to your sql. Set optional input `sansTran` to
True to run command without an explicit transaction commit or rollback.</doc>
<msg timestamp="20210601 07:34:35.681" level="INFO">Executing : Execute SQL String  |  INSERT INTO apidetails VALUES('TestAPIDefend','POST','https','defendtheweb.net','/playground/sqli2?q=$A$','{"":""}','{"Content-Type": "application/json","Connection": "keep-alive","Cookie": "PHPSESSID=84uven6il9vls9pl92anohvki0; cookies_dismissed=1"}','{"":""}','D:/Programming/Application Security/coe-application-security/DataFiles/Payloads.xlsx','SQL'); </msg>
<msg timestamp="20210601 07:34:35.682" level="INFO">${output1} = None</msg>
<status status="PASS" starttime="20210601 07:34:35.681" endtime="20210601 07:34:35.682"/>
</kw>
<kw name="Log To Console" library="BuiltIn">
<arg>${output1}</arg>
<doc>Logs the given message to the console.</doc>
<status status="PASS" starttime="20210601 07:34:35.683" endtime="20210601 07:34:35.683"/>
</kw>
<kw name="Should Be Equal As Strings" library="BuiltIn">
<arg>${output1}</arg>
<arg>None</arg>
<doc>Fails if objects are unequal after converting them to strings.</doc>
<msg timestamp="20210601 07:34:35.684" level="INFO">Argument types are:
&lt;class 'NoneType'&gt;
&lt;type 'unicode'&gt;</msg>
<status status="PASS" starttime="20210601 07:34:35.684" endtime="20210601 07:34:35.684"/>
</kw>
<tag>db</tag>
<tag>smoke</tag>
<status status="PASS" starttime="20210601 07:34:35.680" endtime="20210601 07:34:35.685"/>
</test>
<test id="s1-t2" name="TC2">
<kw name="Log To Console" library="BuiltIn">
<arg>"Performing SQL Injection Attack on ITS-ITGue"</arg>
<doc>Logs the given message to the console.</doc>
<status status="PASS" starttime="20210601 07:34:35.688" endtime="20210601 07:34:35.689"/>
</kw>
<kw name="Query" library="DatabaseLibrary">
<var>@{output}</var>
<arg>SELECT * FROM apidetails WHERE API_Name='TestAPIDefend';</arg>
<doc>Uses the input `selectStatement` to query for the values that will be returned as a list of tuples. Set optional
input `sansTran` to True to run command without an explicit transaction commit or rollback.
Set optional input `returnAsDict` to True to return values as a list of dictionaries.</doc>
<msg timestamp="20210601 07:34:35.690" level="INFO">Executing : Query  |  SELECT * FROM apidetails WHERE API_Name='TestAPIDefend'; </msg>
<msg timestamp="20210601 07:34:35.691" level="INFO">@{output} = [ ('TestAPIDefend', 'POST', 'https', 'defendtheweb.net', '/playground/sqli2?q=$A$', '{"":""}', '{"Cookie": "PHPSESSID=84uven6il9vls9pl92anohvki0; cookies_dismissed=1", "Connection": "keep-alive", "Con...</msg>
<status status="PASS" starttime="20210601 07:34:35.690" endtime="20210601 07:34:35.691"/>
</kw>
<kw name="Log" library="BuiltIn">
<arg>@{output}</arg>
<doc>Logs the given message with the given level.</doc>
<msg timestamp="20210601 07:34:35.692" level="INFO">('TestAPIDefend', 'POST', 'https', 'defendtheweb.net', '/playground/sqli2?q=$A$', '{"":""}', '{"Cookie": "PHPSESSID=84uven6il9vls9pl92anohvki0; cookies_dismissed=1", "Connection": "keep-alive", "Content-Type": "application/json"}', '{"":""}', 'D:/Programming/Application Security/coe-application-security/DataFiles/Payloads.xlsx', 'SQL')</msg>
<status status="PASS" starttime="20210601 07:34:35.692" endtime="20210601 07:34:35.693"/>
</kw>
<kw name="Set Variable" library="BuiltIn">
<var>${API_Name}</var>
<arg>${output[0][0]}</arg>
<doc>Returns the given values which can then be assigned to a variables.</doc>
<msg timestamp="20210601 07:34:35.695" level="INFO">${API_Name} = TestAPIDefend</msg>
<status status="PASS" starttime="20210601 07:34:35.694" endtime="20210601 07:34:35.695"/>
</kw>
<kw name="Set Variable" library="BuiltIn">
<var>${HTTP_Method}</var>
<arg>${output[0][1]}</arg>
<doc>Returns the given values which can then be assigned to a variables.</doc>
<msg timestamp="20210601 07:34:35.697" level="INFO">${HTTP_Method} = POST</msg>
<status status="PASS" starttime="20210601 07:34:35.696" endtime="20210601 07:34:35.697"/>
</kw>
<kw name="Set Variable" library="BuiltIn">
<var>${Protocol}</var>
<arg>${output[0][2]}</arg>
<doc>Returns the given values which can then be assigned to a variables.</doc>
<msg timestamp="20210601 07:34:35.698" level="INFO">${Protocol} = https</msg>
<status status="PASS" starttime="20210601 07:34:35.697" endtime="20210601 07:34:35.698"/>
</kw>
<kw name="Set Variable" library="BuiltIn">
<var>${Base_URL}</var>
<arg>${output[0][3]}</arg>
<doc>Returns the given values which can then be assigned to a variables.</doc>
<msg timestamp="20210601 07:34:35.699" level="INFO">${Base_URL} = defendtheweb.net</msg>
<status status="PASS" starttime="20210601 07:34:35.698" endtime="20210601 07:34:35.699"/>
</kw>
<kw name="Set Variable" library="BuiltIn">
<var>${Relative_URL}</var>
<arg>${output[0][4]}</arg>
<doc>Returns the given values which can then be assigned to a variables.</doc>
<msg timestamp="20210601 07:34:35.700" level="INFO">${Relative_URL} = /playground/sqli2?q=$A$</msg>
<status status="PASS" starttime="20210601 07:34:35.699" endtime="20210601 07:34:35.700"/>
</kw>
<kw name="Set Variable" library="BuiltIn">
<var>${Request_Body}</var>
<arg>${output[0][5]}</arg>
<doc>Returns the given values which can then be assigned to a variables.</doc>
<msg timestamp="20210601 07:34:35.701" level="INFO">${Request_Body} = {"":""}</msg>
<status status="PASS" starttime="20210601 07:34:35.700" endtime="20210601 07:34:35.701"/>
</kw>
<kw name="Set Variable" library="BuiltIn">
<var>${Header}</var>
<arg>${output[0][6]}</arg>
<doc>Returns the given values which can then be assigned to a variables.</doc>
<msg timestamp="20210601 07:34:35.702" level="INFO">${Header} = {"Cookie": "PHPSESSID=84uven6il9vls9pl92anohvki0; cookies_dismissed=1", "Connection": "keep-alive", "Content-Type": "application/json"}</msg>
<status status="PASS" starttime="20210601 07:34:35.702" endtime="20210601 07:34:35.702"/>
</kw>
<kw name="Set Variable" library="BuiltIn">
<var>${Cookies}</var>
<arg>${output[0][7]}</arg>
<doc>Returns the given values which can then be assigned to a variables.</doc>
<msg timestamp="20210601 07:34:35.703" level="INFO">${Cookies} = {"":""}</msg>
<status status="PASS" starttime="20210601 07:34:35.703" endtime="20210601 07:34:35.703"/>
</kw>
<kw name="Set Variable" library="BuiltIn">
<var>${Payload_Excel_Location}</var>
<arg>${output[0][8]}</arg>
<doc>Returns the given values which can then be assigned to a variables.</doc>
<msg timestamp="20210601 07:34:35.704" level="INFO">${Payload_Excel_Location} = D:/Programming/Application Security/coe-application-security/DataFiles/Payloads.xlsx</msg>
<status status="PASS" starttime="20210601 07:34:35.704" endtime="20210601 07:34:35.704"/>
</kw>
<kw name="Set Variable" library="BuiltIn">
<var>${Payload_Sheet_Name}</var>
<arg>${output[0][9]}</arg>
<doc>Returns the given values which can then be assigned to a variables.</doc>
<msg timestamp="20210601 07:34:35.708" level="INFO">${Payload_Sheet_Name} = SQL</msg>
<status status="PASS" starttime="20210601 07:34:35.705" endtime="20210601 07:34:35.708"/>
</kw>
<kw name="Injection Attack" library="API">
<arg>${API_Name}</arg>
<arg>${HTTP_Method}</arg>
<arg>${Protocol}</arg>
<arg>${Base_URL}</arg>
<arg>${Relative_URL}</arg>
<arg>${Request_Body}</arg>
<arg>${Header}</arg>
<arg>${Cookies}</arg>
<arg>${Payload_Excel_Location}</arg>
<arg>${Payload_Sheet_Name}</arg>
<kw name="Log To Console" library="BuiltIn">
<arg>"Executing Injection Attack"</arg>
<doc>Logs the given message to the console.</doc>
<status status="PASS" starttime="20210601 07:34:35.711" endtime="20210601 07:34:35.711"/>
</kw>
<kw name="Log To Console" library="BuiltIn">
<arg>${Payload_Excel_Location}</arg>
<doc>Logs the given message to the console.</doc>
<status status="PASS" starttime="20210601 07:34:35.712" endtime="20210601 07:34:35.713"/>
</kw>
<kw name="API Wert" library="Injection_Attack">
<var>${result}</var>
<arg>${API_Name}</arg>
<arg>${HTTP_Method}</arg>
<arg>${Protocol}</arg>
<arg>${Base_URL}</arg>
<arg>${Relative_URL}</arg>
<arg>${Request_Body}</arg>
<arg>${Header}</arg>
<arg>${Cookies}</arg>
<arg>${Payload_Excel_Location}</arg>
<arg>${Payload_Sheet_Name}</arg>
<msg timestamp="20210601 07:34:39.911" level="INFO">API is
TestAPIDefend
POST
OUtside method
https

URL 

https://defendtheweb.net/playground/sqli2?q=$A$
Fdata Body
{'': ''}
{'Cookie': 'PHPSESSID=84uven6il9vls9pl92anohvki0; cookies_dismissed=1', 'Connection': 'keep-alive', 'Content-Type': 'application/json'}
{'': ''}
{'API': 'TestAPIDefend', 'HTTPMethod': 'POST', 'Protocol': 'https', 'URL': 'https://defendtheweb.net/playground/sqli2?q=$A$', 'Body': {'': ''}, 'Header': {'Cookie': 'PHPSESSID=84uven6il9vls9pl92anohvki0; cookies_dismissed=1', 'Connection': 'keep-alive', 'Content-Type': 'application/json'}, 'Cookie': {'': ''}}
Data from Excel
{'API': 'TestAPIDefend', 'HTTPMethod': 'POST', 'Protocol': 'https', 'URL': 'https://defendtheweb.net/playground/sqli2?q=$A$', 'Body': {'': ''}, 'Header': {'Cookie': 'PHPSESSID=84uven6il9vls9pl92anohvki0; cookies_dismissed=1', 'Connection': 'keep-alive', 'Content-Type': 'application/json'}, 'Cookie': {'': ''}}
https://defendtheweb.net/playground/sqli2?q=A
['URL']
No Change in Body
{'': ''}
No Change in Header
{'Cookie': 'PHPSESSID=84uven6il9vls9pl92anohvki0; cookies_dismissed=1', 'Connection': 'keep-alive', 'Content-Type': 'application/json'}
No Change in Cookie
{'': ''}
Found POST API, So Executing It.
The url
&lt;class 'dict'&gt;
Executed POST Method
Got it before
{'StatusCode': '200', 'ResponseBody': '&lt;!DOCTYPE html&gt;\n&lt;html lang="en" class="no-js "&gt;\n    &lt;head&gt;\n        &lt;meta charset="utf-8"&gt;\n        &lt;META HTTP-EQUIV="Content-Type" CONTENT="text/html; charset=UTF-8"&gt;\n        &lt;title&gt;SQLi 2 | Defend the Web&lt;/title&gt;\n        &lt;meta name="viewport" content="initial-scale=1, maximum-scale=1, user-scalable=1, viewport-fit=cover"&gt;\n        &lt;meta name="referrer" content="origin-when-crossorigin"&gt;\n        &lt;link rel="manifest" href="/manifest.json"&gt;\n\n        \n        &lt;meta property="og:site_name" content="Defend the Web" /&gt;\n        \n        &lt;!--[if lt IE 9]&gt;\n          &lt;script src="https://cdnjs.cloudflare.com/ajax/libs/html5shiv/r29/html5.min.js"&gt;&lt;/script&gt;\n        &lt;![endif]--&gt;\n        &lt;!-- &lt;link href=\'https://fonts.googleapis.com/css?family=Anonymous+Pro:400|Lato:300,200|Orbitron&amp;subset=latin,cyrillic\' rel=\'stylesheet\' type=\'text/css\'&gt; --&gt;\n        &lt;!-- &lt;link rel="stylesheet" href="https://maxcdn.bootstrapcdn.com/font-awesome/4.7.0/css/font-awesome.min.css"&gt; --&gt;\n\n        &lt;link rel="stylesheet" href="https://zhr3.co.uk/css/style.css?v=01cc54d" /&gt;\n\n        &lt;!-- TODO: remove --&gt;\n        &lt;script src="https://zhr3.co.uk/js/jquery.min.js"&gt;&lt;/script&gt;\n\n        &lt;meta name="apple-mobile-web-app-status-bar-style" content="black"/&gt;\n        &lt;meta name="apple-mobile-web-app-capable" content="yes"&gt;\n        &lt;link rel="apple-touch-icon" sizes="180x180" href="https://zhr3.co.uk/icons/apple-touch-icon.png"&gt;\n        &lt;link rel="icon" type="image/png" sizes="32x32" href="https://zhr3.co.uk/icons/favicon-32x32.png"&gt;\n        &lt;link rel="icon" type="image/png" sizes="16x16" href="https://zhr3.co.uk/icons/favicon-16x16.png"&gt;\n        &lt;link rel="mask-icon" href="https://zhr3.co.uk/icons/safari-pinned-tab.svg" color="#2d3b4f"&gt;\n        &lt;link rel="shortcut icon" href="https://zhr3.co.uk/icons/favicon.ico"&gt;\n        &lt;meta name="msapplication-TileColor" content="#2d3b4f"&gt;\n        &lt;meta name="msapplication-config" content="https://zhr3.co.uk/icons/browserconfig.xml"&gt;\n        &lt;meta name="theme-color" content="#2d3b4f"&gt;\n\n        \n        \n                \n                    &lt;meta name="csrf-token" content="c4c46a0267f4047153b4c01413c9eafcfcee159fa1520d1dedc4e4ef2e2d8321"&gt;\n        \n                    &lt;meta name="site-static" content="https://zhr3.co.uk"&gt;\n        \n                    &lt;meta name="site-version" content="01cc54d"&gt;\n        \n                    &lt;meta name="sentry" content="https://c0d7211d33e24baca097e6f2e8fc33e2@sentry.io/1810260"&gt;\n            &lt;/head&gt;\n    &lt;body class="sidebar playground"&gt;\n            &lt;header&gt;\n    &lt;a href="#" class="show-sidebar"&gt;&lt;i class="fas fa-bars" aria-hidden="true"&gt;&lt;/i&gt;&lt;/a&gt;\n    &lt;a href="/dashboard" class="logo"&gt;Defend the Web&lt;/a&gt;\n    \n           &lt;ul class="breadcrumb"&gt;\n                            &lt;li&gt;&lt;a href=\'/playground\'&gt;Playground&lt;/a&gt;&lt;/li&gt;\n                            &lt;li&gt;&lt;a href=\'/playground/sqli2\'&gt;SQLi 2&lt;/a&gt;&lt;/li&gt;\n                    &lt;/ul&gt;\n    \n    &lt;nav&gt;\n        &lt;ul&gt;\n                                                                &lt;li class="medal-progress medal-progress--bronze"&gt;\n                        &lt;a href="/help/medals#To-do" title="Progress towards next medal"&gt;\n                            &lt;div class="right small"&gt;1 of 5&lt;/div&gt;\n                            &lt;div class="small medal-progress-medal"&gt;\n                                To-do\n                            &lt;/div&gt;\n                            &lt;div class="progress progress--small"&gt;\n                                &lt;div class="progress-bar" style="width: 20%"&gt;&lt;/div&gt;\n                            &lt;/div&gt;\n                        &lt;/a&gt;\n                    &lt;/li&gt;\n                                &lt;li class="nav-notifications  "&gt;\n                    &lt;a class="popup-handle" href="/notifications" title="Notifications" data-popup-target="sibling"&gt;\n                        &lt;i class="far fa-bell"&gt;&lt;/i&gt;\n                    &lt;/a&gt;\n                    &lt;div class="nav-notifications-popup popup"&gt;\n                        &lt;div class="notifications center"&gt;No unread notifications&lt;/div&gt;\n                        &lt;a class="footer" href="/notifications"&gt;\n                            View all notifications\n                        &lt;/a&gt;\n                    &lt;/div&gt;\n                &lt;/li&gt;\n                &lt;li class="nav-account"&gt;\n                    &lt;a href="/profile" title="Profile" data-popup-target="sibling"&gt;\n                        &lt;img src=\'https://zhr3.co.uk/uploads/navatar/default.png\' data-lazy-image-size=\'navatar\' width=\'40\' class=\'\' /&gt;\n                        &lt;span&gt;PanBon&lt;/span&gt;\n                    &lt;/a&gt;\n                    &lt;div class="nav-account-popup popup"&gt;\n                        &lt;ul&gt;\n                            &lt;li&gt;\n                                &lt;a href=\'/profile\'&gt;My profile&lt;/a&gt;\n                            &lt;/li&gt;\n                            &lt;li&gt;\n                                &lt;a href=\'/settings/profile\'&gt;Edit profile&lt;/a&gt;\n                            &lt;/li&gt;\n                            &lt;li&gt;\n                                &lt;a href=\'/settings\'&gt;Settings&lt;/a&gt;    \n                            &lt;/li&gt;\n                        &lt;/ul&gt;\n\n                        &lt;ul&gt;\n                            &lt;li&gt;\n                                &lt;a href=\'/auth/logout\'&gt;Log out&lt;/a&gt;\n                            &lt;/li&gt;\n                        &lt;/ul&gt;\n                    &lt;/div&gt;\n                &lt;/li&gt;\n                    &lt;/ul&gt;\n    &lt;/nav&gt;\n&lt;/header&gt;\n\n&lt;div class="nav-mobile mobile-show"&gt;\n    &lt;a href="/dashboard"&gt;\n        &lt;i class="fa fa-home"&gt;&lt;/i&gt;\n        Dashboard\n    &lt;/a&gt;\n    &lt;a href="/articles"&gt;\n        &lt;i class="fa fa-book"&gt;&lt;/i&gt;\n        Articles\n    &lt;/a&gt;\n    &lt;a href="/playground"&gt;\n        &lt;i class="fa fa-flask"&gt;&lt;/i&gt;\n        Playground\n    &lt;/a&gt;\n    &lt;a href="/discussions"&gt;\n        &lt;i class="fa fa-comment"&gt;&lt;/i&gt;\n        Discussions\n    &lt;/a&gt;\n    &lt;a href="#" class="show-sidebar"&gt;\n        &lt;i class="fa fa-ellipsis-v"&gt;&lt;/i&gt;\n        More\n    &lt;/a&gt;\n&lt;/div&gt;    &lt;nav id="sidebar"&gt;\n    &lt;div class="sidebar-content"&gt;\n                    &lt;div class=""&gt;\n        &lt;div class=""&gt;\n        &lt;form\n            class="form--search"\n            action="/search"            method="POST"            enctype="multipart/form-data"\n                    &gt;\n            \n            \n                            \n                    \n                        &lt;div class="input input--hidden " data-group="token"&gt;\n                            \n\n                                                        \n\n                                                                                            &lt;input type="hidden" name="token" id="token" value="9bf6d800c21f5b3de2982e4e9df248a24008fd6764be99e580888e9f2d749a94" maxlength="" placeholder="" class="u-full-width" /&gt;\n                                                    &lt;/div&gt;\n\n                    \n                                            \n                    \n                        &lt;div class="input input--hidden " data-group="formid"&gt;\n                            \n\n                                                        \n\n                                                                                            &lt;input type="hidden" name="formid" id="formid" value="95862c811badcaf52e0ded067be1f57f" maxlength="" placeholder="" class="u-full-width" /&gt;\n                                                    &lt;/div&gt;\n\n                    \n                                            \n                    \n                        &lt;div class="input input--text " data-group="q"&gt;\n                            \n\n                                                        \n\n                                                                                            &lt;input type="text" name="q" id="q" value="" maxlength="" placeholder="Search..." class="u-full-width" /&gt;\n                                                    &lt;/div&gt;\n\n                    \n                            \n            \n            &lt;button type="submit" class="button button--main right"&gt;&lt;i class="fas fa-search"&gt;&lt;/i&gt;&lt;/button&gt;\n        &lt;/form&gt;\n    &lt;/div&gt;\n&lt;/div&gt;\n        \n                        &lt;ul&gt;\n                    &lt;li class="label"&gt;\n                                                    &lt;a href=\'/dashboard\'&gt;\n                                Dashboard\n\n                                                            &lt;/a&gt;\n                                            &lt;/li&gt;\n                                    &lt;/ul&gt;\n                        &lt;ul&gt;\n                    &lt;li class="label"&gt;\n                                                    &lt;a href=\'/articles\'&gt;\n                                Articles\n\n                                                            &lt;/a&gt;\n                                            &lt;/li&gt;\n                                            \n                        &lt;li class=" "&gt;\n                                                            &lt;a href="/articles/"&gt;\n                                    All topics\n\n                                                                    &lt;/a&gt;\n                            \n                            \n                                                    &lt;/li&gt;\n                                            \n                        &lt;li class=" "&gt;\n                                                            &lt;a href="/articles/coding"&gt;\n                                    Coding\n\n                                                                    &lt;/a&gt;\n                            \n                            \n                                                    &lt;/li&gt;\n                                            \n                        &lt;li class=" "&gt;\n                                                            &lt;a href="/articles/hacking"&gt;\n                                    Hacking\n\n                                                                    &lt;/a&gt;\n                            \n                            \n                                                    &lt;/li&gt;\n                                            \n                        &lt;li class=" "&gt;\n                                                            &lt;a href="/articles/privacy"&gt;\n                                    Privacy\n\n                                                                    &lt;/a&gt;\n                            \n                            \n                                                    &lt;/li&gt;\n                                    &lt;/ul&gt;\n                        &lt;ul&gt;\n                    &lt;li class="label"&gt;\n                                                    &lt;a href=\'/playground\'&gt;\n                                Playground\n\n                                                                                                            &lt;div class="section-content"&gt;\n                                            &lt;div class="progress progress--small"&gt;\n                                                &lt;div class="progress-bar" style="width: 1.6666666666667%"&gt;&lt;/div&gt;\n                                            &lt;/div&gt;\n                                            &lt;div class="right small"&gt;1 of 60&lt;/div&gt;\n                                        &lt;/div&gt;\n                                                                                                &lt;/a&gt;\n                                            &lt;/li&gt;\n                                    &lt;/ul&gt;\n                        &lt;ul&gt;\n                    &lt;li class="label"&gt;\n                                                    &lt;span&gt;\n                                Community\n                            &lt;/span&gt;\n                                            &lt;/li&gt;\n                                            \n                        &lt;li class=" "&gt;\n                                                            &lt;a href="/discussions"&gt;\n                                    Discussions\n\n                                                                    &lt;/a&gt;\n                            \n                            \n                                                    &lt;/li&gt;\n                                            \n                        &lt;li class="has-children "&gt;\n                                                            &lt;a href="/messages"&gt;\n                                    Private messages\n\n                                                                                                                    &lt;div class="siderbar-item-count tag tag--secondary-alt"&gt;0&lt;/div&gt;\n                                                                    &lt;/a&gt;\n                            \n                                                            &lt;div class="sidebar-item-expand " data-toggle="ul"&gt;\n                                    &lt;i class="fas fa-angle-down"&gt;&lt;/i&gt;\n                                    &lt;i class="fas fa-angle-up"&gt;&lt;/i&gt;\n                                &lt;/div&gt;\n                            \n                                                            &lt;ul&gt;\n                                                                            \n                                        &lt;li class=" "&gt;\n                                            &lt;a href="/messages/new"&gt;\n                                                New conversation\n                                            &lt;/a&gt;\n                                        &lt;/li&gt;\n                                                                    &lt;/ul&gt;\n                                                    &lt;/li&gt;\n                                            \n                        &lt;li class=" "&gt;\n                                                            &lt;a href="/statistics"&gt;\n                                    Statistics\n\n                                                                    &lt;/a&gt;\n                            \n                            \n                                                    &lt;/li&gt;\n                                    &lt;/ul&gt;\n                        &lt;ul&gt;\n                    &lt;li class="label"&gt;\n                                                    &lt;span&gt;\n                                \n                            &lt;/span&gt;\n                                            &lt;/li&gt;\n                                            \n                        &lt;li class=" "&gt;\n                                                            &lt;a href="/shop"&gt;\n                                    Shop\n\n                                                                    &lt;/a&gt;\n                            \n                            \n                                                    &lt;/li&gt;\n                                            \n                        &lt;li class=" "&gt;\n                                                            &lt;a href="/donations"&gt;\n                                    Donations\n\n                                                                    &lt;/a&gt;\n                            \n                            \n                                                    &lt;/li&gt;\n                                            \n                        &lt;li class="has-children "&gt;\n                                                            &lt;a href="/help"&gt;\n                                    Help\n\n                                                                    &lt;/a&gt;\n                            \n                                                            &lt;div class="sidebar-item-expand " data-toggle="ul"&gt;\n                                    &lt;i class="fas fa-angle-down"&gt;&lt;/i&gt;\n                                    &lt;i class="fas fa-angle-up"&gt;&lt;/i&gt;\n                                &lt;/div&gt;\n                            \n                                                            &lt;ul&gt;\n                                                                            \n                                        &lt;li class=" "&gt;\n                                            &lt;a href="/help/contact"&gt;\n                                                Contact us\n                                            &lt;/a&gt;\n                                        &lt;/li&gt;\n                                                                    &lt;/ul&gt;\n                                                    &lt;/li&gt;\n                                            \n                        &lt;li class="has-children "&gt;\n                                                            &lt;span data-toggle="ul"&gt;\n                                    Legal\n                                &lt;/span&gt;\n                            \n                                                            &lt;div class="sidebar-item-expand " data-toggle="ul"&gt;\n                                    &lt;i class="fas fa-angle-down"&gt;&lt;/i&gt;\n                                    &lt;i class="fas fa-angle-up"&gt;&lt;/i&gt;\n                                &lt;/div&gt;\n                            \n                                                            &lt;ul&gt;\n                                                                            \n                                        &lt;li class=" "&gt;\n                                            &lt;a href="/legal/privacy"&gt;\n                                                Privacy policy\n                                            &lt;/a&gt;\n                                        &lt;/li&gt;\n                                                                            \n                                        &lt;li class=" "&gt;\n                                            &lt;a href="/legal/terms"&gt;\n                                                Terms of use\n                                            &lt;/a&gt;\n                                        &lt;/li&gt;\n                                                                    &lt;/ul&gt;\n                                                    &lt;/li&gt;\n                                    &lt;/ul&gt;\n            &lt;/div&gt;\n\n            &lt;div class="sidebar-footer"&gt;\n            &lt;a href="#" data-toggle-dark-mode="true" class="dark-hide"&gt;\n                Black hat\n            &lt;/a&gt;\n            &lt;a href="#" data-toggle-dark-mode="false" class="dark-show"&gt;\n                White hat\n            &lt;/a&gt;\n        &lt;/div&gt;\n    &lt;/nav&gt;\n        &lt;div id="content" class="container container--wide course"&gt;\n        &lt;div class="row"&gt;\n            &lt;div class="eight columns"&gt;\n                &lt;div class="block"&gt;\n                    &lt;div class="block-heading block-heading--primary"&gt;\n                                                    &lt;div class="right"&gt;\n                                &lt;a href=\'/playground/intro1\' class="next-level"&gt;Next level &lt;i class="fas fa-angle-right"&gt;&lt;/i&gt;&lt;/a&gt;\n                            &lt;/div&gt;\n                                                &lt;h1&gt;\n                            SQLi 2\n                                                            / SQLi\n                                                    &lt;/h1&gt;\n                        &lt;span class="user-status"&gt;\n                            &lt;i class="fa fa-medal c-bronze"&gt;&lt;/i&gt; &lt;span class="c-subtle"&gt;/&lt;/span&gt; \n                            &lt;span&gt;Completed&lt;/span&gt;\n                                                            &lt;span title=\'29/05/2021 00:51 (UTC)\'&gt;3 days ago&lt;/span&gt; &lt;span class="c-subtle"&gt;/&lt;/span&gt; \n                                33 minutes to complete\n                                                    &lt;/span&gt;\n                    &lt;/div&gt;\n\n                    &lt;div class="block-content row level"&gt;\n                                                    \n                        &lt;div class="level-container"&gt;\n            &lt;div class="msg msg--error"&gt;Invalid login details&lt;/div&gt;\n    \n            &lt;div class="row"&gt;\n            &lt;div class="12 columns level-description"&gt;\n                &lt;p&gt;Gain access to an administrators account&lt;/p&gt;\n\n            &lt;/div&gt;\n        &lt;/div&gt;\n    \n    &lt;div class="row"&gt;\n        &lt;div class="eight columns offset-by-two level-form"&gt;\n                                                \n\n                                            &lt;div class=""&gt;\n        &lt;div class=""&gt;\n        &lt;form\n            class="form--sqli-2"\n                        method="post"            enctype="multipart/form-data"\n                    &gt;\n            \n            \n                            \n                    \n                        &lt;div class="input input--hidden " data-group="token"&gt;\n                            \n\n                                                        \n\n                                                                                            &lt;input type="hidden" name="token" id="token" value="e1381bc88c4806c1702a4b734506526cf64a04cf74780d54e68a47e37d97b6a3" maxlength="" placeholder="" class="u-full-width" /&gt;\n                                                    &lt;/div&gt;\n\n                    \n                                            \n                    \n                        &lt;div class="input input--hidden " data-group="formid"&gt;\n                            \n\n                                                        \n\n                                                                                            &lt;input type="hidden" name="formid" id="formid" value="3c8307b3489def8fdc618449b65d46ee" maxlength="" placeholder="" class="u-full-width" /&gt;\n                                                    &lt;/div&gt;\n\n                    \n                                            \n                    \n                        &lt;div class="input input--text " data-group="username"&gt;\n                            \n\n                            &lt;label for="username"&gt;Username&lt;/label&gt;                            \n\n                                                                                            &lt;input type="text" name="username" id="username" value="" maxlength="" placeholder="" class="u-full-width" /&gt;\n                                                    &lt;/div&gt;\n\n                    \n                                            \n                    \n                        &lt;div class="input input--password " data-group="password"&gt;\n                            \n\n                            &lt;label for="password"&gt;Password&lt;/label&gt;                            \n\n                                                                                            &lt;input type="password" name="password" id="password" value="" maxlength="" placeholder="" class="u-full-width" /&gt;\n                                                    &lt;/div&gt;\n\n                    \n                            \n            \n            &lt;button type="submit" class="button button--main right"&gt;Log in&lt;/button&gt;\n        &lt;/form&gt;\n    &lt;/div&gt;\n&lt;/div&gt;\n                                    \n                                    &lt;/div&gt;\n    &lt;/div&gt;\n\n    &lt;/div&gt;\n&lt;div style="margin-top: 3em"&gt;\n    &lt;h3&gt;Browse members&lt;/h3&gt;\n\n    &lt;div style="padding: 10px 0; overflow: hidden"&gt;\n                    &lt;a href="?q=A" style="padding: 4px 0; margin: 1px; text-align: center; width: 25px; background: #eee; float: left; background: #4caf50; color: white"&gt;\n                A\n            &lt;/a&gt;\n                    &lt;a href="?q=B" style="padding: 4px 0; margin: 1px; text-align: center; width: 25px; background: #eee; float: left; "&gt;\n                B\n            &lt;/a&gt;\n                    &lt;a href="?q=C" style="padding: 4px 0; margin: 1px; text-align: center; width: 25px; background: #eee; float: left; "&gt;\n                C\n            &lt;/a&gt;\n                    &lt;a href="?q=D" style="padding: 4px 0; margin: 1px; text-align: center; width: 25px; background: #eee; float: left; "&gt;\n                D\n            &lt;/a&gt;\n                    &lt;a href="?q=E" style="padding: 4px 0; margin: 1px; text-align: center; width: 25px; background: #eee; float: left; "&gt;\n                E\n            &lt;/a&gt;\n                    &lt;a href="?q=F" style="padding: 4px 0; margin: 1px; text-align: center; width: 25px; background: #eee; float: left; "&gt;\n                F\n            &lt;/a&gt;\n                    &lt;a href="?q=G" style="padding: 4px 0; margin: 1px; text-align: center; width: 25px; background: #eee; float: left; "&gt;\n                G\n            &lt;/a&gt;\n                    &lt;a href="?q=H" style="padding: 4px 0; margin: 1px; text-align: center; width: 25px; background: #eee; float: left; "&gt;\n                H\n            &lt;/a&gt;\n                    &lt;a href="?q=I" style="padding: 4px 0; margin: 1px; text-align: center; width: 25px; background: #eee; float: left; "&gt;\n                I\n            &lt;/a&gt;\n                    &lt;a href="?q=J" style="padding: 4px 0; margin: 1px; text-align: center; width: 25px; background: #eee; float: left; "&gt;\n                J\n            &lt;/a&gt;\n                    &lt;a href="?q=K" style="padding: 4px 0; margin: 1px; text-align: center; width: 25px; background: #eee; float: left; "&gt;\n                K\n            &lt;/a&gt;\n                    &lt;a href="?q=L" style="padding: 4px 0; margin: 1px; text-align: center; width: 25px; background: #eee; float: left; "&gt;\n                L\n            &lt;/a&gt;\n                    &lt;a href="?q=M" style="padding: 4px 0; margin: 1px; text-align: center; width: 25px; background: #eee; float: left; "&gt;\n                M\n            &lt;/a&gt;\n                    &lt;a href="?q=N" style="padding: 4px 0; margin: 1px; text-align: center; width: 25px; background: #eee; float: left; "&gt;\n                N\n            &lt;/a&gt;\n                    &lt;a href="?q=O" style="padding: 4px 0; margin: 1px; text-align: center; width: 25px; background: #eee; float: left; "&gt;\n                O\n            &lt;/a&gt;\n                    &lt;a href="?q=P" style="padding: 4px 0; margin: 1px; text-align: center; width: 25px; background: #eee; float: left; "&gt;\n                P\n            &lt;/a&gt;\n                    &lt;a href="?q=Q" style="padding: 4px 0; margin: 1px; text-align: center; width: 25px; background: #eee; float: left; "&gt;\n                Q\n            &lt;/a&gt;\n                    &lt;a href="?q=R" style="padding: 4px 0; margin: 1px; text-align: center; width: 25px; background: #eee; float: left; "&gt;\n                R\n            &lt;/a&gt;\n                    &lt;a href="?q=S" style="padding: 4px 0; margin: 1px; text-align: center; width: 25px; background: #eee; float: left; "&gt;\n                S\n            &lt;/a&gt;\n                    &lt;a href="?q=T" style="padding: 4px 0; margin: 1px; text-align: center; width: 25px; background: #eee; float: left; "&gt;\n                T\n            &lt;/a&gt;\n                    &lt;a href="?q=U" style="padding: 4px 0; margin: 1px; text-align: center; width: 25px; background: #eee; float: left; "&gt;\n                U\n            &lt;/a&gt;\n                    &lt;a href="?q=V" style="padding: 4px 0; margin: 1px; text-align: center; width: 25px; background: #eee; float: left; "&gt;\n                V\n            &lt;/a&gt;\n                    &lt;a href="?q=W" style="padding: 4px 0; margin: 1px; text-align: center; width: 25px; background: #eee; float: left; "&gt;\n                W\n            &lt;/a&gt;\n                    &lt;a href="?q=X" style="padding: 4px 0; margin: 1px; text-align: center; width: 25px; background: #eee; float: left; "&gt;\n                X\n            &lt;/a&gt;\n                    &lt;a href="?q=Y" style="padding: 4px 0; margin: 1px; text-align: center; width: 25px; background: #eee; float: left; "&gt;\n                Y\n            &lt;/a&gt;\n                    &lt;a href="?q=Z" style="padding: 4px 0; margin: 1px; text-align: center; width: 25px; background: #eee; float: left; "&gt;\n                Z\n            &lt;/a&gt;\n            &lt;/div&gt;\n\n\n    \n    &lt;ul&gt;\n                    &lt;li&gt;Asgard&lt;/li&gt;\n                    &lt;li&gt;Arruin&lt;/li&gt;\n                    &lt;li&gt;Agbrand&lt;/li&gt;\n                    &lt;li&gt;Alimism&lt;/li&gt;\n                    &lt;li&gt;Aytarra&lt;/li&gt;\n                    &lt;li&gt;Amerr&lt;/li&gt;\n                    &lt;li&gt;Armaich&lt;/li&gt;\n                    &lt;li&gt;Amriand&lt;/li&gt;\n                    &lt;li&gt;Anwen&lt;/li&gt;\n                    &lt;li&gt;Achlyren&lt;/li&gt;\n                    &lt;li&gt;Admirris&lt;/li&gt;\n                    &lt;li&gt;Anithrand&lt;/li&gt;\n                    &lt;li&gt;Apogigninos&lt;/li&gt;\n                    &lt;li&gt;Arbar&lt;/li&gt;\n                    &lt;li&gt;Argorg&lt;/li&gt;\n                    &lt;li&gt;Ampesis&lt;/li&gt;\n                    &lt;li&gt;Aquilaja&lt;/li&gt;\n                    &lt;li&gt;Aldergleam&lt;/li&gt;\n                    &lt;li&gt;Adalmond&lt;/li&gt;\n                    &lt;li&gt;argroth&lt;/li&gt;\n                    &lt;li&gt;Aman&lt;/li&gt;\n                    &lt;li&gt;Anyach&lt;/li&gt;\n                    &lt;li&gt;Anazarx&lt;/li&gt;\n                    &lt;li&gt;Athweth&lt;/li&gt;\n                    &lt;li&gt;Amil-Gandil&lt;/li&gt;\n            &lt;/ul&gt;\n&lt;/div&gt;                    &lt;/div&gt;\n                &lt;/div&gt;\n\n                            &lt;/div&gt;\n\n            &lt;div class="four columns"&gt;\n                &lt;div class="block level-stats level-stats--progress"&gt;\n                                            &lt;div class="block-heading"&gt;\n                            &lt;h3&gt;\n                                8,475\n                                &lt;span class="small"&gt;completed&lt;/span&gt;\n                            &lt;/h3&gt;\n                        &lt;/div&gt;\n                                        &lt;div class="block-content"&gt;\n\n                        &lt;div class="block"&gt;\n                            &lt;h3&gt;42% &lt;span class="small"&gt;pass rate&lt;/span&gt;&lt;/h3&gt;\n&lt;div class="progress progress--small"&gt;\n    &lt;div class="progress-bar" style="width: 42%"&gt;&lt;/div&gt;\n&lt;/div&gt;\n&lt;div class="right small" title="completed vs attempted"&gt;8,475 of 20,163&lt;/div&gt;                        &lt;/div&gt;\n\n                            Last 5 days\n    &lt;canvas id="myChart" width="100%" height="20"&gt;&lt;/canvas&gt;\n    &lt;script&gt;\n    $(function() {\n        var ctx = document.getElementById("myChart").getContext(\'2d\');\n        var myChart = new Chart(ctx, {\n            type: \'line\',\n            data: {\n                labels: [1,2,3,4,5],\n                datasets: [{\n                    label: \'Started\',\n                    data: ["4","5","7","7","3","5"],\n                    lineTension: 0,\n                    fill: false,\n                    pointRadius: 0\n                }, {\n                    label: \'Passed\',\n                    data: ["2","3","2","1","3"],\n                    lineTension: 0,\n                    fill: false,\n                    pointRadius: 0,\n                    borderColor: \'#4caf50\'\n                }]\n            },\n            options: {\n                animation: {\n                    duration: 0\n                },\n                tooltips: {\n                    enabled: false\n                },\n                legend: {\n                    display: false\n                },\n                scales: {\n                    yAxes: [{\n                        position: \'right\',\n                        gridLines: {\n                            display: false,\n                            drawBorder: false\n                        },\n                        ticks: {\n                            maxTicksLimit: 2,\n                            beginAtZero:true,\n                            padding: 6\n                        },\n                    }],\n                    xAxes: [{\n                        display: false\n                    }]\n                }\n            }\n        });\n    });\n    &lt;/script&gt;\n                    &lt;/div&gt;\n                &lt;/div&gt;\n\n                                        &lt;div class="block profile-card profile-card--small "&gt;\n                    &lt;h3 class="block-heading profile-meta-title"&gt;&lt;i class="fas fa-trophy c-gold" aria-hidden="true"&gt;&lt;/i&gt; First completed&lt;/h3&gt;\n                &lt;div class="block-content"&gt;\n            &lt;div class="profile-card-avatar"&gt;\n                &lt;a href="https://defendtheweb.net/profile/kabue"&gt;\n                    &lt;img src=\'https://zhr3.co.uk/uploads/lazy/54cc693c5af1136fbf789923a05ab4fb\' data-lazy-image-size=\'avatar\' width=\'80\' class=\'\' /&gt;\n                &lt;/a&gt;\n            &lt;/div&gt;\n            &lt;div class="profile-card-details"&gt;\n                &lt;a href="https://defendtheweb.net/profile/kabue" &gt;\n                    &lt;h2&gt;Kabue&lt;/h2&gt;\n\n                                    &lt;/a&gt;\n\n                                    &lt;p&gt;&lt;span title=\'21/02/2013 21:41 (UTC)\'&gt;8 years ago&lt;/span&gt;&lt;/p&gt;\n                            &lt;/div&gt;\n\n                    &lt;/div&gt;\n    &lt;/div&gt;\n                \n                                    &lt;div class="block"&gt;\n                        &lt;div class="block-content"&gt;\n                            Last completed by &lt;a href=\'https://defendtheweb.net/profile/9xeb\'  data-profile-card=\'9xeb\'&gt;9xeb&lt;/a&gt; &lt;span title=\'31/05/2021 19:50 (UTC)\'&gt;6 hours ago&lt;/span&gt;\n                        &lt;/div&gt;\n                    &lt;/div&gt;\n                \n                &lt;div class="button-group mobile-hide"&gt;\n                                            &lt;a class="button button--wide" href="/discussions/playground-help?level=54"&gt;Discussions&lt;/a&gt;    \n                                                    &lt;a class="button button--wide" href="/discussions/playground-solutions?level=54"&gt;Solutions&lt;/a&gt;    \n                                                            &lt;/div&gt;\n            &lt;/div&gt;\n        &lt;/div&gt;\n\n    &lt;/div&gt;\n\n    &lt;div class="cookies"&gt;\n        &lt;p&gt;This site only uses cookies that are essential for the functionality of this website. Cookies are not used for tracking or marketing purposes.&lt;/p&gt;\n        &lt;p&gt;By using our site, you acknowledge that you have read and understand our &lt;a href=\'/legal/privacy\'&gt;Privacy Policy&lt;/a&gt;, and &lt;a href=\'/legal/terms\'&gt;Terms of Service&lt;/a&gt;.&lt;/p&gt;\n        &lt;a href=\'#\' class=\'button button--wide button--main right\'&gt;Dismiss&lt;/a&gt;\n    &lt;/div&gt;\n\n        \n        &lt;script src="https://zhr3.co.uk/js/script.min.js?v=01cc54d" crossorigin="anonymous" defer&gt;&lt;/script&gt;\n        &lt;script src="https://twemoji.maxcdn.com/v/latest/twemoji.min.js" crossorigin="anonymous" defer&gt;&lt;/script&gt;\n        &lt;script src="https://cdnjs.cloudflare.com/ajax/libs/Chart.js/2.7.2/Chart.min.js" integrity="sha256-CfcERD4Ov4+lKbWbYqXD6aFM9M51gN4GUEtDhkWABMo=" crossorigin="anonymous" defer&gt;&lt;/script&gt;\n\n                    &lt;script src="https://zhr3.co.uk/js/playground.min.js?v=01cc54d" defer&gt;&lt;/script&gt;\n        \n                \n            &lt;/body&gt;\n&lt;/html&gt;', 'ResponseHeader': "{'Server': 'nginx', 'Date': 'Tue, 01 Jun 2021 02:04:36 GMT', 'Content-Type': 'text/html; charset=UTF-8', 'Transfer-Encoding': 'chunked', 'Connection': 'keep-alive', 'Vary': 'Accept-Encoding', 'Expires': 'Thu, 19 Nov 1981 08:52:00 GMT', 'Cache-Control': 'no-store, no-cache, must-revalidate, no-transform', 'Pragma': 'no-cache', 'Strict-Transport-Security': 'max-age=31536000; includeSubDomains; preload', 'X-UA-Compatible': 'IE=Edge', 'X-Frame-Options': 'SAMEORIGIN', 'X-Content-Type-Options': 'nosniff', 'Referrer-Policy': 'no-referrer', 'X-XSS-Protection': '1', 'Content-Encoding': 'gzip'}", 'ResponseCookie': '&lt;RequestsCookieJar[]&gt;'}
inside for
Something up
Worksheet Found = SQL
Title of Sheet = SQL
Number of Payloads for SQL = 21
Shhetname&lt;Worksheet "SQL"&gt;
Row 1 =   '  
loaded param
https://defendtheweb.net/playground/sqli2?q=  '  
Found POST API, So Executing It.
Executed POST Method
Got it
{'StatusCode': '200', 'ResponseBody': '&lt;!DOCTYPE html&gt;\n&lt;html lang="en" class="no-js "&gt;\n    &lt;head&gt;\n        &lt;meta charset="utf-8"&gt;\n        &lt;META HTTP-EQUIV="Content-Type" CONTENT="text/html; charset=UTF-8"&gt;\n        &lt;title&gt;SQLi 2 | Defend the Web&lt;/title&gt;\n        &lt;meta name="viewport" content="initial-scale=1, maximum-scale=1, user-scalable=1, viewport-fit=cover"&gt;\n        &lt;meta name="referrer" content="origin-when-crossorigin"&gt;\n        &lt;link rel="manifest" href="/manifest.json"&gt;\n\n        \n        &lt;meta property="og:site_name" content="Defend the Web" /&gt;\n        \n        &lt;!--[if lt IE 9]&gt;\n          &lt;script src="https://cdnjs.cloudflare.com/ajax/libs/html5shiv/r29/html5.min.js"&gt;&lt;/script&gt;\n        &lt;![endif]--&gt;\n        &lt;!-- &lt;link href=\'https://fonts.googleapis.com/css?family=Anonymous+Pro:400|Lato:300,200|Orbitron&amp;subset=latin,cyrillic\' rel=\'stylesheet\' type=\'text/css\'&gt; --&gt;\n        &lt;!-- &lt;link rel="stylesheet" href="https://maxcdn.bootstrapcdn.com/font-awesome/4.7.0/css/font-awesome.min.css"&gt; --&gt;\n\n        &lt;link rel="stylesheet" href="https://zhr3.co.uk/css/style.css?v=01cc54d" /&gt;\n\n        &lt;!-- TODO: remove --&gt;\n        &lt;script src="https://zhr3.co.uk/js/jquery.min.js"&gt;&lt;/script&gt;\n\n        &lt;meta name="apple-mobile-web-app-status-bar-style" content="black"/&gt;\n        &lt;meta name="apple-mobile-web-app-capable" content="yes"&gt;\n        &lt;link rel="apple-touch-icon" sizes="180x180" href="https://zhr3.co.uk/icons/apple-touch-icon.png"&gt;\n        &lt;link rel="icon" type="image/png" sizes="32x32" href="https://zhr3.co.uk/icons/favicon-32x32.png"&gt;\n        &lt;link rel="icon" type="image/png" sizes="16x16" href="https://zhr3.co.uk/icons/favicon-16x16.png"&gt;\n        &lt;link rel="mask-icon" href="https://zhr3.co.uk/icons/safari-pinned-tab.svg" color="#2d3b4f"&gt;\n        &lt;link rel="shortcut icon" href="https://zhr3.co.uk/icons/favicon.ico"&gt;\n        &lt;meta name="msapplication-TileColor" content="#2d3b4f"&gt;\n        &lt;meta name="msapplication-config" content="https://zhr3.co.uk/icons/browserconfig.xml"&gt;\n        &lt;meta name="theme-color" content="#2d3b4f"&gt;\n\n        \n        \n                \n                    &lt;meta name="csrf-token" content="bc1755165850e81af945ca0a5dd4be50e6546a93ffdd11d1176ffb12ccbdcd3d"&gt;\n        \n                    &lt;meta name="site-static" content="https://zhr3.co.uk"&gt;\n        \n                    &lt;meta name="site-version" content="01cc54d"&gt;\n        \n                    &lt;meta name="sentry" content="https://c0d7211d33e24baca097e6f2e8fc33e2@sentry.io/1810260"&gt;\n            &lt;/head&gt;\n    &lt;body class="sidebar playground"&gt;\n            &lt;header&gt;\n    &lt;a href="#" class="show-sidebar"&gt;&lt;i class="fas fa-bars" aria-hidden="true"&gt;&lt;/i&gt;&lt;/a&gt;\n    &lt;a href="/dashboard" class="logo"&gt;Defend the Web&lt;/a&gt;\n    \n           &lt;ul class="breadcrumb"&gt;\n                            &lt;li&gt;&lt;a href=\'/playground\'&gt;Playground&lt;/a&gt;&lt;/li&gt;\n                            &lt;li&gt;&lt;a href=\'/playground/sqli2\'&gt;SQLi 2&lt;/a&gt;&lt;/li&gt;\n                    &lt;/ul&gt;\n    \n    &lt;nav&gt;\n        &lt;ul&gt;\n                                                                &lt;li class="medal-progress medal-progress--bronze"&gt;\n                        &lt;a href="/help/medals#To-do" title="Progress towards next medal"&gt;\n                            &lt;div class="right small"&gt;1 of 5&lt;/div&gt;\n                            &lt;div class="small medal-progress-medal"&gt;\n                                To-do\n                            &lt;/div&gt;\n                            &lt;div class="progress progress--small"&gt;\n                                &lt;div class="progress-bar" style="width: 20%"&gt;&lt;/div&gt;\n                            &lt;/div&gt;\n                        &lt;/a&gt;\n                    &lt;/li&gt;\n                                &lt;li class="nav-notifications  "&gt;\n                    &lt;a class="popup-handle" href="/notifications" title="Notifications" data-popup-target="sibling"&gt;\n                        &lt;i class="far fa-bell"&gt;&lt;/i&gt;\n                    &lt;/a&gt;\n                    &lt;div class="nav-notifications-popup popup"&gt;\n                        &lt;div class="notifications center"&gt;No unread notifications&lt;/div&gt;\n                        &lt;a class="footer" href="/notifications"&gt;\n                            View all notifications\n                        &lt;/a&gt;\n                    &lt;/div&gt;\n                &lt;/li&gt;\n                &lt;li class="nav-account"&gt;\n                    &lt;a href="/profile" title="Profile" data-popup-target="sibling"&gt;\n                        &lt;img src=\'https://zhr3.co.uk/uploads/navatar/default.png\' data-lazy-image-size=\'navatar\' width=\'40\' class=\'\' /&gt;\n                        &lt;span&gt;PanBon&lt;/span&gt;\n                    &lt;/a&gt;\n                    &lt;div class="nav-account-popup popup"&gt;\n                        &lt;ul&gt;\n                            &lt;li&gt;\n                                &lt;a href=\'/profile\'&gt;My profile&lt;/a&gt;\n                            &lt;/li&gt;\n                            &lt;li&gt;\n                                &lt;a href=\'/settings/profile\'&gt;Edit profile&lt;/a&gt;\n                            &lt;/li&gt;\n                            &lt;li&gt;\n                                &lt;a href=\'/settings\'&gt;Settings&lt;/a&gt;    \n                            &lt;/li&gt;\n                        &lt;/ul&gt;\n\n                        &lt;ul&gt;\n                            &lt;li&gt;\n                                &lt;a href=\'/auth/logout\'&gt;Log out&lt;/a&gt;\n                            &lt;/li&gt;\n                        &lt;/ul&gt;\n                    &lt;/div&gt;\n                &lt;/li&gt;\n                    &lt;/ul&gt;\n    &lt;/nav&gt;\n&lt;/header&gt;\n\n&lt;div class="nav-mobile mobile-show"&gt;\n    &lt;a href="/dashboard"&gt;\n        &lt;i class="fa fa-home"&gt;&lt;/i&gt;\n        Dashboard\n    &lt;/a&gt;\n    &lt;a href="/articles"&gt;\n        &lt;i class="fa fa-book"&gt;&lt;/i&gt;\n        Articles\n    &lt;/a&gt;\n    &lt;a href="/playground"&gt;\n        &lt;i class="fa fa-flask"&gt;&lt;/i&gt;\n        Playground\n    &lt;/a&gt;\n    &lt;a href="/discussions"&gt;\n        &lt;i class="fa fa-comment"&gt;&lt;/i&gt;\n        Discussions\n    &lt;/a&gt;\n    &lt;a href="#" class="show-sidebar"&gt;\n        &lt;i class="fa fa-ellipsis-v"&gt;&lt;/i&gt;\n        More\n    &lt;/a&gt;\n&lt;/div&gt;    &lt;nav id="sidebar"&gt;\n    &lt;div class="sidebar-content"&gt;\n                    &lt;div class=""&gt;\n        &lt;div class=""&gt;\n        &lt;form\n            class="form--search"\n            action="/search"            method="POST"            enctype="multipart/form-data"\n                    &gt;\n            \n            \n                            \n                    \n                        &lt;div class="input input--hidden " data-group="token"&gt;\n                            \n\n                                                        \n\n                                                                                            &lt;input type="hidden" name="token" id="token" value="9eb68855e52a78f6f4079b32e958bed65b67d00f140db4b63e115b8f908a325c" maxlength="" placeholder="" class="u-full-width" /&gt;\n                                                    &lt;/div&gt;\n\n                    \n                                            \n                    \n                        &lt;div class="input input--hidden " data-group="formid"&gt;\n                            \n\n                                                        \n\n                                                                                            &lt;input type="hidden" name="formid" id="formid" value="0fd38833a761766e8939f5f3c68edade" maxlength="" placeholder="" class="u-full-width" /&gt;\n                                                    &lt;/div&gt;\n\n                    \n                                            \n                    \n                        &lt;div class="input input--text " data-group="q"&gt;\n                            \n\n                                                        \n\n                                                                                            &lt;input type="text" name="q" id="q" value="" maxlength="" placeholder="Search..." class="u-full-width" /&gt;\n                                                    &lt;/div&gt;\n\n                    \n                            \n            \n            &lt;button type="submit" class="button button--main right"&gt;&lt;i class="fas fa-search"&gt;&lt;/i&gt;&lt;/button&gt;\n        &lt;/form&gt;\n    &lt;/div&gt;\n&lt;/div&gt;\n        \n                        &lt;ul&gt;\n                    &lt;li class="label"&gt;\n                                                    &lt;a href=\'/dashboard\'&gt;\n                                Dashboard\n\n                                                            &lt;/a&gt;\n                                            &lt;/li&gt;\n                                    &lt;/ul&gt;\n                        &lt;ul&gt;\n                    &lt;li class="label"&gt;\n                                                    &lt;a href=\'/articles\'&gt;\n                                Articles\n\n                                                            &lt;/a&gt;\n                                            &lt;/li&gt;\n                                            \n                        &lt;li class=" "&gt;\n                                                            &lt;a href="/articles/"&gt;\n                                    All topics\n\n                                                                    &lt;/a&gt;\n                            \n                            \n                                                    &lt;/li&gt;\n                                            \n                        &lt;li class=" "&gt;\n                                                            &lt;a href="/articles/coding"&gt;\n                                    Coding\n\n                                                                    &lt;/a&gt;\n                            \n                            \n                                                    &lt;/li&gt;\n                                            \n                        &lt;li class=" "&gt;\n                                                            &lt;a href="/articles/hacking"&gt;\n                                    Hacking\n\n                                                                    &lt;/a&gt;\n                            \n                            \n                                                    &lt;/li&gt;\n                                            \n                        &lt;li class=" "&gt;\n                                                            &lt;a href="/articles/privacy"&gt;\n                                    Privacy\n\n                                                                    &lt;/a&gt;\n                            \n                            \n                                                    &lt;/li&gt;\n                                    &lt;/ul&gt;\n                        &lt;ul&gt;\n                    &lt;li class="label"&gt;\n                                                    &lt;a href=\'/playground\'&gt;\n                                Playground\n\n                                                                                                            &lt;div class="section-content"&gt;\n                                            &lt;div class="progress progress--small"&gt;\n                                                &lt;div class="progress-bar" style="width: 1.6666666666667%"&gt;&lt;/div&gt;\n                                            &lt;/div&gt;\n                                            &lt;div class="right small"&gt;1 of 60&lt;/div&gt;\n                                        &lt;/div&gt;\n                                                                                                &lt;/a&gt;\n                                            &lt;/li&gt;\n                                    &lt;/ul&gt;\n                        &lt;ul&gt;\n                    &lt;li class="label"&gt;\n                                                    &lt;span&gt;\n                                Community\n                            &lt;/span&gt;\n                                            &lt;/li&gt;\n                                            \n                        &lt;li class=" "&gt;\n                                                            &lt;a href="/discussions"&gt;\n                                    Discussions\n\n                                                                    &lt;/a&gt;\n                            \n                            \n                                                    &lt;/li&gt;\n                                            \n                        &lt;li class="has-children "&gt;\n                                                            &lt;a href="/messages"&gt;\n                                    Private messages\n\n                                                                                                                    &lt;div class="siderbar-item-count tag tag--secondary-alt"&gt;0&lt;/div&gt;\n                                                                    &lt;/a&gt;\n                            \n                                                            &lt;div class="sidebar-item-expand " data-toggle="ul"&gt;\n                                    &lt;i class="fas fa-angle-down"&gt;&lt;/i&gt;\n                                    &lt;i class="fas fa-angle-up"&gt;&lt;/i&gt;\n                                &lt;/div&gt;\n                            \n                                                            &lt;ul&gt;\n                                                                            \n                                        &lt;li class=" "&gt;\n                                            &lt;a href="/messages/new"&gt;\n                                                New conversation\n                                            &lt;/a&gt;\n                                        &lt;/li&gt;\n                                                                    &lt;/ul&gt;\n                                                    &lt;/li&gt;\n                                            \n                        &lt;li class=" "&gt;\n                                                            &lt;a href="/statistics"&gt;\n                                    Statistics\n\n                                                                    &lt;/a&gt;\n                            \n                            \n                                                    &lt;/li&gt;\n                                    &lt;/ul&gt;\n                        &lt;ul&gt;\n                    &lt;li class="label"&gt;\n                                                    &lt;span&gt;\n                                \n                            &lt;/span&gt;\n                                            &lt;/li&gt;\n                                            \n                        &lt;li class=" "&gt;\n                                                            &lt;a href="/shop"&gt;\n                                    Shop\n\n                                                                    &lt;/a&gt;\n                            \n                            \n                                                    &lt;/li&gt;\n                                            \n                        &lt;li class=" "&gt;\n                                                            &lt;a href="/donations"&gt;\n                                    Donations\n\n                                                                    &lt;/a&gt;\n                            \n                            \n                                                    &lt;/li&gt;\n                                            \n                        &lt;li class="has-children "&gt;\n                                                            &lt;a href="/help"&gt;\n                                    Help\n\n                                                                    &lt;/a&gt;\n                            \n                                                            &lt;div class="sidebar-item-expand " data-toggle="ul"&gt;\n                                    &lt;i class="fas fa-angle-down"&gt;&lt;/i&gt;\n                                    &lt;i class="fas fa-angle-up"&gt;&lt;/i&gt;\n                                &lt;/div&gt;\n                            \n                                                            &lt;ul&gt;\n                                                                            \n                                        &lt;li class=" "&gt;\n                                            &lt;a href="/help/contact"&gt;\n                                                Contact us\n                                            &lt;/a&gt;\n                                        &lt;/li&gt;\n                                                                    &lt;/ul&gt;\n                                                    &lt;/li&gt;\n                                            \n                        &lt;li class="has-children "&gt;\n                                                            &lt;span data-toggle="ul"&gt;\n                                    Legal\n                                &lt;/span&gt;\n                            \n                                                            &lt;div class="sidebar-item-expand " data-toggle="ul"&gt;\n                                    &lt;i class="fas fa-angle-down"&gt;&lt;/i&gt;\n                                    &lt;i class="fas fa-angle-up"&gt;&lt;/i&gt;\n                                &lt;/div&gt;\n                            \n                                                            &lt;ul&gt;\n                                                                            \n                                        &lt;li class=" "&gt;\n                                            &lt;a href="/legal/privacy"&gt;\n                                                Privacy policy\n                                            &lt;/a&gt;\n                                        &lt;/li&gt;\n                                                                            \n                                        &lt;li class=" "&gt;\n                                            &lt;a href="/legal/terms"&gt;\n                                                Terms of use\n                                            &lt;/a&gt;\n                                        &lt;/li&gt;\n                                                                    &lt;/ul&gt;\n                                                    &lt;/li&gt;\n                                    &lt;/ul&gt;\n            &lt;/div&gt;\n\n            &lt;div class="sidebar-footer"&gt;\n            &lt;a href="#" data-toggle-dark-mode="true" class="dark-hide"&gt;\n                Black hat\n            &lt;/a&gt;\n            &lt;a href="#" data-toggle-dark-mode="false" class="dark-show"&gt;\n                White hat\n            &lt;/a&gt;\n        &lt;/div&gt;\n    &lt;/nav&gt;\n        &lt;div id="content" class="container container--wide course"&gt;\n        &lt;div class="row"&gt;\n            &lt;div class="eight columns"&gt;\n                &lt;div class="block"&gt;\n                    &lt;div class="block-heading block-heading--primary"&gt;\n                                                    &lt;div class="right"&gt;\n                                &lt;a href=\'/playground/intro1\' class="next-level"&gt;Next level &lt;i class="fas fa-angle-right"&gt;&lt;/i&gt;&lt;/a&gt;\n                            &lt;/div&gt;\n                                                &lt;h1&gt;\n                            SQLi 2\n                                                            / SQLi\n                                                    &lt;/h1&gt;\n                        &lt;span class="user-status"&gt;\n                            &lt;i class="fa fa-medal c-bronze"&gt;&lt;/i&gt; &lt;span class="c-subtle"&gt;/&lt;/span&gt; \n                            &lt;span&gt;Completed&lt;/span&gt;\n                                                            &lt;span title=\'29/05/2021 00:51 (UTC)\'&gt;3 days ago&lt;/span&gt; &lt;span class="c-subtle"&gt;/&lt;/span&gt; \n                                33 minutes to complete\n                                                    &lt;/span&gt;\n                    &lt;/div&gt;\n\n                    &lt;div class="block-content row level"&gt;\n                                                    \n                        &lt;div class="level-container"&gt;\n            &lt;div class="msg msg--error"&gt;Invalid login details&lt;/div&gt;\n    \n            &lt;div class="row"&gt;\n            &lt;div class="12 columns level-description"&gt;\n                &lt;p&gt;Gain access to an administrators account&lt;/p&gt;\n\n            &lt;/div&gt;\n        &lt;/div&gt;\n    \n    &lt;div class="row"&gt;\n        &lt;div class="eight columns offset-by-two level-form"&gt;\n                                                \n\n                                            &lt;div class=""&gt;\n        &lt;div class=""&gt;\n        &lt;form\n            class="form--sqli-2"\n                        method="post"            enctype="multipart/form-data"\n                    &gt;\n            \n            \n                            \n                    \n                        &lt;div class="input input--hidden " data-group="token"&gt;\n                            \n\n                                                        \n\n                                                                                            &lt;input type="hidden" name="token" id="token" value="39f19903c1ea01b7afb644c3f3b5e3cfa60d7bc9f0704a38518a1133ffff1b14" maxlength="" placeholder="" class="u-full-width" /&gt;\n                                                    &lt;/div&gt;\n\n                    \n                                            \n                    \n                        &lt;div class="input input--hidden " data-group="formid"&gt;\n                            \n\n                                                        \n\n                                                                                            &lt;input type="hidden" name="formid" id="formid" value="88cacd5c2d6932a509298928cf4cfdab" maxlength="" placeholder="" class="u-full-width" /&gt;\n                                                    &lt;/div&gt;\n\n                    \n                                            \n                    \n                        &lt;div class="input input--text " data-group="username"&gt;\n                            \n\n                            &lt;label for="username"&gt;Username&lt;/label&gt;                            \n\n                                                                                            &lt;input type="text" name="username" id="username" value="" maxlength="" placeholder="" class="u-full-width" /&gt;\n                                                    &lt;/div&gt;\n\n                    \n                                            \n                    \n                        &lt;div class="input input--password " data-group="password"&gt;\n                            \n\n                            &lt;label for="password"&gt;Password&lt;/label&gt;                            \n\n                                                                                            &lt;input type="password" name="password" id="password" value="" maxlength="" placeholder="" class="u-full-width" /&gt;\n                                                    &lt;/div&gt;\n\n                    \n                            \n            \n            &lt;button type="submit" class="button button--main right"&gt;Log in&lt;/button&gt;\n        &lt;/form&gt;\n    &lt;/div&gt;\n&lt;/div&gt;\n                                    \n                                    &lt;/div&gt;\n    &lt;/div&gt;\n\n    &lt;/div&gt;\n&lt;div style="margin-top: 3em"&gt;\n    &lt;h3&gt;Browse members&lt;/h3&gt;\n\n    &lt;div style="padding: 10px 0; overflow: hidden"&gt;\n                    &lt;a href="?q=A" style="padding: 4px 0; margin: 1px; text-align: center; width: 25px; background: #eee; float: left; "&gt;\n                A\n            &lt;/a&gt;\n                    &lt;a href="?q=B" style="padding: 4px 0; margin: 1px; text-align: center; width: 25px; background: #eee; float: left; "&gt;\n                B\n            &lt;/a&gt;\n                    &lt;a href="?q=C" style="padding: 4px 0; margin: 1px; text-align: center; width: 25px; background: #eee; float: left; "&gt;\n                C\n            &lt;/a&gt;\n                    &lt;a href="?q=D" style="padding: 4px 0; margin: 1px; text-align: center; width: 25px; background: #eee; float: left; "&gt;\n                D\n            &lt;/a&gt;\n                    &lt;a href="?q=E" style="padding: 4px 0; margin: 1px; text-align: center; width: 25px; background: #eee; float: left; "&gt;\n                E\n            &lt;/a&gt;\n                    &lt;a href="?q=F" style="padding: 4px 0; margin: 1px; text-align: center; width: 25px; background: #eee; float: left; "&gt;\n                F\n            &lt;/a&gt;\n                    &lt;a href="?q=G" style="padding: 4px 0; margin: 1px; text-align: center; width: 25px; background: #eee; float: left; "&gt;\n                G\n            &lt;/a&gt;\n                    &lt;a href="?q=H" style="padding: 4px 0; margin: 1px; text-align: center; width: 25px; background: #eee; float: left; "&gt;\n                H\n            &lt;/a&gt;\n                    &lt;a href="?q=I" style="padding: 4px 0; margin: 1px; text-align: center; width: 25px; background: #eee; float: left; "&gt;\n                I\n            &lt;/a&gt;\n                    &lt;a href="?q=J" style="padding: 4px 0; margin: 1px; text-align: center; width: 25px; background: #eee; float: left; "&gt;\n                J\n            &lt;/a&gt;\n                    &lt;a href="?q=K" style="padding: 4px 0; margin: 1px; text-align: center; width: 25px; background: #eee; float: left; "&gt;\n                K\n            &lt;/a&gt;\n                    &lt;a href="?q=L" style="padding: 4px 0; margin: 1px; text-align: center; width: 25px; background: #eee; float: left; "&gt;\n                L\n            &lt;/a&gt;\n                    &lt;a href="?q=M" style="padding: 4px 0; margin: 1px; text-align: center; width: 25px; background: #eee; float: left; "&gt;\n                M\n            &lt;/a&gt;\n                    &lt;a href="?q=N" style="padding: 4px 0; margin: 1px; text-align: center; width: 25px; background: #eee; float: left; "&gt;\n                N\n            &lt;/a&gt;\n                    &lt;a href="?q=O" style="padding: 4px 0; margin: 1px; text-align: center; width: 25px; background: #eee; float: left; "&gt;\n                O\n            &lt;/a&gt;\n                    &lt;a href="?q=P" style="padding: 4px 0; margin: 1px; text-align: center; width: 25px; background: #eee; float: left; "&gt;\n                P\n            &lt;/a&gt;\n                    &lt;a href="?q=Q" style="padding: 4px 0; margin: 1px; text-align: center; width: 25px; background: #eee; float: left; "&gt;\n                Q\n            &lt;/a&gt;\n                    &lt;a href="?q=R" style="padding: 4px 0; margin: 1px; text-align: center; width: 25px; background: #eee; float: left; "&gt;\n                R\n            &lt;/a&gt;\n                    &lt;a href="?q=S" style="padding: 4px 0; margin: 1px; text-align: center; width: 25px; background: #eee; float: left; "&gt;\n                S\n            &lt;/a&gt;\n                    &lt;a href="?q=T" style="padding: 4px 0; margin: 1px; text-align: center; width: 25px; background: #eee; float: left; "&gt;\n                T\n            &lt;/a&gt;\n                    &lt;a href="?q=U" style="padding: 4px 0; margin: 1px; text-align: center; width: 25px; background: #eee; float: left; "&gt;\n                U\n            &lt;/a&gt;\n                    &lt;a href="?q=V" style="padding: 4px 0; margin: 1px; text-align: center; width: 25px; background: #eee; float: left; "&gt;\n                V\n            &lt;/a&gt;\n                    &lt;a href="?q=W" style="padding: 4px 0; margin: 1px; text-align: center; width: 25px; background: #eee; float: left; "&gt;\n                W\n            &lt;/a&gt;\n                    &lt;a href="?q=X" style="padding: 4px 0; margin: 1px; text-align: center; width: 25px; background: #eee; float: left; "&gt;\n                X\n            &lt;/a&gt;\n                    &lt;a href="?q=Y" style="padding: 4px 0; margin: 1px; text-align: center; width: 25px; background: #eee; float: left; "&gt;\n                Y\n            &lt;/a&gt;\n                    &lt;a href="?q=Z" style="padding: 4px 0; margin: 1px; text-align: center; width: 25px; background: #eee; float: left; "&gt;\n                Z\n            &lt;/a&gt;\n            &lt;/div&gt;\n\n\n            &lt;pre&gt;DEBUG: SELECT username, admin FROM members WHERE username LIKE &amp;#039;  &amp;#039;  %&amp;#039;&lt;/pre&gt;\n    \n    &lt;ul&gt;\n            &lt;/ul&gt;\n&lt;/div&gt;                    &lt;/div&gt;\n                &lt;/div&gt;\n\n                            &lt;/div&gt;\n\n            &lt;div class="four columns"&gt;\n                &lt;div class="block level-stats level-stats--progress"&gt;\n                                            &lt;div class="block-heading"&gt;\n                            &lt;h3&gt;\n                                8,475\n                                &lt;span class="small"&gt;completed&lt;/span&gt;\n                            &lt;/h3&gt;\n                        &lt;/div&gt;\n  
[...]
G" style="padding: 4px 0; margin: 1px; text-align: center; width: 25px; background: #eee; float: left; "&gt;\n                G\n            &lt;/a&gt;\n                    &lt;a href="?q=H" style="padding: 4px 0; margin: 1px; text-align: center; width: 25px; background: #eee; float: left; "&gt;\n                H\n            &lt;/a&gt;\n                    &lt;a href="?q=I" style="padding: 4px 0; margin: 1px; text-align: center; width: 25px; background: #eee; float: left; "&gt;\n                I\n            &lt;/a&gt;\n                    &lt;a href="?q=J" style="padding: 4px 0; margin: 1px; text-align: center; width: 25px; background: #eee; float: left; "&gt;\n                J\n            &lt;/a&gt;\n                    &lt;a href="?q=K" style="padding: 4px 0; margin: 1px; text-align: center; width: 25px; background: #eee; float: left; "&gt;\n                K\n            &lt;/a&gt;\n                    &lt;a href="?q=L" style="padding: 4px 0; margin: 1px; text-align: center; width: 25px; background: #eee; float: left; "&gt;\n                L\n            &lt;/a&gt;\n                    &lt;a href="?q=M" style="padding: 4px 0; margin: 1px; text-align: center; width: 25px; background: #eee; float: left; "&gt;\n                M\n            &lt;/a&gt;\n                    &lt;a href="?q=N" style="padding: 4px 0; margin: 1px; text-align: center; width: 25px; background: #eee; float: left; "&gt;\n                N\n            &lt;/a&gt;\n                    &lt;a href="?q=O" style="padding: 4px 0; margin: 1px; text-align: center; width: 25px; background: #eee; float: left; "&gt;\n                O\n            &lt;/a&gt;\n                    &lt;a href="?q=P" style="padding: 4px 0; margin: 1px; text-align: center; width: 25px; background: #eee; float: left; "&gt;\n                P\n            &lt;/a&gt;\n                    &lt;a href="?q=Q" style="padding: 4px 0; margin: 1px; text-align: center; width: 25px; background: #eee; float: left; "&gt;\n                Q\n            &lt;/a&gt;\n                    &lt;a href="?q=R" style="padding: 4px 0; margin: 1px; text-align: center; width: 25px; background: #eee; float: left; "&gt;\n                R\n            &lt;/a&gt;\n                    &lt;a href="?q=S" style="padding: 4px 0; margin: 1px; text-align: center; width: 25px; background: #eee; float: left; "&gt;\n                S\n            &lt;/a&gt;\n                    &lt;a href="?q=T" style="padding: 4px 0; margin: 1px; text-align: center; width: 25px; background: #eee; float: left; "&gt;\n                T\n            &lt;/a&gt;\n                    &lt;a href="?q=U" style="padding: 4px 0; margin: 1px; text-align: center; width: 25px; background: #eee; float: left; "&gt;\n                U\n            &lt;/a&gt;\n                    &lt;a href="?q=V" style="padding: 4px 0; margin: 1px; text-align: center; width: 25px; background: #eee; float: left; "&gt;\n                V\n            &lt;/a&gt;\n                    &lt;a href="?q=W" style="padding: 4px 0; margin: 1px; text-align: center; width: 25px; background: #eee; float: left; "&gt;\n                W\n            &lt;/a&gt;\n                    &lt;a href="?q=X" style="padding: 4px 0; margin: 1px; text-align: center; width: 25px; background: #eee; float: left; "&gt;\n                X\n            &lt;/a&gt;\n                    &lt;a href="?q=Y" style="padding: 4px 0; margin: 1px; text-align: center; width: 25px; background: #eee; float: left; "&gt;\n                Y\n            &lt;/a&gt;\n                    &lt;a href="?q=Z" style="padding: 4px 0; margin: 1px; text-align: center; width: 25px; background: #eee; float: left; "&gt;\n                Z\n            &lt;/a&gt;\n            &lt;/div&gt;\n\n\n    \n    &lt;ul&gt;\n            &lt;/ul&gt;\n&lt;/div&gt;                    &lt;/div&gt;\n                &lt;/div&gt;\n\n                            &lt;/div&gt;\n\n            &lt;div class="four columns"&gt;\n                &lt;div class="block level-stats level-stats--progress"&gt;\n                                            &lt;div class="block-heading"&gt;\n                            &lt;h3&gt;\n                                8,475\n                                &lt;span class="small"&gt;completed&lt;/span&gt;\n                            &lt;/h3&gt;\n                        &lt;/div&gt;\n                                        &lt;div class="block-content"&gt;\n\n                        &lt;div class="block"&gt;\n                            &lt;h3&gt;42% &lt;span class="small"&gt;pass rate&lt;/span&gt;&lt;/h3&gt;\n&lt;div class="progress progress--small"&gt;\n    &lt;div class="progress-bar" style="width: 42%"&gt;&lt;/div&gt;\n&lt;/div&gt;\n&lt;div class="right small" title="completed vs attempted"&gt;8,475 of 20,163&lt;/div&gt;                        &lt;/div&gt;\n\n                            Last 5 days\n    &lt;canvas id="myChart" width="100%" height="20"&gt;&lt;/canvas&gt;\n    &lt;script&gt;\n    $(function() {\n        var ctx = document.getElementById("myChart").getContext(\'2d\');\n        var myChart = new Chart(ctx, {\n            type: \'line\',\n            data: {\n                labels: [1,2,3,4,5],\n                datasets: [{\n                    label: \'Started\',\n                    data: ["4","5","7","7","3","5"],\n                    lineTension: 0,\n                    fill: false,\n                    pointRadius: 0\n                }, {\n                    label: \'Passed\',\n                    data: ["2","3","2","1","3"],\n                    lineTension: 0,\n                    fill: false,\n                    pointRadius: 0,\n                    borderColor: \'#4caf50\'\n                }]\n            },\n            options: {\n                animation: {\n                    duration: 0\n                },\n                tooltips: {\n                    enabled: false\n                },\n                legend: {\n                    display: false\n                },\n                scales: {\n                    yAxes: [{\n                        position: \'right\',\n                        gridLines: {\n                            display: false,\n                            drawBorder: false\n                        },\n                        ticks: {\n                            maxTicksLimit: 2,\n                            beginAtZero:true,\n                            padding: 6\n                        },\n                    }],\n                    xAxes: [{\n                        display: false\n                    }]\n                }\n            }\n        });\n    });\n    &lt;/script&gt;\n                    &lt;/div&gt;\n                &lt;/div&gt;\n\n                                        &lt;div class="block profile-card profile-card--small "&gt;\n                    &lt;h3 class="block-heading profile-meta-title"&gt;&lt;i class="fas fa-trophy c-gold" aria-hidden="true"&gt;&lt;/i&gt; First completed&lt;/h3&gt;\n                &lt;div class="block-content"&gt;\n            &lt;div class="profile-card-avatar"&gt;\n                &lt;a href="https://defendtheweb.net/profile/kabue"&gt;\n                    &lt;img src=\'https://zhr3.co.uk/uploads/lazy/54cc693c5af1136fbf789923a05ab4fb\' data-lazy-image-size=\'avatar\' width=\'80\' class=\'\' /&gt;\n                &lt;/a&gt;\n            &lt;/div&gt;\n            &lt;div class="profile-card-details"&gt;\n                &lt;a href="https://defendtheweb.net/profile/kabue" &gt;\n                    &lt;h2&gt;Kabue&lt;/h2&gt;\n\n                                    &lt;/a&gt;\n\n                                    &lt;p&gt;&lt;span title=\'21/02/2013 21:41 (UTC)\'&gt;8 years ago&lt;/span&gt;&lt;/p&gt;\n                            &lt;/div&gt;\n\n                    &lt;/div&gt;\n    &lt;/div&gt;\n                \n                                    &lt;div class="block"&gt;\n                        &lt;div class="block-content"&gt;\n                            Last completed by &lt;a href=\'https://defendtheweb.net/profile/9xeb\'  data-profile-card=\'9xeb\'&gt;9xeb&lt;/a&gt; &lt;span title=\'31/05/2021 19:50 (UTC)\'&gt;6 hours ago&lt;/span&gt;\n                        &lt;/div&gt;\n                    &lt;/div&gt;\n                \n                &lt;div class="button-group mobile-hide"&gt;\n                                            &lt;a class="button button--wide" href="/discussions/playground-help?level=54"&gt;Discussions&lt;/a&gt;    \n                                                    &lt;a class="button button--wide" href="/discussions/playground-solutions?level=54"&gt;Solutions&lt;/a&gt;    \n                                                            &lt;/div&gt;\n            &lt;/div&gt;\n        &lt;/div&gt;\n\n    &lt;/div&gt;\n\n    &lt;div class="cookies"&gt;\n        &lt;p&gt;This site only uses cookies that are essential for the functionality of this website. Cookies are not used for tracking or marketing purposes.&lt;/p&gt;\n        &lt;p&gt;By using our site, you acknowledge that you have read and understand our &lt;a href=\'/legal/privacy\'&gt;Privacy Policy&lt;/a&gt;, and &lt;a href=\'/legal/terms\'&gt;Terms of Service&lt;/a&gt;.&lt;/p&gt;\n        &lt;a href=\'#\' class=\'button button--wide button--main right\'&gt;Dismiss&lt;/a&gt;\n    &lt;/div&gt;\n\n        \n        &lt;script src="https://zhr3.co.uk/js/script.min.js?v=01cc54d" crossorigin="anonymous" defer&gt;&lt;/script&gt;\n        &lt;script src="https://twemoji.maxcdn.com/v/latest/twemoji.min.js" crossorigin="anonymous" defer&gt;&lt;/script&gt;\n        &lt;script src="https://cdnjs.cloudflare.com/ajax/libs/Chart.js/2.7.2/Chart.min.js" integrity="sha256-CfcERD4Ov4+lKbWbYqXD6aFM9M51gN4GUEtDhkWABMo=" crossorigin="anonymous" defer&gt;&lt;/script&gt;\n\n                    &lt;script src="https://zhr3.co.uk/js/playground.min.js?v=01cc54d" defer&gt;&lt;/script&gt;\n        \n                \n            &lt;/body&gt;\n&lt;/html&gt;', 'ResponseHeader': "{'Server': 'nginx', 'Date': 'Tue, 01 Jun 2021 02:04:39 GMT', 'Content-Type': 'text/html; charset=UTF-8', 'Transfer-Encoding': 'chunked', 'Connection': 'keep-alive', 'Vary': 'Accept-Encoding', 'Expires': 'Thu, 19 Nov 1981 08:52:00 GMT', 'Cache-Control': 'no-store, no-cache, must-revalidate, no-transform', 'Pragma': 'no-cache', 'Strict-Transport-Security': 'max-age=31536000; includeSubDomains; preload', 'X-UA-Compatible': 'IE=Edge', 'X-Frame-Options': 'SAMEORIGIN', 'X-Content-Type-Options': 'nosniff', 'Referrer-Policy': 'no-referrer', 'X-XSS-Protection': '1', 'Content-Encoding': 'gzip'}", 'ResponseCookie': '&lt;RequestsCookieJar[]&gt;'}
The functionality didn't respond
substring not found</msg>
<msg timestamp="20210601 07:34:39.915" level="INFO">File "c:\users\palak.vora\appdata\local\programs\python\python39\lib\runpy.py", line 197, in _run_module_as_main
    return _run_code(code, main_globals, None,
  File "c:\users\palak.vora\appdata\local\programs\python\python39\lib\runpy.py", line 87, in _run_code
    exec(code, run_globals)
  File "C:\Users\palak.vora\AppData\Local\Programs\Python\Python39\Scripts\robot.exe\__main__.py", line 7, in &lt;module&gt;
    sys.exit(run_cli())
  File "c:\users\palak.vora\appdata\local\programs\python\python39\lib\site-packages\robot\run.py", line 496, in run_cli
    return RobotFramework().execute_cli(arguments, exit=exit)
  File "c:\users\palak.vora\appdata\local\programs\python\python39\lib\site-packages\robot\utils\application.py", line 46, in execute_cli
    rc = self._execute(arguments, options)
  File "c:\users\palak.vora\appdata\local\programs\python\python39\lib\site-packages\robot\utils\application.py", line 83, in _execute
    rc = self.main(arguments, **options)
  File "c:\users\palak.vora\appdata\local\programs\python\python39\lib\site-packages\robot\run.py", line 447, in main
    result = suite.run(settings)
  File "c:\users\palak.vora\appdata\local\programs\python\python39\lib\site-packages\robot\running\model.py", line 296, in run
    self.visit(runner)
  File "c:\users\palak.vora\appdata\local\programs\python\python39\lib\site-packages\robot\model\testsuite.py", line 226, in visit
    visitor.visit_suite(self)
  File "c:\users\palak.vora\appdata\local\programs\python\python39\lib\site-packages\robot\model\visitor.py", line 88, in visit_suite
    suite.tests.visit(self)
  File "c:\users\palak.vora\appdata\local\programs\python\python39\lib\site-packages\robot\model\itemlist.py", line 77, in visit
    item.visit(visitor)
  File "c:\users\palak.vora\appdata\local\programs\python\python39\lib\site-packages\robot\model\testcase.py", line 130, in visit
    visitor.visit_test(self)
  File "c:\users\palak.vora\appdata\local\programs\python\python39\lib\site-packages\robot\running\suiterunner.py", line 145, in visit_test
    BodyRunner(self._context, templated=bool(test.template)).run(test.body)
  File "c:\users\palak.vora\appdata\local\programs\python\python39\lib\site-packages\robot\running\bodyrunner.py", line 42, in run
    step.run(self._context, self._run, self._templated)
  File "c:\users\palak.vora\appdata\local\programs\python\python39\lib\site-packages\robot\running\model.py", line 78, in run
    return KeywordRunner(context, run).run(self)
  File "c:\users\palak.vora\appdata\local\programs\python\python39\lib\site-packages\robot\running\bodyrunner.py", line 66, in run
    return runner.run(step, context, self._run)
  File "c:\users\palak.vora\appdata\local\programs\python\python39\lib\site-packages\robot\running\userkeywordrunner.py", line 58, in run
    return_value = self._run(context, kw.args, result)
  File "c:\users\palak.vora\appdata\local\programs\python\python39\lib\site-packages\robot\running\userkeywordrunner.py", line 84, in _run
    exception, return_ = self._execute(context)
  File "c:\users\palak.vora\appdata\local\programs\python\python39\lib\site-packages\robot\running\userkeywordrunner.py", line 155, in _execute
    BodyRunner(context).run(handler.body)
  File "c:\users\palak.vora\appdata\local\programs\python\python39\lib\site-packages\robot\running\bodyrunner.py", line 42, in run
    step.run(self._context, self._run, self._templated)
  File "c:\users\palak.vora\appdata\local\programs\python\python39\lib\site-packages\robot\running\model.py", line 78, in run
    return KeywordRunner(context, run).run(self)
  File "c:\users\palak.vora\appdata\local\programs\python\python39\lib\site-packages\robot\running\bodyrunner.py", line 66, in run
    return runner.run(step, context, self._run)
  File "c:\users\palak.vora\appdata\local\programs\python\python39\lib\site-packages\robot\running\librarykeywordrunner.py", line 54, in run
    return_value = self._run(context, kw.args)
  File "c:\users\palak.vora\appdata\local\programs\python\python39\lib\site-packages\robot\running\librarykeywordrunner.py", line 77, in _run
    return self._run_with_output_captured_and_signal_monitor(runner, context)
  File "c:\users\palak.vora\appdata\local\programs\python\python39\lib\site-packages\robot\running\librarykeywordrunner.py", line 99, in _run_with_output_captured_and_signal_monitor
    return self._run_with_signal_monitoring(runner, context)
  File "c:\users\palak.vora\appdata\local\programs\python\python39\lib\site-packages\robot\running\librarykeywordrunner.py", line 104, in _run_with_signal_monitoring
    return runner()
  File "c:\users\palak.vora\appdata\local\programs\python\python39\lib\site-packages\robot\running\librarykeywordrunner.py", line 92, in &lt;lambda&gt;
    return lambda: handler(*positional, **named)
  File "D:\COE_Automation\MethodFiles\Injection_Attack.py", line 331, in API_wert
    traceback.print_stack()</msg>
<msg timestamp="20210601 07:34:39.927" level="INFO">${result} = {'StatusCode': '200', 'ResponseBody': '&lt;!DOCTYPE html&gt;\n&lt;html lang="en" class="no-js "&gt;\n    &lt;head&gt;\n        &lt;meta charset="utf-8"&gt;\n        &lt;META HTTP-EQUIV="Content-Type" CONTENT="text/html; charset...</msg>
<status status="PASS" starttime="20210601 07:34:35.713" endtime="20210601 07:34:39.927"/>
</kw>
<kw name="Log To Console" library="BuiltIn">
<arg>${result}</arg>
<doc>Logs the given message to the console.</doc>
<status status="PASS" starttime="20210601 07:34:39.928" endtime="20210601 07:34:39.957"/>
</kw>
<kw name="List Should Not Contain Value" library="Collections">
<arg>${result}</arg>
<arg>200</arg>
<doc>Fails if the ``value`` is found from ``list``.</doc>
<status status="PASS" starttime="20210601 07:34:39.957" endtime="20210601 07:34:39.958"/>
</kw>
<kw name="List Should Not Contain Value" library="Collections">
<arg>${result}</arg>
<arg>201</arg>
<doc>Fails if the ``value`` is found from ``list``.</doc>
<status status="PASS" starttime="20210601 07:34:39.959" endtime="20210601 07:34:39.960"/>
</kw>
<kw name="List Should Not Contain Value" library="Collections">
<arg>${result}</arg>
<arg>202</arg>
<doc>Fails if the ``value`` is found from ``list``.</doc>
<status status="PASS" starttime="20210601 07:34:39.960" endtime="20210601 07:34:39.960"/>
</kw>
<status status="PASS" starttime="20210601 07:34:35.709" endtime="20210601 07:34:39.961"/>
</kw>
<status status="PASS" starttime="20210601 07:34:35.687" endtime="20210601 07:34:39.961"/>
</test>
<status status="PASS" starttime="20210601 07:34:35.060" endtime="20210601 07:34:39.963"/>
</suite>
<statistics>
<total>
<stat pass="2" fail="0" skip="0">All Tests</stat>
</total>
<tag>
<stat pass="1" fail="0" skip="0">db</stat>
<stat pass="1" fail="0" skip="0">smoke</stat>
</tag>
<suite>
<stat pass="2" fail="0" skip="0" id="s1" name="Mysqldb">Mysqldb</stat>
</suite>
</statistics>
<errors>
<msg timestamp="20210601 07:34:35.092" level="ERROR">Error in file 'D:\COE_Automation\Resources\API.robot' on line 2: Importing library 'SeleniumLibrary' failed: ModuleNotFoundError: No module named 'SeleniumLibrary'
Traceback (most recent call last):
  None
PYTHONPATH:
  C:\Users\palak.vora\AppData\Local\Programs\Python\Python39\Scripts\robot.exe
  C:\Users\palak.vora\AppData\Local\Programs\Python\Python39
  c:\users\palak.vora\appdata\local\programs\python\python39\python39.zip
  c:\users\palak.vora\appdata\local\programs\python\python39\DLLs
  c:\users\palak.vora\appdata\local\programs\python\python39\lib
  C:\Users\palak.vora\AppData\Roaming\Python\Python39\site-packages
  c:\users\palak.vora\appdata\local\programs\python\python39\lib\site-packages</msg>
<msg timestamp="20210601 07:34:35.096" level="ERROR">Error in file 'D:\COE_Automation\Resources\API.robot' on line 3: Importing library 'JSpringBotGlobal' failed: ModuleNotFoundError: No module named 'JSpringBotGlobal'
Traceback (most recent call last):
  None
PYTHONPATH:
  C:\Users\palak.vora\AppData\Local\Programs\Python\Python39\Scripts\robot.exe
  C:\Users\palak.vora\AppData\Local\Programs\Python\Python39
  c:\users\palak.vora\appdata\local\programs\python\python39\python39.zip
  c:\users\palak.vora\appdata\local\programs\python\python39\DLLs
  c:\users\palak.vora\appdata\local\programs\python\python39\lib
  C:\Users\palak.vora\AppData\Roaming\Python\Python39\site-packages
  c:\users\palak.vora\appdata\local\programs\python\python39\lib\site-packages</msg>
<msg timestamp="20210601 07:34:35.205" level="ERROR">Error in file 'D:\COE_Automation\Resources\API.robot' on line 6: Importing library 'JSONLibrary' failed: ModuleNotFoundError: No module named 'JSONLibrary'
Traceback (most recent call last):
  None
PYTHONPATH:
  C:\Users\palak.vora\AppData\Local\Programs\Python\Python39\Scripts\robot.exe
  C:\Users\palak.vora\AppData\Local\Programs\Python\Python39
  c:\users\palak.vora\appdata\local\programs\python\python39\python39.zip
  c:\users\palak.vora\appdata\local\programs\python\python39\DLLs
  c:\users\palak.vora\appdata\local\programs\python\python39\lib
  C:\Users\palak.vora\AppData\Roaming\Python\Python39\site-packages
  c:\users\palak.vora\appdata\local\programs\python\python39\lib\site-packages</msg>
</errors>
</robot>
