<?xml version="1.0" encoding="UTF-8"?>
<robot generator="Robot 3.2.2 (Python 3.6.2 on win32)" generated="20201210 15:07:05.774" rpa="false">
<suite id="s1" name="Batch Profile" source="C:\Users\palak\Downloads\coe-application-security\TestCases\Agent\API\ACMs\Batch_Profile.robot">
<test id="s1-t1" name="TC_003">
<kw name="Log To Console" library="BuiltIn">
<doc>Logs the given message to the console.</doc>
<arguments>
<arg>"Performing SQL Injection Attack on Batch Profile API"</arg>
</arguments>
<status status="PASS" starttime="20201210 15:07:17.834" endtime="20201210 15:07:17.834"></status>
</kw>
<kw name="Injection Attack" library="API">
<arguments>
<arg>${Excel_Location}</arg>
<arg>Agent</arg>
<arg>ACMS_Batch_Profiles_API</arg>
<arg>${Payload_Excel_Location}</arg>
<arg>SQL</arg>
</arguments>
<kw name="Log To Console" library="BuiltIn">
<doc>Logs the given message to the console.</doc>
<arguments>
<arg>"Executing Injection Attack"</arg>
</arguments>
<status status="PASS" starttime="20201210 15:07:17.844" endtime="20201210 15:07:17.844"></status>
</kw>
<kw name="Log To Console" library="BuiltIn">
<doc>Logs the given message to the console.</doc>
<arguments>
<arg>${Excel_Location}</arg>
</arguments>
<status status="PASS" starttime="20201210 15:07:17.844" endtime="20201210 15:07:17.846"></status>
</kw>
<kw name="Input Validation" library="API_Injection">
<arguments>
<arg>${Excel_Location}</arg>
<arg>${Excel_Sheet_Name}</arg>
<arg>${Module_Name}</arg>
<arg>${Payload_Excel_Location}</arg>
<arg>${Payload_Sheet_Name}</arg>
</arguments>
<assign>
<var>${result}</var>
</assign>
<msg timestamp="20201210 15:13:38.321" level="INFO">Where do i print
Opening Excel
Opened Excel
&lt;openpyxl.workbook.workbook.Workbook object at 0x0000014BBF0FF898&gt;
Title of Sheet = Agent
Row 1 = API_Name
Row 2 = GATEWAY_API_POST
Row 3 = GATEWAY_API_GET
Row 4 = GATEWAY_API_DELETE
Row 5 = Mapping_API
Row 6 = Packages_API
Row 7 = Asset_API
Row 8 = ACMS_Summary_API
Row 9 = ACMS_Batch_Profiles_API
Module Found : ACMS_Batch_Profiles_API in Row - 9 of Worksheet - Agent
ACMS_Batch_Profiles_API
POST
POST
http
http

BaseURL = internal-qaplatformagentconfigurationserv-1810934581.us-east-1.elb.amazonaws.com

RelativeURL = /agent-configuration/v1/batchProfiles

http://internal-qaplatformagentconfigurationserv-1810934581.us-east-1.elb.amazonaws.com/agent-configuration/v1/batchProfiles
Body ROW &lt;Cell 'Agent'.F9&gt;
Body row valu {"createdTime":"2020-06-04T13:49:16.401Z","modifiedTime":"2020-06-04T13:49:16.401Z","id":"2e6f6ae4-a66a-11ea-898b-12e97a1f6711","description":"platform-hyperv-plugin","tag":"rmm-core","targets":["partnerID":"$1683$"}],"configurations":[{"packageName":"$platform-hyperv-plugin$"}],"createdBy":"santoshiMandloi","modifiedBy":"santoshiMandloi"}
Body = {"createdTime":"2020-06-04T13:49:16.401Z","modifiedTime":"2020-06-04T13:49:16.401Z","id":"2e6f6ae4-a66a-11ea-898b-12e97a1f6711","description":"platform-hyperv-plugin","tag":"rmm-core","targets":["partnerID":"$1683$"}],"configurations":[{"packageName":"$platform-hyperv-plugin$"}],"createdBy":"santoshiMandloi","modifiedBy":"santoshiMandloi"}



Fdata Body
{"createdTime":"2020-06-04T13:49:16.401Z","modifiedTime":"2020-06-04T13:49:16.401Z","id":"2e6f6ae4-a66a-11ea-898b-12e97a1f6711","description":"platform-hyperv-plugin","tag":"rmm-core","targets":["partnerID":"$1683$"}],"configurations":[{"packageName":"$platform-hyperv-plugin$"}],"createdBy":"santoshiMandloi","modifiedBy":"santoshiMandloi"}
Header = {"Content-Type": "application/json","Connection": "keep-alive"}

{'Content-Type': 'application/json', 'Connection': 'keep-alive'}
Cookie = {"":""}

{'': ''}
{'HTTPMethod': 'POST', 'Protocol': 'http', 'URL': 'http://internal-qaplatformagentconfigurationserv-1810934581.us-east-1.elb.amazonaws.com/agent-configuration/v1/batchProfiles', 'Body': '{"createdTime":"2020-06-04T13:49:16.401Z","modifiedTime":"2020-06-04T13:49:16.401Z","id":"2e6f6ae4-a66a-11ea-898b-12e97a1f6711","description":"platform-hyperv-plugin","tag":"rmm-core","targets":["partnerID":"$1683$"}],"configurations":[{"packageName":"$platform-hyperv-plugin$"}],"createdBy":"santoshiMandloi","modifiedBy":"santoshiMandloi"}', 'Header': {'Content-Type': 'application/json', 'Connection': 'keep-alive'}, 'Cookie': {'': ''}}
Row 10 = ACMS_AGENT-Configuration_Profiles
Data from find_vulnerable_parameters 
{'HTTPMethod': 'POST', 'Protocol': 'http', 'URL': 'http://internal-qaplatformagentconfigurationserv-1810934581.us-east-1.elb.amazonaws.com/agent-configuration/v1/batchProfiles', 'Body': '{"createdTime":"2020-06-04T13:49:16.401Z","modifiedTime":"2020-06-04T13:49:16.401Z","id":"2e6f6ae4-a66a-11ea-898b-12e97a1f6711","description":"platform-hyperv-plugin","tag":"rmm-core","targets":["partnerID":"$1683$"}],"configurations":[{"packageName":"$platform-hyperv-plugin$"}],"createdBy":"santoshiMandloi","modifiedBy":"santoshiMandloi"}', 'Header': {'Content-Type': 'application/json', 'Connection': 'keep-alive'}, 'Cookie': {'': ''}}
HTTP Method: POST
Protocol: http
URL: http://internal-qaplatformagentconfigurationserv-1810934581.us-east-1.elb.amazonaws.com/agent-configuration/v1/batchProfiles
Body: {"createdTime":"2020-06-04T13:49:16.401Z","modifiedTime":"2020-06-04T13:49:16.401Z","id":"2e6f6ae4-a66a-11ea-898b-12e97a1f6711","description":"platform-hyperv-plugin","tag":"rmm-core","targets":["partnerID":"$1683$"}],"configurations":[{"packageName":"$platform-hyperv-plugin$"}],"createdBy":"santoshiMandloi","modifiedBy":"santoshiMandloi"}
Header: {'Content-Type': 'application/json', 'Connection': 'keep-alive'}
Cookie: {'': ''}
No Parameter found in URL
Parameter found in Body
['1683', 'platform-hyperv-plugin']
No Parameter found in Header
No Parameter found in Cookie
MEthodPOST
Executing POST Method
Parameter found in POST Body
1
for 1
for 1
for 1
for 1
for 1
for 1
for 1
for 1
for 1
if 1
Row 1 = "\'"
Original BOdy ==============={"createdTime":"2020-06-04T13:49:16.401Z","modifiedTime":"2020-06-04T13:49:16.401Z","id":"2e6f6ae4-a66a-11ea-898b-12e97a1f6711","description":"platform-hyperv-plugin","tag":"rmm-core","targets":["partnerID":"$"\'"$"}],"configurations":[{"packageName":"$platform-hyperv-plugin$"}],"createdBy":"santoshiMandloi","modifiedBy":"santoshiMandloi"}
for2 3
URL : http://internal-qaplatformagentconfigurationserv-1810934581.us-east-1.elb.amazonaws.com/agent-configuration/v1/batchProfiles
Body : {"createdTime":"2020-06-04T13:49:16.401Z","modifiedTime":"2020-06-04T13:49:16.401Z","id":"2e6f6ae4-a66a-11ea-898b-12e97a1f6711","description":"platform-hyperv-plugin","tag":"rmm-core","targets":["partnerID":"$"\'"$"}],"configurations":[{"packageName":"$platform-hyperv-plugin$"}],"createdBy":"santoshiMandloi","modifiedBy":"santoshiMandloi"}
Header : {'Content-Type': 'application/json', 'Connection': 'keep-alive'}
Cookie : {'': ''}
Error in executing: http://internal-qaplatformagentconfigurationserv-1810934581.us-east-1.elb.amazonaws.com/agent-configuration/v1/batchProfiles
['500']
['500']
Original BOdy ==============={"createdTime":"2020-06-04T13:49:16.401Z","modifiedTime":"2020-06-04T13:49:16.401Z","id":"2e6f6ae4-a66a-11ea-898b-12e97a1f6711","description":""\'"","tag":"rmm-core","targets":["partnerID":"$1683$"}],"configurations":[{"packageName":"$"\'"$"}],"createdBy":"santoshiMandloi","modifiedBy":"santoshiMandloi"}
for2 3
URL : http://internal-qaplatformagentconfigurationserv-1810934581.us-east-1.elb.amazonaws.com/agent-configuration/v1/batchProfiles
Body : {"createdTime":"2020-06-04T13:49:16.401Z","modifiedTime":"2020-06-04T13:49:16.401Z","id":"2e6f6ae4-a66a-11ea-898b-12e97a1f6711","description":""\'"","tag":"rmm-core","targets":["partnerID":"$1683$"}],"configurations":[{"packageName":"$"\'"$"}],"createdBy":"santoshiMandloi","modifiedBy":"santoshiMandloi"}
Header : {'Content-Type': 'application/json', 'Connection': 'keep-alive'}
Cookie : {'': ''}
Error in executing: http://internal-qaplatformagentconfigurationserv-1810934581.us-east-1.elb.amazonaws.com/agent-configuration/v1/batchProfiles
['500', '500']
['500', '500']
Row 2 = "\\\'
Original BOdy ==============={"createdTime":"2020-06-04T13:49:16.401Z","modifiedTime":"2020-06-04T13:49:16.401Z","id":"2e6f6ae4-a66a-11ea-898b-12e97a1f6711","description":"platform-hyperv-plugin","tag":"rmm-core","targets":["partnerID":"$"\\\'$"}],"configurations":[{"packageName":"$platform-hyperv-plugin$"}],"createdBy":"santoshiMandloi","modifiedBy":"santoshiMandloi"}
for2 4
URL : http://internal-qaplatformagentconfigurationserv-1810934581.us-east-1.elb.amazonaws.com/agent-configuration/v1/batchProfiles
Body : {"createdTime":"2020-06-04T13:49:16.401Z","modifiedTime":"2020-06-04T13:49:16.401Z","id":"2e6f6ae4-a66a-11ea-898b-12e97a1f6711","description":"platform-hyperv-plugin","tag":"rmm-core","targets":["partnerID":"$"\\\'$"}],"configurations":[{"packageName":"$platform-hyperv-plugin$"}],"createdBy":"santoshiMandloi","modifiedBy":"santoshiMandloi"}
Header : {'Content-Type': 'application/json', 'Connection': 'keep-alive'}
Cookie : {'': ''}
Error in executing: http://internal-qaplatformagentconfigurationserv-1810934581.us-east-1.elb.amazonaws.com/agent-configuration/v1/batchProfiles
['500', '500', '500']
['500', '500', '500']
Original BOdy ==============={"createdTime":"2020-06-04T13:49:16.401Z","modifiedTime":"2020-06-04T13:49:16.401Z","id":"2e6f6ae4-a66a-11ea-898b-12e97a1f6711","description":""\\\'","tag":"rmm-core","targets":["partnerID":"$1683$"}],"configurations":[{"packageName":"$"\\\'$"}],"createdBy":"santoshiMandloi","modifiedBy":"santoshiMandloi"}
for2 4
URL : http://internal-qaplatformagentconfigurationserv-1810934581.us-east-1.elb.amazonaws.com/agent-configuration/v1/batchProfiles
Body : {"createdTime":"2020-06-04T13:49:16.401Z","modifiedTime":"2020-06-04T13:49:16.401Z","id":"2e6f6ae4-a66a-11ea-898b-12e97a1f6711","description":""\\\'","tag":"rmm-core","targets":["partnerID":"$1683$"}],"configurations":[{"packageName":"$"\\\'$"}],"createdBy":"santoshiMandloi","modifiedBy":"santoshiMandloi"}
Header : {'Content-Type': 'application/json', 'Connection': 'keep-alive'}
Cookie : {'': ''}
Error in executing: http://internal-qaplatformagentconfigurationserv-1810934581.us-east-1.elb.amazonaws.com/agent-configuration/v1/batchProfiles
['500', '500', '500', '500']
['500', '500', '500', '500']
Row 3 = "||\'"
Original BOdy ==============={"createdTime":"2020-06-04T13:49:16.401Z","modifiedTime":"2020-06-04T13:49:16.401Z","id":"2e6f6ae4-a66a-11ea-898b-12e97a1f6711","description":"platform-hyperv-plugin","tag":"rmm-core","targets":["partnerID":"$"||\'"$"}],"configurations":[{"packageName":"$platform-hyperv-plugin$"}],"createdBy":"santoshiMandloi","modifiedBy":"santoshiMandloi"}
for2 5
URL : http://internal-qaplatformagentconfigurationserv-1810934581.us-east-1.elb.amazonaws.com/agent-configuration/v1/batchProfiles
Body : {"createdTime":"2020-06-04T13:49:16.401Z","modifiedTime":"2020-06-04T13:49:16.401Z","id":"2e6f6ae4-a66a-11ea-898b-12e97a1f6711","description":"platform-hyperv-plugin","tag":"rmm-core","targets":["partnerID":"$"||\'"$"}],"configurations":[{"packageName":"$platform-hyperv-plugin$"}],"createdBy":"santoshiMandloi","modifiedBy":"santoshiMandloi"}
Header : {'Content-Type': 'application/json', 'Connection': 'keep-alive'}
Cookie : {'': ''}
Error in executing: http://internal-qaplatformagentconfigurationserv-1810934581.us-east-1.elb.amazonaws.com/agent-configuration/v1/batchProfiles
['500', '500', '500', '500', '500']
['500', '500', '500', '500', '500']
Original BOdy ==============={"createdTime":"2020-06-04T13:49:16.401Z","modifiedTime":"2020-06-04T13:49:16.401Z","id":"2e6f6ae4-a66a-11ea-898b-12e97a1f6711","description":""||\'"","tag":"rmm-core","targets":["partnerID":"$1683$"}],"configurations":[{"packageName":"$"||\'"$"}],"createdBy":"santoshiMandloi","modifiedBy":"santoshiMandloi"}
for2 5
URL : http://internal-qaplatformagentconfigurationserv-1810934581.us-east-1.elb.amazonaws.com/agent-configuration/v1/batchProfiles
Body : {"createdTime":"2020-06-04T13:49:16.401Z","modifiedTime":"2020-06-04T13:49:16.401Z","id":"2e6f6ae4-a66a-11ea-898b-12e97a1f6711","description":""||\'"","tag":"rmm-core","targets":["partnerID":"$1683$"}],"configurations":[{"packageName":"$"||\'"$"}],"createdBy":"santoshiMandloi","modifiedBy":"santoshiMandloi"}
Header : {'Content-Type': 'application/json', 'Connection': 'keep-alive'}
Cookie : {'': ''}
Error in executing: http://internal-qaplatformagentconfigurationserv-1810934581.us-east-1.elb.amazonaws.com/agent-configuration/v1/batchProfiles
['500', '500', '500', '500', '500', '500']
['500', '500', '500', '500', '500', '500']
Row 4 = "1\'1"
Original BOdy ==============={"createdTime":"2020-06-04T13:49:16.401Z","modifiedTime":"2020-06-04T13:49:16.401Z","id":"2e6f6ae4-a66a-11ea-898b-12e97a1f6711","description":"platform-hyperv-plugin","tag":"rmm-core","targets":["partnerID":"$"1\'1"$"}],"configurations":[{"packageName":"$platform-hyperv-plugin$"}],"createdBy":"santoshiMandloi","modifiedBy":"santoshiMandloi"}
for2 6
URL : http://internal-qaplatformagentconfigurationserv-1810934581.us-east-1.elb.amazonaws.com/agent-configuration/v1/batchProfiles
Body : {"createdTime":"2020-06-04T13:49:16.401Z","modifiedTime":"2020-06-04T13:49:16.401Z","id":"2e6f6ae4-a66a-11ea-898b-12e97a1f6711","description":"platform-hyperv-plugin","tag":"rmm-core","targets":["partnerID":"$"1\'1"$"}],"configurations":[{"packageName":"$platform-hyperv-plugin$"}],"createdBy":"santoshiMandloi","modifiedBy":"santoshiMandloi"}
Header : {'Content-Type': 'application/json', 'Connection': 'keep-alive'}
Cookie : {'': ''}
Error in executing: http://internal-qaplatformagentconfigurationserv-1810934581.us-east-1.elb.amazonaws.com/agent-configuration/v1/batchProfiles
['500', '500', '500', '500', '500', '500', '500']
['500', '500', '500', '500', '500', '500', '500']
Original BOdy ==============={"createdTime":"2020-06-04T13:49:16.401Z","modifiedTime":"2020-06-04T13:49:16.401Z","id":"2e6f6ae4-a66a-11ea-898b-12e97a1f6711","description":""1\'1"","tag":"rmm-core","targets":["partnerID":"$1683$"}],"configurations":[{"packageName":"$"1\'1"$"}],"createdBy":"santoshiMandloi","modifiedBy":"santoshiMandloi"}
for2 6
URL : http://internal-qaplatformagentconfigurationserv-1810934581.us-east-1.elb.amazonaws.com/agent-configuration/v1/batchProfiles
Body : {"createdTime":"2020-06-04T13:49:16.401Z","modifiedTime":"2020-06-04T13:49:16.401Z","id":"2e6f6ae4-a66a-11ea-898b-12e97a1f6711","description":""1\'1"","tag":"rmm-core","targets":["partnerID":"$1683$"}],"configurations":[{"packageName":"$"1\'1"$"}],"createdBy":"santoshiMandloi","modifiedBy":"santoshiMandloi"}
Header : {'Content-Type': 'application/json', 'Connection': 'keep-alive'}
Cookie : {'': ''}
Error in executing: http://internal-qaplatformagentconfigurationserv-1810934581.us-east-1.elb.amazonaws.com/agent-configuration/v1/batchProfiles
['500', '500', '500', '500', '500', '500', '500', '500']
['500', '500', '500', '500', '500', '500', '500', '500']
Row 5 = "-%s"%(r_time())
Original BOdy ==============={"createdTime":"2020-06-04T13:49:16.401Z","modifiedTime":"2020-06-04T13:49:16.401Z","id":"2e6f6ae4-a66a-11ea-898b-12e97a1f6711","description":"platform-hyperv-plugin","tag":"rmm-core","targets":["partnerID":"$"-%s"%(r_time())$"}],"configurations":[{"packageName":"$platform-hyperv-plugin$"}],"createdBy":"santoshiMandloi","modifiedBy":"santoshiMandloi"}
for2 7
URL : http://internal-qaplatformagentconfigurationserv-1810934581.us-east-1.elb.amazonaws.com/agent-configuration/v1/batchProfiles
Body : {"createdTime":"2020-06-04T13:49:16.401Z","modifiedTime":"2020-06-04T13:49:16.401Z","id":"2e6f6ae4-a66a-11ea-898b-12e97a1f6711","description":"platform-hyperv-plugin","tag":"rmm-core","targets":["partnerID":"$"-%s"%(r_time())$"}],"configurations":[{"packageName":"$platform-hyperv-plugin$"}],"createdBy":"santoshiMandloi","modifiedBy":"santoshiMandloi"}
Header : {'Content-Type': 'application/json', 'Connection': 'keep-alive'}
Cookie : {'': ''}
Error in executing: http://internal-qaplatformagentconfigurationserv-1810934581.us-east-1.elb.amazonaws.com/agent-configuration/v1/batchProfiles
['500', '500', '500', '500', '500', '500', '500', '500', '500']
['500', '500', '500', '500', '500', '500', '500', '500', '500']
Original BOdy ==============={"createdTime":"2020-06-04T13:49:16.401Z","modifiedTime":"2020-06-04T13:49:16.401Z","id":"2e6f6ae4-a66a-11ea-898b-12e97a1f6711","description":""-%s"%(r_time())","tag":"rmm-core","targets":["partnerID":"$1683$"}],"configurations":[{"packageName":"$"-%s"%(r_time())$"}],"createdBy":"santoshiMandloi","modifiedBy":"santoshiMandloi"}
for2 7
URL : http://internal-qaplatformagentconfigurationserv-1810934581.us-east-1.elb.amazonaws.com/agent-configuration/v1/batchProfiles
Body : {"createdTime":"2020-06-04T13:49:16.401Z","modifiedTime":"2020-06-04T13:49:16.401Z","id":"2e6f6ae4-a66a-11ea-898b-12e97a1f6711","description":""-%s"%(r_time())","tag":"rmm-core","targets":["partnerID":"$1683$"}],"configurations":[{"packageName":"$"-%s"%(r_time())$"}],"createdBy":"santoshiMandloi","modifiedBy":"santoshiMandloi"}
Header : {'Content-Type': 'application/json', 'Connection': 'keep-alive'}
Cookie : {'': ''}
Error in executing: http://internal-qaplatformagentconfigurationserv-1810934581.us-east-1.elb.amazonaws.com/agent-configuration/v1/batchProfiles
['500', '500', '500', '500', '500', '500', '500', '500', '500', '500']
['500', '500', '500', '500', '500', '500', '500', '500', '500', '500']
Row 6 = "\'%s"%(r_time())
Original BOdy ==============={"createdTime":"2020-06-04T13:49:16.401Z","modifiedTime":"2020-06-04T13:49:16.401Z","id":"2e6f6ae4-a66a-11ea-898b-12e97a1f6711","description":"platform-hyperv-plugin","tag":"rmm-core","targets":["partnerID":"$"\'%s"%(r_time())$"}],"configurations":[{"packageName":"$platform-hyperv-plugin$"}],"createdBy":"santoshiMandloi","modifiedBy":"santoshiMandloi"}
for2 8
URL : http://internal-qaplatformagentconfigurationserv-1810934581.us-east-1.elb.amazonaws.com/agent-configuration/v1/batchProfiles
Body : {"createdTime":"2020-06-04T13:49:16.401Z","modifiedTime":"2020-06-04T13:49:16.401Z","id":"2e6f6ae4-a66a-11ea-898b-12e97a1f6711","description":"platform-hyperv-plugin","tag":"rmm-core","targets":["partnerID":"$"\'%s"%(r_time())$"}],"configurations":[{"packageName":"$platform-hyperv-plugin$"}],"createdBy":"santoshiMandloi","modifiedBy":"santoshiMandloi"}
Header : {'Content-Type': 'application/json', 'Connection': 'keep-alive'}
Cookie : {'': ''}
Error in executing: http://internal-qaplatformagentconfigurationserv-1810934581.us-east-1.elb.amazonaws.com/agent-configuration/v1/batchProfiles
['500', '500', '500', '500', '500', '500', '500', '500', '500', '500', '500']
['500', '500', '500', '500', '500', '500', '500', '500', '500', '500', '500']
Original BOdy ==============={"createdTime":"2020-06-04T13:49:16.401Z","modifiedTime":"2020-06-04T13:49:16.401Z","id":"2e6f6ae4-a66a-11ea-898b-12e97a1f6711","description":""\'%s"%(r_time())","tag":"rmm-core","targets":["partnerID":"$1683$"}],"configurations":[{"packageName":"$"\'%s"%(r_time())$"}],"createdBy":"santoshiMandloi","modifiedBy":"santoshiMandloi"}
for2 8
URL : http://internal-qaplatformagentconfigurationserv-1810934581.us-east-1.elb.amazonaws.com/agent-configuration/v1/batchProfiles
Body : {"createdTime":"2020-06-04T13:49:16.401Z","modifiedTime":"2020-06-04T13:49:16.401Z","id":"2e6f6ae4-a66a-11ea-898b-12e97a1f6711","description":""\'%s"%(r_time())","tag":"rmm-core","targets":["partnerID":"$1683$"}],"configurations":[{"packageName":"$"\'%s"%(r_time())$"}],"createdBy":"santoshiMandloi","modifiedBy":"santoshiMandloi"}
Header : {'Content-Type': 'application/json', 'Connection': 'keep-alive'}
Cookie : {'': ''}
Error in executing: http://internal-qaplatformagentconfigurationserv-1810934581.us-east-1.elb.amazonaws.com/agent-configuration/v1/batchProfiles
['500', '500', '500', '500', '500', '500', '500', '500', '500', '500', '500', '500']
['500', '500', '500', '500', '500', '500', '500', '500', '500', '500', '500', '500']
Row 7 = "%s\'"%(r_string(10))
Original BOdy ==============={"createdTime":"2020-06-04T13:49:16.401Z","modifiedTime":"2020-06-04T13:49:16.401Z","id":"2e6f6ae4-a66a-11ea-898b-12e97a1f6711","description":"platform-hyperv-plugin","tag":"rmm-core","targets":["partnerID":"$"%s\'"%(r_string(10))$"}],"configurations":[{"packageName":"$platform-hyperv-plugin$"}],"createdBy":"santoshiMandloi","modifiedBy":"santoshiMandloi"}
for2 9
URL : http://internal-qaplatformagentconfigurationserv-1810934581.us-east-1.elb.amazonaws.com/agent-configuration/v1/batchProfiles
Body : {"createdTime":"2020-06-04T13:49:16.401Z","modifiedTime":"2020-06-04T13:49:16.401Z","id":"2e6f6ae4-a66a-11ea-898b-12e97a1f6711","description":"platform-hyperv-plugin","tag":"rmm-core","targets":["partnerID":"$"%s\'"%(r_string(10))$"}],"configurations":[{"packageName":"$platform-hyperv-plugin$"}],"createdBy":"santoshiMandloi","modifiedBy":"santoshiMandloi"}
Header : {'Content-Type': 'application/json', 'Connection': 'keep-alive'}
Cookie : {'': ''}
Error in executing: http://internal-qaplatformagentconfigurationserv-1810934581.us-east-1.elb.amazonaws.com/agent-configuration/v1/batchProfiles
['500', '500', '500', '500', '500', '500', '500', '500', '500', '500', '500', '500', '500']
['500', '500', '500', '500', '500', '500', '500', '500', '500', '500', '500', '500', '500']
Original BOdy ==============={"createdTime":"2020-06-04T13:49:16.401Z","modifiedTime":"2020-06-04T13:49:16.401Z","id":"2e6f6ae4-a66a-11ea-898b-12e97a1f6711","description":""%s\'"%(r_string(10))","tag":"rmm-core","targets":["partnerID":"$1683$"}],"configurations":[{"packageName":"$"%s\'"%(r_string(10))$"}],"createdBy":"santoshiMandloi","modifiedBy":"santoshiMandloi"}
for2 9
URL : http://internal-qaplatformagentconfigurationserv-1810934581.us-east-1.elb.amazonaws.com/agent-configuration/v1/batchProfiles
Body : {"createdTime":"2020-06-04T13:49:16.401Z","modifiedTime":"2020-06-04T13:49:16.401Z","id":"2e6f6ae4-a66a-11ea-898b-12e97a1f6711","description":""%s\'"%(r_string(10))","tag":"rmm-core","targets":["partnerID":"$1683$"}],"configurations":[{"packageName":"$"%s\'"%(r_string(10))$"}],"createdBy":"santoshiMandloi","modifiedBy":"santoshiMandloi"}
Header : {'Content-Type': 'application/json', 'Connection': 'keep-alive'}
Cookie : {'': ''}
Error in executing: http://internal-qaplatformagentconfigurationserv-1810934581.us-east-1.elb.amazonaws.com/agent-configuration/v1/batchProfiles
['500', '500', '500', '500', '500', '500', '500', '500', '500', '500', '500', '500', '500', '500']
['500', '500', '500', '500', '500', '500', '500', '500', '500', '500', '500', '500', '500', '500']
Row 8 = "\\\"%s"%(r_string(10))
Original BOdy ==============={"createdTime":"2020-06-04T13:49:16.401Z","modifiedTime":"2020-06-04T13:49:16.401Z","id":"2e6f6ae4-a66a-11ea-898b-12e97a1f6711","description":"platform-hyperv-plugin","tag":"rmm-core","targets":["partnerID":"$"\\\"%s"%(r_string(10))$"}],"configurations":[{"packageName":"$platform-hyperv-plugin$"}],"createdBy":"santoshiMandloi","modifiedBy":"santoshiMandloi"}
for2 10
URL : http://internal-qaplatformagentconfigurationserv-1810934581.us-east-1.elb.amazonaws.com/agent-configuration/v1/batchProfiles
Body : {"createdTime":"2020-06-04T13:49:16.401Z","modifiedTime":"2020-06-04T13:49:16.401Z","id":"2e6f6ae4-a66a-11ea-898b-12e97a1f6711","description":"platform-hyperv-plugin","tag":"rmm-core","targets":["partnerID":"$"\\\"%s"%(r_string(10))$"}],"configurations":[{"packageName":"$platform-hyperv-plugin$"}],"createdBy":"santoshiMandloi","modifiedBy":"santoshiMandloi"}
Header : {'Content-Type': 'application/json', 'Connection': 'keep-alive'}
Cookie : {'': ''}
Error in executing: http://internal-qaplatformagentconfigurationserv-1810934581.us-east-1.elb.amazonaws.com/agent-configuration/v1/batchProfiles
['500', '500', '500', '500', '500', '500', '500', '500', '500', '500', '500', '500', '500', '500', '500']
['500', '500', '500', '500', '500', '500', '500', '500', '500', '500', '500', '500', '500', '500', '500']
Original BOdy ==============={"createdTime":"2020-06-04T13:49:16.401Z","modifiedTime":"2020-06-04T13:49:16.401Z","id":"2e6f6ae4-a66a-11ea-898b-12e97a1f6711","description":""\\\"%s"%(r_string(10))","tag":"rmm-core","targets":["partnerID":"$1683$"}],"configurations":[{"packageName":"$"\\\"%s"%(r_string(10))$"}],"createdBy":"santoshiMandloi","modifiedBy":"santoshiMandloi"}
for2 10
URL : http://internal-qaplatformagentconfigurationserv-1810934581.us-east-1.elb.amazonaws.com/agent-configuration/v1/batchProfiles
Body : {"createdTime":"2020-06-04T13:49:16.401Z","modifiedTime":"2020-06-04T13:49:16.401Z","id":"2e6f6ae4-a66a-11ea-898b-12e97a1f6711","description":""\\\"%s"%(r_string(10))","tag":"rmm-core","targets":["partnerID":"$1683$"}],"configurations":[{"packageName":"$"\\\"%s"%(r_string(10))$"}],"createdBy":"santoshiMandloi","modifiedBy":"santoshiMandloi"}
Header : {'Content-Type': 'application/json', 'Connection': 'keep-alive'}
Cookie : {'': ''}
Error in executing: http://internal-qaplatformagentconfigurationserv-1810934581.us-east-1.elb.amazonaws.com/agent-configuration/v1/batchProfiles
['500', '500', '500', '500', '500', '500', '500', '500', '500', '500', '500', '500', '500', '500', '500', '500']
['500', '500', '500', '500', '500', '500', '500', '500', '500', '500', '500', '500', '500', '500', '500', '500']
Row 9 = "%s=\'%s"%(r_time(),r_time())
Original BOdy ==============={"createdTime":"2020-06-04T13:49:16.401Z","modifiedTime":"2020-06-04T13:49:16.401Z","id":"2e6f6ae4-a66a-11ea-898b-12e97a1f6711","description":"platform-hyperv-plugin","tag":"rmm-core","targets":["partnerID":"$"%s=\'%s"%(r_time(),r_time())$"}],"configurations":[{"packageName":"$platform-hyperv-plugin$"}],"createdBy":"santoshiMandloi","modifiedBy":"santoshiMandloi"}
for2 11
URL : http://internal-qaplatformagentconfigurationserv-1810934581.us-east-1.elb.amazonaws.com/agent-configuration/v1/batchProfiles
Body : {"createdTime":"2020-06-04T13:49:16.401Z","modifiedTime":"2020-06-04T13:49:16.401Z","id":"2e6f6ae4-a66a-11ea-898b-12e97a1f6711","description":"platform-hyperv-plugin","tag":"rmm-core","targets":["partnerID":"$"%s=\'%s"%(r_time(),r_time())$"}],"configurations":[{"packageName":"$platform-hyperv-plugin$"}],"createdBy":"santoshiMandloi","modifiedBy":"santoshiMandloi"}
Header : {'Content-Type': 'application/json', 'Connection': 'keep-alive'}
Cookie : {'': ''}
Error in executing: http://internal-qaplatformagentconfigurationserv-1810934581.us-east-1.elb.amazonaws.com/agent-configuration/v1/batchProfiles
['500', '500', '500', '500', '500', '500', '500', '500', '500', '500', '500', '500', '500', '500', '500', '500', '500']
['500', '500', '500', '500', '500', '500', '500', '500', '500', '500', '500', '500', '500', '500', '500', '500', '500']
Original BOdy ==============={"createdTime":"2020-06-04T13:49:16.401Z","modifiedTime":"2020-06-04T13:49:16.401Z","id":"2e6f6ae4-a66a-11ea-898b-12e97a1f6711","description":""%s=\'%s"%(r_time(),r_time())","tag":"rmm-core","targets":["partnerID":"$1683$"}],"configurations":[{"packageName":"$"%s=\'%s"%(r_time(),r_time())$"}],"createdBy":"santoshiMandloi","modifiedBy":"santoshiMandloi"}
for2 11
URL : http://internal-qaplatformagentconfigurationserv-1810934581.us-east-1.elb.amazonaws.com/agent-configuration/v1/batchProfiles
Body : {"createdTime":"2020-06-04T13:49:16.401Z","modifiedTime":"2020-06-04T13:49:16.401Z","id":"2e6f6ae4-a66a-11ea-898b-12e97a1f6711","description":""%s=\'%s"%(r_time(),r_time())","tag":"rmm-core","targets":["partnerID":"$1683$"}],"configurations":[{"packageName":"$"%s=\'%s"%(r_time(),r_time())$"}],"createdBy":"santoshiMandloi","modifiedBy":"santoshiMandloi"}
Header : {'Content-Type': 'application/json', 'Connection': 'keep-alive'}
Cookie : {'': ''}
Error in executing: http://internal-qaplatformagentconfigurationserv-1810934581.us-east-1.elb.amazonaws.com/agent-configuration/v1/batchProfiles
['500', '500', '500', '500', '500', '500', '500', '500', '500', '500', '500', '500', '500', '500', '500', '500', '500', '500']
['500', '500', '500', '500', '500', '500', '500', '500', '500', '500', '500', '500', '500', '500', '500', '500', '500', '500']
Row 10 = "))\'+OR+%s=%s"%(r_time(),r_time())
Original BOdy ==============={"createdTime":"2020-06-04T13:49:16.401Z","modifiedTime":"2020-06-04T13:49:16.401Z","id":"2e6f6ae4-a66a-11ea-898b-12e97a1f6711","description":"platform-hyperv-plugin","tag":"rmm-core","targets":["partnerID":"$"))\'+OR+%s=%s"%(r_time(),r_time())$"}],"configurations":[{"packageName":"$platform-hyperv-plugin$"}],"createdBy":"santoshiMandloi","modifiedBy":"santoshiMandloi"}
for2 12
URL : http://internal-qaplatformagentconfigurationserv-1810934581.us-east-1.elb.amazonaws.com/agent-configuration/v1/batchProfiles
Body : {"createdTime":"2020-06-04T13:49:16.401Z","modifiedTime":"2020-06-04T13:49:16.401Z","id":"2e6f6ae4-a66a-11ea-898b-12e97a1f6711","description":"platform-hyperv-plugin","tag":"rmm-core","targets":["partnerID":"$"))\'+OR+%s=%s"%(r_time(),r_time())$"}],"configurations":[{"packageName":"$platform-hyperv-plugin$"}],"createdBy":"santoshiMandloi","modifiedBy":"santoshiMandloi"}
Header : {'Content-Type': 'application/json', 'Connection': 'keep-alive'}
Cookie : {'': ''}
Error in executing: http://internal-qaplatformagentconfigurationserv-1810934581.us-east-1.elb.amazonaws.com/agent-configuration/v1/batchProfiles
['500', '500', '500', '500', '500', '500', '500', '500', '500', '500', '500', '500', '500', '500', '500', '500', '500', '500', '500']
['500', '500', '500', '500', '500', '500', '500', '500', '500', '500', '500', '500', '500', '500', '500', '500', '500', '500', '500']
Original BOdy ==============={"createdTime":"2020-06-04T13:49:16.401Z","modifiedTime":"2020-06-04T13:49:16.401Z","id":"2e6f6ae4-a66a-11ea-898b-12e97a1f6711","description":""))\'+OR+%s=%s"%(r_time(),r_time())","tag":"rmm-core","targets":["partnerID":"$1683$"}],"configurations":[{"packageName":"$"))\'+OR+%s=%s"%(r_time(),r_time())$"}],"createdBy":"santoshiMandloi","modifiedBy":"santoshiMandloi"}
for2 12
URL : http://internal-qaplatformagentconfigurationserv-1810934581.us-east-1.elb.amazonaws.com/agent-configuration/v1/batchProfiles
Body : {"createdTime":"2020-06-04T13:49:16.401Z","modifiedTime":"2020-06-04T13:49:16.401Z","id":"2e6f6ae4-a66a-11ea-898b-12e97a1f6711","description":""))\'+OR+%s=%s"%(r_time(),r_time())","tag":"rmm-core","targets":["partnerID":"$1683$"}],"configurations":[{"packageName":"$"))\'+OR+%s=%s"%(r_time(),r_time())$"}],"createdBy":"santoshiMandloi","modifiedBy":"santoshiMandloi"}
Header : {'Content-Type': 'application/json', 'Connection': 'keep-alive'}
Cookie : {'': ''}
Error in executing: http://internal-qaplatformagentconfigurationserv-1810934581.us-east-1.elb.amazonaws.com/agent-configuration/v1/batchProfiles
['500', '500', '500', '500', '500', '500', '500', '500', '500', '500', '500', '500', '500', '500', '500', '500', '500', '500', '500', '500']
['500', '500', '500', '500', '500', '500', '500', '500', '500', '500', '500', '500', '500', '500', '500', '500', '500', '500', '500', '500']
Row 11 = "))) AND %s=%s"%(r_time(),r_time())
Original BOdy ==============={"createdTime":"2020-06-04T13:49:16.401Z","modifiedTime":"2020-06-04T13:49:16.401Z","id":"2e6f6ae4-a66a-11ea-898b-12e97a1f6711","description":"platform-hyperv-plugin","tag":"rmm-core","targets":["partnerID":"$"))) AND %s=%s"%(r_time(),r_time())$"}],"configurations":[{"packageName":"$platform-hyperv-plugin$"}],"createdBy":"santoshiMandloi","modifiedBy":"santoshiMandloi"}
for2 13
URL : http://internal-qaplatformagentconfigurationserv-1810934581.us-east-1.elb.amazonaws.com/agent-configuration/v1/batchProfiles
Body : {"createdTime":"2020-06-04T13:49:16.401Z","modifiedTime":"2020-06-04T13:49:16.401Z","id":"2e6f6ae4-a66a-11ea-898b-12e97a1f6711","description":"platform-hyperv-plugin","tag":"rmm-core","targets":["partnerID":"$"))) AND %s=%s"%(r_time(),r_time())$"}],"configurations":[{"packageName":"$platform-hyperv-plugin$"}],"createdBy":"santoshiMandloi","modifiedBy":"santoshiMandloi"}
Header : {'Content-Type': 'application/json', 'Connection': 'keep-alive'}
Cookie : {'': ''}
Error in executing: http://internal-qaplatformagentconfigurationserv-1810934581.us-east-1.elb.amazonaws.com/agent-configuration/v1/batchProfiles
['500', '500', '500', '500', '500', '500', '500', '500', '500', '500', '500', '500', '500', '500', '500', '500', '500', '500', '500', '500', '500']
['500', '500', '500', '500', '500', '500', '500', '500', '500', '500', '500', '500', '500', '500', '500', '500', '500', '500', '500', '500', '500']
Original BOdy ==============={"createdTime":"2020-06-04T13:49:16.401Z","modifiedTime":"2020-06-04T13:49:16.401Z","id":"2e6f6ae4-a66a-11ea-898b-12e97a1f6711","description":""))) AND %s=%s"%(r_time(),r_time())","tag":"rmm-core","targets":["partnerID":"$1683$"}],"configurations":[{"packageName":"$"))) AND %s=%s"%(r_time(),r_time())$"}],"createdBy":"santoshiMandloi","modifiedBy":"santoshiMandloi"}
for2 13
URL : http://internal-qaplatformagentconfigurationserv-1810934581.us-east-1.elb.amazonaws.com/agent-configuration/v1/batchProfiles
Body : {"createdTime":"2020-06-04T13:49:16.401Z","modifiedTime":"2020-06-04T13:49:16.401Z","id":"2e6f6ae4-a66a-11ea-898b-12e97a1f6711","description":""))) AND %s=%s"%(r_time(),r_time())","tag":"rmm-core","targets":["partnerID":"$1683$"}],"configurations":[{"packageName":"$"))) AND %s=%s"%(r_time(),r_time())$"}],"createdBy":"santoshiMandloi","modifiedBy":"santoshiMandloi"}
Header : {'Content-Type': 'application/json', 'Connection': 'keep-alive'}
Cookie : {'': ''}
Error in executing: http://internal-qaplatformagentconfigurationserv-1810934581.us-east-1.elb.amazonaws.com/agent-configuration/v1/batchProfiles
['500', '500', '500', '500', '500', '500', '500', '500', '500', '500', '500', '500', '500', '500', '500', '500', '500', '500', '500', '500', '500', '500']
['500', '500', '500', '500', '500', '500', '500', '500', '500', '500', '500', '500', '500', '500', '500', '500', '500', '500', '500', '500', '500', '500']
Row 12 = "; OR \'%s\'=\'%s\'"%(r_time(),r_time())
Original BOdy ==============={"createdTime":"2020-06-04T13:49:16.401Z","modifiedTime":"2020-06-04T13:49:16.401Z","id":"2e6f6ae4-a66a-11ea-898b-12e97a1f6711","description":"platform-hyperv-plugin","tag":"rmm-core","targets":["partnerID":"$"; OR \'%s\'=\'%s\'"%(r_time(),r_time())$"}],"configurations":[{"packageName":"$platform-hyperv-plugin$"}],"createdBy":"santoshiMandloi","modifiedBy":"santoshiMandloi"}
for2 14
URL : http://internal-qaplatformagentconfigurationserv-1810934581.us-east-1.elb.amazonaws.com/agent-configuration/v1/batchProfiles
Body : {"createdTime":"2020-06-04T13:49:16.401Z","modifiedTime":"2020-06-04T13:49:16.401Z","id":"2e6f6ae4-a66a-11ea-898b-12e97a1f6711","description":"platform-hyperv-plugin","tag":"rmm-core","targets":["partnerID":"$"; OR \'%s\'=\'%s\'"%(r_time(),r_time())$"}],"configurations":[{"packageName":"$platform-hyperv-plugin$"}],"createdBy":"santoshiMandloi","modifiedBy":"santoshiMandloi"}
Header : {'Content-Type': 'application/json', 'Connection': 'keep-alive'}
Cookie : {'': ''}
Error in executing: http://internal-qaplatformagentconfigurationserv-1810934581.us-east-1.elb.amazonaws.com/agent-configuration/v1/batchProfiles
['500', '500', '500', '500', '500', '500', '500', '500', '500', '500', '500', '500', '500', '500', '500', '500', '500', '500', '500', '500', '500', '500', '500']
['500', '500', '500', '500', '500', '500', '500', '500', '500', '500', '500', '500', '500', '500', '500', '500', '500', '500', '500', '500', '500', '500', '500']
Original BOdy ==============={"createdTime":"2020-06-04T13:49:16.401Z","modifiedTime":"2020-06-04T13:49:16.401Z","id":"2e6f6ae4-a66a-11ea-898b-12e97a1f6711","description":""; OR \'%s\'=\'%s\'"%(r_time(),r_time())","tag":"rmm-core","targets":["partnerID":"$1683$"}],"configurations":[{"packageName":"$"; OR \'%s\'=\'%s\'"%(r_time(),r_time())$"}],"createdBy":"santoshiMandloi","modifiedBy":"santoshiMandloi"}
for2 14
URL : http://internal-qaplatformagentconfigurationserv-1810934581.us-east-1.elb.amazonaws.com/agent-configuration/v1/batchProfiles
Body : {"createdTime":"2020-06-04T13:49:16.401Z","modifiedTime":"2020-06-04T13:49:16.401Z","id":"2e6f6ae4-a66a-11ea-898b-12e97a1f6711","description":""; OR \'%s\'=\'%s\'"%(r_time(),r_time())","tag":"rmm-core","targets":["partnerID":"$1683$"}],"configurations":[{"packageName":"$"; OR \'%s\'=\'%s\'"%(r_time(),r_time())$"}],"createdBy":"santoshiMandloi","modifiedBy":"santoshiMandloi"}
Header : {'Content-Type': 'application/json', 'Connection': 'keep-alive'}
Cookie : {'': ''}
Error in executing: http://internal-qaplatformagentconfigurationserv-1810934581.us-east-1.elb.amazonaws.com/agent-configuration/v1/batchProfiles
['500', '500', '500', '500', '500', '500', '500', '500', '500', '500', '500', '500', '500', '500', '500', '500', '500', '500', '500', '500', '500', '500', '500', '500']
['500', '500', '500', '500', '500', '500', '500', '500', '500', '500', '500', '500', '500', '500', '500', '500', '500', '500', '500', '500', '500', '500', '500', '500']
Row 13 = "\'OR \'))%s=%s --"%(r_time(),r_time())
Original BOdy ==============={"createdTime":"2020-06-04T13:49:16.401Z","modifiedTime":"2020-06-04T13:49:16.401Z","id":"2e6f6ae4-a66a-11ea-898b-12e97a1f6711","description":"platform-hyperv-plugin","tag":"rmm-core","targets":["partnerID":"$"\'OR \'))%s=%s --"%(r_time(),r_time())$"}],"configurations":[{"packageName":"$platform-hyperv-plugin$"}],"createdBy":"santoshiMandloi","modifiedBy":"santoshiMandloi"}
for2 15
URL : http://internal-qaplatformagentconfigurationserv-1810934581.us-east-1.elb.amazonaws.com/agent-configuration/v1/batchProfiles
Body : {"createdTime":"2020-06-04T13:49:16.401Z","modifiedTime":"2020-06-04T13:49:16.401Z","id":"2e6f6ae4-a66a-11ea-898b-12e97a1f6711","description":"platform-hyperv-plugin","tag":"rmm-core","targets":["partnerID":"$"\'OR \'))%s=%s --"%(r_time(),r_time())$"}],"configurations":[{"packageName":"$platform-hyperv-plugin$"}],"createdBy":"santoshiMandloi","modifiedBy":"santoshiMandloi"}
Header : {'Content-Type': 'application/json', 'Connection': 'keep-alive'}
Cookie : {'': ''}
Error in executing: http://internal-qaplatformagentconfigurationserv-1810934581.us-east-1.elb.amazonaws.com/agent-configuration/v1/batchProfiles
['500', '500', '500', '500', '500', '500', '500', '500', '500', '500', '500', '500', '500', '500', '500', '500', '500', '500', '500', '500', '500', '500', '500', '500', '500']
['500', '500', '500', '500', '500', '500', '500', '500', '500', '500', '500', '500', '500', '500', '500', '500', '500', '500', '500', '500', '500', '500', '500', '500', '500']
Original BOdy ==============={"createdTime":"2020-06-04T13:49:16.401Z","modifiedTime":"2020-06-04T13:49:16.401Z","id":"2e6f6ae4-a66a-11ea-898b-12e97a1f6711","description":""\'OR \'))%s=%s --"%(r_time(),r_time())","tag":"rmm-core","targets":["partnerID":"$1683$"}],"configurations":[{"packageName":"$"\'OR \'))%s=%s --"%(r_time(),r_time())$"}],"createdBy":"santoshiMandloi","modifiedBy":"santoshiMandloi"}
for2 15
URL : http://internal-qaplatformagentconfigurationserv-1810934581.us-east-1.elb.amazonaws.com/agent-configuration/v1/batchProfiles
Body : {"createdTime":"2020-06-04T13:49:16.401Z","modifiedTime":"2020-06-04T13:49:16.401Z","id":"2e6f6ae4-a66a-11ea-898b-12e97a1f6711","description":""\'OR \'))%s=%s --"%(r_time(),r_time())","tag":"rmm-core","targets":["partnerID":"$1683$"}],"configurations":[{"packageName":"$"\'OR \'))%s=%s --"%(r_time(),r_time())$"}],"createdBy":"santoshiMandloi","modifiedBy":"santoshiMandloi"}
Header : {'Content-Type': 'application/json', 'Connection': 'keep-alive'}
Cookie : {'': ''}
Error in executing: http://internal-qaplatformagentconfigurationserv-1810934581.us-east-1.elb.amazonaws.com/agent-configuration/v1/batchProfiles
['500', '500', '500', '500', '500', '500', '500', '500', '500', '500', '500', '500', '500', '500', '500', '500', '500', '500', '500', '500', '500', '500', '500', '500', '500', '500']
['500', '500', '500', '500', '500', '500', '500', '500', '500', '500', '500', '500', '500', '500', '500', '500', '500', '500', '500', '500', '500', '500', '500', '500', '500', '500']
Row 14 = "\'AND \')))%s=%s --#"%(r_time(),r_time())
Original BOdy ==============={"createdTime":"2020-06-04T13:49:16.401Z","modifiedTime":"2020-06-04T13:49:16.401Z","id":"2e6f6ae4-a66a-11ea-898b-12e97a1f6711","description":"platform-hyperv-plugin","tag":"rmm-core","targets":["partnerID":"$"\'AND \')))%s=%s --#"%(r_time(),r_time())$"}],"configurations":[{"packageName":"$platform-hyperv-plugin$"}],"createdBy":"santoshiMandloi","modifiedBy":"santoshiMandloi"}
for2 16
URL : http://internal-qaplatformagentconfigurationserv-1810934581.us-east-1.elb.amazonaws.com/agent-configuration/v1/batchProfiles
Body : {"createdTime":"2020-06-04T13:49:16.401Z","modifiedTime":"2020-06-04T13:49:16.401Z","id":"2e6f6ae4-a66a-11ea-898b-12e97a1f6711","description":"platform-hyperv-plugin","tag":"rmm-core","targets":["partnerID":"$"\'AND \')))%s=%s --#"%(r_time(),r_time())$"}],"configurations":[{"packageName":"$platform-hyperv-plugin$"}],"createdBy":"santoshiMandloi","modifiedBy":"santoshiMandloi"}
Header : {'Content-Type': 'application/json', 'Connection': 'keep-alive'}
Cookie : {'': ''}
Error in executing: http://internal-qaplatformagentconfigurationserv-1810934581.us-east-1.elb.amazonaws.com/agent-configuration/v1/batchProfiles
['500', '500', '500', '500', '500', '500', '500', '500', '500', '500', '500', '500', '500', '500', '500', '500', '500', '500', '500', '500', '500', '500', '500', '500', '500', '500', '500']
['500', '500', '500', '500', '500', '500', '500', '500', '500', '500', '500', '500', '500', '500', '500', '500', '500', '500', '500', '500', '500', '500', '500', '500', '500', '500', '500']
Original BOdy ==============={"createdTime":"2020-06-04T13:49:16.401Z","modifiedTime":"2020-06-04T13:49:16.401Z","id":"2e6f6ae4-a66a-11ea-898b-12e97a1f6711","description":""\'AND \')))%s=%s --#"%(r_time(),r_time())","tag":"rmm-core","targets":["partnerID":"$1683$"}],"configurations":[{"packageName":"$"\'AND \')))%s=%s --#"%(r_time(),r_time())$"}],"createdBy":"santoshiMandloi","modifiedBy":"santoshiMandloi"}
for2 16
URL : http://internal-qaplatformagentconfigurationserv-1810934581.us-east-1.elb.amazonaws.com/agent-configuration/v1/batchProfiles
Body : {"createdTime":"2020-06-04T13:49:16.401Z","modifiedTime":"2020-06-04T13:49:16.401Z","id":"2e6f6ae4-a66a-11ea-898b-12e97a1f6711","description":""\'AND \')))%s=%s --#"%(r_time(),r_time())","tag":"rmm-core","targets":["partnerID":"$1683$"}],"configurations":[{"packageName":"$"\'AND \')))%s=%s --#"%(r_time(),r_time())$"}],"createdBy":"santoshiMandloi","modifiedBy":"santoshiMandloi"}
Header : {'Content-Type': 'application/json', 'Connection': 'keep-alive'}
Cookie : {'': ''}
Error in executing: http://internal-qaplatformagentconfigurationserv-1810934581.us-east-1.elb.amazonaws.com/agent-configuration/v1/batchProfiles
['500', '500', '500', '500', '500', '500', '500', '500', '500', '500', '500', '500', '500', '500', '500', '500', '500', '500', '500', '500', '500', '500', '500', '500', '500', '500', '500', '500']
['500', '500', '500', '500', '500', '500', '500', '500', '500', '500', '500', '500', '500', '500', '500', '500', '500', '500', '500', '500', '500', '500', '500', '500', '500', '500', '500', '500']
Row 15 = " %s 1=1 --"%(r_string(20))
Original BOdy ==============={"createdTime":"2020-06-04T13:49:16.401Z","modifiedTime":"2020-06-04T13:49:16.401Z","id":"2e6f6ae4-a66a-11ea-898b-12e97a1f6711","description":"platform-hyperv-plugin","tag":"rmm-core","targets":["partnerID":"$" %s 1=1 --"%(r_string(20))$"}],"configurations":[{"packageName":"$platform-hyperv-plugin$"}],"createdBy":"santoshiMandloi","modifiedBy":"santoshiMandloi"}
for2 17
URL : http://internal-qaplatformagentconfigurationserv-1810934581.us-east-1.elb.amazonaws.com/agent-configuration/v1/batchProfiles
Body : {"createdTime":"2020-06-04T13:49:16.401Z","modifiedTime":"2020-06-04T13:49:16.401Z","id":"2e6f6ae4-a66a-11ea-898b-12e97a1f6711","description":"platform-hyperv-plugin","tag":"rmm-core","targets":["partnerID":"$" %s 1=1 --"%(r_string(20))$"}],"configurations":[{"packageName":"$platform-hyperv-plugin$"}],"createdBy":"santoshiMandloi","modifiedBy":"santoshiMandloi"}
Header : {'Content-Type': 'application/json', 'Connection': 'keep-alive'}
Cookie : {'': ''}
Error in executing: http://internal-qaplatformagentconfigurationserv-1810934581.us-east-1.elb.amazonaws.com/agent-configuration/v1/batchProfiles
['500', '500', '500', '500', '500', '500', '500', '500', '500', '500', '500', '500', '500', '500', '500', '500', '500', '500', '500', '500', '500', '500', '500', '500', '500', '500', '500', '500', '500']
['500', '500', '500', '500', '500', '500', '500', '500', '500', '500', '500', '500', '500', '500', '500', '500', '500', '500', '500', '500', '500', '500', '500', '500', '500', '500', '500', '500', '500']
Original BOdy ==============={"createdTime":"2020-06-04T13:49:16.401Z","modifiedTime":"2020-06-04T13:49:16.401Z","id":"2e6f6ae4-a66a-11ea-898b-12e97a1f6711","description":"" %s 1=1 --"%(r_string(20))","tag":"rmm-core","targets":["partnerID":"$1683$"}],"configurations":[{"packageName":"$" %s 1=1 --"%(r_string(20))$"}],"createdBy":"santoshiMandloi","modifiedBy":"santoshiMandloi"}
for2 17
URL : http://internal-qaplatformagentconfigurationserv-1810934581.us-east-1.elb.amazonaws.com/agent-configuration/v1/batchProfiles
Body : {"createdTime":"2020-06-04T13:49:16.401Z","modifiedTime":"2020-06-04T13:49:16.401Z","id":"2e6f6ae4-a66a-11ea-898b-12e97a1f6711","description":"" %s 1=1 --"%(r_string(20))","tag":"rmm-core","targets":["partnerID":"$1683$"}],"configurations":[{"packageName":"$" %s 1=1 --"%(r_string(20))$"}],"createdBy":"santoshiMandloi","modifiedBy":"santoshiMandloi"}
Header : {'Content-Type': 'application/json', 'Connection': 'keep-alive'}
Cookie : {'': ''}
Error in executing: http://internal-qaplatformagentconfigurationserv-1810934581.us-east-1.elb.amazonaws.com/agent-configuration/v1/batchProfiles
['500', '500', '500', '500', '500', '500', '500', '500', '500', '500', '500', '500', '500', '500', '500', '500', '500', '500', '500', '500', '500', '500', '500', '500', '500', '500', '500', '500', '500', '500']
['500', '500', '500', '500', '500', '500', '500', '500', '500', '500', '500', '500', '500', '500', '500', '500', '500', '500', '500', '500', '500', '500', '500', '500', '500', '500', '500', '500', '500', '500']
Row 16 = " or sleep(%s)=\'"%(r_time())
Original BOdy ==============={"createdTime":"2020-06-04T13:49:16.401Z","modifiedTime":"2020-06-04T13:49:16.401Z","id":"2e6f6ae4-a66a-11ea-898b-12e97a1f6711","description":"platform-hyperv-plugin","tag":"rmm-core","targets":["partnerID":"$" or sleep(%s)=\'"%(r_time())$"}],"configurations":[{"packageName":"$platform-hyperv-plugin$"}],"createdBy":"santoshiMandloi","modifiedBy":"santoshiMandloi"}
for2 18
URL : http://internal-qaplatformagentconfigurationserv-1810934581.us-east-1.elb.amazonaws.com/agent-configuration/v1/batchProfiles
Body : {"createdTime":"2020-06-04T13:49:16.401Z","modifiedTime":"2020-06-04T13:49:16.401Z","id":"2e6f6ae4-a66a-11ea-898b-12e97a1f6711","description":"platform-hyperv-plugin","tag":"rmm-core","targets":["partnerID":"$" or sleep(%s)=\'"%(r_time())$"}],"configurations":[{"packageName":"$platform-hyperv-plugin$"}],"createdBy":"santoshiMandloi","modifiedBy":"santoshiMandloi"}
Header : {'Content-Type': 'application/json', 'Connection': 'keep-alive'}
Cookie : {'': ''}
Error in executing: http://internal-qaplatformagentconfigurationserv-1810934581.us-east-1.elb.amazonaws.com/agent-configuration/v1/batchProfiles
['500', '500', '500', '500', '500', '500', '500', '500', '500', '500', '500', '500', '500', '500', '500', '500', '500', '500', '500', '500', '500', '500', '500', '500', '500', '500', '500', '500', '500', '500', '500']
['500', '500', '500', '500', '500', '500', '500', '500', '500', '500', '500', '500', '500', '500', '500', '500', '500', '500', '500', '500', '500', '500', '500', '500', '500', '500', '500', '500', '500', '500', '500']
Original BOdy ==============={"createdTime":"2020-06-04T13:49:16.401Z","modifiedTime":"2020-06-04T13:49:16.401Z","id":"2e6f6ae4-a66a-11ea-898b-12e97a1f6711","description":"" or sleep(%s)=\'"%(r_time())","tag":"rmm-core","targets":["partnerID":"$1683$"}],"configurations":[{"packageName":"$" or sleep(%s)=\'"%(r_time())$"}],"createdBy":"santoshiMandloi","modifiedBy":"santoshiMandloi"}
for2 18
URL : http://internal-qaplatformagentconfigurationserv-1810934581.us-east-1.elb.amazonaws.com/agent-configuration/v1/batchProfiles
Body : {"createdTime":"2020-06-04T13:49:16.401Z","modifiedTime":"2020-06-04T13:49:16.401Z","id":"2e6f6ae4-a66a-11ea-898b-12e97a1f6711","description":"" or sleep(%s)=\'"%(r_time())","tag":"rmm-core","targets":["partnerID":"$1683$"}],"configurations":[{"packageName":"$" or sleep(%s)=\'"%(r_time())$"}],"createdBy":"santoshiMandloi","modifiedBy":"santoshiMandloi"}
Header : {'Content-Type': 'application/json', 'Connection': 'keep-alive'}
Cookie : {'': ''}
Error in executing: http://internal-qaplatformagentconfigurationserv-1810934581.us-east-1.elb.amazonaws.com/agent-configuration/v1/batchProfiles
['500', '500', '500', '500', '500', '500', '500', '500', '500', '500', '500', '500', '500', '500', '500', '500', '500', '500', '500', '500', '500', '500', '500', '500', '500', '500', '500', '500', '500', '500', '500', '500']
['500', '500', '500', '500', '500', '500', '500', '500', '500', '500', '500', '500', '500', '500', '500', '500', '500', '500', '500', '500', '500', '500', '500', '500', '500', '500', '500', '500', '500', '500', '500', '500']
Row 17 = "%s' AND userid IS NULL; --"%(r_string(10))
Original BOdy ==============={"createdTime":"2020-06-04T13:49:16.401Z","modifiedTime":"2020-06-04T13:49:16.401Z","id":"2e6f6ae4-a66a-11ea-898b-12e97a1f6711","description":"platform-hyperv-plugin","tag":"rmm-core","targets":["partnerID":"$"%s' AND userid IS NULL; --"%(r_string(10))$"}],"configurations":[{"packageName":"$platform-hyperv-plugin$"}],"createdBy":"santoshiMandloi","modifiedBy":"santoshiMandloi"}
for2 19
URL : http://internal-qaplatformagentconfigurationserv-1810934581.us-east-1.elb.amazonaws.com/agent-configuration/v1/batchProfiles
Body : {"createdTime":"2020-06-04T13:49:16.401Z","modifiedTime":"2020-06-04T13:49:16.401Z","id":"2e6f6ae4-a66a-11ea-898b-12e97a1f6711","description":"platform-hyperv-plugin","tag":"rmm-core","targets":["partnerID":"$"%s' AND userid IS NULL; --"%(r_string(10))$"}],"configurations":[{"packageName":"$platform-hyperv-plugin$"}],"createdBy":"santoshiMandloi","modifiedBy":"santoshiMandloi"}
Header : {'Content-Type': 'application/json', 'Connection': 'keep-alive'}
Cookie : {'': ''}
Error in executing: http://internal-qaplatformagentconfigurationserv-1810934581.us-east-1.elb.amazonaws.com/agent-configuration/v1/batchProfiles
['500', '500', '500', '500', '500', '500', '500', '500', '500', '500', '500', '500', '500', '500', '500', '500', '500', '500', '500', '500', '500', '500', '500', '500', '500', '500', '500', '500', '500', '500', '500', '500', '500']
['500', '500', '500', '500', '500', '500', '500', '500', '500', '500', '500', '500', '500', '500', '500', '500', '500', '500', '500', '500', '500', '500', '500', '500', '500', '500', '500', '500', '500', '500', '500', '500', '500']
Original BOdy ==============={"createdTime":"2020-06-04T13:49:16.401Z","modifiedTime":"2020-06-04T13:49:16.401Z","id":"2e6f6ae4-a66a-11ea-898b-12e97a1f6711","description":""%s' AND userid IS NULL; --"%(r_string(10))","tag":"rmm-core","targets":["partnerID":"$1683$"}],"configurations":[{"packageName":"$"%s' AND userid IS NULL; --"%(r_string(10))$"}],"createdBy":"santoshiMandloi","modifiedBy":"santoshiMandloi"}
for2 19
URL : http://internal-qaplatformagentconfigurationserv-1810934581.us-east-1.elb.amazonaws.com/agent-configuration/v1/batchProfiles
Body : {"createdTime":"2020-06-04T13:49:16.401Z","modifiedTime":"2020-06-04T13:49:16.401Z","id":"2e6f6ae4-a66a-11ea-898b-12e97a1f6711","description":""%s' AND userid IS NULL; --"%(r_string(10))","tag":"rmm-core","targets":["partnerID":"$1683$"}],"configurations":[{"packageName":"$"%s' AND userid IS NULL; --"%(r_string(10))$"}],"createdBy":"santoshiMandloi","modifiedBy":"santoshiMandloi"}
Header : {'Content-Type': 'application/json', 'Connection': 'keep-alive'}
Cookie : {'': ''}
Error in executing: http://internal-qaplatformagentconfigurationserv-1810934581.us-east-1.elb.amazonaws.com/agent-configuration/v1/batchProfiles
['500', '500', '500', '500', '500', '500', '500', '500', '500', '500', '500', '500', '500', '500', '500', '500', '500', '500', '500', '500', '500', '500', '500', '500', '500', '500', '500', '500', '500', '500', '500', '500', '500', '500']
['500', '500', '500', '500', '500', '500', '500', '500', '500', '500', '500', '500', '500', '500', '500', '500', '500', '500', '500', '500', '500', '500', '500', '500', '500', '500', '500', '500', '500', '500', '500', '500', '500', '500']
Row 18 = "\") or pg_sleep(%s)--"%(r_time())
Original BOdy ==============={"createdTime":"2020-06-04T13:49:16.401Z","modifiedTime":"2020-06-04T13:49:16.401Z","id":"2e6f6ae4-a66a-11ea-898b-12e97a1f6711","description":"platform-hyperv-plugin","tag":"rmm-core","targets":["partnerID":"$"\") or pg_sleep(%s)--"%(r_time())$"}],"configurations":[{"packageName":"$platform-hyperv-plugin$"}],"createdBy":"santoshiMandloi","modifiedBy":"santoshiMandloi"}
for2 20
URL : http://internal-qaplatformagentconfigurationserv-1810934581.us-east-1.elb.amazonaws.com/agent-configuration/v1/batchProfiles
Body : {"createdTime":"2020-06-04T13:49:16.401Z","modifiedTime":"2020-06-04T13:49:16.401Z","id":"2e6f6ae4-a66a-11ea-898b-12e97a1f6711","description":"platform-hyperv-plugin","tag":"rmm-core","targets":["partnerID":"$"\") or pg_sleep(%s)--"%(r_time())$"}],"configurations":[{"packageName":"$platform-hyperv-plugin$"}],"createdBy":"santoshiMandloi","modifiedBy":"santoshiMandloi"}
Header : {'Content-Type': 'application/json', 'Connection': 'keep-alive'}
Cookie : {'': ''}
Error in executing: http://internal-qaplatformagentconfigurationserv-1810934581.us-east-1.elb.amazonaws.com/agent-configuration/v1/batchProfiles
['500', '500', '500', '500', '500', '500', '500', '500', '500', '500', '500', '500', '500', '500', '500', '500', '500', '500', '500', '500', '500', '500', '500', '500', '500', '500', '500', '500', '500', '500', '500', '500', '500', '500', '500']
['500', '500', '500', '500', '500', '500', '500', '500', '500', '500', '500', '500', '500', '500', '500', '500', '500', '500', '500', '500', '500', '500', '500', '500', '500', '500', '500', '500', '500', '500', '500', '500', '500', '500', '500']
Original BOdy ==============={"createdTime":"2020-06-04T13:49:16.401Z","modifiedTime":"2020-06-04T13:49:16.401Z","id":"2e6f6ae4-a66a-11ea-898b-12e97a1f6711","description":""\") or pg_sleep(%s)--"%(r_time())","tag":"rmm-core","targets":["partnerID":"$1683$"}],"configurations":[{"packageName":"$"\") or pg_sleep(%s)--"%(r_time())$"}],"createdBy":"santoshiMandloi","modifiedBy":"santoshiMandloi"}
for2 20
URL : http://internal-qaplatformagentconfigurationserv-1810934581.us-east-1.elb.amazonaws.com/agent-configuration/v1/batchProfiles
Body : {"createdTime":"2020-06-04T13:49:16.401Z","modifiedTime":"2020-06-04T13:49:16.401Z","id":"2e6f6ae4-a66a-11ea-898b-12e97a1f6711","description":""\") or pg_sleep(%s)--"%(r_time())","tag":"rmm-core","targets":["partnerID":"$1683$"}],"configurations":[{"packageName":"$"\") or pg_sleep(%s)--"%(r_time())$"}],"createdBy":"santoshiMandloi","modifiedBy":"santoshiMandloi"}
Header : {'Content-Type': 'application/json', 'Connection': 'keep-alive'}
Cookie : {'': ''}
Error in executing: http://internal-qaplatformagentconfigurationserv-1810934581.us-east-1.elb.amazonaws.com/agent-configuration/v1/batchProfiles
['500', '500', '500', '500', '500', '500', '500', '500', '500', '500', '500', '500', '500', '500', '500', '500', '500', '500', '500', '500', '500', '500', '500', '500', '500', '500', '500', '500', '500', '500', '500', '500', '500', '500', '500', '500']
['500', '500', '500', '500', '500', '500', '500', '500', '500', '500', '500', '500', '500', '500', '500', '500', '500', '500', '500', '500', '500', '500', '500', '500', '500', '500', '500', '500', '500', '500', '500', '500', '500', '500', '500', '500']
Row 19 = "; exec (\'sel\' + \'ect us\' + \'er\')"
Original BOdy ==============={"createdTime":"2020-06-04T13:49:16.401Z","modifiedTime":"2020-06-04T13:49:16.401Z","id":"2e6f6ae4-a66a-11ea-898b-12e97a1f6711","description":"platform-hyperv-plugin","tag":"rmm-core","targets":["partnerID":"$"; exec (\'sel\' + \'ect us\' + \'er\')"$"}],"configurations":[{"packageName":"$platform-hyperv-plugin$"}],"createdBy":"santoshiMandloi","modifiedBy":"santoshiMandloi"}
for2 21
URL : http://internal-qaplatformagentconfigurationserv-1810934581.us-east-1.elb.amazonaws.com/agent-configuration/v1/batchProfiles
Body : {"createdTime":"2020-06-04T13:49:16.401Z","modifiedTime":"2020-06-04T13:49:16.401Z","id":"2e6f6ae4-a66a-11ea-898b-12e97a1f6711","description":"platform-hyperv-plugin","tag":"rmm-core","targets":["partnerID":"$"; exec (\'sel\' + \'ect us\' + \'er\')"$"}],"configurations":[{"packageName":"$platform-hyperv-plugin$"}],"createdBy":"santoshiMandloi","modifiedBy":"santoshiMandloi"}
Header : {'Content-Type': 'application/json', 'Connection': 'keep-alive'}
Cookie : {'': ''}
Error in executing: http://internal-qaplatformagentconfigurationserv-1810934581.us-east-1.elb.amazonaws.com/agent-configuration/v1/batchProfiles
['500', '500', '500', '500', '500', '500', '500', '500', '500', '500', '500', '500', '500', '500', '500', '500', '500', '500', '500', '500', '500', '500', '500', '500', '500', '500', '500', '500', '500', '500', '500', '500', '500', '500', '500', '500', '500']
['500', '500', '500', '500', '500', '500', '500', '500', '500', '500', '500', '500', '500', '500', '500', '500', '500', '500', '500', '500', '500', '500', '500', '500', '500', '500', '500', '500', '500', '500', '500', '500', '500', '500', '500', '500', '500']
Original BOdy ==============={"createdTime":"2020-06-04T13:49:16.401Z","modifiedTime":"2020-06-04T13:49:16.401Z","id":"2e6f6ae4-a66a-11ea-898b-12e97a1f6711","description":""; exec (\'sel\' + \'ect us\' + \'er\')"","tag":"rmm-core","targets":["partnerID":"$1683$"}],"configurations":[{"packageName":"$"; exec (\'sel\' + \'ect us\' + \'er\')"$"}],"createdBy":"santoshiMandloi","modifiedBy":"santoshiMandloi"}
for2 21
URL : http://internal-qaplatformagentconfigurationserv-1810934581.us-east-1.elb.amazonaws.com/agent-configuration/v1/batchProfiles
Body : {"createdTime":"2020-06-04T13:49:16.401Z","modifiedTime":"2020-06-04T13:49:16.401Z","id":"2e6f6ae4-a66a-11ea-898b-12e97a1f6711","description":""; exec (\'sel\' + \'ect us\' + \'er\')"","tag":"rmm-core","targets":["partnerID":"$1683$"}],"configurations":[{"packageName":"$"; exec (\'sel\' + \'ect us\' + \'er\')"$"}],"createdBy":"santoshiMandloi","modifiedBy":"santoshiMandloi"}
Header : {'Content-Type': 'application/json', 'Connection': 'keep-alive'}
Cookie : {'': ''}
Error in executing: http://internal-qaplatformagentconfigurationserv-1810934581.us-east-1.elb.amazonaws.com/agent-configuration/v1/batchProfiles
['500', '500', '500', '500', '500', '500', '500', '500', '500', '500', '500', '500', '500', '500', '500', '500', '500', '500', '500', '500', '500', '500', '500', '500', '500', '500', '500', '500', '500', '500', '500', '500', '500', '500', '500', '500', '500', '500']
['500', '500', '500', '500', '500', '500', '500', '500', '500', '500', '500', '500', '500', '500', '500', '500', '500', '500', '500', '500', '500', '500', '500', '500', '500', '500', '500', '500', '500', '500', '500', '500', '500', '500', '500', '500', '500', '500']
for 21
for 21
for 21
for 21
for 21
for 21</msg>
<msg timestamp="20201210 15:13:38.322" level="INFO">${result} = ['500', '500', '500', '500', '500', '500', '500', '500', '500', '500', '500', '500', '500', '500', '500', '500', '500', '500', '500', '500', '500', '500', '500', '500', '500', '500', '500', '500', '50...</msg>
<status status="PASS" starttime="20201210 15:07:17.846" endtime="20201210 15:13:38.322"></status>
</kw>
<kw name="Log To Console" library="BuiltIn">
<doc>Logs the given message to the console.</doc>
<arguments>
<arg>${result}</arg>
</arguments>
<status status="PASS" starttime="20201210 15:13:38.322" endtime="20201210 15:13:38.349"></status>
</kw>
<kw name="List Should Not Contain Value" library="Collections">
<doc>Fails if the ``value`` is found from ``list``.</doc>
<arguments>
<arg>${result}</arg>
<arg>200</arg>
</arguments>
<status status="PASS" starttime="20201210 15:13:38.350" endtime="20201210 15:13:38.350"></status>
</kw>
<kw name="List Should Not Contain Value" library="Collections">
<doc>Fails if the ``value`` is found from ``list``.</doc>
<arguments>
<arg>${result}</arg>
<arg>201</arg>
</arguments>
<status status="PASS" starttime="20201210 15:13:38.351" endtime="20201210 15:13:38.351"></status>
</kw>
<kw name="List Should Not Contain Value" library="Collections">
<doc>Fails if the ``value`` is found from ``list``.</doc>
<arguments>
<arg>${result}</arg>
<arg>202</arg>
</arguments>
<status status="PASS" starttime="20201210 15:13:38.351" endtime="20201210 15:13:38.351"></status>
</kw>
<status status="PASS" starttime="20201210 15:07:17.834" endtime="20201210 15:13:38.352"></status>
</kw>
<status status="PASS" starttime="20201210 15:07:17.834" endtime="20201210 15:13:38.352" critical="yes"></status>
</test>
<status status="PASS" starttime="20201210 15:07:05.782" endtime="20201210 15:13:38.352"></status>
</suite>
<statistics>
<total>
<stat pass="1" fail="0">Critical Tests</stat>
<stat pass="1" fail="0">All Tests</stat>
</total>
<tag>
</tag>
<suite>
<stat pass="1" fail="0" id="s1" name="Batch Profile">Batch Profile</stat>
</suite>
</statistics>
<errors>
<msg timestamp="20201210 15:07:10.816" level="ERROR">Error in file 'C:\Users\palak\Downloads\coe-application-security\Resources\API.robot' on line 3: Importing test library 'JSpringBotGlobal' failed: ModuleNotFoundError: No module named 'JSpringBotGlobal'
Traceback (most recent call last):
  None
PYTHONPATH:
  C:\Python36\Scripts\robot.exe
  c:\python36\python36.zip
  c:\python36\DLLs
  c:\python36\lib
  c:\python36
  c:\python36\lib\site-packages</msg>
</errors>
</robot>
