<?xml version="1.0" encoding="UTF-8"?>
<robot generator="Robot 3.2.2 (Python 3.6.2 on win32)" generated="20201210 15:07:05.724" rpa="false">
<suite id="s1" name="Batch Profile" source="C:\Users\palak\Downloads\coe-application-security\TestCases\Agent\API\ACMs\Batch_Profile.robot">
<test id="s1-t1" name="TC_002 HTTP Strict Transport Security Check on Batch Profile API">
<kw name="Log To Console" library="BuiltIn">
<doc>Logs the given message to the console.</doc>
<arguments>
<arg>"Performing HTTP Strict Transport Security Check on Batch Profile API"</arg>
</arguments>
<status status="PASS" starttime="20201210 15:07:17.834" endtime="20201210 15:07:17.834"></status>
</kw>
<kw name="HTTP Strict Transport Security" library="API">
<arguments>
<arg>${Excel_Location}</arg>
<arg>Agent</arg>
<arg>ACMS_Batch_Profiles_API</arg>
</arguments>
<kw name="Log To Console" library="BuiltIn">
<doc>Logs the given message to the console.</doc>
<arguments>
<arg>"Executing HTTP Strict Transport Security Check"</arg>
</arguments>
<status status="PASS" starttime="20201210 15:07:17.844" endtime="20201210 15:07:17.846"></status>
</kw>
<kw name="HSTS" library="HTTP_Strict_Transport_Security">
<arguments>
<arg>${Excel_Location}</arg>
<arg>${Excel_Sheet_Name}</arg>
<arg>${Module_Name}</arg>
</arguments>
<assign>
<var>${result}</var>
</assign>
<msg timestamp="20201210 15:07:17.987" level="INFO">Opening Excel
Opened Excel
Title of Sheet = Agent
Row 1 = API_Name
Row 2 = GATEWAY_API_POST
Row 3 = GATEWAY_API_GET
Row 4 = GATEWAY_API_DELETE
Row 5 = Mapping_API
Row 6 = Packages_API
Row 7 = Asset_API
Row 8 = ACMS_Summary_API
Row 9 = ACMS_Batch_Profiles_API
Module Found : ACMS_Batch_Profiles_API in Row - 9 of Worksheet - Agent
ACMS_Batch_Profiles_API
ACMS_Batch_Profiles_API
ACMS_Batch_Profiles_API
POST
Protocol : http
Parameter Observed in Protocol : 
[]
BaseURL = internal-qaplatformagentconfigurationserv-1810934581.us-east-1.elb.amazonaws.com

RelativeURL = /agent-configuration/v1/batchProfiles

'Protocol'
Data from find_vulnerable_parameters 
{}
'Protocol'
'URL'
'Body'
'Header'
'Cookie'
local variable 'URL' referenced before assignment
local variable 'Body' referenced before assignment
local variable 'Header' referenced before assignment
local variable 'Cookie' referenced before assignment
Found POST API, So Executing It.
local variable 'URL' referenced before assignment</msg>
<msg timestamp="20201210 15:07:17.987" level="INFO">File "c:\python36\lib\runpy.py", line 193, in _run_module_as_main
    "__main__", mod_spec)
  File "c:\python36\lib\runpy.py", line 85, in _run_code
    exec(code, run_globals)
  File "C:\Python36\Scripts\robot.exe\__main__.py", line 7, in &lt;module&gt;
    sys.exit(run_cli())
  File "c:\python36\lib\site-packages\robot\run.py", line 492, in run_cli
    return RobotFramework().execute_cli(arguments, exit=exit)
  File "c:\python36\lib\site-packages\robot\utils\application.py", line 46, in execute_cli
    rc = self._execute(arguments, options)
  File "c:\python36\lib\site-packages\robot\utils\application.py", line 83, in _execute
    rc = self.main(arguments, **options)
  File "c:\python36\lib\site-packages\robot\run.py", line 443, in main
    result = suite.run(settings)
  File "c:\python36\lib\site-packages\robot\running\model.py", line 259, in run
    self.visit(runner)
  File "c:\python36\lib\site-packages\robot\model\testsuite.py", line 174, in visit
    visitor.visit_suite(self)
  File "c:\python36\lib\site-packages\robot\model\visitor.py", line 88, in visit_suite
    suite.tests.visit(self)
  File "c:\python36\lib\site-packages\robot\model\itemlist.py", line 77, in visit
    item.visit(visitor)
  File "c:\python36\lib\site-packages\robot\model\testcase.py", line 78, in visit
    visitor.visit_test(self)
  File "c:\python36\lib\site-packages\robot\running\runner.py", line 134, in visit_test
    test.template).run_steps(test.keywords.normal)
  File "c:\python36\lib\site-packages\robot\running\steprunner.py", line 40, in run_steps
    self.run_step(step)
  File "c:\python36\lib\site-packages\robot\running\steprunner.py", line 61, in run_step
    return runner.run(step, context)
  File "c:\python36\lib\site-packages\robot\running\userkeywordrunner.py", line 56, in run
    return_value = self._run(context, kw.args, result)
  File "c:\python36\lib\site-packages\robot\running\userkeywordrunner.py", line 82, in _run
    exception, return_ = self._execute(context)
  File "c:\python36\lib\site-packages\robot\running\userkeywordrunner.py", line 153, in _execute
    StepRunner(context).run_steps(handler.keywords)
  File "c:\python36\lib\site-packages\robot\running\steprunner.py", line 40, in run_steps
    self.run_step(step)
  File "c:\python36\lib\site-packages\robot\running\steprunner.py", line 61, in run_step
    return runner.run(step, context)
  File "c:\python36\lib\site-packages\robot\running\librarykeywordrunner.py", line 56, in run
    return_value = self._run(context, kw.args)
  File "c:\python36\lib\site-packages\robot\running\librarykeywordrunner.py", line 79, in _run
    return self._run_with_output_captured_and_signal_monitor(runner, context)
  File "c:\python36\lib\site-packages\robot\running\librarykeywordrunner.py", line 101, in _run_with_output_captured_and_signal_monitor
    return self._run_with_signal_monitoring(runner, context)
  File "c:\python36\lib\site-packages\robot\running\librarykeywordrunner.py", line 106, in _run_with_signal_monitoring
    return runner()
  File "c:\python36\lib\site-packages\robot\running\librarykeywordrunner.py", line 94, in &lt;lambda&gt;
    return lambda: handler(*positional, **named)
  File "C:\Users\palak\Downloads\coe-application-security\MethodFiles\HTTP_Strict_Transport_Security.py", line 164, in HSTS
    returnvalue = readexcel(Excel_Location, Excel_Sheet_Name, Module_Name)
  File "C:\Users\palak\Downloads\coe-application-security\MethodFiles\HTTP_Strict_Transport_Security.py", line 113, in readexcel
    traceback.print_stack()
  File "c:\python36\lib\runpy.py", line 193, in _run_module_as_main
    "__main__", mod_spec)
  File "c:\python36\lib\runpy.py", line 85, in _run_code
    exec(code, run_globals)
  File "C:\Python36\Scripts\robot.exe\__main__.py", line 7, in &lt;module&gt;
    sys.exit(run_cli())
  File "c:\python36\lib\site-packages\robot\run.py", line 492, in run_cli
    return RobotFramework().execute_cli(arguments, exit=exit)
  File "c:\python36\lib\site-packages\robot\utils\application.py", line 46, in execute_cli
    rc = self._execute(arguments, options)
  File "c:\python36\lib\site-packages\robot\utils\application.py", line 83, in _execute
    rc = self.main(arguments, **options)
  File "c:\python36\lib\site-packages\robot\run.py", line 443, in main
    result = suite.run(settings)
  File "c:\python36\lib\site-packages\robot\running\model.py", line 259, in run
    self.visit(runner)
  File "c:\python36\lib\site-packages\robot\model\testsuite.py", line 174, in visit
    visitor.visit_suite(self)
  File "c:\python36\lib\site-packages\robot\model\visitor.py", line 88, in visit_suite
    suite.tests.visit(self)
  File "c:\python36\lib\site-packages\robot\model\itemlist.py", line 77, in visit
    item.visit(visitor)
  File "c:\python36\lib\site-packages\robot\model\testcase.py", line 78, in visit
    visitor.visit_test(self)
  File "c:\python36\lib\site-packages\robot\running\runner.py", line 134, in visit_test
    test.template).run_steps(test.keywords.normal)
  File "c:\python36\lib\site-packages\robot\running\steprunner.py", line 40, in run_steps
    self.run_step(step)
  File "c:\python36\lib\site-packages\robot\running\steprunner.py", line 61, in run_step
    return runner.run(step, context)
  File "c:\python36\lib\site-packages\robot\running\userkeywordrunner.py", line 56, in run
    return_value = self._run(context, kw.args, result)
  File "c:\python36\lib\site-packages\robot\running\userkeywordrunner.py", line 82, in _run
    exception, return_ = self._execute(context)
  File "c:\python36\lib\site-packages\robot\running\userkeywordrunner.py", line 153, in _execute
    StepRunner(context).run_steps(handler.keywords)
  File "c:\python36\lib\site-packages\robot\running\steprunner.py", line 40, in run_steps
    self.run_step(step)
  File "c:\python36\lib\site-packages\robot\running\steprunner.py", line 61, in run_step
    return runner.run(step, context)
  File "c:\python36\lib\site-packages\robot\running\librarykeywordrunner.py", line 56, in run
    return_value = self._run(context, kw.args)
  File "c:\python36\lib\site-packages\robot\running\librarykeywordrunner.py", line 79, in _run
    return self._run_with_output_captured_and_signal_monitor(runner, context)
  File "c:\python36\lib\site-packages\robot\running\librarykeywordrunner.py", line 101, in _run_with_output_captured_and_signal_monitor
    return self._run_with_signal_monitoring(runner, context)
  File "c:\python36\lib\site-packages\robot\running\librarykeywordrunner.py", line 106, in _run_with_signal_monitoring
    return runner()
  File "c:\python36\lib\site-packages\robot\running\librarykeywordrunner.py", line 94, in &lt;lambda&gt;
    return lambda: handler(*positional, **named)
  File "C:\Users\palak\Downloads\coe-application-security\MethodFiles\HTTP_Strict_Transport_Security.py", line 187, in HSTS
    traceback.print_stack()
  File "c:\python36\lib\runpy.py", line 193, in _run_module_as_main
    "__main__", mod_spec)
  File "c:\python36\lib\runpy.py", line 85, in _run_code
    exec(code, run_globals)
  File "C:\Python36\Scripts\robot.exe\__main__.py", line 7, in &lt;module&gt;
    sys.exit(run_cli())
  File "c:\python36\lib\site-packages\robot\run.py", line 492, in run_cli
    return RobotFramework().execute_cli(arguments, exit=exit)
  File "c:\python36\lib\site-packages\robot\utils\application.py", line 46, in execute_cli
    rc = self._execute(arguments, options)
  File "c:\python36\lib\site-packages\robot\utils\application.py", line 83, in _execute
    rc = self.main(arguments, **options)
  File "c:\python36\lib\site-packages\robot\run.py", line 443, in main
    result = suite.run(settings)
  File "c:\python36\lib\site-packages\robot\running\model.py", line 259, in run
    self.visit(runner)
  File "c:\python36\lib\site-packages\robot\model\testsuite.py", line 174, in visit
    visitor.visit_suite(self)
  File "c:\python36\lib\site-packages\robot\model\visitor.py", line 88, in visit_suite
    suite.tests.visit(self)
  File "c:\python36\lib\site-packages\robot\model\itemlist.py", line 77, in visit
    item.visit(visitor)
  File "c:\python36\lib\site-packages\robot\model\testcase.py", line 78, in visit
    visitor.visit_test(self)
  File "c:\python36\lib\site-packages\robot\running\runner.py", line 134, in visit_test
    test.template).run_steps(test.keywords.normal)
  File "c:\python36\lib\site-packages\robot\running\steprunner.py", line 40, in run_steps
    self.run_step(step)
  File "c:\python36\lib\site-packages\robot\running\steprunner.py", line 61, in run_step
    return runner.run(step, context)
  File "c:\python36\lib\site-packages\robot\running\userkeywordrunner.py", line 56, in run
    return_value = self._run(context, kw.args, result)
  File "c:\python36\lib\site-packages\robot\running\userkeywordrunner.py", line 82, in _run
    exception, return_ = self._execute(context)
  File "c:\python36\lib\site-packages\robot\running\userkeywordrunner.py", line 153, in _execute
    StepRunner(context).run_steps(handler.keywords)
  File "c:\python36\lib\site-packages\robot\running\steprunner.py", line 40, in run_steps
    self.run_step(step)
  File "c:\python36\lib\site-packages\robot\running\steprunner.py", line 61, in run_step
    return runner.run(step, context)
  File "c:\python36\lib\site-packages\robot\running\librarykeywordrunner.py", line 56, in run
    return_value = self._run(context, kw.args)
  File "c:\python36\lib\site-packages\robot\running\librarykeywordrunner.py", line 79, in _run
    return self._run_with_output_captured_and_signal_monitor(runner, context)
  File "c:\python36\lib\site-packages\robot\running\librarykeywordrunner.py", line 101, in _run_with_output_captured_and_signal_monitor
    return self._run_with_signal_monitoring(runner, context)
  File "c:\python36\lib\site-packages\robot\running\librarykeywordrunner.py", line 106, in _run_with_signal_monitoring
    return runner()
  File "c:\python36\lib\site-packages\robot\running\librarykeywordrunner.py", line 94, in &lt;lambda&gt;
    return lambda: handler(*positional, **named)
  File "C:\Users\palak\Downloads\coe-application-security\MethodFiles\HTTP_Strict_Transport_Security.py", line 193, in HSTS
    traceback.print_stack()
  File "c:\python36\lib\runpy.py", line 193, in _run_module_as_main
    "__main__", mod_spec)
  File "c:\python36\lib\runpy.py", line 85, in _run_code
    exec(code, run_globals)
  File "C:\Python36\Scripts\robot.exe\__main__.py", line 7, in &lt;module&gt;
    sys.exit(run_cli())
  File "c:\python36\lib\site-packages\robot\run.py", line 492, in run_cli
    return RobotFramework().execute_cli(arguments, exit=exit)
  File "c:\python36\lib\site-packages\robot\utils\application.py", line 46, in execute_cli
    rc = self._execute(arguments, options)
  File "c:\python36\lib\site-packages\robot\utils\application.py", line 83, in _execute
    rc = self.main(arguments, **options)
  File "c:\python36\lib\site-packages\robot\run.py", line 443, in main
    result = suite.run(settings)
  File "c:\python36\lib\site-packages\robot\running\model.py", line 259, in run
    self.visit(runner)
  File "c:\python36\lib\site-packages\robot\model\testsuite.py", line 174, in visit
    visitor.visit_suite(self)
  File "c:\python36\lib\site-packages\robot\model\visitor.py", line 88, in visit_suite
    suite.tests.visit(self)
  File "c:\python36\lib\site-packages\robot\model\itemlist.py", line 77, in visit
    item.visit(visitor)
  File "c:\python36\lib\site-packages\robot\model\testcase.py", line 78, in visit
    visitor.visit_test(self)
  File "c:\python36\lib\site-packages\robot\running\runner.py", line 134, in visit_test
    test.template).run_steps(test.keywords.normal)
  File "c:\python36\lib\site-packages\robot\running\steprunner.py", line 40, in run_steps
    self.run_step(step)
  File "c:\python36\lib\site-packages\robot\running\steprunner.py", line 61, in run_step
    return runner.run(step, context)
  File "c:\python36\lib\site-packages\robot\running\userkeywordrunner.py", line 56, in run
    return_value = self._run(context, kw.args, result)
  File "c:\python36\lib\site-packages\robot\running\userkeywordrunner.py", line 82, in _run
    exception, return_ = self._execute(context)
  File "c:\python36\lib\site-packages\robot\running\userkeywordrunner.py", line 153, in _execute
    StepRunner(context).run_steps(handler.keywords)
  File "c:\python36\lib\site-packages\robot\running\steprunner.py", line 40, in run_steps
    self.run_step(step)
  File "c:\python36\lib\site-packages\robot\running\steprunner.py", line 61, in run_step
    return runner.run(step, context)
  File "c:\python36\lib\site-packages\robot\running\librarykeywordrunner.py", line 56, in run
    return_value = self._run(context, kw.args)
  File "c:\python36\lib\site-packages\robot\running\librarykeywordrunner.py", line 79, in _run
    return self._run_with_output_captured_and_signal_monitor(runner, context)
  File "c:\python36\lib\site-packages\robot\running\librarykeywordrunner.py", line 101, in _run_with_output_captured_and_signal_monitor
    return self._run_with_signal_monitoring(runner, context)
  File "c:\python36\lib\site-packages\robot\running\librarykeywordrunner.py", line 106, in _run_with_signal_monitoring
    return runner()
  File "c:\python36\lib\site-packages\robot\running\librarykeywordrunner.py", line 94, in &lt;lambda&gt;
    return lambda: handler(*positional, **named)
  File "C:\Users\palak\Downloads\coe-application-security\MethodFiles\HTTP_Strict_Transport_Security.py", line 199, in HSTS
    traceback.print_stack()
  File "c:\python36\lib\runpy.py", line 193, in _run_module_as_main
    "__main__", mod_spec)
  File "c:\python36\lib\runpy.py", line 85, in _run_code
    exec(code, run_globals)
  File "C:\Python36\Scripts\robot.exe\__main__.py", line 7, in &lt;module&gt;
    sys.exit(run_cli())
  File "c:\python36\lib\site-packages\robot\run.py", line 492, in run_cli
    return RobotFramework().execute_cli(arguments, exit=exit)
  File "c:\python36\lib\site-packages\robot\utils\application.py", line 46, in execute_cli
    rc = self._execute(arguments, options)
  File "c:\python36\lib\site-packages\robot\utils\application.py", line 83, in _execute
    rc = self.main(arguments, **options)
  File "c:\python36\lib\site-packages\robot\run.py", line 443, in main
    result = suite.run(settings)
  File "c:\python36\lib\site-packages\robot\running\model.py", line 259, in run
    self.visit(runner)
  File "c:\python36\lib\site-packages\robot\model\testsuite.py", line 174, in visit
    visitor.visit_suite(self)
  File "c:\python36\lib\site-packages\robot\model\visitor.py", line 88, in visit_suite
    suite.tests.visit(self)
  File "c:\python36\lib\site-packages\robot\model\itemlist.py", line 77, in visit
    item.visit(visitor)
  File "c:\python36\lib\site-packages\robot\model\testcase.py", line 78, in visit
    visitor.visit_test(self)
  File "c:\python36\lib\site-packages\robot\running\runner.py", line 134, in visit_test
    test.template).run_steps(test.keywords.normal)
  File "c:\python36\lib\site-packages\robot\running\steprunner.py", line 40, in run_steps
    self.run_step(step)
  File "c:\python36\lib\site-packages\robot\running\steprunner.py", line 61, in run_step
    return runner.run(step, context)
  File "c:\python36\lib\site-packages\robot\running\userkeywordrunner.py", line 56, in run
    return_value = self._run(context, kw.args, result)
  File "c:\python36\lib\site-packages\robot\running\userkeywordrunner.py", line 82, in _run
    exception, return_ = self._execute(context)
  File "c:\python36\lib\site-packages\robot\running\userkeywordrunner.py", line 153, in _execute
    StepRunner(context).run_steps(handler.keywords)
  File "c:\python36\lib\site-packages\robot\running\steprunner.py", line 40, in run_steps
    self.run_step(step)
  File "c:\python36\lib\site-packages\robot\running\steprunner.py", line 61, in run_step
    return runner.run(step, context)
  File "c:\python36\lib\site-packages\robot\running\librarykeywordrunner.py", line 56, in run
    return_value = self._run(context, kw.args)
  File "c:\python36\lib\site-packages\robot\running\librarykeywordrunner.py", line 79, in _run
    return self._run_with_output_captured_and_signal_monitor(runner, context)
  File "c:\python36\lib\site-packages\robot\running\librarykeywordrunner.py", line 101, in _run_with_output_captured_and_signal_monitor
    return self._run_with_signal_monitoring(runner, context)
  File "c:\python36\lib\site-packages\robot\running\librarykeywordrunner.py", line 106, in _run_with_signal_monitoring
    return runner()
  File "c:\python36\lib\site-packages\robot\running\librarykeywordrunner.py", line 94, in &lt;lambda&gt;
    return lambda: handler(*positional, **named)
  File "C:\Users\palak\Downloads\coe-application-security\MethodFiles\HTTP_Strict_Transport_Security.py", line 205, in HSTS
    traceback.print_stack()
  File "c:\python36\lib\runpy.py", line 193, in _run_module_as_main
    "__main__", mod_spec)
  File "c:\python36\lib\runpy.py", line 85, in _run_code
    exec(code, run_globals)
  File "C:\Python36\Scripts\robot.exe\__main__.py", line 7, in &lt;module&gt;
    sys.exit(run_cli())
  File "c:\python36\lib\site-packages\robot\run.py", line 492, in run_cli
    return RobotFramework().execute_cli(arguments, exit=exit)
  File "c:\python36\lib\site-packages\robot\utils\application.py", line 46, in execute_cli
    rc = self._execute(arguments, options)
  File "c:\python36\lib\site-packages\robot\utils\application.py", line 83, in _execute
    rc = self.main(arguments, **options)
  File "c:\python36\lib\site-packages\robot\run.py", line 443, in main
    result = suite.run(settings)
  File "c:\python36\lib\site-packages\robot\running\model.py", line 259, in run
    self.visit(runner)
  File "c:\python36\lib\site-packages\robot\model\testsuite.py", line 174, in visit
    visitor.visit_suite(self)
  File "c:\python36\lib\site-packages\robot\model\visitor.py", line 88, in visit_suite
    suite.tests.visit(self)
  File "c:\python36\lib\site-packages\robot\model\itemlist.py", line 77, in visit
    item.visit(visitor)
  File "c:\python36\lib\site-packages\robot\model\testcase.py", line 78, in visit
    visitor.visit_test(self)
  File "c:\python36\lib\site-packages\robot\running\runner.py", line 134, in visit_test
    test.template).run_steps(test.keywords.normal)
  File "c:\python36\lib\site-packages\robot\running\steprunner.py", line 40, in run_steps
    self.run_step(step)
  File "c:\python36\lib\site-packages\robot\running\steprunner.py", line 61, in run_step
    return runner.run(step, context)
  File "c:\python36\lib\site-packages\robot\running\userkeywordrunner.py", line 56, in run
    return_value = self._run(context, kw.args, result)
  File "c:\python36\lib\site-packages\robot\running\userkeywordrunner.py", line 82, in _run
    exception, return_ = self._execute(context)
  File "c:\python36\lib\site-packages\robot\running\userkeywordrunner.py", line 153, in _execute
    StepRunner(context).run_steps(handler.keywords)
  File "c:\python36\lib\site-packages\robot\running\steprunner.py", line 40, in run_steps
    self.run_step(step)
  File "c:\python36\lib\site-packages\robot\running\steprunner.py", line 61, in run_step
    return runner.run(step, context)
  File "c:\python36\lib\site-packages\robot\running\librarykeywordrunner.py", line 56, in run
    return_value = self._run(context, kw.args)
  File "c:\python36\lib\site-packages\robot\running\librarykeywordrunner.py", line 79, in _run
    return self._run_with_output_captured_and_signal_monitor(runner, context)
  File "c:\python36\lib\site-packages\robot\running\librarykeywordrunner.py", line 101, in _run_with_output_captured_and_signal_monitor
    return self._run_with_signal_monitoring(runner, context)
  File "c:\python36\lib\site-packages\robot\running\librarykeywordrunner.py", line 106, in _run_with_signal_monitoring
    return runner()
  File "c:\python36\lib\site-packages\robot\running\librarykeywordrunner.py", line 94, in &lt;lambda&gt;
    return lambda: handler(*positional, **named)
  File "C:\Users\palak\Downloads\coe-application-security\MethodFiles\HTTP_Strict_Transport_Security.py", line 211, in HSTS
    traceback.print_stack()
  File "c:\python36\lib\runpy.py", line 193, in _run_module_as_main
    "__main__", mod_spec)
  File "c:\python36\lib\runpy.py", line 85, in _run_code
    exec(code, run_globals)
  File "C:\Python36\Scripts\robot.exe\__main__.py", line 7, in &lt;module&gt;
    sys.exit(run_cli())
  File "c:\python36\lib\site-packages\robot\run.py", line 492, in run_cli
    return RobotFramework().execute_cli(arguments, exit=exit)
  File "c:\python36\lib\site-packages\robot\utils\application.py", line 46, in execute_cli
    rc = self._execute(arguments, options)
  File "c:\python36\lib\site-packages\robot\utils\application.py", line 83, in _execute
    rc = self.main(arguments, **options)
  File "c:\python36\lib\site-packages\robot\run.py", line 443, in main
    result = suite.run(settings)
  File "c:\python36\lib\site-packages\robot\running\model.py", line 259, in run
    self.visit(runner)
  File "c:\python36\lib\site-packages\robot\model\testsuite.py", line 174, in visit
    visitor.visit_suite(self)
  File "c:\python36\lib\site-packages\robot\model\visitor.py", line 88, in visit_suite
    suite.tests.visit(self)
  File "c:\python36\lib\site-packages\robot\model\itemlist.py", line 77, in visit
    item.visit(visitor)
  File "c:\python36\lib\site-packages\robot\model\testcase.py", line 78, in visit
    visitor.visit_test(self)
  File "c:\python36\lib\site-packages\robot\running\runner.py", line 134, in visit_test
    test.template).run_steps(test.keywords.normal)
  File "c:\python36\lib\site-packages\robot\running\steprunner.py", line 40, in run_steps
    self.run_step(step)
  File "c:\python36\lib\site-packages\robot\running\steprunner.py", line 61, in run_step
    return runner.run(step, context)
  File "c:\python36\lib\site-packages\robot\running\userkeywordrunner.py", line 56, in run
    return_value = self._run(context, kw.args, result)
  File "c:\python36\lib\site-packages\robot\running\userkeywordrunner.py", line 82, in _run
    exception, return_ = self._execute(context)
  File "c:\python36\lib\site-packages\robot\running\userkeywordrunner.py", line 153, in _execute
    StepRunner(context).run_steps(handler.keywords)
  File "c:\python36\lib\site-packages\robot\running\steprunner.py", line 40, in run_steps
    self.run_step(step)
  File "c:\python36\lib\site-packages\robot\running\steprunner.py", line 61, in run_step
    return runner.run(step, context)
  File "c:\python36\lib\site-packages\robot\running\librarykeywordrunner.py", line 56, in run
    return_value = self._run(context, kw.args)
  File "c:\python36\lib\site-packages\robot\running\librarykeywordrunner.py", line 79, in _run
    return self._run_with_output_captured_and_signal_monitor(runner, context)
  File "c:\python36\lib\site-packages\robot\running\librarykeywordrunner.py", line 101, in _run_with_output_captured_and_signal_monitor
    return self._run_with_signal_monitoring(runner, context)
  File "c:\python36\lib\site-packages\robot\running\librarykeywordrunner.py", line 106, in _run_with_signal_monitoring
    return runner()
  File "c:\python36\lib\site-packages\robot\running\librarykeywordrunner.py", line 94, in &lt;lambda&gt;
    return lambda: handler(*positional, **named)
  File "C:\Users\palak\Downloads\coe-application-security\MethodFiles\HTTP_Strict_Transport_Security.py", line 223, in HSTS
    traceback.print_stack()
  File "c:\python36\lib\runpy.py", line 193, in _run_module_as_main
    "__main__", mod_spec)
  File "c:\python36\lib\runpy.py", line 85, in _run_code
    exec(code, run_globals)
  File "C:\Python36\Scripts\robot.exe\__main__.py", line 7, in &lt;module&gt;
    sys.exit(run_cli())
  File "c:\python36\lib\site-packages\robot\run.py", line 492, in run_cli
    return RobotFramework().execute_cli(arguments, exit=exit)
  File "c:\python36\lib\site-packages\robot\utils\application.py", line 46, in execute_cli
    rc = self._execute(arguments, options)
  File "c:\python36\lib\site-packages\robot\utils\application.py", line 83, in _execute
    rc = self.main(arguments, **options)
  File "c:\python36\lib\site-packages\robot\run.py", line 443, in main
    result = suite.run(settings)
  File "c:\python36\lib\site-packages\robot\running\model.py", line 259, in run
    self.visit(runner)
  File "c:\python36\lib\site-packages\robot\model\testsuite.py", line 174, in visit
    visitor.visit_suite(self)
  File "c:\python36\lib\site-packages\robot\model\visitor.py", line 88, in visit_suite
    suite.tests.visit(self)
  File "c:\python36\lib\site-packages\robot\model\itemlist.py", line 77, in visit
    item.visit(visitor)
  File "c:\python36\lib\site-packages\robot\model\testcase.py", line 78, in visit
    visitor.visit_test(self)
  File "c:\python36\lib\site-packages\robot\running\runner.py", line 134, in visit_test
    test.template).run_steps(test.keywords.normal)
  File "c:\python36\lib\site-packages\robot\running\steprunner.py", line 40, in run_steps
    self.run_step(step)
  File "c:\python36\lib\site-packages\robot\running\steprunner.py", line 61, in run_step
    return runner.run(step, context)
  File "c:\python36\lib\site-packages\robot\running\userkeywordrunner.py", line 56, in run
    return_value = self._run(context, kw.args, result)
  File "c:\python36\lib\site-packages\robot\running\userkeywordrunner.py", line 82, in _run
    exception, return_ = self._execute(context)
  File "c:\python36\lib\site-packages\robot\running\userkeywordrunner.py", line 153, in _execute
    StepRunner(context).run_steps(handler.keywords)
  File "c:\python36\lib\site-packages\robot\running\steprunner.py", line 40, in run_steps
    self.run_step(step)
  File "c:\python36\lib\site-packages\robot\running\steprunner.py", line 61, in run_step
    return runner.run(step, context)
  File "c:\python36\lib\site-packages\robot\running\librarykeywordrunner.py", line 56, in run
    return_value = self._run(context, kw.args)
  File "c:\python36\lib\site-packages\robot\running\librarykeywordrunner.py", line 79, in _run
    return self._run_with_output_captured_and_signal_monitor(runner, context)
  File "c:\python36\lib\site-packages\robot\running\librarykeywordrunner.py", line 101, in _run_with_output_captured_and_signal_monitor
    return self._run_with_signal_monitoring(runner, context)
  File "c:\python36\lib\site-packages\robot\running\librarykeywordrunner.py", line 106, in _run_with_signal_monitoring
    return runner()
  File "c:\python36\lib\site-packages\robot\running\librarykeywordrunner.py", line 94, in &lt;lambda&gt;
    return lambda: handler(*positional, **named)
  File "C:\Users\palak\Downloads\coe-application-security\MethodFiles\HTTP_Strict_Transport_Security.py", line 236, in HSTS
    traceback.print_stack()
  File "c:\python36\lib\runpy.py", line 193, in _run_module_as_main
    "__main__", mod_spec)
  File "c:\python36\lib\runpy.py", line 85, in _run_code
    exec(code, run_globals)
  File "C:\Python36\Scripts\robot.exe\__main__.py", line 7, in &lt;module&gt;
    sys.exit(run_cli())
  File "c:\python36\lib\site-packages\robot\run.py", line 492, in run_cli
    return RobotFramework().execute_cli(arguments, exit=exit)
  File "c:\python36\lib\site-packages\robot\utils\application.py", line 46, in execute_cli
    rc = self._execute(arguments, options)
  File "c:\python36\lib\site-packages\robot\utils\application.py", line 83, in _execute
    rc = self.main(arguments, **options)
  File "c:\python36\lib\site-packages\robot\run.py", line 443, in main
    result = suite.run(settings)
  File "c:\python36\lib\site-packages\robot\running\model.py", line 259, in run
    self.visit(runner)
  File "c:\python36\lib\site-packages\robot\model\testsuite.py", line 174, in visit
    visitor.visit_suite(self)
  File "c:\python36\lib\site-packages\robot\model\visitor.py", line 88, in visit_suite
    suite.tests.visit(self)
  File "c:\python36\lib\site-packages\robot\model\itemlist.py", line 77, in visit
    item.visit(visitor)
  File "c:\python36\lib\site-packages\robot\model\testcase.py", line 78, in visit
    visitor.visit_test(self)
  File "c:\python36\lib\site-packages\robot\running\runner.py", line 134, in visit_test
    test.template).run_steps(test.keywords.normal)
  File "c:\python36\lib\site-packages\robot\running\steprunner.py", line 40, in run_steps
    self.run_step(step)
  File "c:\python36\lib\site-packages\robot\running\steprunner.py", line 61, in run_step
    return runner.run(step, context)
  File "c:\python36\lib\site-packages\robot\running\userkeywordrunner.py", line 56, in run
    return_value = self._run(context, kw.args, result)
  File "c:\python36\lib\site-packages\robot\running\userkeywordrunner.py", line 82, in _run
    exception, return_ = self._execute(context)
  File "c:\python36\lib\site-packages\robot\running\userkeywordrunner.py", line 153, in _execute
    StepRunner(context).run_steps(handler.keywords)
  File "c:\python36\lib\site-packages\robot\running\steprunner.py", line 40, in run_steps
    self.run_step(step)
  File "c:\python36\lib\site-packages\robot\running\steprunner.py", line 61, in run_step
    return runner.run(step, context)
  File "c:\python36\lib\site-packages\robot\running\librarykeywordrunner.py", line 56, in run
    return_value = self._run(context, kw.args)
  File "c:\python36\lib\site-packages\robot\running\librarykeywordrunner.py", line 79, in _run
    return self._run_with_output_captured_and_signal_monitor(runner, context)
  File "c:\python36\lib\site-packages\robot\running\librarykeywordrunner.py", line 101, in _run_with_output_captured_and_signal_monitor
    return self._run_with_signal_monitoring(runner, context)
  File "c:\python36\lib\site-packages\robot\running\librarykeywordrunner.py", line 106, in _run_with_signal_monitoring
    return runner()
  File "c:\python36\lib\site-packages\robot\running\librarykeywordrunner.py", line 94, in &lt;lambda&gt;
    return lambda: handler(*positional, **named)
  File "C:\Users\palak\Downloads\coe-application-security\MethodFiles\HTTP_Strict_Transport_Security.py", line 250, in HSTS
    traceback.print_stack()
  File "c:\python36\lib\runpy.py", line 193, in _run_module_as_main
    "__main__", mod_spec)
  File "c:\python36\lib\runpy.py", line 85, in _run_code
    exec(code, run_globals)
  File "C:\Python36\Scripts\robot.exe\__main__.py", line 7, in &lt;module&gt;
    sys.exit(run_cli())
  File "c:\python36\lib\site-packages\robot\run.py", line 492, in run_cli
    return RobotFramework().execute_cli(arguments, exit=exit)
  File "c:\python36\lib\site-packages\robot\utils\application.py", line 46, in execute_cli
    rc = self._execute(arguments, options)
  File "c:\python36\lib\site-packages\robot\utils\application.py", line 83, in _execute
    rc = self.main(arguments, **options)
  File "c:\python36\lib\site-packages\robot\run.py", line 443, in main
    result = suite.run(settings)
  File "c:\python36\lib\site-packages\robot\running\model.py", line 259, in run
    self.visit(runner)
  File "c:\python36\lib\site-packages\robot\model\testsuite.py", line 174, in visit
    visitor.visit_suite(self)
  File "c:\python36\lib\site-packages\robot\model\visitor.py", line 88, in visit_suite
    suite.tests.visit(self)
  File "c:\python36\lib\site-packages\robot\model\itemlist.py", line 77, in visit
    item.visit(visitor)
  File "c:\python36\lib\site-packages\robot\model\testcase.py", line 78, in visit
    visitor.visit_test(self)
  File "c:\python36\lib\site-packages\robot\running\runner.py", line 134, in visit_test
    test.template).run_steps(test.keywords.normal)
  File "c:\python36\lib\site-packages\robot\running\steprunner.py", line 40, in run_steps
    self.run_step(step)
  File "c:\python36\lib\site-packages\robot\running\steprunner.py", line 61, in run_step
    return runner.run(step, context)
  File "c:\python36\lib\site-packages\robot\running\userkeywordrunner.py", line 56, in run
    return_value = self._run(context, kw.args, result)
  File "c:\python36\lib\site-packages\robot\running\userkeywordrunner.py", line 82, in _run
    exception, return_ = self._execute(context)
  File "c:\python36\lib\site-packages\robot\running\userkeywordrunner.py", line 153, in _execute
    StepRunner(context).run_steps(handler.keywords)
  File "c:\python36\lib\site-packages\robot\running\steprunner.py", line 40, in run_steps
    self.run_step(step)
  File "c:\python36\lib\site-packages\robot\running\steprunner.py", line 61, in run_step
    return runner.run(step, context)
  File "c:\python36\lib\site-packages\robot\running\librarykeywordrunner.py", line 56, in run
    return_value = self._run(context, kw.args)
  File "c:\python36\lib\site-packages\robot\running\librarykeywordrunner.py", line 79, in _run
    return self._run_with_output_captured_and_signal_monitor(runner, context)
  File "c:\python36\lib\site-packages\robot\running\librarykeywordrunner.py", line 101, in _run_with_output_captured_and_signal_monitor
    return self._run_with_signal_monitoring(runner, context)
  File "c:\python36\lib\site-packages\robot\running\librarykeywordrunner.py", line 106, in _run_with_signal_monitoring
    return runner()
  File "c:\python36\lib\site-packages\robot\running\librarykeywordrunner.py", line 94, in &lt;lambda&gt;
    return lambda: handler(*positional, **named)
  File "C:\Users\palak\Downloads\coe-application-security\MethodFiles\HTTP_Strict_Transport_Security.py", line 263, in HSTS
    traceback.print_stack()
  File "c:\python36\lib\runpy.py", line 193, in _run_module_as_main
    "__main__", mod_spec)
  File "c:\python36\lib\runpy.py", line 85, in _run_code
    exec(code, run_globals)
  File "C:\Python36\Scripts\robot.exe\__main__.py", line 7, in &lt;module&gt;
    sys.exit(run_cli())
  File "c:\python36\lib\site-packages\robot\run.py", line 492, in run_cli
    return RobotFramework().execute_cli(arguments, exit=exit)
  File "c:\python36\lib\site-packages\robot\utils\application.py", line 46, in execute_cli
    rc = self._execute(arguments, options)
  File "c:\python36\lib\site-packages\robot\utils\application.py", line 83, in _execute
    rc = self.main(arguments, **options)
  File "c:\python36\lib\site-packages\robot\run.py", line 443, in main
    result = suite.run(settings)
  File "c:\python36\lib\site-packages\robot\running\model.py", line 259, in run
    self.visit(runner)
  File "c:\python36\lib\site-packages\robot\model\testsuite.py", line 174, in visit
    visitor.visit_suite(self)
  File "c:\python36\lib\site-packages\robot\model\visitor.py", line 88, in visit_suite
    suite.tests.visit(self)
  File "c:\python36\lib\site-packages\robot\model\itemlist.py", line 77, in visit
    item.visit(visitor)
  File "c:\python36\lib\site-packages\robot\model\testcase.py", line 78, in visit
    visitor.visit_test(self)
  File "c:\python36\lib\site-packages\robot\running\runner.py", line 134, in visit_test
    test.template).run_steps(test.keywords.normal)
  File "c:\python36\lib\site-packages\robot\running\steprunner.py", line 40, in run_steps
    self.run_step(step)
  File "c:\python36\lib\site-packages\robot\running\steprunner.py", line 61, in run_step
    return runner.run(step, context)
  File "c:\python36\lib\site-packages\robot\running\userkeywordrunner.py", line 56, in run
    return_value = self._run(context, kw.args, result)
  File "c:\python36\lib\site-packages\robot\running\userkeywordrunner.py", line 82, in _run
    exception, return_ = self._execute(context)
  File "c:\python36\lib\site-packages\robot\running\userkeywordrunner.py", line 153, in _execute
    StepRunner(context).run_steps(handler.keywords)
  File "c:\python36\lib\site-packages\robot\running\steprunner.py", line 40, in run_steps
    self.run_step(step)
  File "c:\python36\lib\site-packages\robot\running\steprunner.py", line 61, in run_step
    return runner.run(step, context)
  File "c:\python36\lib\site-packages\robot\running\librarykeywordrunner.py", line 56, in run
    return_value = self._run(context, kw.args)
  File "c:\python36\lib\site-packages\robot\running\librarykeywordrunner.py", line 79, in _run
    return self._run_with_output_captured_and_signal_monitor(runner, context)
  File "c:\python36\lib\site-packages\robot\running\librarykeywordrunner.py", line 101, in _run_with_output_captured_and_signal_monitor
    return self._run_with_signal_monitoring(runner, context)
  File "c:\python36\lib\site-packages\robot\running\librarykeywordrunner.py", line 106, in _run_with_signal_monitoring
    return runner()
  File "c:\python36\lib\site-packages\robot\running\librarykeywordrunner.py", line 94, in &lt;lambda&gt;
    return lambda: handler(*positional, **named)
  File "C:\Users\palak\Downloads\coe-application-security\MethodFiles\HTTP_Strict_Transport_Security.py", line 291, in HSTS
    traceback.print_stack()</msg>
<msg timestamp="20201210 15:07:17.996" level="INFO">${result} = {}</msg>
<status status="PASS" starttime="20201210 15:07:17.846" endtime="20201210 15:07:17.996"></status>
</kw>
<kw name="Log To Console" library="BuiltIn">
<doc>Logs the given message to the console.</doc>
<arguments>
<arg>${result}</arg>
</arguments>
<status status="PASS" starttime="20201210 15:07:17.996" endtime="20201210 15:07:17.996"></status>
</kw>
<kw name="Dictionary Should Not Contain Value" library="Collections">
<doc>Fails if ``value`` is found from ``dictionary``.</doc>
<arguments>
<arg>${result}</arg>
<arg>200</arg>
</arguments>
<status status="PASS" starttime="20201210 15:07:17.996" endtime="20201210 15:07:17.998"></status>
</kw>
<kw name="Dictionary Should Not Contain Value" library="Collections">
<doc>Fails if ``value`` is found from ``dictionary``.</doc>
<arguments>
<arg>${result}</arg>
<arg>201</arg>
</arguments>
<status status="PASS" starttime="20201210 15:07:17.998" endtime="20201210 15:07:17.998"></status>
</kw>
<kw name="Dictionary Should Not Contain Value" library="Collections">
<doc>Fails if ``value`` is found from ``dictionary``.</doc>
<arguments>
<arg>${result}</arg>
<arg>202</arg>
</arguments>
<status status="PASS" starttime="20201210 15:07:17.998" endtime="20201210 15:07:17.998"></status>
</kw>
<status status="PASS" starttime="20201210 15:07:17.844" endtime="20201210 15:07:17.998"></status>
</kw>
<status status="PASS" starttime="20201210 15:07:17.834" endtime="20201210 15:07:17.998" critical="yes"></status>
</test>
<status status="PASS" starttime="20201210 15:07:05.734" endtime="20201210 15:07:17.998"></status>
</suite>
<statistics>
<total>
<stat pass="1" fail="0">Critical Tests</stat>
<stat pass="1" fail="0">All Tests</stat>
</total>
<tag>
</tag>
<suite>
<stat pass="1" fail="0" id="s1" name="Batch Profile">Batch Profile</stat>
</suite>
</statistics>
<errors>
<msg timestamp="20201210 15:07:10.816" level="ERROR">Error in file 'C:\Users\palak\Downloads\coe-application-security\Resources\API.robot' on line 3: Importing test library 'JSpringBotGlobal' failed: ModuleNotFoundError: No module named 'JSpringBotGlobal'
Traceback (most recent call last):
  None
PYTHONPATH:
  C:\Python36\Scripts\robot.exe
  c:\python36\python36.zip
  c:\python36\DLLs
  c:\python36\lib
  c:\python36
  c:\python36\lib\site-packages</msg>
</errors>
</robot>
