<?xml version="1.0" encoding="UTF-8"?>
<robot generator="Robot 4.0.2 (Python 3.9.0 on win32)" generated="20210707 15:25:20.847" rpa="false" schemaversion="2">
<suite id="s1" name="Mysqldb" source="D:\COE_Automation\Database\Mysqldb.robot">
<kw name="Connect To Database" library="DatabaseLibrary" type="SETUP">
<arg>pymysql</arg>
<arg>${dbname}</arg>
<arg>${dbuser}</arg>
<arg>${dbpass}</arg>
<arg>${dbhost}</arg>
<arg>${dbport}</arg>
<doc>Loads the DB API 2.0 module given `dbapiModuleName` then uses it to
connect to the database using `dbName`, `dbUsername`, and `dbPassword`.</doc>
<msg timestamp="20210707 15:25:21.871" level="INFO">Connecting using : pymysql.connect(db=robot, user=root, passwd=, host=localhost, port=3306, charset=None) </msg>
<status status="PASS" starttime="20210707 15:25:21.837" endtime="20210707 15:25:21.883"/>
</kw>
<test id="s1-t1" name="TC2 Injection Detection">
<kw name="Log To Console" library="BuiltIn">
<arg>"Performing SQL Injection Attack on ITS-ITGue"</arg>
<doc>Logs the given message to the console.</doc>
<status status="PASS" starttime="20210707 15:25:21.884" endtime="20210707 15:25:21.885"/>
</kw>
<kw name="Query" library="DatabaseLibrary">
<var>@{output}</var>
<arg>SELECT * FROM apidetails WHERE API_Name='${API_to_run}';</arg>
<doc>Uses the input `selectStatement` to query for the values that will be returned as a list of tuples. Set optional
input `sansTran` to True to run command without an explicit transaction commit or rollback.
Set optional input `returnAsDict` to True to return values as a list of dictionaries.</doc>
<msg timestamp="20210707 15:25:21.887" level="INFO">Executing : Query  |  SELECT * FROM apidetails WHERE API_Name='TestAPI'; </msg>
<msg timestamp="20210707 15:25:21.891" level="INFO">@{output} = [ ('TestAPI', 'GET', 'https', 'reqres.in', '/api/users/$2$', '{"":""}', '{"Accept": "text/html,application/xhtml+xml,application/xml;q=0.9,image/webp,*/*;q=0.8", "Referer": "https://reqres.in/", "Conn...</msg>
<status status="PASS" starttime="20210707 15:25:21.886" endtime="20210707 15:25:21.891"/>
</kw>
<kw name="Log" library="BuiltIn">
<arg>@{output}</arg>
<doc>Logs the given message with the given level.</doc>
<msg timestamp="20210707 15:25:21.892" level="INFO">('TestAPI', 'GET', 'https', 'reqres.in', '/api/users/$2$', '{"":""}', '{"Accept": "text/html,application/xhtml+xml,application/xml;q=0.9,image/webp,*/*;q=0.8", "Referer": "https://reqres.in/", "Connection": "keep-alive", "Upgrade-Insecure-Requests": "1"}', '{"":""}', 'D:/Programming/Application Security/coe-application-security/DataFiles/Payloads.xlsx', 'SQL')</msg>
<status status="PASS" starttime="20210707 15:25:21.892" endtime="20210707 15:25:21.892"/>
</kw>
<kw name="Set Variable" library="BuiltIn">
<var>${API_Name}</var>
<arg>${output[0][0]}</arg>
<doc>Returns the given values which can then be assigned to a variables.</doc>
<msg timestamp="20210707 15:25:21.896" level="INFO">${API_Name} = TestAPI</msg>
<status status="PASS" starttime="20210707 15:25:21.893" endtime="20210707 15:25:21.896"/>
</kw>
<kw name="Set Variable" library="BuiltIn">
<var>${HTTP_Method}</var>
<arg>${output[0][1]}</arg>
<doc>Returns the given values which can then be assigned to a variables.</doc>
<msg timestamp="20210707 15:25:21.899" level="INFO">${HTTP_Method} = GET</msg>
<status status="PASS" starttime="20210707 15:25:21.896" endtime="20210707 15:25:21.899"/>
</kw>
<kw name="Set Variable" library="BuiltIn">
<var>${Protocol}</var>
<arg>${output[0][2]}</arg>
<doc>Returns the given values which can then be assigned to a variables.</doc>
<msg timestamp="20210707 15:25:21.902" level="INFO">${Protocol} = https</msg>
<status status="PASS" starttime="20210707 15:25:21.900" endtime="20210707 15:25:21.903"/>
</kw>
<kw name="Set Variable" library="BuiltIn">
<var>${Base_URL}</var>
<arg>${output[0][3]}</arg>
<doc>Returns the given values which can then be assigned to a variables.</doc>
<msg timestamp="20210707 15:25:21.906" level="INFO">${Base_URL} = reqres.in</msg>
<status status="PASS" starttime="20210707 15:25:21.903" endtime="20210707 15:25:21.906"/>
</kw>
<kw name="Set Variable" library="BuiltIn">
<var>${Relative_URL}</var>
<arg>${output[0][4]}</arg>
<doc>Returns the given values which can then be assigned to a variables.</doc>
<msg timestamp="20210707 15:25:21.909" level="INFO">${Relative_URL} = /api/users/$2$</msg>
<status status="PASS" starttime="20210707 15:25:21.906" endtime="20210707 15:25:21.909"/>
</kw>
<kw name="Set Variable" library="BuiltIn">
<var>${Request_Body}</var>
<arg>${output[0][5]}</arg>
<doc>Returns the given values which can then be assigned to a variables.</doc>
<msg timestamp="20210707 15:25:21.913" level="INFO">${Request_Body} = {"":""}</msg>
<status status="PASS" starttime="20210707 15:25:21.910" endtime="20210707 15:25:21.913"/>
</kw>
<kw name="Set Variable" library="BuiltIn">
<var>${Header}</var>
<arg>${output[0][6]}</arg>
<doc>Returns the given values which can then be assigned to a variables.</doc>
<msg timestamp="20210707 15:25:21.916" level="INFO">${Header} = {"Accept": "text/html,application/xhtml+xml,application/xml;q=0.9,image/webp,*/*;q=0.8", "Referer": "https://reqres.in/", "Connection": "keep-alive", "Upgrade-Insecure-Requests": "1"}</msg>
<status status="PASS" starttime="20210707 15:25:21.913" endtime="20210707 15:25:21.916"/>
</kw>
<kw name="Set Variable" library="BuiltIn">
<var>${Cookies}</var>
<arg>${output[0][7]}</arg>
<doc>Returns the given values which can then be assigned to a variables.</doc>
<msg timestamp="20210707 15:25:21.920" level="INFO">${Cookies} = {"":""}</msg>
<status status="PASS" starttime="20210707 15:25:21.917" endtime="20210707 15:25:21.920"/>
</kw>
<kw name="Set Variable" library="BuiltIn">
<var>${Payload_Excel_Location}</var>
<arg>${output[0][8]}</arg>
<doc>Returns the given values which can then be assigned to a variables.</doc>
<msg timestamp="20210707 15:25:21.923" level="INFO">${Payload_Excel_Location} = D:/Programming/Application Security/coe-application-security/DataFiles/Payloads.xlsx</msg>
<status status="PASS" starttime="20210707 15:25:21.920" endtime="20210707 15:25:21.923"/>
</kw>
<kw name="Set Variable" library="BuiltIn">
<var>${Payload_Sheet_Name}</var>
<arg>${output[0][9]}</arg>
<doc>Returns the given values which can then be assigned to a variables.</doc>
<msg timestamp="20210707 15:25:21.927" level="INFO">${Payload_Sheet_Name} = SQL</msg>
<status status="PASS" starttime="20210707 15:25:21.923" endtime="20210707 15:25:21.927"/>
</kw>
<kw name="Injection Attack" library="API">
<arg>${API_Name}</arg>
<arg>${HTTP_Method}</arg>
<arg>${Protocol}</arg>
<arg>${Base_URL}</arg>
<arg>${Relative_URL}</arg>
<arg>${Request_Body}</arg>
<arg>${Header}</arg>
<arg>${Cookies}</arg>
<arg>${Payload_Excel_Location}</arg>
<arg>${Payload_Sheet_Name}</arg>
<kw name="Log To Console" library="BuiltIn">
<arg>"Executing Injection Attack"</arg>
<doc>Logs the given message to the console.</doc>
<status status="PASS" starttime="20210707 15:25:21.930" endtime="20210707 15:25:21.930"/>
</kw>
<kw name="Log To Console" library="BuiltIn">
<arg>${Payload_Excel_Location}</arg>
<doc>Logs the given message to the console.</doc>
<status status="PASS" starttime="20210707 15:25:21.930" endtime="20210707 15:25:21.931"/>
</kw>
<kw name="API Injection" library="Injection_Attack">
<var>${result}</var>
<arg>${API_Name}</arg>
<arg>${HTTP_Method}</arg>
<arg>${Protocol}</arg>
<arg>${Base_URL}</arg>
<arg>${Relative_URL}</arg>
<arg>${Request_Body}</arg>
<arg>${Header}</arg>
<arg>${Cookies}</arg>
<arg>${Payload_Excel_Location}</arg>
<arg>${Payload_Sheet_Name}</arg>
<msg timestamp="20210707 15:25:56.663" level="INFO">Messy
https://reqres.in/api/users/' {'': ''} {'Accept': 'text/html,application/xhtml+xml,application/xml;q=0.9,image/webp,*/*;q=0.8', 'Referer': 'https://reqres.in/', 'Connection': 'keep-alive', 'Upgrade-Insecure-Requests': '1'} {'': ''}
The functionality respond
original response
0.30431
After hit response
0.252686
Safe from this use case maybe
Messy
https://reqres.in/api/users/" {'': ''} {'Accept': 'text/html,application/xhtml+xml,application/xml;q=0.9,image/webp,*/*;q=0.8', 'Referer': 'https://reqres.in/', 'Connection': 'keep-alive', 'Upgrade-Insecure-Requests': '1'} {'': ''}
The functionality respond
original response
0.30431
After hit response
0.297712
Safe from this use case maybe
Messy
https://reqres.in/api/users/2" {'': ''} {'Accept': 'text/html,application/xhtml+xml,application/xml;q=0.9,image/webp,*/*;q=0.8', 'Referer': 'https://reqres.in/', 'Connection': 'keep-alive', 'Upgrade-Insecure-Requests': '1'} {'': ''}
The functionality respond
original response
0.30431
After hit response
0.238257
Safe from this use case maybe
Messy
https://reqres.in/api/users/2 " {'': ''} {'Accept': 'text/html,application/xhtml+xml,application/xml;q=0.9,image/webp,*/*;q=0.8', 'Referer': 'https://reqres.in/', 'Connection': 'keep-alive', 'Upgrade-Insecure-Requests': '1'} {'': ''}
The functionality respond
original response
0.30431
After hit response
0.280153
Safe from this use case maybe
Messy
https://reqres.in/api/users/'%20; {'': ''} {'Accept': 'text/html,application/xhtml+xml,application/xml;q=0.9,image/webp,*/*;q=0.8', 'Referer': 'https://reqres.in/', 'Connection': 'keep-alive', 'Upgrade-Insecure-Requests': '1'} {'': ''}
The functionality respond
original response
0.30431
After hit response
0.273632
Safe from this use case maybe
Messy
https://reqres.in/api/users/2'%20; {'': ''} {'Accept': 'text/html,application/xhtml+xml,application/xml;q=0.9,image/webp,*/*;q=0.8', 'Referer': 'https://reqres.in/', 'Connection': 'keep-alive', 'Upgrade-Insecure-Requests': '1'} {'': ''}
The functionality respond
original response
0.30431
After hit response
0.252012
Safe from this use case maybe
Messy
https://reqres.in/api/users/2 '%20; {'': ''} {'Accept': 'text/html,application/xhtml+xml,application/xml;q=0.9,image/webp,*/*;q=0.8', 'Referer': 'https://reqres.in/', 'Connection': 'keep-alive', 'Upgrade-Insecure-Requests': '1'} {'': ''}
The functionality respond
original response
0.30431
After hit response
0.279868
Safe from this use case maybe
Messy
https://reqres.in/api/users/=%20' {'': ''} {'Accept': 'text/html,application/xhtml+xml,application/xml;q=0.9,image/webp,*/*;q=0.8', 'Referer': 'https://reqres.in/', 'Connection': 'keep-alive', 'Upgrade-Insecure-Requests': '1'} {'': ''}
The functionality respond
original response
0.30431
After hit response
1.332712
Safe from this use case maybe
Messy
https://reqres.in/api/users/2=%20' {'': ''} {'Accept': 'text/html,application/xhtml+xml,application/xml;q=0.9,image/webp,*/*;q=0.8', 'Referer': 'https://reqres.in/', 'Connection': 'keep-alive', 'Upgrade-Insecure-Requests': '1'} {'': ''}
The functionality respond
original response
0.30431
After hit response
0.335428
Safe from this use case maybe
Messy
https://reqres.in/api/users/2 =%20' {'': ''} {'Accept': 'text/html,application/xhtml+xml,application/xml;q=0.9,image/webp,*/*;q=0.8', 'Referer': 'https://reqres.in/', 'Connection': 'keep-alive', 'Upgrade-Insecure-Requests': '1'} {'': ''}
The functionality respond
original response
0.30431
After hit response
0.259275
Safe from this use case maybe
Messy
https://reqres.in/api/users/=%20; {'': ''} {'Accept': 'text/html,application/xhtml+xml,application/xml;q=0.9,image/webp,*/*;q=0.8', 'Referer': 'https://reqres.in/', 'Connection': 'keep-alive', 'Upgrade-Insecure-Requests': '1'} {'': ''}
The functionality respond
original response
0.30431
After hit response
0.2774
Safe from this use case maybe
Messy
https://reqres.in/api/users/2=%20; {'': ''} {'Accept': 'text/html,application/xhtml+xml,application/xml;q=0.9,image/webp,*/*;q=0.8', 'Referer': 'https://reqres.in/', 'Connection': 'keep-alive', 'Upgrade-Insecure-Requests': '1'} {'': ''}
The functionality respond
original response
0.30431
After hit response
0.261726
Safe from this use case maybe
Messy
https://reqres.in/api/users/2 =%20; {'': ''} {'Accept': 'text/html,application/xhtml+xml,application/xml;q=0.9,image/webp,*/*;q=0.8', 'Referer': 'https://reqres.in/', 'Connection': 'keep-alive', 'Upgrade-Insecure-Requests': '1'} {'': ''}
The functionality respond
original response
0.30431
After hit response
0.222901
Safe from this use case maybe
Messy
https://reqres.in/api/users/\x23 {'': ''} {'Accept': 'text/html,application/xhtml+xml,application/xml;q=0.9,image/webp,*/*;q=0.8', 'Referer': 'https://reqres.in/', 'Connection': 'keep-alive', 'Upgrade-Insecure-Requests': '1'} {'': ''}
The functionality respond
original response
0.30431
After hit response
0.260184
Safe from this use case maybe
Messy
https://reqres.in/api/users/2\x23 {'': ''} {'Accept': 'text/html,application/xhtml+xml,application/xml;q=0.9,image/webp,*/*;q=0.8', 'Referer': 'https://reqres.in/', 'Connection': 'keep-alive', 'Upgrade-Insecure-Requests': '1'} {'': ''}
The functionality respond
original response
0.30431
After hit response
0.235324
Safe from this use case maybe
Messy
https://reqres.in/api/users/2 \x23 {'': ''} {'Accept': 'text/html,application/xhtml+xml,application/xml;q=0.9,image/webp,*/*;q=0.8', 'Referer': 'https://reqres.in/', 'Connection': 'keep-alive', 'Upgrade-Insecure-Requests': '1'} {'': ''}
The functionality respond
original response
0.30431
After hit response
0.265765
Safe from this use case maybe
Messy
https://reqres.in/api/users/\x27 {'': ''} {'Accept': 'text/html,application/xhtml+xml,application/xml;q=0.9,image/webp,*/*;q=0.8', 'Referer': 'https://reqres.in/', 'Connection': 'keep-alive', 'Upgrade-Insecure-Requests': '1'} {'': ''}
The functionality respond
original response
0.30431
After hit response
0.254136
Safe from this use case maybe
Messy
https://reqres.in/api/users/2\x27 {'': ''} {'Accept': 'text/html,application/xhtml+xml,application/xml;q=0.9,image/webp,*/*;q=0.8', 'Referer': 'https://reqres.in/', 'Connection': 'keep-alive', 'Upgrade-Insecure-Requests': '1'} {'': ''}
The functionality respond
original response
0.30431
After hit response
0.283134
Safe from this use case maybe
Messy
https://reqres.in/api/users/2 \x27 {'': ''} {'Accept': 'text/html,application/xhtml+xml,application/xml;q=0.9,image/webp,*/*;q=0.8', 'Referer': 'https://reqres.in/', 'Connection': 'keep-alive', 'Upgrade-Insecure-Requests': '1'} {'': ''}
The functionality respond
original response
0.30431
After hit response
0.265315
Safe from this use case maybe
Messy
https://reqres.in/api/users/\x3D%20\x3B' {'': ''} {'Accept': 'text/html,application/xhtml+xml,application/xml;q=0.9,image/webp,*/*;q=0.8', 'Referer': 'https://reqres.in/', 'Connection': 'keep-alive', 'Upgrade-Insecure-Requests': '1'} {'': ''}
The functionality respond
original response
0.30431
After hit response
0.287001
Safe from this use case maybe
Messy
https://reqres.in/api/users/2\x3D%20\x3B' {'': ''} {'Accept': 'text/html,application/xhtml+xml,application/xml;q=0.9,image/webp,*/*;q=0.8', 'Referer': 'https://reqres.in/', 'Connection': 'keep-alive', 'Upgrade-Insecure-Requests': '1'} {'': ''}
The functionality respond
original response
0.30431
After hit response
0.455359
Safe from this use case maybe
Messy
https://reqres.in/api/users/2 \x3D%20\x3B' {'': ''} {'Accept': 'text/html,application/xhtml+xml,application/xml;q=0.9,image/webp,*/*;q=0.8', 'Referer': 'https://reqres.in/', 'Connection': 'keep-alive', 'Upgrade-Insecure-Requests': '1'} {'': ''}
The functionality respond
original response
0.30431
After hit response
0.340156
Safe from this use case maybe
Messy
https://reqres.in/api/users/\x3D%20\x27 {'': ''} {'Accept': 'text/html,application/xhtml+xml,application/xml;q=0.9,image/webp,*/*;q=0.8', 'Referer': 'https://reqres.in/', 'Connection': 'keep-alive', 'Upgrade-Insecure-Requests': '1'} {'': ''}
The functionality respond
original response
0.30431
After hit response
0.303151
Safe from this use case maybe
Messy
https://reqres.in/api/users/2\x3D%20\x27 {'': ''} {'Accept': 'text/html,application/xhtml+xml,application/xml;q=0.9,image/webp,*/*;q=0.8', 'Referer': 'https://reqres.in/', 'Connection': 'keep-alive', 'Upgrade-Insecure-Requests': '1'} {'': ''}
The functionality respond
original response
0.30431
After hit response
0.233244
Safe from this use case maybe
Messy
https://reqres.in/api/users/2 \x3D%20\x27 {'': ''} {'Accept': 'text/html,application/xhtml+xml,application/xml;q=0.9,image/webp,*/*;q=0.8', 'Referer': 'https://reqres.in/', 'Connection': 'keep-alive', 'Upgrade-Insecure-Requests': '1'} {'': ''}
The functionality respond
original response
0.30431
After hit response
0.249407
Safe from this use case maybe
Messy
https://reqres.in/api/users/\x27\x4F\x52 SELECT * {'': ''} {'Accept': 'text/html,application/xhtml+xml,application/xml;q=0.9,image/webp,*/*;q=0.8', 'Referer': 'https://reqres.in/', 'Connection': 'keep-alive', 'Upgrade-Insecure-Requests': '1'} {'': ''}
The functionality respond
original response
0.30431
After hit response
0.273214
Safe from this use case maybe
Messy
https://reqres.in/api/users/2\x27\x4F\x52 SELECT * {'': ''} {'Accept': 'text/html,application/xhtml+xml,application/xml;q=0.9,image/webp,*/*;q=0.8', 'Referer': 'https://reqres.in/', 'Connection': 'keep-alive', 'Upgrade-Insecure-Requests': '1'} {'': ''}
The functionality respond
original response
0.30431
After hit response
0.26472
Safe from this use case maybe
Messy
https://reqres.in/api/users/2 \x27\x4F\x52 SELECT * {'': ''} {'Accept': 'text/html,application/xhtml+xml,application/xml;q=0.9,image/webp,*/*;q=0.8', 'Referer': 'https://reqres.in/', 'Connection': 'keep-alive', 'Upgrade-Insecure-Requests': '1'} {'': ''}
The functionality respond
original response
0.30431
After hit response
0.249467
Safe from this use case maybe
Messy
https://reqres.in/api/users/\x27\x6F\x72 SELECT * {'': ''} {'Accept': 'text/html,application/xhtml+xml,application/xml;q=0.9,image/webp,*/*;q=0.8', 'Referer': 'https://reqres.in/', 'Connection': 'keep-alive', 'Upgrade-Insecure-Requests': '1'} {'': ''}
The functionality respond
original response
0.30431
After hit response
0.281502
Safe from this use case maybe
Messy
https://reqres.in/api/users/2\x27\x6F\x72 SELECT * {'': ''} {'Accept': 'text/html,application/xhtml+xml,application/xml;q=0.9,image/webp,*/*;q=0.8', 'Referer': 'https://reqres.in/', 'Connection': 'keep-alive', 'Upgrade-Insecure-Requests': '1'} {'': ''}
The functionality respond
original response
0.30431
After hit response
0.250583
Safe from this use case maybe
Messy
https://reqres.in/api/users/2 \x27\x6F\x72 SELECT * {'': ''} {'Accept': 'text/html,application/xhtml+xml,application/xml;q=0.9,image/webp,*/*;q=0.8', 'Referer': 'https://reqres.in/', 'Connection': 'keep-alive', 'Upgrade-Insecure-Requests': '1'} {'': ''}
The functionality respond
original response
0.30431
After hit response
0.38533
Safe from this use case maybe
Messy
https://reqres.in/api/users/'or%20select * {'': ''} {'Accept': 'text/html,application/xhtml+xml,application/xml;q=0.9,image/webp,*/*;q=0.8', 'Referer': 'https://reqres.in/', 'Connection': 'keep-alive', 'Upgrade-Insecure-Requests': '1'} {'': ''}
The functionality respond
original response
0.30431
After hit response
0.23864
Safe from this use case maybe
Messy
https://reqres.in/api/users/2'or%20select * {'': ''} {'Accept': 'text/html,application/xhtml+xml,application/xml;q=0.9,image/webp,*/*;q=0.8', 'Referer': 'https://reqres.in/', 'Connection': 'keep-alive', 'Upgrade-Insecure-Requests': '1'} {'': ''}
The functionality respond
original response
0.30431
After hit response
0.272946
Safe from this use case maybe
Messy
https://reqres.in/api/users/2 'or%20select * {'': ''} {'Accept': 'text/html,application/xhtml+xml,application/xml;q=0.9,image/webp,*/*;q=0.8', 'Referer': 'https://reqres.in/', 'Connection': 'keep-alive', 'Upgrade-Insecure-Requests': '1'} {'': ''}
The functionality respond
original response
0.30431
After hit response
0.258411
Safe from this use case maybe
Messy
https://reqres.in/api/users/'%20or%20''=' {'': ''} {'Accept': 'text/html,application/xhtml+xml,application/xml;q=0.9,image/webp,*/*;q=0.8', 'Referer': 'https://reqres.in/', 'Connection': 'keep-alive', 'Upgrade-Insecure-Requests': '1'} {'': ''}
The functionality respond
original response
0.30431
After hit response
0.258699
Safe from this use case maybe
Messy
https://reqres.in/api/users/2'%20or%20''=' {'': ''} {'Accept': 'text/html,application/xhtml+xml,application/xml;q=0.9,image/webp,*/*;q=0.8', 'Referer': 'https://reqres.in/', 'Connection': 'keep-alive', 'Upgrade-Insecure-Requests': '1'} {'': ''}
The functionality respond
original response
0.30431
After hit response
0.270046
Safe from this use case maybe
Messy
https://reqres.in/api/users/2 '%20or%20''=' {'': ''} {'Accept': 'text/html,application/xhtml+xml,application/xml;q=0.9,image/webp,*/*;q=0.8', 'Referer': 'https://reqres.in/', 'Connection': 'keep-alive', 'Upgrade-Insecure-Requests': '1'} {'': ''}
The functionality respond
original response
0.30431
After hit response
0.474691
Safe from this use case maybe
Messy
https://reqres.in/api/users/%2A%28%7C%28mail%3D%2A%29%29 {'': ''} {'Accept': 'text/html,application/xhtml+xml,application/xml;q=0.9,image/webp,*/*;q=0.8', 'Referer': 'https://reqres.in/', 'Connection': 'keep-alive', 'Upgrade-Insecure-Requests': '1'} {'': ''}
The functionality respond
original response
0.30431
After hit response
0.441632
Safe from this use case maybe
Messy
https://reqres.in/api/users/2%2A%28%7C%28mail%3D%2A%29%29 {'': ''} {'Accept': 'text/html,application/xhtml+xml,application/xml;q=0.9,image/webp,*/*;q=0.8', 'Referer': 'https://reqres.in/', 'Connection': 'keep-alive', 'Upgrade-Insecure-Requests': '1'} {'': ''}
The functionality respond
original response
0.30431
After hit response
0.258341
Safe from this use case maybe
Messy
https://reqres.in/api/users/2 %2A%28%7C%28mail%3D%2A%29%29 {'': ''} {'Accept': 'text/html,application/xhtml+xml,application/xml;q=0.9,image/webp,*/*;q=0.8', 'Referer': 'https://reqres.in/', 'Connection': 'keep-alive', 'Upgrade-Insecure-Requests': '1'} {'': ''}
The functionality respond
original response
0.30431
After hit response
0.250512
Safe from this use case maybe
Messy
https://reqres.in/api/users/*(|(objectclass=*)) {'': ''} {'Accept': 'text/html,application/xhtml+xml,application/xml;q=0.9,image/webp,*/*;q=0.8', 'Referer': 'https://reqres.in/', 'Connection': 'keep-alive', 'Upgrade-Insecure-Requests': '1'} {'': ''}
The functionality respond
original response
0.30431
After hit response
0.359838
Safe from this use case maybe
Messy
https://reqres.in/api/users/2*(|(objectclass=*)) {'': ''} {'Accept': 'text/html,application/xhtml+xml,application/xml;q=0.9,image/webp,*/*;q=0.8', 'Referer': 'https://reqres.in/', 'Connection': 'keep-alive', 'Upgrade-Insecure-Requests': '1'} {'': ''}
The functionality respond
original response
0.30431
After hit response
0.654884
Safe from this use case maybe
Messy
https://reqres.in/api/users/2 *(|(objectclass=*)) {'': ''} {'Accept': 'text/html,application/xhtml+xml,application/xml;q=0.9,image/webp,*/*;q=0.8', 'Referer': 'https://reqres.in/', 'Connection': 'keep-alive', 'Upgrade-Insecure-Requests': '1'} {'': ''}
The functionality respond
original response
0.30431
After hit response
0.638271
Safe from this use case maybe
Messy
https://reqres.in/api/users/%2A%28%7C%28objectclass%3D%2A%29%29 {'': ''} {'Accept': 'text/html,application/xhtml+xml,application/xml;q=0.9,image/webp,*/*;q=0.8', 'Referer': 'https://reqres.in/', 'Connection': 'keep-alive', 'Upgrade-Insecure-Requests': '1'} {'': ''}
The functionality respond
original response
0.30431
After hit response
0.49952
Safe from this use case maybe
Messy
https://reqres.in/api/users/2%2A%28%7C%28objectclass%3D%2A%29%29 {'': ''} {'Accept': 'text/html,application/xhtml+xml,application/xml;q=0.9,image/webp,*/*;q=0.8', 'Referer': 'https://reqres.in/', 'Connection': 'keep-alive', 'Upgrade-Insecure-Requests': '1'} {'': ''}
The functionality respond
original response
0.30431
After hit response
0.522126
Safe from this use case maybe
Messy
https://reqres.in/api/users/2 %2A%28%7C%28objectclass%3D%2A%29%29 {'': ''} {'Accept': 'text/html,application/xhtml+xml,application/xml;q=0.9,image/webp,*/*;q=0.8', 'Referer': 'https://reqres.in/', 'Connection': 'keep-alive', 'Upgrade-Insecure-Requests': '1'} {'': ''}
The functionality respond
original response
0.30431
After hit response
0.782003
Safe from this use case maybe
Messy
https://reqres.in/api/users///* {'': ''} {'Accept': 'text/html,application/xhtml+xml,application/xml;q=0.9,image/webp,*/*;q=0.8', 'Referer': 'https://reqres.in/', 'Connection': 'keep-alive', 'Upgrade-Insecure-Requests': '1'} {'': ''}
The functionality respond
original response
0.30431
After hit response
1.540086
Safe from this use case maybe
Messy
https://reqres.in/api/users/2//* {'': ''} {'Accept': 'text/html,application/xhtml+xml,application/xml;q=0.9,image/webp,*/*;q=0.8', 'Referer': 'https://reqres.in/', 'Connection': 'keep-alive', 'Upgrade-Insecure-Requests': '1'} {'': ''}
The functionality respond
original response
0.30431
After hit response
0.541982
Safe from this use case maybe
Messy
https://reqres.in/api/users/2 //* {'': ''} {'Accept': 'text/html,application/xhtml+xml,application/xml;q=0.9,image/webp,*/*;q=0.8', 'Referer': 'https://reqres.in/', 'Connection': 'keep-alive', 'Upgrade-Insecure-Requests': '1'} {'': ''}
The functionality respond
original response
0.30431
After hit response
0.543994
Safe from this use case maybe
Messy
https://reqres.in/api/users/| {'': ''} {'Accept': 'text/html,application/xhtml+xml,application/xml;q=0.9,image/webp,*/*;q=0.8', 'Referer': 'https://reqres.in/', 'Connection': 'keep-alive', 'Upgrade-Insecure-Requests': '1'} {'': ''}
The functionality respond
original response
0.30431
After hit response
0.595568
Safe from this use case maybe
Messy
https://reqres.in/api/users/2| {'': ''} {'Accept': 'text/html,application/xhtml+xml,application/xml;q=0.9,image/webp,*/*;q=0.8', 'Referer': 'https://reqres.in/', 'Connection': 'keep-alive', 'Upgrade-Insecure-Requests': '1'} {'': ''}
The functionality respond
original response
0.30431
After hit response
0.673897
Safe from this use case maybe
Messy
https://reqres.in/api/users/2 | {'': ''} {'Accept': 'text/html,application/xhtml+xml,application/xml;q=0.9,image/webp,*/*;q=0.8', 'Referer': 'https://reqres.in/', 'Connection': 'keep-alive', 'Upgrade-Insecure-Requests': '1'} {'': ''}
The functionality respond
original response
0.30431
After hit response
0.527023
Safe from this use case maybe
Messy
https://reqres.in/api/users/\\ {'': ''} {'Accept': 'text/html,application/xhtml+xml,application/xml;q=0.9,image/webp,*/*;q=0.8', 'Referer': 'https://reqres.in/', 'Connection': 'keep-alive', 'Upgrade-Insecure-Requests': '1'} {'': ''}
The functionality respond
original response
0.30431
After hit response
0.512804
Safe from this use case maybe
Messy
https://reqres.in/api/users/2\\ {'': ''} {'Accept': 'text/html,application/xhtml+xml,application/xml;q=0.9,image/webp,*/*;q=0.8', 'Referer': 'https://reqres.in/', 'Connection': 'keep-alive', 'Upgrade-Insecure-Requests': '1'} {'': ''}
The functionality respond
original response
0.30431
After hit response
1.2963
Safe from this use case maybe
Messy
https://reqres.in/api/users/2 \\ {'': ''} {'Accept': 'text/html,application/xhtml+xml,application/xml;q=0.9,image/webp,*/*;q=0.8', 'Referer': 'https://reqres.in/', 'Connection': 'keep-alive', 'Upgrade-Insecure-Requests': '1'} {'': ''}
The functionality respond
original response
0.30431
After hit response
0.566894
Safe from this use case maybe
Messy
https://reqres.in/api/users/ ' order by 2-- {'': ''} {'Accept': 'text/html,application/xhtml+xml,application/xml;q=0.9,image/webp,*/*;q=0.8', 'Referer': 'https://reqres.in/', 'Connection': 'keep-alive', 'Upgrade-Insecure-Requests': '1'} {'': ''}
The functionality respond
original response
0.30431
After hit response
1.587816
Safe from this use case maybe
Messy
https://reqres.in/api/users/2 ' order by 2-- {'': ''} {'Accept': 'text/html,application/xhtml+xml,application/xml;q=0.9,image/webp,*/*;q=0.8', 'Referer': 'https://reqres.in/', 'Connection': 'keep-alive', 'Upgrade-Insecure-Requests': '1'} {'': ''}
The functionality respond
original response
0.30431
After hit response
0.517487
Safe from this use case maybe
Messy
https://reqres.in/api/users/2  ' order by 2-- {'': ''} {'Accept': 'text/html,application/xhtml+xml,application/xml;q=0.9,image/webp,*/*;q=0.8', 'Referer': 'https://reqres.in/', 'Connection': 'keep-alive', 'Upgrade-Insecure-Requests': '1'} {'': ''}
The functionality respond
original response
0.30431
After hit response
0.503186
Safe from this use case maybe
Messy
https://reqres.in/api/users/ ' order by 2-- {'': ''} {'Accept': 'text/html,application/xhtml+xml,application/xml;q=0.9,image/webp,*/*;q=0.8', 'Referer': 'https://reqres.in/', 'Connection': 'keep-alive', 'Upgrade-Insecure-Requests': '1'} {'': ''}
original response
0.30431
After hit response
0.236915
Messy
https://reqres.in/api/users/2 ' order by 2-- {'': ''} {'Accept': 'text/html,application/xhtml+xml,application/xml;q=0.9,image/webp,*/*;q=0.8', 'Referer': 'https://reqres.in/', 'Connection': 'keep-alive', 'Upgrade-Insecure-Requests': '1'} {'': ''}
original response
0.30431
After hit response
0.249107
Messy
https://reqres.in/api/users/2  ' order by 2-- {'': ''} {'Accept': 'text/html,application/xhtml+xml,application/xml;q=0.9,image/webp,*/*;q=0.8', 'Referer': 'https://reqres.in/', 'Connection': 'keep-alive', 'Upgrade-Insecure-Requests': '1'} {'': ''}
original response
0.30431
After hit response
0.276925
Messy
https://reqres.in/api/users/ ' order by 2-- {'': ''} {'Accept': 'text/html,application/xhtml+xml,application/xml;q=0.9,image/webp,*/*;q=0.8', 'Referer': 'https://reqres.in/', 'Connection': 'keep-alive', 'Upgrade-Insecure-Requests': '1'} {'': ''}
original response
0.30431
After hit response
0.39133
Messy
https://reqres.in/api/users/2 ' order by 2-- {'': ''} {'Accept': 'text/html,application/xhtml+xml,application/xml;q=0.9,image/webp,*/*;q=0.8', 'Referer': 'https://reqres.in/', 'Connection': 'keep-alive', 'Upgrade-Insecure-Requests': '1'} {'': ''}
original response
0.30431
After hit response
0.326457
Messy
https://reqres.in/api/users/2  ' order by 2-- {'': ''} {'Accept': 'text/html,application/xhtml+xml,application/xml;q=0.9,image/webp,*/*;q=0.8', 'Referer': 'https://reqres.in/', 'Connection': 'keep-alive', 'Upgrade-Insecure-Requests': '1'} {'': ''}
original response
0.30431
After hit response
0.366303
Messy
https://reqres.in/api/users/ ' order by 2-- {'': ''} {'Accept': 'text/html,application/xhtml+xml,application/xml;q=0.9,image/webp,*/*;q=0.8', 'Referer': 'https://reqres.in/', 'Connection': 'keep-alive', 'Upgrade-Insecure-Requests': '1'} {'': ''}
original response
0.30431
After hit response
0.256334
Messy
https://reqres.in/api/users/2 ' order by 2-- {'': ''} {'Accept': 'text/html,application/xhtml+xml,application/xml;q=0.9,image/webp,*/*;q=0.8', 'Referer': 'https://reqres.in/', 'Connection': 'keep-alive', 'Upgrade-Insecure-Requests': '1'} {'': ''}
original response
0.30431
After hit response
0.245201
Messy
https://reqres.in/api/users/2  ' order by 2-- {'': ''} {'Accept': 'text/html,application/xhtml+xml,application/xml;q=0.9,image/webp,*/*;q=0.8', 'Referer': 'https://reqres.in/', 'Connection': 'keep-alive', 'Upgrade-Insecure-Requests': '1'} {'': ''}
original response
0.30431
After hit response
0.364276
Messy
https://reqres.in/api/users/ ' order by 2-- {'': ''} {'Accept': 'text/html,application/xhtml+xml,application/xml;q=0.9,image/webp,*/*;q=0.8', 'Referer': 'https://reqres.in/', 'Connection': 'keep-alive', 'Upgrade-Insecure-Requests': '1'} {'': ''}
original response
0.30431
After hit response
0.258819
Messy
https://reqres.in/api/users/2 ' order by 2-- {'': ''} {'Accept': 'text/html,application/xhtml+xml,application/xml;q=0.9,image/webp,*/*;q=0.8', 'Referer': 'https://reqres.in/', 'Connection': 'keep-alive', 'Upgrade-Insecure-Requests': '1'} {'': ''}
original response
0.30431
After hit response
0.295903
Messy
https://reqres.in/api/users/2  ' order by 2-- {'': ''} {'Accept': 'text/html,application/xhtml+xml,application/xml;q=0.9,image/webp,*/*;q=0.8', 'Referer': 'https://reqres.in/', 'Connection': 'keep-alive', 'Upgrade-Insecure-Requests': '1'} {'': ''}
original response
0.30431
After hit response
0.248018
Messy
https://reqres.in/api/users/ ' order by 2-- {'': ''} {'Accept': 'text/html,application/xhtml+xml,application/xml;q=0.9,image/webp,*/*;q=0.8', 'Referer': 'https://reqres.in/', 'Connection': 'keep-alive', 'Upgrade-Insecure-Requests': '1'} {'': ''}
original response
0.30431
After hit response
0.298914
Messy
https://reqres.in/api/users/2 ' order by 2-- {'': ''} {'Accept': 'text/html,application/xhtml+xml,application/xml;q=0.9,image/webp,*/*;q=0.8', 'Referer': 'https://reqres.in/', 'Connection': 'keep-alive', 'Upgrade-Insecure-Requests': '1'} {'': ''}
original response
0.30431
After hit response
0.289482
Messy
https://reqres.in/api/users/2  ' order by 2-- {'': ''} {'Accept': 'text/html,application/xhtml+xml,application/xml;q=0.9,image/webp,*/*;q=0.8', 'Referer': 'https://reqres.in/', 'Connection': 'keep-alive', 'Upgrade-Insecure-Requests': '1'} {'': ''}
original response
0.30431
After hit response
0.277067
Messy
https://reqres.in/api/users/ ' order by 2-- {'': ''} {'Accept': 'text/html,application/xhtml+xml,application/xml;q=0.9,image/webp,*/*;q=0.8', 'Referer': 'https://reqres.in/', 'Connection': 'keep-alive', 'Upgrade-Insecure-Requests': '1'} {'': ''}
original response
0.30431
After hit response
0.250566
Messy
https://reqres.in/api/users/2 ' order by 2-- {'': ''} {'Accept': 'text/html,application/xhtml+xml,application/xml;q=0.9,image/webp,*/*;q=0.8', 'Referer': 'https://reqres.in/', 'Connection': 'keep-alive', 'Upgrade-Insecure-Requests': '1'} {'': ''}
original response
0.30431
After hit response
0.263979
Messy
https://reqres.in/api/users/2  ' order by 2-- {'': ''} {'Accept': 'text/html,application/xhtml+xml,application/xml;q=0.9,image/webp,*/*;q=0.8', 'Referer': 'https://reqres.in/', 'Connection': 'keep-alive', 'Upgrade-Insecure-Requests': '1'} {'': ''}
original response
0.30431
After hit response
0.322934
Messy
https://reqres.in/api/users/ ' order by 2-- {'': ''} {'Accept': 'text/html,application/xhtml+xml,application/xml;q=0.9,image/webp,*/*;q=0.8', 'Referer': 'https://reqres.in/', 'Connection': 'keep-alive', 'Upgrade-Insecure-Requests': '1'} {'': ''}
original response
0.30431
After hit response
0.259902
Messy
https://reqres.in/api/users/2 ' order by 2-- {'': ''} {'Accept': 'text/html,application/xhtml+xml,application/xml;q=0.9,image/webp,*/*;q=0.8', 'Referer': 'https://reqres.in/', 'Connection': 'keep-alive', 'Upgrade-Insecure-Requests': '1'} {'': ''}
original response
0.30431
After hit response
0.367439
Messy
https://reqres.in/api/users/2  ' order by 2-- {'': ''} {'Accept': 'text/html,application/xhtml+xml,application/xml;q=0.9,image/webp,*/*;q=0.8', 'Referer': 'https://reqres.in/', 'Connection': 'keep-alive', 'Upgrade-Insecure-Requests': '1'} {'': ''}
original response
0.30431
After hit response
0.25224
Messy
https://reqres.in/api/users/ ' order by 2-- {'': ''} {'Accept': 'text/html,application/xhtml+xml,application/xml;q=0.9,image/webp,*/*;q=0.8', 'Referer': 'https://reqres.in/', 'Connection': 'keep-alive', 'Upgrade-Insecure-Requests': '1'} {'': ''}
original response
0.30431
After hit response
0.26762
Messy
https://reqres.in/api/users/2 ' order by 2-- {'': ''} {'Accept': 'text/html,application/xhtml+xml,application/xml;q=0.9,image/webp,*/*;q=0.8', 'Referer': 'https://reqres.in/', 'Connection': 'keep-alive', 'Upgrade-Insecure-Requests': '1'} {'': ''}
original response
0.30431
After hit response
0.301001
Messy
https://reqres.in/api/users/2  ' order by 2-- {'': ''} {'Accept': 'text/html,application/xhtml+xml,application/xml;q=0.9,image/webp,*/*;q=0.8', 'Referer': 'https://reqres.in/', 'Connection': 'keep-alive', 'Upgrade-Insecure-Requests': '1'} {'': ''}
original response
0.30431
After hit response
0.395055
Messy
https://reqres.in/api/users/ ' order by 2-- {'': ''} {'Accept': 'text/html,application/xhtml+xml,application/xml;q=0.9,image/webp,*/*;q=0.8', 'Referer': 'https://reqres.in/', 'Connection': 'keep-alive', 'Upgrade-Insecure-Requests': '1'} {'': ''}
original response
0.30431
After hit response
0.267084
Messy
https://reqres.in/api/users/2 ' order by 2-- {'': ''} {'Accept': 'text/html,application/xhtml+xml,application/xml;q=0.9,image/webp,*/*;q=0.8', 'Referer': 'https://reqres.in/', 'Connection': 'keep-alive', 'Upgrade-Insecure-Requests': '1'} {'': ''}
original response
0.30431
After hit response
0.251492
Messy
https://reqres.in/api/users/2  ' order by 2-- {'': ''} {'Accept': 'text/html,application/xhtml+xml,application/xml;q=0.9,image/webp,*/*;q=0.8', 'Referer': 'https://reqres.in/', 'Connection': 'keep-alive', 'Upgrade-Insecure-Requests': '1'} {'': ''}
original response
0.30431
After hit response
0.271464
Messy
https://reqres.in/api/users/ ' order by 2-- {'': ''} {'Accept': 'text/html,application/xhtml+xml,application/xml;q=0.9,image/webp,*/*;q=0.8', 'Referer': 'https://reqres.in/', 'Connection': 'keep-alive', 'Upgrade-Insecure-Requests': '1'} {'': ''}
original response
0.30431
After hit response
0.339264
Messy
https://reqres.in/api/users/2 ' order by 2-- {'': ''} {'Accept': 'text/html,application/xhtml+xml,application/xml;q=0.9,image/webp,*/*;q=0.8', 'Referer': 'https://reqres.in/', 'Connection': 'keep-alive', 'Upgrade-Insecure-Requests': '1'} {'': ''}
original response
0.30431
After hit response
0.374839
Messy
https://reqres.in/api/users/2  ' order by 2-- {'': ''} {'Accept': 'text/html,application/xhtml+xml,application/xml;q=0.9,image/webp,*/*;q=0.8', 'Referer': 'https://reqres.in/', 'Connection': 'keep-alive', 'Upgrade-Insecure-Requests': '1'} {'': ''}
original response
0.30431
After hit response
0.269921
No position selected</msg>
<msg timestamp="20210707 15:25:56.664" level="INFO">${result} = 0</msg>
<status status="PASS" starttime="20210707 15:25:21.931" endtime="20210707 15:25:56.664"/>
</kw>
<kw name="Log To Console" library="BuiltIn">
<arg>${result}</arg>
<doc>Logs the given message to the console.</doc>
<status status="PASS" starttime="20210707 15:25:56.665" endtime="20210707 15:25:56.666"/>
</kw>
<kw name="Run Keyword If" library="BuiltIn">
<arg>${result}!= 0</arg>
<arg>Fail</arg>
<arg>msg=This might be vulnerable to SQL injection</arg>
<doc>Runs the given keyword with the given arguments, if ``condition`` is true.</doc>
<status status="PASS" starttime="20210707 15:25:56.666" endtime="20210707 15:25:56.667"/>
</kw>
<status status="PASS" starttime="20210707 15:25:21.927" endtime="20210707 15:25:56.668"/>
</kw>
<tag>perform_injection</tag>
<status status="PASS" starttime="20210707 15:25:21.883" endtime="20210707 15:25:56.668"/>
</test>
<status status="PASS" starttime="20210707 15:25:20.869" endtime="20210707 15:25:56.670"/>
</suite>
<statistics>
<total>
<stat pass="1" fail="0" skip="0">All Tests</stat>
</total>
<tag>
<stat pass="1" fail="0" skip="0">perform_injection</stat>
</tag>
<suite>
<stat pass="1" fail="0" skip="0" id="s1" name="Mysqldb">Mysqldb</stat>
</suite>
</statistics>
<errors>
<msg timestamp="20210707 15:25:20.943" level="ERROR">Error in file 'D:\COE_Automation\Resources\API.robot' on line 2: Importing library 'SeleniumLibrary' failed: ModuleNotFoundError: No module named 'SeleniumLibrary'
Traceback (most recent call last):
  None
PYTHONPATH:
  C:\Users\palak.vora\AppData\Local\Programs\Python\Python39\Scripts\robot.exe
  C:\Users\palak.vora\AppData\Local\Programs\Python\Python39
  c:\users\palak.vora\appdata\local\programs\python\python39\python39.zip
  C:\Users\palak.vora\AppData\Local\Programs\Python\Python39\DLLs
  C:\Users\palak.vora\AppData\Local\Programs\Python\Python39\lib
  C:\Users\palak.vora\AppData\Roaming\Python\Python39\site-packages
  C:\Users\palak.vora\AppData\Local\Programs\Python\Python39\lib\site-packages</msg>
<msg timestamp="20210707 15:25:20.947" level="ERROR">Error in file 'D:\COE_Automation\Resources\API.robot' on line 3: Importing library 'JSpringBotGlobal' failed: ModuleNotFoundError: No module named 'JSpringBotGlobal'
Traceback (most recent call last):
  None
PYTHONPATH:
  C:\Users\palak.vora\AppData\Local\Programs\Python\Python39\Scripts\robot.exe
  C:\Users\palak.vora\AppData\Local\Programs\Python\Python39
  c:\users\palak.vora\appdata\local\programs\python\python39\python39.zip
  C:\Users\palak.vora\AppData\Local\Programs\Python\Python39\DLLs
  C:\Users\palak.vora\AppData\Local\Programs\Python\Python39\lib
  C:\Users\palak.vora\AppData\Roaming\Python\Python39\site-packages
  C:\Users\palak.vora\AppData\Local\Programs\Python\Python39\lib\site-packages</msg>
<msg timestamp="20210707 15:25:21.167" level="ERROR">Error in file 'D:\COE_Automation\Resources\API.robot' on line 6: Importing library 'JSONLibrary' failed: ModuleNotFoundError: No module named 'JSONLibrary'
Traceback (most recent call last):
  None
PYTHONPATH:
  C:\Users\palak.vora\AppData\Local\Programs\Python\Python39\Scripts\robot.exe
  C:\Users\palak.vora\AppData\Local\Programs\Python\Python39
  c:\users\palak.vora\appdata\local\programs\python\python39\python39.zip
  C:\Users\palak.vora\AppData\Local\Programs\Python\Python39\DLLs
  C:\Users\palak.vora\AppData\Local\Programs\Python\Python39\lib
  C:\Users\palak.vora\AppData\Roaming\Python\Python39\site-packages
  C:\Users\palak.vora\AppData\Local\Programs\Python\Python39\lib\site-packages</msg>
</errors>
</robot>
