<?xml version="1.0" encoding="UTF-8"?>
<robot generator="Robot 3.2.1 (Python 3.7.4 on win32)" generated="20200624 16:31:45.563" rpa="false">
<suite id="s1" name="SAT Plus" source="D:\Programming\Application Security\coe-application-security\TestCases\Scrum_Team\Project_Name\SAT_Plus.robot">
<test id="s1-t1" name="TC_001 Arbitary HTTP Methods, XST Potentials and HEAD Access Control Bypass.">
<kw name="Log To Console" library="BuiltIn">
<doc>Logs the given message to the console.</doc>
<arguments>
<arg>"Executing Test Case 001"</arg>
</arguments>
<status status="PASS" starttime="20200624 16:31:48.496" endtime="20200624 16:31:48.496"></status>
</kw>
<kw name="Dangerous Method" library="API">
<arguments>
<arg>${Excel_Location}</arg>
<arg>IAM</arg>
<arg>PUT</arg>
</arguments>
<kw name="Log To Console" library="BuiltIn">
<doc>Logs the given message to the console.</doc>
<arguments>
<arg>"Executing Dangerous Methods"</arg>
</arguments>
<status status="PASS" starttime="20200624 16:31:48.498" endtime="20200624 16:31:48.499"></status>
</kw>
<kw name="Arbitrary Method" library="REST">
<arguments>
<arg>${Excel_Location}</arg>
<arg>${Excel_Sheet_Name}</arg>
<arg>${Module_Name}</arg>
</arguments>
<assign>
<var>${result}</var>
</assign>
<msg timestamp="20200624 16:31:49.707" level="INFO">Opening Excel
Opened Excel
Title of Sheet = IAM
Row 1 = API_Name
Row 2 = GET_ALL
Row 3 = GET
Row 4 = POST
Row 5 = PUT
Module Found : PUT in Row - 5 of Worksheet - IAM
PUT
HTTP Method = PUT
HTTP Method = PUT
Protocol = http

BaseURL = dummy.restapiexample.com

RelativeURL = /api/v1/update/$21$

Body = {"name":"test","salary":"123","age":"23"}

{'name': 'test', 'salary': '123', 'age': '23'}
Header = {"Content-Type": "application/json","Connection": "keep-alive"}

{'Content-Type': 'application/json', 'Connection': 'keep-alive'}
Cookie = {"":""}

{'': ''}
CompleteURL = http://dummy.restapiexample.com/api/v1/update/$21$
Row 6 = DELETE
Row 7 = TEST
Row 8 = BillingBridge_C247
Row 9 = Permissions
Error in executing API</msg>
<msg timestamp="20200624 16:31:49.707" level="INFO">${result} = None</msg>
<status status="PASS" starttime="20200624 16:31:48.499" endtime="20200624 16:31:49.707"></status>
</kw>
<kw name="Log To Console" library="BuiltIn">
<doc>Logs the given message to the console.</doc>
<arguments>
<arg>${result}</arg>
</arguments>
<status status="PASS" starttime="20200624 16:31:49.708" endtime="20200624 16:31:49.719"></status>
</kw>
<kw name="List Should Not Contain Value" library="Collections">
<doc>Fails if the ``value`` is found from ``list``.</doc>
<arguments>
<arg>${result}</arg>
<arg>200</arg>
<arg>Vulnerability Not Observed</arg>
</arguments>
<msg timestamp="20200624 16:31:49.720" level="FAIL">TypeError: Expected argument 1 to be a list or list-like, got None instead.</msg>
<status status="FAIL" starttime="20200624 16:31:49.719" endtime="20200624 16:31:49.720"></status>
</kw>
<status status="FAIL" starttime="20200624 16:31:48.497" endtime="20200624 16:31:49.720"></status>
</kw>
<status status="FAIL" starttime="20200624 16:31:48.493" endtime="20200624 16:31:49.721" critical="yes">TypeError: Expected argument 1 to be a list or list-like, got None instead.</status>
</test>
<test id="s1-t2" name="TC_002 Input Based Attack">
<kw name="Log To Console" library="BuiltIn">
<doc>Logs the given message to the console.</doc>
<arguments>
<arg>"Executing Test Case 002"</arg>
</arguments>
<status status="PASS" starttime="20200624 16:31:49.724" endtime="20200624 16:31:49.724"></status>
</kw>
<kw name="Input Validation" library="injection_attack">
<arguments>
<arg>${Excel_Location}</arg>
<arg>IAM</arg>
<arg>PUT</arg>
<arg>${Payload_Excel_Location}</arg>
<arg>TEST</arg>
</arguments>
<msg timestamp="20200624 16:32:40.234" level="INFO">Executing Input Validation
Opening Excel
Opened Excel
Title of Sheet = IAM
Row 1 = API_Name
Row 2 = GET_ALL
Row 3 = GET
Row 4 = POST
Row 5 = PUT
Module Found : PUT in Row - 5 of Worksheet - IAM
PUT
PUT
PUT
http
http

BaseURL = dummy.restapiexample.com

RelativeURL = /api/v1/update/$21$

http://dummy.restapiexample.com/api/v1/update/$21$
Body = {"name":"test","salary":"123","age":"23"}

{'name': 'test', 'salary': '123', 'age': '23'}
Header = {"Content-Type": "application/json","Connection": "keep-alive"}

{'Content-Type': 'application/json', 'Connection': 'keep-alive'}
Cookie = {"":""}

{'': ''}
{'HTTPMethod': 'PUT', 'Protocol': 'http', 'URL': 'http://dummy.restapiexample.com/api/v1/update/$21$', 'Body': {'name': 'test', 'salary': '123', 'age': '23'}, 'Header': {'Content-Type': 'application/json', 'Connection': 'keep-alive'}, 'Cookie': {'': ''}}
Row 6 = DELETE
Row 7 = TEST
Row 8 = BillingBridge_C247
Row 9 = Permissions
Data from find_vulnerable_parameters 
{'HTTPMethod': 'PUT', 'Protocol': 'http', 'URL': 'http://dummy.restapiexample.com/api/v1/update/$21$', 'Body': {'name': 'test', 'salary': '123', 'age': '23'}, 'Header': {'Content-Type': 'application/json', 'Connection': 'keep-alive'}, 'Cookie': {'': ''}}
HTTP Method: PUT
Protocol: http
URL: http://dummy.restapiexample.com/api/v1/update/$21$
Body: {'name': 'test', 'salary': '123', 'age': '23'}
Header: {'Content-Type': 'application/json', 'Connection': 'keep-alive'}
Cookie: {'': ''}
Parameter found in URL
['21']
Parameter found in Body
[]
Parameter found in Header
[]
Parameter found in Cookie
[]
Data from input_validation
{'HTTPMethod': 'PUT', 'Protocol': 'http', 'URL': 'http://dummy.restapiexample.com/api/v1/update/$21$', 'Body': {'name': 'test', 'salary': '123', 'age': '23'}, 'Header': {'Content-Type': 'application/json', 'Connection': 'keep-alive'}, 'Cookie': {'': ''}, 'URL_Parameter': ['21'], 'Body_Parameter': [], 'Header_Parameter': [], 'Cookie_Parameter': []}
PUT
URL: http://dummy.restapiexample.com/api/v1/update/$21$
Parameters in URL: 
['21']
Body: 
{'name': 'test', 'salary': '123', 'age': '23'}
Parameters in Body: 
[]
Header: 
{'Content-Type': 'application/json', 'Connection': 'keep-alive'}
Parameters in Header: 
[]
Cookie: 
{'': ''}
Parameters in Cookie: 
[]
Executing PUT Method
Parameter found in URL
Worksheet Found = TEST
Title of Sheet = TEST
Number of Payloads for TEST = 5
Row 1 = 1
http://dummy.restapiexample.com/api/v1/update/1
{'name': 'test', 'salary': '123', 'age': '23'}
{'Content-Type': 'application/json', 'Connection': 'keep-alive'}
{'': ''}
Error in executing: http://dummy.restapiexample.com/api/v1/update/1
['500']
['500']
Row 2 = &lt;script&gt;alert(1)&lt;/script&gt;
http://dummy.restapiexample.com/api/v1/update/&lt;script&gt;alert(1)&lt;/script&gt;
{'name': 'test', 'salary': '123', 'age': '23'}
{'Content-Type': 'application/json', 'Connection': 'keep-alive'}
{'': ''}
Error in executing: http://dummy.restapiexample.com/api/v1/update/&lt;script&gt;alert(1)&lt;/script&gt;
['500', '500']
['500', '500']
Row 3 = 50016305
http://dummy.restapiexample.com/api/v1/update/50016305
{'name': 'test', 'salary': '123', 'age': '23'}
{'Content-Type': 'application/json', 'Connection': 'keep-alive'}
{'': ''}
Error in executing: http://dummy.restapiexample.com/api/v1/update/50016305
['500', '500', '500']
['500', '500', '500']
Row 4 = " OR 1=1 --
http://dummy.restapiexample.com/api/v1/update/" OR 1=1 --
{'name': 'test', 'salary': '123', 'age': '23'}
{'Content-Type': 'application/json', 'Connection': 'keep-alive'}
{'': ''}
Error in executing: http://dummy.restapiexample.com/api/v1/update/" OR 1=1 --
['500', '500', '500', '500']
['500', '500', '500', '500']
Row 5 = create
http://dummy.restapiexample.com/api/v1/update/create
{'name': 'test', 'salary': '123', 'age': '23'}
{'Content-Type': 'application/json', 'Connection': 'keep-alive'}
{'': ''}
Error in executing: http://dummy.restapiexample.com/api/v1/update/create
['500', '500', '500', '500', '500']
['500', '500', '500', '500', '500']</msg>
<status status="PASS" starttime="20200624 16:31:49.725" endtime="20200624 16:32:40.239"></status>
</kw>
<status status="PASS" starttime="20200624 16:31:49.722" endtime="20200624 16:32:40.244" critical="yes"></status>
</test>
<status status="FAIL" starttime="20200624 16:31:45.568" endtime="20200624 16:32:40.250"></status>
</suite>
<statistics>
<total>
<stat pass="1" fail="1">Critical Tests</stat>
<stat pass="1" fail="1">All Tests</stat>
</total>
<tag>
</tag>
<suite>
<stat pass="1" fail="1" id="s1" name="SAT Plus">SAT Plus</stat>
</suite>
</statistics>
<errors>
<msg timestamp="20200624 16:31:45.917" level="ERROR">Error in file 'D:\Programming\Application Security\coe-application-security\Resources\API.robot' on line 3: Importing test library 'JSpringBotGlobal' failed: ModuleNotFoundError: No module named 'JSpringBotGlobal'
Traceback (most recent call last):
  None
PYTHONPATH:
  C:\Python37\Scripts\robot.exe
  c:\python37\python37.zip
  c:\python37\DLLs
  c:\python37\lib
  c:\python37
  c:\python37\lib\site-packages
  c:\python37\lib\site-packages\win32
  c:\python37\lib\site-packages\win32\lib
  c:\python37\lib\site-packages\Pythonwin</msg>
<msg timestamp="20200624 16:31:48.476" level="ERROR">Error in file 'D:\Programming\Application Security\coe-application-security\Resources\API.robot' on line 9: Importing test library 'D:\Programming\Application Security\coe-application-security\MethodFiles\PayloadAttack.py' failed: IndentationError: unexpected indent (PayloadAttack.py, line 83)
Traceback (most recent call last):
  None
PYTHONPATH:
  C:\Python37\Scripts\robot.exe
  c:\python37\python37.zip
  c:\python37\DLLs
  c:\python37\lib
  c:\python37
  c:\python37\lib\site-packages
  c:\python37\lib\site-packages\win32
  c:\python37\lib\site-packages\win32\lib
  c:\python37\lib\site-packages\Pythonwin</msg>
<msg timestamp="20200624 16:31:48.482" level="ERROR">Error in file 'D:\Programming\Application Security\coe-application-security\Resources\API.robot' on line 10: Importing test library 'D:\Programming\Application Security\coe-application-security\MethodFiles\Excel.py' failed: ModuleNotFoundError: No module named 'Excel'
Traceback (most recent call last):
  None
PYTHONPATH:
  C:\Python37\Scripts\robot.exe
  c:\python37\python37.zip
  c:\python37\DLLs
  c:\python37\lib
  c:\python37
  c:\python37\lib\site-packages
  c:\python37\lib\site-packages\win32
  c:\python37\lib\site-packages\win32\lib
  c:\python37\lib\site-packages\Pythonwin</msg>
</errors>
</robot>
