<?xml version="1.0" encoding="UTF-8"?>
<robot generator="Robot 3.2.1 (Python 3.7.4 on win32)" generated="20200629 22:11:51.372" rpa="false">
<suite id="s1" name="ITS-ITGue" source="D:\Programming\Application Security\coe-application-security\TestCases\ITSM\NOC-TechView\API\ITS-ITGue.robot">
<test id="s1-t1" name="TC_000 Verify ITS-ITGue API is functionally working">
<kw name="Log To Console" library="BuiltIn">
<doc>Logs the given message to the console.</doc>
<arguments>
<arg>"Verifying API is functionally working"</arg>
</arguments>
<status status="PASS" starttime="20200629 22:11:53.070" endtime="20200629 22:11:53.070"></status>
</kw>
<kw name="Execute API" library="API">
<arguments>
<arg>${Excel_Location}</arg>
<arg>ITSM</arg>
<arg>ITS-ITGue</arg>
<arg>${Report_Location}</arg>
</arguments>
<kw name="Log To Console" library="BuiltIn">
<doc>Logs the given message to the console.</doc>
<arguments>
<arg>"Started API Execution"</arg>
</arguments>
<status status="PASS" starttime="20200629 22:11:53.071" endtime="20200629 22:11:53.071"></status>
</kw>
<kw name="API" library="REST">
<arguments>
<arg>${API_Excel_Location}</arg>
<arg>${API_Excel_Sheet_Name}</arg>
<arg>${API_Module_Name}</arg>
<arg>${Report_Location}</arg>
</arguments>
<assign>
<var>${result}</var>
</assign>
<msg timestamp="20200629 22:11:53.950" level="INFO">Opening Excel
Opened Excel
Title of Sheet = ITSM
Row 1 = API_Name
Row 2 = Techview-Console
Row 3 = ITS-ITGue
Module Found : ITS-ITGue in Row - 3 of Worksheet - ITSM
ITS-ITGue
ITS-ITGue
ITS-ITGue
GET
GET
$http$
$http$

BaseURL = internal-entitlement-partnerspecific-qa-2003801024.us-east-1.elb.amazonaws.com

RelativeURL = /entitlement/v1/partners/$900000111$/clients/$990002595$/sites/$990002595$/$features$

$http$://internal-entitlement-partnerspecific-qa-2003801024.us-east-1.elb.amazonaws.com/entitlement/v1/partners/$900000111$/clients/$990002595$/sites/$990002595$/$features$
Body = {"":""}

{'': ''}
Header = {"Content-Type": "application/json","Connection": "keep-alive"}

{'Content-Type': 'application/json', 'Connection': 'keep-alive'}
Cookie = {"":""}

{'': ''}
Data from find_vulnerable_parameters 
{}
http://internal-entitlement-partnerspecific-qa-2003801024.us-east-1.elb.amazonaws.com/entitlement/v1/partners/900000111/clients/990002595/sites/990002595/features
{'': ''}
{'Content-Type': 'application/json', 'Connection': 'keep-alive'}
{'': ''}
Found GET API, So Executing It.
Executed GET Method
Executing PDF
Adding Page
Setting Font
FPDF error: Undefined font: cambria</msg>
<msg timestamp="20200629 22:11:53.950" level="INFO">File "c:\python37\lib\runpy.py", line 193, in _run_module_as_main
    "__main__", mod_spec)
  File "c:\python37\lib\runpy.py", line 85, in _run_code
    exec(code, run_globals)
  File "C:\Python37\Scripts\robot.exe\__main__.py", line 7, in &lt;module&gt;
    sys.exit(run_cli())
  File "c:\python37\lib\site-packages\robot\run.py", line 492, in run_cli
    return RobotFramework().execute_cli(arguments, exit=exit)
  File "c:\python37\lib\site-packages\robot\utils\application.py", line 46, in execute_cli
    rc = self._execute(arguments, options)
  File "c:\python37\lib\site-packages\robot\utils\application.py", line 83, in _execute
    rc = self.main(arguments, **options)
  File "c:\python37\lib\site-packages\robot\run.py", line 443, in main
    result = suite.run(settings)
  File "c:\python37\lib\site-packages\robot\running\model.py", line 259, in run
    self.visit(runner)
  File "c:\python37\lib\site-packages\robot\model\testsuite.py", line 174, in visit
    visitor.visit_suite(self)
  File "c:\python37\lib\site-packages\robot\model\visitor.py", line 88, in visit_suite
    suite.tests.visit(self)
  File "c:\python37\lib\site-packages\robot\model\itemlist.py", line 77, in visit
    item.visit(visitor)
  File "c:\python37\lib\site-packages\robot\model\testcase.py", line 78, in visit
    visitor.visit_test(self)
  File "c:\python37\lib\site-packages\robot\running\runner.py", line 134, in visit_test
    test.template).run_steps(test.keywords.normal)
  File "c:\python37\lib\site-packages\robot\running\steprunner.py", line 40, in run_steps
    self.run_step(step)
  File "c:\python37\lib\site-packages\robot\running\steprunner.py", line 61, in run_step
    return runner.run(step, context)
  File "c:\python37\lib\site-packages\robot\running\userkeywordrunner.py", line 56, in run
    return_value = self._run(context, kw.args, result)
  File "c:\python37\lib\site-packages\robot\running\userkeywordrunner.py", line 82, in _run
    exception, return_ = self._execute(context)
  File "c:\python37\lib\site-packages\robot\running\userkeywordrunner.py", line 153, in _execute
    StepRunner(context).run_steps(handler.keywords)
  File "c:\python37\lib\site-packages\robot\running\steprunner.py", line 40, in run_steps
    self.run_step(step)
  File "c:\python37\lib\site-packages\robot\running\steprunner.py", line 61, in run_step
    return runner.run(step, context)
  File "c:\python37\lib\site-packages\robot\running\librarykeywordrunner.py", line 56, in run
    return_value = self._run(context, kw.args)
  File "c:\python37\lib\site-packages\robot\running\librarykeywordrunner.py", line 79, in _run
    return self._run_with_output_captured_and_signal_monitor(runner, context)
  File "c:\python37\lib\site-packages\robot\running\librarykeywordrunner.py", line 101, in _run_with_output_captured_and_signal_monitor
    return self._run_with_signal_monitoring(runner, context)
  File "c:\python37\lib\site-packages\robot\running\librarykeywordrunner.py", line 106, in _run_with_signal_monitoring
    return runner()
  File "c:\python37\lib\site-packages\robot\running\librarykeywordrunner.py", line 94, in &lt;lambda&gt;
    return lambda: handler(*positional, **named)
  File "D:\Programming\Application Security\coe-application-security\MethodFiles\REST.py", line 318, in API
    traceback.print_stack()</msg>
<msg timestamp="20200629 22:11:53.952" level="INFO">${result} = {'StatusCode': '200', 'ResponseBody': '[{"id":"24da9366-7266-11e9-bbcd-8645b77c57e0","name":"LMI_Enabled_Desktop","description":"LMI Enabled for Desktop Feature","createdAt":"2019-05-09T14:24:24.187Z"...</msg>
<status status="PASS" starttime="20200629 22:11:53.071" endtime="20200629 22:11:53.952"></status>
</kw>
<kw name="Log To Console" library="BuiltIn">
<doc>Logs the given message to the console.</doc>
<arguments>
<arg>"Executed Sucessfully"</arg>
</arguments>
<status status="PASS" starttime="20200629 22:11:53.952" endtime="20200629 22:11:53.952"></status>
</kw>
<kw name="Dictionary Should Contain Value" library="Collections">
<doc>Fails if ``value`` is not found from ``dictionary``.</doc>
<arguments>
<arg>${result}</arg>
<arg>200</arg>
</arguments>
<status status="PASS" starttime="20200629 22:11:53.953" endtime="20200629 22:11:53.953"></status>
</kw>
<status status="PASS" starttime="20200629 22:11:53.070" endtime="20200629 22:11:53.953"></status>
</kw>
<status status="PASS" starttime="20200629 22:11:53.069" endtime="20200629 22:11:53.954" critical="yes"></status>
</test>
<test id="s1-t2" name="TC_001 HTTP Strict Transport Security Check on ITS-ITGue">
<kw name="Log To Console" library="BuiltIn">
<doc>Logs the given message to the console.</doc>
<arguments>
<arg>"Performing HTTP Strict Transport Security Check on ITS-ITGue"</arg>
</arguments>
<status status="PASS" starttime="20200629 22:11:53.956" endtime="20200629 22:11:53.956"></status>
</kw>
<kw name="HTTP Strict Transport Security" library="API">
<arguments>
<arg>${Excel_Location}</arg>
<arg>ITSM</arg>
<arg>ITS-ITGue</arg>
</arguments>
<kw name="Log To Console" library="BuiltIn">
<doc>Logs the given message to the console.</doc>
<arguments>
<arg>"Executing HTTP Strict Transport Security Check"</arg>
</arguments>
<status status="PASS" starttime="20200629 22:11:53.958" endtime="20200629 22:11:53.958"></status>
</kw>
<kw name="HSTS" library="HTTP_Strict_Transport_Security">
<arguments>
<arg>${Excel_Location}</arg>
<arg>${Excel_Sheet_Name}</arg>
<arg>${Module_Name}</arg>
</arguments>
<assign>
<var>${result}</var>
</assign>
<msg timestamp="20200629 22:11:54.614" level="INFO">Opening Excel
Opened Excel
Title of Sheet = ITSM
Row 1 = API_Name
Row 2 = Techview-Console
Row 3 = ITS-ITGue
Module Found : ITS-ITGue in Row - 3 of Worksheet - ITSM
ITS-ITGue
ITS-ITGue
ITS-ITGue
GET
Protocol : $http$
Parameter Observed in Protocol : 
['http']
HTTP is used
http
BaseURL = internal-entitlement-partnerspecific-qa-2003801024.us-east-1.elb.amazonaws.com

RelativeURL = /entitlement/v1/partners/$900000111$/clients/$990002595$/sites/$990002595$/$features$

Complete URL: 
http://internal-entitlement-partnerspecific-qa-2003801024.us-east-1.elb.amazonaws.com/entitlement/v1/partners/$900000111$/clients/$990002595$/sites/$990002595$/$features$
Body = {"":""}

{'': ''}
Header = {"Content-Type": "application/json","Connection": "keep-alive"}

{'Content-Type': 'application/json', 'Connection': 'keep-alive'}
Cookie = {"":""}

{'': ''}
Data from find_vulnerable_parameters 
{}
http://internal-entitlement-partnerspecific-qa-2003801024.us-east-1.elb.amazonaws.com/entitlement/v1/partners/900000111/clients/990002595/sites/990002595/features
{'': ''}
{'Content-Type': 'application/json', 'Connection': 'keep-alive'}
{'': ''}
Found GET API, So Executing It.
Executed GET Method</msg>
<msg timestamp="20200629 22:11:54.615" level="INFO">${result} = {'StatusCode': '200', 'ResponseBody': '[{"id":"24d43b3b-7266-11e9-bbcc-8645b77c57e0","name":"LMI_Enabled_Server","description":"LMI Enabled for Server Feature","createdAt":"2019-05-09T14:24:24.163Z","...</msg>
<status status="PASS" starttime="20200629 22:11:53.958" endtime="20200629 22:11:54.615"></status>
</kw>
<kw name="Log To Console" library="BuiltIn">
<doc>Logs the given message to the console.</doc>
<arguments>
<arg>${result}</arg>
</arguments>
<status status="PASS" starttime="20200629 22:11:54.615" endtime="20200629 22:11:54.615"></status>
</kw>
<kw name="Dictionary Should Not Contain Value" library="Collections">
<doc>Fails if ``value`` is found from ``dictionary``.</doc>
<arguments>
<arg>${result}</arg>
<arg>200</arg>
</arguments>
<msg timestamp="20200629 22:11:54.616" level="FAIL">Dictionary contains value '200'.</msg>
<status status="FAIL" starttime="20200629 22:11:54.616" endtime="20200629 22:11:54.616"></status>
</kw>
<status status="FAIL" starttime="20200629 22:11:53.957" endtime="20200629 22:11:54.616"></status>
</kw>
<status status="FAIL" starttime="20200629 22:11:53.955" endtime="20200629 22:11:54.617" critical="yes">Dictionary contains value '200'.</status>
</test>
<test id="s1-t3" name="TC_002 SQL Injection on ITS-ITGue">
<kw name="Log To Console" library="BuiltIn">
<doc>Logs the given message to the console.</doc>
<arguments>
<arg>"Performing SQL Injection Attack on ITS-ITGue"</arg>
</arguments>
<status status="PASS" starttime="20200629 22:11:54.618" endtime="20200629 22:11:54.619"></status>
</kw>
<kw name="Injection Attack" library="API">
<arguments>
<arg>${Excel_Location}</arg>
<arg>ITSM</arg>
<arg>ITS-ITGue</arg>
<arg>${Payload_Excel_Location}</arg>
<arg>SQL</arg>
</arguments>
<kw name="Log To Console" library="BuiltIn">
<doc>Logs the given message to the console.</doc>
<arguments>
<arg>"Executing Injection Attack"</arg>
</arguments>
<status status="PASS" starttime="20200629 22:11:54.620" endtime="20200629 22:11:54.621"></status>
</kw>
<kw name="Log To Console" library="BuiltIn">
<doc>Logs the given message to the console.</doc>
<arguments>
<arg>${Excel_Location}</arg>
</arguments>
<status status="PASS" starttime="20200629 22:11:54.621" endtime="20200629 22:11:54.621"></status>
</kw>
<kw name="Input Validation" library="API_Injection">
<arguments>
<arg>${Excel_Location}</arg>
<arg>${Excel_Sheet_Name}</arg>
<arg>${Module_Name}</arg>
<arg>${Payload_Excel_Location}</arg>
<arg>${Payload_Sheet_Name}</arg>
</arguments>
<assign>
<var>${result}</var>
</assign>
<msg timestamp="20200629 22:28:38.500" level="INFO">Executing Input Validation
Opening Excel
Opened Excel
Title of Sheet = ITSM
Row 1 = API_Name
Row 2 = Techview-Console
Row 3 = ITS-ITGue
Module Found : ITS-ITGue in Row - 3 of Worksheet - ITSM
ITS-ITGue
GET
GET
$http$
$http$

BaseURL = internal-entitlement-partnerspecific-qa-2003801024.us-east-1.elb.amazonaws.com

RelativeURL = /entitlement/v1/partners/$900000111$/clients/$990002595$/sites/$990002595$/$features$

$http$://internal-entitlement-partnerspecific-qa-2003801024.us-east-1.elb.amazonaws.com/entitlement/v1/partners/$900000111$/clients/$990002595$/sites/$990002595$/$features$
Body = {"":""}

{'': ''}
Header = {"Content-Type": "application/json","Connection": "keep-alive"}

{'Content-Type': 'application/json', 'Connection': 'keep-alive'}
Cookie = {"":""}

{'': ''}
{'HTTPMethod': 'GET', 'Protocol': '$http$', 'URL': '$http$://internal-entitlement-partnerspecific-qa-2003801024.us-east-1.elb.amazonaws.com/entitlement/v1/partners/$900000111$/clients/$990002595$/sites/$990002595$/$features$', 'Body': {'': ''}, 'Header': {'Content-Type': 'application/json', 'Connection': 'keep-alive'}, 'Cookie': {'': ''}}
Row 4 = Techview-ITGue
Row 5 = Techview-References
Row 6 = Techview-Approval
Row 7 = Techview-Notifications-CurrentTime
Row 8 = Techview-Notifications-AllScheduled
Row 9 = Techview-Servers-and-Desktops
Row 10 = Techview-Credentials
Row 11 = Techview-Credentials-Custom
Row 12 = Techview-Credentials-Desktop
Row 13 = Techview-Credentials-Servers
Row 14 = Techview-Recover-Credentials-Recover
Row 15 = Techview-Recover-Credentials-SBMLogin
Row 16 = Techview-Recover-Credentials-Passphrase
Row 17 = Techview-Recover-Credentials-Appliance
Row 18 = Techview-Recover-GetPassword
Row 19 = NIF-Antivirus
Row 20 = NIF-Backup
Row 21 = NIF-Quickbooks
Row 22 = NIF-Software
Row 23 = NIF-On-Premises
Row 24 = NIF-Email
Row 25 = NIF-SupportedProtocols
Row 26 = NIF-SQLServer
Row 27 = NIF-Database
Row 28 = NIF-NetworkDrives
Row 29 = NIF-Resources
Row 30 = NIF-FileSharing
Row 31 = NIF-Network
Row 32 = NIF-Firewall
Row 33 = NIF-Hosting-And-Registrar
Row 34 = NIF-ISP-Information
Row 35 = Local-Area-Network-Information
Row 36 = NIF-Wireless-Information
Row 37 = NIF-Printers
Row 38 = NIF-RemoteAccess
Row 39 = NIF-WebServer-Intranet
Data from find_vulnerable_parameters 
{'HTTPMethod': 'GET', 'Protocol': '$http$', 'URL': '$http$://internal-entitlement-partnerspecific-qa-2003801024.us-east-1.elb.amazonaws.com/entitlement/v1/partners/$900000111$/clients/$990002595$/sites/$990002595$/$features$', 'Body': {'': ''}, 'Header': {'Content-Type': 'application/json', 'Connection': 'keep-alive'}, 'Cookie': {'': ''}}
HTTP Method: GET
Protocol: $http$
URL: $http$://internal-entitlement-partnerspecific-qa-2003801024.us-east-1.elb.amazonaws.com/entitlement/v1/partners/$900000111$/clients/$990002595$/sites/$990002595$/$features$
Body: {'': ''}
Header: {'Content-Type': 'application/json', 'Connection': 'keep-alive'}
Cookie: {'': ''}
Parameter found in URL
['http', '900000111', '990002595', '990002595', 'features']
Parameter found in Body
[]
Parameter found in Header
[]
Parameter found in Cookie
[]
Data from input_validation
{'HTTPMethod': 'GET', 'Protocol': '$http$', 'URL': '$http$://internal-entitlement-partnerspecific-qa-2003801024.us-east-1.elb.amazonaws.com/entitlement/v1/partners/$900000111$/clients/$990002595$/sites/$990002595$/$features$', 'Body': {'': ''}, 'Header': {'Content-Type': 'application/json', 'Connection': 'keep-alive'}, 'Cookie': {'': ''}, 'URL_Parameter': ['http', '900000111', '990002595', '990002595', 'features'], 'Body_Parameter': [], 'Header_Parameter': [], 'Cookie_Parameter': []}
GET
URL: $http$://internal-entitlement-partnerspecific-qa-2003801024.us-east-1.elb.amazonaws.com/entitlement/v1/partners/$900000111$/clients/$990002595$/sites/$990002595$/$features$
Parameters in URL: 
['http', '900000111', '990002595', '990002595', 'features']
Body: 
{'': ''}
Parameters in Body: 
[]
Header: 
{'Content-Type': 'application/json', 'Connection': 'keep-alive'}
Parameters in Header: 
[]
Cookie: 
{'': ''}
Parameters in Cookie: 
[]
Executing GET Method
Parameter found in URL
Worksheet Found = SQL
Title of Sheet = SQL
Number of Payloads for SQL = 19
Row 1 = "\'"
"\'"://internal-entitlement-partnerspecific-qa-2003801024.us-east-1.elb.amazonaws.com/entitlement/v1/partners/900000111/clients/990002595/sites/990002595/features
{'': ''}
{'Content-Type': 'application/json', 'Connection': 'keep-alive'}
{'': ''}
&lt;module 'traceback' from 'c:\\python37\\lib\\traceback.py'&gt;
Error in executing: "\'"://internal-entitlement-partnerspecific-qa-2003801024.us-east-1.elb.amazonaws.com/entitlement/v1/partners/900000111/clients/990002595/sites/990002595/features
['500']
['500']
http://internal-entitlement-partnerspecific-qa-2003801024.us-east-1.elb.amazonaws.com/entitlement/v1/partners/"\'"/clients/990002595/sites/990002595/features
{'': ''}
{'Content-Type': 'application/json', 'Connection': 'keep-alive'}
{'': ''}
200

['500', '200']
['500', '200']
http://internal-entitlement-partnerspecific-qa-2003801024.us-east-1.elb.amazonaws.com/entitlement/v1/partners/900000111/clients/"\'"/sites/"\'"/features
{'': ''}
{'Content-Type': 'application/json', 'Connection': 'keep-alive'}
{'': ''}
200

['500', '200', '200']
['500', '200', '200']
http://internal-entitlement-partnerspecific-qa-2003801024.us-east-1.elb.amazonaws.com/entitlement/v1/partners/900000111/clients/"\'"/sites/"\'"/features
{'': ''}
{'Content-Type': 'application/json', 'Connection': 'keep-alive'}
{'': ''}
200

['500', '200', '200', '200']
['500', '200', '200', '200']
http://internal-entitlement-partnerspecific-qa-2003801024.us-east-1.elb.amazonaws.com/entitlement/v1/partners/900000111/clients/990002595/sites/990002595/"\'"
{'': ''}
{'Content-Type': 'application/json', 'Connection': 'keep-alive'}
{'': ''}
404

['500', '200', '200', '200', '404']
['500', '200', '200', '200', '404']
Row 2 = "\\\'
"\\\'://internal-entitlement-partnerspecific-qa-2003801024.us-east-1.elb.amazonaws.com/entitlement/v1/partners/900000111/clients/990002595/sites/990002595/features
{'': ''}
{'Content-Type': 'application/json', 'Connection': 'keep-alive'}
{'': ''}
&lt;module 'traceback' from 'c:\\python37\\lib\\traceback.py'&gt;
Error in executing: "\\\'://internal-entitlement-partnerspecific-qa-2003801024.us-east-1.elb.amazonaws.com/entitlement/v1/partners/900000111/clients/990002595/sites/990002595/features
['500', '200', '200', '200', '404', '500']
['500', '200', '200', '200', '404', '500']
http://internal-entitlement-partnerspecific-qa-2003801024.us-east-1.elb.amazonaws.com/entitlement/v1/partners/"\\\'/clients/990002595/sites/990002595/features
{'': ''}
{'Content-Type': 'application/json', 'Connection': 'keep-alive'}
{'': ''}
200

['500', '200', '200', '200', '404', '500', '200']
['500', '200', '200', '200', '404', '500', '200']
http://internal-entitlement-partnerspecific-qa-2003801024.us-east-1.elb.amazonaws.com/entitlement/v1/partners/900000111/clients/"\\\'/sites/"\\\'/features
{'': ''}
{'Content-Type': 'application/json', 'Connection': 'keep-alive'}
{'': ''}
200

['500', '200', '200', '200', '404', '500', '200', '200']
['500', '200', '200', '200', '404', '500', '200', '200']
http://internal-entitlement-partnerspecific-qa-2003801024.us-east-1.elb.amazonaws.com/entitlement/v1/partners/900000111/clients/"\\\'/sites/"\\\'/features
{'': ''}
{'Content-Type': 'application/json', 'Connection': 'keep-alive'}
{'': ''}
200

['500', '200', '200', '200', '404', '500', '200', '200', '200']
['500', '200', '200', '200', '404', '500', '200', '200', '200']
http://internal-entitlement-partnerspecific-qa-2003801024.us-east-1.elb.amazonaws.com/entitlement/v1/partners/900000111/clients/990002595/sites/990002595/"\\\'
{'': ''}
{'Content-Type': 'application/json', 'Connection': 'keep-alive'}
{'': ''}
404

['500', '200', '200', '200', '404', '500', '200', '200', '200', '404']
['500', '200', '200', '200', '404', '500', '200', '200', '200', '404']
Row 3 = "||\'"
"||\'"://internal-entitlement-partnerspecific-qa-2003801024.us-east-1.elb.amazonaws.com/entitlement/v1/partners/900000111/clients/990002595/sites/990002595/features
{'': ''}
{'Content-Type': 'application/json', 'Connection': 'keep-alive'}
{'': ''}
&lt;module 'traceback' from 'c:\\python37\\lib\\traceback.py'&gt;
Error in executing: "||\'"://internal-entitlement-partnerspecific-qa-2003801024.us-east-1.elb.amazonaws.com/entitlement/v1/partners/900000111/clients/990002595/sites/990002595/features
['500', '200', '200', '200', '404', '500', '200', '200', '200', '404', '500']
['500', '200', '200', '200', '404', '500', '200', '200', '200', '404', '500']
http://internal-entitlement-partnerspecific-qa-2003801024.us-east-1.elb.amazonaws.com/entitlement/v1/partners/"||\'"/clients/990002595/sites/990002595/features
{'': ''}
{'Content-Type': 'application/json', 'Connection': 'keep-alive'}
{'': ''}
200

['500', '200', '200', '200', '404', '500', '200', '200', '200', '404', '500', '200']
['500', '200', '200', '200', '404', '500', '200', '200', '200', '404', '500', '200']
http://internal-entitlement-partnerspecific-qa-2003801024.us-east-1.elb.amazonaws.com/entitlement/v1/partners/900000111/clients/"||\'"/sites/"||\'"/features
{'': ''}
{'Content-Type': 'application/json', 'Connection': 'keep-alive'}
{'': ''}
200

['500', '200', '200', '200', '404', '500', '200', '200', '200', '404', '500', '200', '200']
['500', '200', '200', '200', '404', '500', '200', '200', '200', '404', '500', '200', '200']
http://internal-entitlement-partnerspecific-qa-2003801024.us-east-1.elb.amazonaws.com/entitlement/v1/partners/900000111/clients/"||\'"/sites/"||\'"/features
{'': ''}
{'Content-Type': 'application/json', 'Connection': 'keep-alive'}
{'': ''}
200

['500', '200', '200', '200', '404', '500', '200', '200', '200', '404', '500', '200', '200', '200']
['500', '200', '200', '200', '404', '500', '200', '200', '200', '404', '500', '200', '200', '200']
http://internal-entitlement-partnerspecific-qa-2003801024.us-east-1.elb.amazonaws.com/entitlement/v1/partners/900000111/clients/990002595/sites/990002595/"||\'"
{'': ''}
{'Content-Type': 'application/json', 'Connection': 'keep-alive'}
{'': ''}
404

['500', '200', '200', '200', '404', '500', '200', '200', '200', '404', '500', '200', '200', '200', '404']
['500', '200', '200', '200', '404', '500', '200', '200', '200', '404', '500', '200', '200', '200', '404']
Row 4 = "1\'1"
"1\'1"://internal-entitlement-partnerspecific-qa-2003801024.us-east-1.elb.amazonaws.com/entitlement/v1/partners/900000111/clients/990002595/sites/990002595/features
{'': ''}
{'Content-Type': 'application/json', 'Connection': 'keep-alive'}
{'': ''}
&lt;module 'traceback' from 'c:\\python37\\lib\\traceback.py'&gt;
Error in executing: "1\'1"://internal-entitlement-partnerspecific-qa-2003801024.us-east-1.elb.amazonaws.com/entitlement/v1/partners/900000111/clients/990002595/sites/990002595/features
['500', '200', '200', '200', '404', '500', '200', '200', '200', '404', '500', '200', '200', '200', '404', '500']
['500', '200', '200', '200', '404', '500', '200', '200', '200', '404', '500', '200', '200', '200', '404', '500']
http://internal-entitlement-partnerspecific-qa-2003801024.us-east-1.elb.amazonaws.com/entitlement/v1/partners/"1\'1"/clients/990002595/sites/990002595/features
{'': ''}
{'Content-Type': 'application/json', 'Connection': 'keep-alive'}
{'': ''}
200

['500', '200', '200', '200', '404', '500', '200', '200', '200', '404', '500', '200', '200', '200', '404', '500', '200']
['500', '200', '200', '200', '404', '500', '200', '200', '200', '404', '500', '200', '200', '200', '404', '500', '200']
http://internal-entitlement-partnerspecific-qa-2003801024.us-east-1.elb.amazonaws.com/entitlement/v1/partners/900000111/clients/"1\'1"/sites/"1\'1"/features
{'': ''}
{'Content-Type': 'application/json', 'Connection': 'keep-alive'}
{'': ''}
200

['500', '200', '200', '200', '404', '500', '200', '200', '200', '404', '500', '200', '200', '200', '404', '500', '200', '200']
['500', '200', '200', '200', '404', '500', '200', '200', '200', '404', '500', '200', '200', '200', '404', '500', '200', '200']
http://internal-entitlement-partnerspecific-qa-2003801024.us-east-1.elb.amazonaws.com/entitlement/v1/partners/900000111/clients/"1\'1"/sites/"1\'1"/features
{'': ''}
{'Content-Type': 'application/json', 'Connection': 'keep-alive'}
{'': ''}
200

['500', '200', '200', '200', '404', '500', '200', '200', '200', '404', '500', '200', '200', '200', '404', '500', '200', '200', '200']
['500', '200', '200', '200', '404', '500', '200', '200', '200', '404', '500', '200', '200', '200', '404', '500', '200', '200', '200']
http://internal-entitlement-partnerspecific-qa-2003801024.us-east-1.elb.amazonaws.com/entitlement/v1/partners/900000111/clients/990002595/sites/990002595/"1\'1"
{'': ''}
{'Content-Type': 'application/json', 'Connection': 'keep-alive'}
{'': ''}
404

['500', '200', '200', '200', '404', '500', '200', '200', '200', '404', '500', '200', '200', '200', '404', '500', '200', '200', '200', '404']
['500', '200', '200', '200', '404', '500', '200', '200', '200', '404', '500', '200', '200', '200', '404', '500', '200', '200', '200', '404']
Row 5 = "-%s"%(r_time())
"-%s"%(r_time())://internal-entitlement-partnerspecific-qa-2003801024.us-east-1.elb.amazonaws.com/entitlement/v1/partners/900000111/clients/990002595/sites/990002595/features
{'': ''}
{'Content-Type': 'application/json', 'Connection': 'keep-alive'}
{'': ''}
&lt;module 'traceback' from 'c:\\python37\\lib\\traceback.py'&gt;
Error in executing: "-%s"%(r_time())://internal-entitlement-partnerspecific-qa-2003801024.us-east-1.elb.amazonaws.com/entitlement/v1/partners/900000111/clients/990002595/sites/990002595/features
['500', '200', '200', '200', '404', '500', '200', '200', '200', '404', '500', '200', '200', '200', '404', '500', '200', '200', '200', '404', '500']
['500', '200', '200', '200', '404', '500', '200', '200', '200', '404', '500', '200', '200', '200', '404', '500', '200', '200', '200', '404', '500']
http://internal-entitlement-partnerspecific-qa-2003801024.us-east-1.elb.amazonaws.com/entitlement/v1/partners/"-%s"%(r_time())/clients/990002595/sites/990002595/features
{'': ''}
{'Content-Type': 'application/json', 'Connection': 'keep-alive'}
{'': ''}
200

['500', '200', '200', '200', '404', '500', '200', '200', '200', '404', '500', '200', '200', '200', '404', '500', '200', '200', '200', '404', '500', '200']
['500', '200', '200', '200', '404', '500', '200', '200', '200', '404', '500', '200', '200', '200', '404', '500', '200', '200', '200', '404', '500', '200']
http://internal-entitlement-partnerspecific-qa-2003801024.us-east-1.elb.amazonaws.com/entitlement/v1/partners/900000111/clients/"-%s"%(r_time())/sites/"-%s"%(r_time())/features
{'': ''}
{'Content-Type': 'application/json', 'Connection': 'keep-alive'}
{'': ''}
200

['500', '200', '200', '200', '404', '500', '200', '200', '200', '404', '500', '200', '200', '200', '404', '500', '200', '200', '200', '404', '500', '200', '200']
['500', '200', '200', '200', '404', '500', '200', '200', '200', '404', '500', '200', '200', '200', '404', '500', '200', '200', '200', '404', '500', '200', '200']
http://internal-entitlement-partnerspecific-qa-2003801024.us-east-1.elb.amazonaws.com/entitlement/v1/partners/900000111/clients/"-%s"%(r_time())/sites/"-%s"%(r_time())/features
{'': ''}
{'Content-Type': 'application/json', 'Connection': 'keep-alive'}
{'': ''}
200

['500', '200', '200', '200', '404', '500', '200', '200', '200', '404', '500', '200', '200', '200', '404', '500', '200', '200', '200', '404', '500', '200', '200', '200']
['500', '200', '200', '200', '404', '500', '200', '200', '200', '404', '500', '200', '200', '200', '404', '500', '200', '200', '200', '404', '500', '200', '200', '200']
http://internal-entitlement-partnerspecific-qa-2003801024.us-east-1.elb.amazonaws.com/entitlement/v1/partners/900000111/clients/990002595/sites/990002595/"-%s"%(r_time())
{'': ''}
{'Content-Type': 'application/json', 'Connection': 'keep-alive'}
{'': ''}
404

['500', '200', '200', '200', '404', '500', '200', '200', '200', '404', '500', '200', '200', '200', '404', '500', '200', '200', '200', '404', '500', '200', '200', '200', '404']
['500', '200', '200', '200', '404', '500', '200', '200', '200', '404', '500', '200', '200', '200', '404', '500', '200', '200', '200', '404', '500', '200', '200', '200', '404']
Row 6 = "\'%s"%(r_time())
"\'%s"%(r_time())://internal-entitlement-partnerspecific-qa-2003801024.us-east-1.elb.amazonaws.com/entitlement/v1/partners/900000111/clients/990002595/sites/990002595/features
{'': ''}
{'Content-Type': 'application/json', 'Connection': 'keep-alive'}
{'': ''}
&lt;module 'traceback' from 'c:\\python37\\lib\\traceback.py'&gt;
Error in executing: "\'%s"%(r_time())://internal-entitlement-partnerspecific-qa-2003801024.us-east-1.elb.amazonaws.com/entitlement/v1/partners/900000111/clients/990002595/sites/990002595/features
['500', '200', '200', '200', '404', '500', '200', '200', '200', '404', '500', '200', '200', '200', '404', '500', '200', '200', '200', '404', '500', '200', '200', '200', '404', '500']
['500', '200', '200', '200', '404', '500', '200', '200', '200', '404', '500', '200', '200', '200', '404', '500', '200', '200', '200', '404', '500', '200', '200', '200', '404', '500']
http://internal-entitlement-partnerspecific-qa-2003801024.us-east-1.elb.amazonaws.com/entitlement/v1/partners/"\'%s"%(r_time())/clients/990002595/sites/990002595/features
{'': ''}
{'Content-Type': 'application/json', 'Connection': 'keep-alive'}
{'': ''}
200

['500', '200', '200', '200', '404', '500', '200', '200', '200', '404', '500', '200', '200', '200', '404', '500', '200', '200', '200', '404', '500', '200', '200', '200', '404', '500', '200']
['500', '200', '200', '200', '404', '500', '200', '200', '200', '404', '500', '200', '200', '200', '404', '500', '200', '200', '200', '404', '500', '200', '200', '200', '404', '500', '200']
http://internal-entitlement-partnerspecific-qa-2003801024.us-east-1.elb.amazonaws.com/entitlement/v1/partners/900000111/clients/"\'%s"%(r_time())/sites/"\'%s"%(r_time())/features
{'': ''}
{'Content-Type': 'application/json', 'Connection': 'keep-alive'}
{'': ''}
200

['500', '200', '200', '200', '404', '500', '200', '200', '200', '404', '500', '200', '200', '200', '404', '500', '200', '200', '200', '404', '500', '200', '200', '200', '404', '500', '200', '200']
['500', '200', '200', '200', '404', '500', '200', '200', '200', '404', '500', '200', '200', '200', '404', '500', '200', '200', '200', '404', '500', '200', '200', '200', '404', '500', '200', '200']
http://internal-entitlement-partnerspecific-qa-2003801024.us-east-1.elb.amazonaws.com/entitlement/v1/partners/900000111/clients/"\'%s"%(r_time())/sites/"\'%s"%(r_time())/features
{'': ''}
{'Content-Type': 'application/json', 'Connection': 'keep-alive'}
{'': ''}
200

['500', '200', '200', '200', '404', '500', '200', '200', '200', '404', '500', '200', '200', '200', '404', '500', '200', '200', '200', '404', '500', '200', '200', '200', '404', '500', '200', '200', '200']
['500', '200', '200', '200', '404', '500', '200', '200', '200', '404', '500', '200', '200', '200', '404', '500', '200', '200', '200', '404', '500', '200', '200', '200', '404', '500', '200', '200', '200']
http://internal-entitlement-partnerspecific-qa-2003801024.us-east-1.elb.amazonaws.com/entitlement/v1/partners/900000111/clients/990002595/sites/990002595/"\'%s"%(r_time())
{'': ''}
{'Content-Type': 'application/json', 'Connection': 'keep-alive'}
{'': ''}
404

['500', '200', '200', '200', '404', '500', '200', '200', '200', '404', '500', '200', '200', '200', '404', '500', '200', '200', '200', '404', '500', '200', '200', '200', '404', '500', '200', '200', '200', '404']
['500', '200', '200', '200', '404', '500', '200', '200', '200', '404', '500', '200', '200', '200', '404', '500', '200', '200', '200', '404', '500', '200', '200', '200', '404', '500', '200', '200', '200', '404']
Row 7 = "%s\'"%(r_string(10))
"%s\'"%(r_string(10))://internal-entitlement-partnerspecific-qa-2003801024.us-east-1.elb.amazonaws.com/entitlement/v1/partners/900000111/clients/990002595/sites/990002595/features
{'': ''}
{'Content-Type': 'application/json', 'Connection': 'keep-alive'}
{'': ''}
&lt;module 'traceback' from 'c:\\python37\\lib\\traceback.py'&gt;
Error in executing: "%s\'"%(r_string(10))://internal-entitlement-partnerspecific-qa-2003801024.us-east-1.elb.amazonaws.com/entitlement/v1/partners/900000111/clients/990002595/sites/990002595/features
['500', '200', '200', '200', '404', '500', '200', '200', '200', '404', '500', '200', '200', '200', '404', '500', '200', '200', '200', '404', '500', '200', '200', '200', '404', '500', '200', '200', '200', '404', '500']
['500', '200', '200', '200', '404', '500', '200', '200', '200', '404', '500', '200', '200', '200', '404', '500', '200', '200', '200', '404', '500', '200', '200', '200', '404', '500', '200', '200', '200', '404', '500']
http://internal-entitlement-partnerspecific-qa-2003801024.us-east-1.elb.amazonaws.com/entitlement/v1/partners/"%s\'"%(r_string(10))/clients/990002595/sites/990002595/features
{'': ''}
{'Content-Type': 'application/json', 'Connection': 'keep-alive'}
{'': ''}
200

['500', '200', '200', '200', '404', '500', '200', '200', '200', '404', '500', '200', '200', '200', '404', '500', '200', '200', '200', '404', '500', '200', '200', '200', '404', '500', '200', '200', '200', '404', '500', '200']
['500', '200', '200', '200', '404', '500', '200', '200', '200', '404', '500', '200', '200', '200', '404', '500', '200', '200', '200', '404', '500', '200', '200', '200', '404', '500', '200', '200', '200', '404', '500', '200']
http://internal-entitlement-partnerspecific-qa-2003801024.us-east-1.elb.amazonaws.com/entitlement/v1/partners/900000111/clients/"%s\'"%(r_string(10))/sites/"%s\'"%(r_string(10))/features
{'': ''}
{'Content-Type': 'application/json', 'Connection': 'keep-alive'}
{'': ''}
200

['500', '200', '200', '200', '404', '500', '200', '200', '200', '404', '500', '200', '200', '200', '404', '500', '200', '200', '200', '404', '500', '200', '200', '200', '404', '500', '200', '200', '200', '404', '500', '200', '200']
['500', '200', '200', '200', '404', '500', '200', '200', '200', '404', '500', '200', '200', '200', '404', '500', '200', '200', '200', '404', '500', '200', '200', '200', '404', '500', '200', '200', '200', '404', '500', '200', '200']
http://internal-entitlement-partnerspecific-qa-2003801024.us-east-1.elb.amazonaws.com/entitlement/v1/partners/900000111/clients/"%s\'"%(r_string(10))/sites/"%s\'"%(r_string(10))/features
{'': ''}
{'Content-Type': 'application/json', 'Connection': 'keep-alive'}
{'': ''}
200

['500', '200', '200', '200', '404', '500', '200', '200', '200', '404', '500', '200', '200', '200', '404', '500', '200', '200', '200', '404', '500', '200', '200', '200', '404', '500', '200', '200', '200', '404', '500', '200', '200', '200']
['500', '200', '200', '200', '404', '500', '200', '200', '200', '404', '500', '200', '200', '200', '404', '500', '200', '200', '200', '404', '500', '200', '200', '200', '404', '500', '200', '200', '200', '404', '500', '200', '200', '200']
http://internal-entitlement-partnerspecific-qa-2003801024.us-east-1.elb.amazonaws.com/entitlement/v1/partners/900000111/clients/990002595/sites/990002595/"%s\'"%(r_string(10))
{'': ''}
{'Content-Type': 'application/json', 'Connection': 'keep-alive'}
{'': ''}
404

['500', '200', '200', '200', '404', '500', '200', '200', '200', '404', '500', '200', '200', '200', '404', '500', '200', '200', '200', '404', '500', '200', '200', '200', '404', '500', '200', '200', '200', '404', '500', '200', '200', '200', '404']
['500', '200', '200', '200', '404', '500', '200', '200', '200', '404', '500', '200', '200', '200', '404', '500', '200', '200', '200', '404', '500', '200', '200', '200', '404', '500', '200', '200', '200', '404', '500', '200', '200', '200', '404']
Row 8 = "\\\"%s"%(r_string(10))
"\\\"%s"%(r_string(10))://internal-entitlement-partnerspecific-qa-2003801024.us-east-1.elb.amazonaws.com/entitlement/v1/partners/900000111/clients/990002595/sites/990002595/features
{'': ''}
{'Content-Type': 'application/json', 'Connection': 'keep-alive'}
{'': ''}
&lt;module 'traceback' from 'c:\\python37\\lib\\traceback.py'&gt;
Error in executing: "\\\"%s"%(r_string(10))://internal-entitlement-partnerspecific-qa-2003801024.us-east-1.elb.amazonaws.com/entitlement/v1/partners/900000111/clients/990002595/sites/990002595/features
['500', '200', '200', '200', '404', '500', '200', '200', '200', '404', '500', '200', '200', '200', '404', '500', '200', '200', '200', '404', '500', '200', '200', '200', '404', '500', '200', '200', '200', '404', '500', '200', '200', '200', '404', '500']
['500', '200', '200', '200', '404', '500', '200', '200', '200', '404', '500', '200', '200', '200', '404', '500', '200', '200', '200', '404', '500', '200', '200', '200', '404', '500', '200', '200', '200', '404', '500', '200', '200', '200', '404', '500']
http://internal-entitlement-partnerspecific-qa-2003801024.us-east-1.elb.amazonaws.com/entitlement/v1/partners/"\\\"%s"%(r_string(10))/clients/990002595/sites/990002595/features
{'': ''}
{'Content-Type': 'application/json', 'Connection': 'keep-alive'}
{'': ''}
200

['500', '200', '200', '200', '404', '500', '200', '200', '200', '404', '500', '200', '200', '200', '404', '500', '200', '200', '200', '404', '500', '200', '200', '200', '404', '500', '200', '200', '200', '404', '500', '200', '200', '200', '404', '500', '200']
['500', '200', '200', '200', '404', '500', '200', '200', '200', '404', '500', '200', '200', '200', '404', '500', '200', '200', '200', '404', '500', '200', '200', '200', '404', '500', '200', '200', '200', '404', '500', '200', '200', '200', '404', '500', '200']
http://internal-entitlement-partnerspecific-qa-2003801024.us-east-1.elb.amazonaws.com/entitlement/v1/partners/900000111/clients/"\\\"%s"%(r_string(10))/sites/"\\\"%s"%(r_string(10))/features
{'': ''}
{'Content-Type': 'application/json', 'Connection': 'keep-alive'}
{'': ''}
200

['500', '200', '200', '200', '404', '500', '200', '200', '200', '404', '500', '200', '200', '200', '404', '500', '200', '200', '200', '404', '500', '200', '200', '200', '404', '500', '200', '200', '200', '404', '500', '200', '200', '200', '404', '500', '200', '200']
['500', '200', '200', '200', '404', '500', '200', '200', '200', '404', '500', '200', '200', '200', '404', '500', '200', '200', '200', '404', '500', '200', '200', '200', '404', '500', '200', '200', '200', '404', '500', '200', '200', '200', '404', '500', '200', '200']
http://internal-entitlement-partnerspecific-qa-2003801024.us-east-1.elb.amazonaws.com/entitlement/v1/partners/900000111/clients/"\\\"%s"%(r_string(10))/sites/"\\\"%s"%(r_string(10))/features
{'': ''}
{'Content-Type': 'application/json', 'Connection': 'keep-alive'}
{'': ''}
200

['500', '200', '200', '200', '404', '500', '200', '200', '200', '404', '500', '200', '200', '200', '404', '500', '200', '200', '200', '404', '500', '200', '200', '200', '404', '500', '200', '200', '200', '404', '500', '200', '200', '200', '404', '500', '200', '200', '200']
['500', '200', '200', '200', '404', '500', '200', '200', '200', '404', '500', '200', '200', '200', '404', '500', '200', '200', '200', '404', '500', '200', '200', '200', '404', '500', '200', '200', '200', '404', '500', '200', '200', '200', '404', '500', '200', '200', '200']
http://internal-entitlement-partnerspecific-qa-2003801024.us-east-1.elb.amazonaws.com/entitlement/v1/partners/900000111/clients/990002595/sites/990002595/"\\\"%s"%(r_string(10))
{'': ''}
{'Content-Type': 'application/json', 'Connection': 'keep-alive'}
{'': ''}
404

['500', '200', '200', '200', '404', '500', '200', '200', '200', '404', '500', '200', '200', '200', '404', '500', '200', '200', '200', '404', '500', '200', '200', '200', '404', '500', '200', '200', '200', '404', '500', '200', '200', '200', '404', '500', '200', '200', '200', '404']
['500', '200', '200', '200', '404', '500', '200', '200', '200', '404', '500', '200', '200', '200', '404', '500', '200', '200', '200', '404', '500', '200', '200', '200', '404', '500', '200', '200', '200', '404', '500', '200', '200', '200', '404', '500', '200', '200', '200', '404']
Row 9 = "%s=\'%s"%(r_time(),r_time())
"%s=\'%s"%(r_time(),r_time())://internal-entitlement-partnerspecific-qa-2003801024.us-east-1.elb.amazonaws.com/entitlement/v1/partners/900000111/clients/990002595/sites/990002595/features
{'': ''}
{'Content-Type': 'application/json', 'Connection': 'keep-alive'}
{'': ''}
&lt;module 'traceback' from 'c:\\python37\\lib\\traceback.py'&gt;
Error in executing: "%s=\'%s"%(r_time(),r_time())://internal-entitlement-partnerspecific-qa-2003801024.us-east-1.elb.amazonaws.com/entitlement/v1/partners/900000111/clients/990002595/sites/990002595/features
['500', '200', '200', '200', '404', '500', '200', '200', '200', '404', '500', '200', '200', '200', '404', '500', '200', '200', '200', '404', '500', '200', '200', '200', '404', '500', '200', '200', '200', '404', '500', '200', '200', '200', '404', '500', '200', '200', '200', '404', '500']
['500', '200', '200', '200', '404', '500', '200', '200', '200', '404', '500', '200', '200', '200', '404', '500', '200', '200', '200', '404', '500', '200', '200', '200', '404', '500', '200', '200', '200', '404', '500', '200', '200', '200', '404', '500', '200', '200', '200', '404', '500']
http://internal-entitlement-partnerspecific-qa-2003801024.us-east-1.elb.amazonaws.com/entitlement/v1/partners/"%s=\'%s"%(r_time(),r_time())/clients/990002595/sites/990002595/features
{'': ''}
{'Content-Type': 'application/json', 'Connection': 'keep-alive'}
{'': ''}
200

['500', '200', '200', '200', '404', '500', '200', '200', '200', '404', '500', '200', '200', '200', '404', '500', '200', '200', '200', '404', '500', '200', '200', '200', '404', '500', '200', '200', '200', '404', '500', '200', '200', '200', '404', '500', '200', '200', '200', '404', '500', '200']
['500', '200', '200', '200', '404', '500', '200', '200', '200', '404', '500', '200', '200', '200', '404', '500', '200', '200', '200', '404', '500', '200', '200', '200', '404', '500', '200', '200', '200', '404', '500', '200', '200', '200', '404', '500', '200', '200', '200', '404', '500', '200']
http://internal-entitlement-partnerspecific-qa-2003801024.us-east-1.elb.amazonaws.com/entitlement/v1/partners/900000111/clients/"%s=\'%s"%(r_time(),r_time())/sites/"%s=\'%s"%(r_time(),r_time())/features
{'': ''}
{'Content-Type': 'application/json', 'Connection': 'keep-alive'}
{'': ''}
200

['500', '200', '200', '200', '404', '500', '200', '200', '200', '404', '500', '200', '200', '200', '404', '500', '200', '200', '200', '404', '500', '200', '200', '200', '404', '500', '200', '200', '200', '404', '500', '200', '200', '200', '404', '500', '200', '200', '200', '404', '500', '200', '200']
['500', '200', '200', '200', '404', '500', '200', '200', '200', '404', '500', '200', '200', '200', '404', '500', '200', '200', '200', '404', '500', '200', '200', '200', '404', '500', '200', '200', '200', '404', '500', '200', '200', '200', '404', '500', '200', '200', '200', '404', '500', '200', '200']
http://internal-entitlement-partnerspecific-qa-2003801024.us-east-1.elb.amazonaws.com/entitlement/v1/partners/900000111/clients/"%s=\'%s"%(r_time(),r_time())/sites/"%s=\'%s"%(r_time(),r_time())/features
{'': ''}
{'Content-Type': 'application/json', 'Connection': 'keep-alive'}
{'': ''}
200

['500', '200', '200', '200', '404', '500', '200', '200', '200', '404', '500', '200', '200', '200', '404', '500', '200', '200', '200', '404', '500', '200', '200', '200', '404', '500', '200', '200', '200', '404', '500', '200', '200', '200', '404', '500', '200', '200', '200', '404', '500', '200', '200', '200']
['500', '200', '200', '200', '404', '500', '200', '200', '200', '404', '500', '200', '200', '200', '404', '500', '200', '200', '200', '404', '500', '200', '200', '200', '404', '500', '200', '200', '200', '404', '500', '200', '200', '200', '404', '500', '200', '200', '200', '404', '500', '200', '200', '200']
http://internal-entitlement-partnerspecific-qa-2003801024.us-east-1.elb.amazonaws.com/entitlement/v1/partners/900000111/clients/990002595/sites/990002595/"%s=\'%s"%(r_time(),r_time())
{'': ''}
{'Content-Type': 'application/json', 'Connection': 'keep-alive'}
{'': ''}
404

['500', '200', '200', '200', '404', '500', '200', '200', '200', '404', '500', '200', '200', '200', '404', '500', '200', '200', '200', '404', '500', '200', '200', '200', '404', '500', '200', '200', '200', '404', '500', '200', '200', '200', '404', '500', '200', '200', '200', '404', '500', '200', '200', '200', '404']
['500', '200', '200', '200', '404', '500', '200', '200', '200', '404', '500', '200', '200', '200', '404', '500', '200', '200', '200', '404', '500', '200', '200', '200', '404', '500', '200', '200', '200', '404', '500', '200', '200', '200', '404', '500', '200', '200', '200', '404', '500', '200', '200', '200', '404']
Row 10 = "))\'+OR+%s=%s"%(r_time(),r_time())
"))\'+OR+%s=%s"%(r_time(),r_time())://internal-entitlement-partnerspecific-qa-2003801024.us-east-1.elb.amazonaws.com/entitlement/v1/partners/900000111/clients/990002595/sites/990002595/features
{'': ''}
{'Content-Type': 'application/json', 'Connection': 'keep-alive'}
{'': ''}
&lt;module 'traceback' from 'c:\\python37\\lib\\traceback.py'&gt;
Error in executing: "))\'+OR+%s=%s"%(r_time(),r_time())://internal-entitlement-partnerspecific-qa-2003801024.us-east-1.elb.amazonaws.com/entitlement/v1/partners/900000111/clients/990002595/sites/990002595/features
['500', '200', '200', '200', '404', '500', '200', '200', '200', '404', '500', '200', '200', '200', '404', '500', '200', '200', '200', '404', '500', '200', '200', '200', '404', '500', '200', '200', '200', '404', '500', '200', '200', '200', '404', '500', '200', '200', '200', '404', '500', '200', '200', '200', '404', '500']
['500', '200', '200', '200', '404', '500', '200', '200', '200', '404', '500', '200', '200', '200', '404', '500', '200', '200', '200', '404', '500', '200', '200', '200', '404', '500', '200', '200', '200', '404', '500', '200', '200', '200', '404', '500', '200', '200', '200', '404', '500', '200', '200', '200', '404', '500']
http://internal-entitlement-partnerspecific-qa-2003801024.us-east-1.elb.amazonaws.com/entitlement/v1/partners/"))\'+OR+%s=%s"%(r_time(),r_time())/clients/990002595/sites/990002595/features
{'': ''}
{'Content-Type': 'application/json', 'Connection': 'keep-alive'}
{'': ''}
200

['500', '200', '200', '200', '404', '500', '200', '200', '200', '404', '500', '200', '200', '200', '404', '500', '200', '200', '200', '404', '500', '200', '200', '200', '404', '500', '200', '200', '200', '404', '500', '200', '200', '200', '404', '500', '200', '200', '200', '404', '500', '200', '200', '200', '404', '500', '200']
['500', '200', '200', '200', '404', '500', '200', '200', '200', '404', '500', '200', '200', '200', '404', '500', '200', '200', '200', '404', '500', '200', '200', '200', '404', '500', '200', '200', '200', '404', '500', '200', '200', '200', '404', '500', '200', '200', '200', '404', '500', '200', '200', '200', '404', '500', '200']
http://internal-entitlement-partnerspecific-qa-2003801024.us-east-1.elb.amazonaws.com/entitlement/v1/partners/900000111/clients/"))\'+OR+%s=%s"%(r_time(),r_time())/sites/"))\'+OR+%s=%s"%(r_time(),r_time())/features
{'': ''}
{'Content-Type': 'application/json', 'Connection': 'keep-alive'}
{'': ''}
200

['500', '200', '200', '200', '404', '500', '200', '200', '200', '404', '500', '200', '200', '200', '404', '500', '200', '200', '200', '404', '500', '200', '200', '200', '404', '500', '200', '200', '200', '404', '500', '200', '200', '200', '404', '500', '200', '200', '200', '404', '500', '200', '200', '200', '404', '500', '200', '200']
['500', '200', '200', '200', '404', '500', '200', '200', '200', '404', '500', '200', '200', '200', '404', '500', '200', '200', '200', '404', '500', '200', '200', '200', '404', '500', '200', '200', '200', '404', '500', '200', '200', '200', '404', '500', '200', '200', '200', '404', '500', '200', '200', '200', '404', '500', '200', '200']
http://internal-entitlement-partnerspecific-qa-2003801024.us-east-1.elb.amazonaws.com/entitlement/v1/partners/900000111/clients/"))\'+OR+%s=%s"%(r_time(),r_time())/sites/"))\'+OR+%s=%s"%(r_time(),r_time())/features
{'': ''}
{'Content-Type': 'application/json', 'Connection': 'keep-alive'}
{'': ''}
200

['500', '200', '200', '200', '404', '500', '200', '200', '200', '404', '500', '200', '200', '200', '404', '500', '200', '200', '200', '404', '500', '200', '200', '200', '404', '500', '200', '200', '200', '404', '500', '200', '200', '200', '404', '500', '200', '200', '200', '404', '500', '200', '200', '200', '404', '500', '200', '200', '200']
['500', '200', '200', '200', '404', '500', '200', '200', '200', '404', '500', '200', '200', '200', '404', '500', '200', '200', '200', '404', '500', '200', '200', '200', '404', '500', '200', '200', '200', '404', '500', '200', '200', '200', '404', '500', '200', '200', '200', '404', '500', '200', '200', '200', '404', '500', '200', '200', '200']
http://internal-entitlement-partnerspecific-qa-2003801024.us-east-1.elb.amazonaws.com/entitlement/v1/partners/900000111/clients/990002595/sites/990002595/"))\'+OR+%s=%s"%(r_time(),r_time())
{'': ''}
{'Content-Type': 'application/json', 'Connection': 'keep-alive'}
{'': ''}
404

['500', '200', '200', '200', '404', '500', '200', '200', '200', '404', '500', '200', '200', '200', '404', '500', '200', '200', '200', '404', '500', '200', '200', '200', '404', '500', '200', '200', '200', '404', '500', '200', '200', '200', '404', '500', '200', '200', '200', '404', '500', '200', '200', '200', '404', '500', '200', '200', '200', '404']
['500', '200', '200', '200', '404', '500', '200', '200', '200', '404', '500', '200', '200', '200', '404', '500', '200', '200', '200', '404', '500', '200', '200', '200', '404', '500', '200', '200', '200', '404', '500', '200', '200', '200', '404', '500', '200', '200', '200', '404', '500', '200', '200', '200', '404', '500', '200', '200', '200', '404']
Row 11 = "))) AND %s=%s"%(r_time(),r_time())
"))) AND %s=%s"%(r_time(),r_time())://internal-entitlement-partnerspecific-qa-2003801024.us-east-1.elb.amazonaws.com/entitlement/v1/partners/900000111/clients/990002595/sites/990002595/features
{'': ''}
{'Content-Type': 'application/json', 'Connection': 'keep-alive'}
{'': ''}
&lt;module 'traceback' from 'c:\\python37\\lib\\traceback.py'&gt;
Error in executing: "))) AND %s=%s"%(r_time(),r_time())://internal-entitlement-partnerspecific-qa-2003801024.us-east-1.elb.amazonaws.com/entitlement/v1/partners/900000111/clients/990002595/sites/990002595/features
['500', '200', '200', '200', '404', '500', '200', '200', '200', '404', '500', '200', '200', '200', '404', '500', '200', '200', '200', '404', '500', '200', '200', '200', '404', '500', '200', '200', '200', '404', '500', '200', '200', '200', '404', '500', '200', '200', '200', '404', '500', '200', '200', '200', '404', '500', '200', '200', '200', '404', '500']
['500', '200', '200', '200', '404', '500', '200', '200', '200', '404', '500', '200', '200', '200', '404', '500', '200', '200', '200', '404', '500', '200', '200', '200', '404', '500', '200', '200', '200', '404', '500', '200', '200', '200', '404', '500', '200', '200', '200', '404', '500', '200', '200', '200', '404', '500', '200', '200', '200', '404', '500']
http://internal-entitlement-partnerspecific-qa-2003801024.us-east-1.elb.amazonaws.com/entitlement/v1/partners/"))) AND %s=%s"%(r_time(),r_time())/clients/990002595/sites/990002595/features
{'': ''}
{'Content-Type': 'application/json', 'Connection': 'keep-alive'}
{'': ''}
200

['500', '200', '200', '200', '404', '500', '200', '200', '200', '404', '500', '200', '200', '200', '404', '500', '200', '200', '200', '404', '500', '200', '200', '200', '404', '500', '200', '200', '200', '404', '500', '200', '200', '200', '404', '500', '200', '200', '200', '404', '500', '200', '200', '200', '404', '500', '200', '200', '200', '404', '500', '200']
['500', '200', '200', '200', '404', '500', '200', '200', '200', '404', '500', '200', '200', '200', '404', '500', '200', '200', '200', '404', '500', '200', '200', '200', '404', '500', '200', '200', '200', '404', '500', '200', '200', '200', '404', '500', '200', '200', '200', '404', '500', '200', '200', '200', '404', '500', '200', '200', '200', '404', '500', '200']
http://internal-entitlement-partnerspecific-qa-2003801024.us-east-1.elb.amazonaws.com/entitlement/v1/partners/900000111/clients/"))) AND %s=%s"%(r_time(),r_time())/sites/"))) AND %s=%s"%(r_time(),r_time())/features
{'': ''}
{'Content-Type': 'application/json', 'Connection': 'keep-alive'}
{'': ''}
200

['500', '200', '200', '200', '404', '500', '200', '200', '200', '404', '500', '200', '200', '200', '404', '500', '200', '200', '200', '404', '500', '200', '200', '200', '404', '500', '200', '200', '200', '404', '500', '200', '200', '200', '404', '500', '200', '200', '200', '404', '500', '200', '200', '200', '404', '500', '200', '200', '200', '404', '500', '200', '200']
['500', '200', '200', '200', '404', '500', '200', '200', '200', '404', '500', '200', '200', '200', '404', '500', '200', '200', '200', '404', '500', '200', '200', '200', '404', '500', '200', '200', '200', '404', '500', '200', '200', '200', '404', '500', '200', '200', '200', '404', '500', '200', '200', '200', '404', '500', '200', '200', '200', '404', '500', '200', '200']
http://internal-entitlement-partnerspecific-qa-2003801024.us-east-1.elb.amazonaws.com/entitlement/v1/partners/900000111/clients/"))) AND %s=%s"%(r_time(),r_time())/sites/"))) AND %s=%s"%(r_time(),r_time())/features
{'': ''}
{'Content-Type': 'application/json', 'Connection': 'keep-alive'}
{'': ''}
200

['500', '200', '200', '200', '404', '500', '200', '200', '200', '404', '500', '200', '200', '200', '404', '500', '200', '200', '200', '404', '500', '200', '200', '200', '404', '500', '200', '200', '200', '404', '500', '200', '200', '200', '404', '500', '200', '200', '200', '404', '500', '200', '200', '200', '404', '500', '200', '200', '200', '404', '500', '200', '200', '200']
['500', '200', '200', '200', '404', '500', '200', '200', '200', '404', '500', '200', '200', '200', '404', '500', '200', '200', '200', '404', '500', '200', '200', '200', '404', '500', '200', '200', '200', '404', '500', '200', '200', '200', '404', '500', '200', '200', '200', '404', '500', '200', '200', '200', '404', '500', '200', '200', '200', '404', '500', '200', '200', '200']
http://internal-entitlement-partnerspecific-qa-2003801024.us-east-1.elb.amazonaws.com/entitlement/v1/partners/900000111/clients/990002595/sites/990002595/"))) AND %s=%s"%(r_time(),r_time())
{'': ''}
{'Content-Type': 'application/json', 'Connection': 'keep-alive'}
{'': ''}
404

['500', '200', '200', '200', '404', '500', '200', '200', '200', '404', '500', '200', '200', '200', '404', '500', '200', '200', '200', '404', '500', '200', '200', '200', '404', '500', '200', '200', '200', '404', '500', '200', '200', '200', '404', '500', '200', '200', '200', '404', '500', '200', '200', '200', '404', '500', '200', '200', '200', '404', '500', '200', '200', '200', '404']
['500', '200', '200', '200', '404', '500', '200', '200', '200', '404', '500', '200', '200', '200', '404', '500', '200', '200', '200', '404', '500', '200', '200', '200', '404', '500', '200', '200', '200', '404', '500', '200', '200', '200', '404', '500', '200', '200', '200', '404', '500', '200', '200', '200', '404', '500', '200', '200', '200', '404', '500', '200', '200', '200', '404']
Row 12 = "; OR \'%s\'=\'%s\'"%(r_time(),r_time())
"; OR \'%s\'=\'%s\'"%(r_time(),r_time())://internal-entitlement-partnerspecific-qa-2003801024.us-east-1.elb.amazonaws.com/entitlement/v1/partners/900000111/clients/990002595/sites/990002595/features
{'': ''}
{'Content-Type': 'application/json', 'Connection': 'keep-alive'}
{'': ''}
&lt;module 'traceback' from 'c:\\python37\\lib\\traceback.py'&gt;
Error in executing: "; OR \'%s\'=\'%s\'"%(r_time(),r_time())://internal-entitlement-partnerspecific-qa-2003801024.us-east-1.elb.amazonaws.com/entitlement/v1/partners/900000111/clients/990002595/sites/990002595/features
['500', '200', '200', '200', '404', '500', '200', '200', '200', '404', '500', '200', '200', '200', '404', '500', '200', '200', '200', '404', '500', '200', '200', '200', '404', '500', '200', '200', '200', '404', '500', '200', '200', '200', '404', '500', '200', '200', '200', '404', '500', '200', '200', '200', '404', '500', '200', '200', '200', '404', '500', '200', '200', '200', '404', '500']
['500', '200', '200', '200', '404', '500', '200', '200', '200', '404', '500', '200', '200', '200', '404', '500', '200', '200', '200', '404', '500', '200', '200', '200', '404', '500', '200', '200', '200', '404', '500', '200', '200', '200', '404', '500', '200', '200', '200', '404', '500', '200', '200', '200', '404', '500', '200', '200', '200', '404', '500', '200', '200', '200', '404', '500']
http://internal-entitlement-partnerspecific-qa-2003801024.us-east-1.elb.amazonaws.com/entitlement/v1/partners/"; OR \'%s\'=\'%s\'"%(r_time(),r_time())/clients/990002595/sites/990002595/features
{'': ''}
{'Content-Type': 'application/json', 'Connection': 'keep-alive'}
{'': ''}
200

['500', '200', '200', '200', '404', '500', '200', '200', '200', '404', '500', '200', '200', '200', '404', '500', '200', '200', '200', '404', '500', '200', '200', '200', '404', '500', '200', '200', '200', '404', '500', '200', '200', '200', '404', '500', '200', '200', '200', '404', '500', '200', '200', '200', '404', '500', '200', '200', '200', '404', '500', '200', '200', '200', '404', '500', '200']
['500', '200', '200', '200', '404', '500', '200', '200', '200', '404', '500', '200', '200', '200', '404', '500', '200', '200', '200', '404', '500', '200', '200', '200', '404', '500', '200', '200', '200', '404', '500', '200', '200', '200', '404', '500', '200', '200', '200', '404', '500', '200', '200', '200', '404', '500', '200', '200', '200', '404', '500', '200', '200', '200', '404', '500', '200']
http://internal-entitlement-partnerspecific-qa-2003801024.us-east-1.elb.amazonaws.com/entitlement/v1/partners/900000111/clients/"; OR \'%s\'=\'%s\'"%(r_time(),r_time())/sites/"; OR \'%s\'=\'%s\'"%(r_time(),r_time())/features
{'': ''}
{'Content-Type': 'application/json', 'Connection': 'keep-alive'}
{'': ''}
200

['500', '200', '200', '200', '404', '500', '200', '200', '200', '404', '500', '200', '200', '200', '404', '500', '200', '200', '200', '404', '500', '200', '200', '200', '404', '500', '200', '200', '200', '404', '500', '200', '200', '200', '404', '500', '200', '200', '200', '404', '500', '200', '200', '200', '404', '500', '200', '200', '200', '404', '500', '200', '200', '200', '404', '500', '200', '200']
['500', '200', '200', '200', '404', '500', '200', '200', '200', '404', '500', '200', '200', '200', '404', '500', '200', '200', '200', '404', '500', '200', '200', '200', '404', '500', '200', '200', '200', '404', '500', '200', '200', '200', '404', '500', '200', '200', '200', '404', '500', '200', '200', '200', '404', '500', '200', '200', '200', '404', '500', '200', '200', '200', '404', '500', '200', '200']
http://internal-entitlement-partnerspecific-qa-2003801024.us-east-1.elb.amazonaws.com/entitlement/v1/partners/900000111/clients/"; OR \'%s\'=\'%s\'"%(r_time(),r_time())/sites/"; OR \'%s\'=\'%s\'"%(r_time(),r_time())/features
{'': ''}
{'Content-Type': 'application/json', 'Connection': 'keep-alive'}
{'': ''}
200

['500', '200', '200', '200', '404', '500', '200', '200', '200', '404', '500', '200', '200', '200', '404', '500', '200', '200', '200', '404', '500', '200', '200', '200', '404', '500', '200', '200', '200', '404', '500', '200', '200', '200', '404', '500', '200', '200', '200', '404', '500', '200', '200', '200', '404', '500', '200', '200', '200', '404', '500', '200', '200', '200', '404', '500', '200', '200', '200']
['500', '200', '200', '200', '404', '500', '200', '200', '200', '404', '500', '200', '200', '200', '404', '500', '200', '200', '200', '404', '500', '200', '200', '200', '404', '500', '200', '200', '200', '404', '500', '200', '200', '200', '404', '500', '200', '200', '200', '404', '500', '200', '200', '200', '404', '500', '200', '200', '200', '404', '500', '200', '200', '200', '404', '500', '200', '200', '200']
http://internal-entitlement-partnerspecific-qa-2003801024.us-east-1.elb.amazonaws.com/entitlement/v1/partners/900000111/clients/990002595/sites/990002595/"; OR \'%s\'=\'%s\'"%(r_time(),r_time())
{'': ''}
{'Content-Type': 'application/json', 'Connection': 'keep-alive'}
{'': ''}
404

['500', '200', '200', '200', '404', '500', '200', '200', '200', '404', '500', '200', '200', '200', '404', '500', '200', '200', '200', '404', '500', '200', '200', '200', '404', '500', '200', '200', '200', '404', '500', '200', '200', '200', '404', '500', '200', '200', '200', '404', '500', '200', '200', '200', '404', '500', '200', '200', '200', '404', '500', '200', '200', '200', '404', '500', '200', '200', '200', '404']
['500', '200', '200', '200', '404', '500', '200', '200', '200', '404', '500', '200', '200', '200', '404', '500', '200', '200', '200', '404', '500', '200', '200', '200', '404', '500', '200', '200', '200', '404', '500', '200', '200', '200', '404', '500', '200', '200', '200', '404', '500', '200', '200', '200', '404', '500', '200', '200', '200', '404', '500', '200', '200', '200', '404', '500', '200', '200', '200', '404']
Row 13 = "\'OR \'))%s=%s --"%(r_time(),r_time())
"\'OR \'))%s=%s --"%(r_time(),r_time())://internal-entitlement-partnerspecific-qa-2003801024.us-east-1.elb.amazonaws.com/entitlement/v1/partners/900000111/clients/990002595/sites/990002595/features
{'': ''}
{'Content-Type': 'application/json', 'Connection': 'keep-alive'}
{'': ''}
&lt;module 'traceback' from 'c:\\python37\\lib\\traceback.py'&gt;
Error in executing: "\'OR \'))%s=%s --"%(r_time(),r_time())://internal-entitlement-partnerspecific-qa-2003801024.us-east-1.elb.amazonaws.com/entitlement/v1/partners/900000111/clients/990002595/sites/990002595/features
['500', '200', '200', '200', '404', '500', '200', '200', '200', '404', '500', '200', '200', '200', '404', '500', '200', '200', '200', '404', '500', '200', '200', '200', '404', '500', '200', '200', '200', '404', '500', '200', '200', '200', '404', '500', '200', '200', '200', '404', '500', '200', '200', '200', '404', '500', '200', '200', '200', '404', '500', '200', '200', '200', '404', '500', '200', '200', '200', '404', '500']
['500', '200', '200', '200', '404', '500', '200', '200', '200', '404', '500', '200', '200', '200', '404', '500', '200', '200', '200', '404', '500', '200', '200', '200', '404', '500', '200', '200', '200', '404', '500', '200', '200', '200', '404', '500', '200', '200', '200', '404', '500', '200', '200', '200', '404', '500', '200', '200', '200', '404', '500', '200', '200', '200', '404', '500', '200', '200', '200', '404', '500']
http://internal-entitlement-partnerspecific-qa-2003801024.us-east-1.elb.amazonaws.com/entitlement/v1/partners/"\'OR \'))%s=%s --"%(r_time(),r_time())/clients/990002595/sites/990002595/features
{'': ''}
{'Content-Type': 'application/json', 'Connection': 'keep-alive'}
{'': ''}
200

['500', '200', '200', '200', '404', '500', '200', '200', '200', '404', '500', '200', '200', '200', '404', '500', '200', '200', '200', '404', '500', '200', '200', '200', '404', '500', '200', '200', '200', '404', '500', '200', '200', '200', '404', '500', '200', '200', '200', '404', '500', '200', '200', '200', '404', '500', '200', '200', '200', '404', '500', '200', '200', '200', '404', '500', '200', '200', '200', '404', '500', '200']
['500', '200', '200', '200', '404', '500', '200', '200', '200', '404', '500', '200', '200', '200', '404', '500', '200', '200', '200', '404', '500', '200', '200', '200', '404', '500', '200', '200', '200', '404', '500', '200', '200', '200', '404', '500', '200', '200', '200', '404', '500', '200', '200', '200', '404', '500', '200', '200', '200', '404', '500', '200', '200', '200', '404', '500', '200', '200', '200', '404', '500', '200']
http://internal-entitlement-partnerspecific-qa-2003801024.us-east-1.elb.amazonaws.com/entitlement/v1/partners/900000111/clients/"\'OR \'))%s=%s --"%(r_time(),r_time())/sites/"\'OR \'))%s=%s --"%(r_time(),r_time())/features
{'': ''}
{'Content-Type': 'application/json', 'Connection': 'keep-alive'}
{'': ''}
200

['500', '200', '200', '200', '404', '500', '200', '200', '200', '404', '500', '200', '200', '200', '404', '500', '200', '200', '200', '404', '500', '200', '200', '200', '404', '500', '200', '200', '200', '404', '500', '200', '200', '200', '404', '500', '200', '200', '200', '404', '500', '200', '200', '200', '404', '500', '200', '200', '200', '404', '500', '200', '200', '200', '404', '500', '200', '200', '200', '404', '500', '200', '200']
['500', '200', '200', '200', '404', '500', '200', '200', '200', '404', '500', '200', '200', '200', '404', '500', '200', '200', '200', '404', '500', '200', '200', '200', '404', '500', '200', '200', '200', '404', '500', '200', '200', '200', '404', '500', '200', '200', '200', '404', '500', '200', '200', '200', '404', '500', '200', '200', '200', '404', '500', '200', '200', '200', '404', '500', '200', '200', '200', '404', '500', '200', '200']
http://internal-entitlement-partnerspecific-qa-2003801024.us-east-1.elb.amazonaws.com/entitlement/v1/partners/900000111/clients/"\'OR \'))%s=%s --"%(r_time(),r_time())/sites/"\'OR \'))%s=%s --"%(r_time(),r_time())/features
{'': ''}
{'Content-Type': 'application/json', 'Connection': 'keep-alive'}
{'': ''}
200

['500', '200', '200', '200', '404', '500', '200', '200', '200', '404', '500', '200', '200', '200', '404', '500', '200', '200', '200', '404', '500', '200', '200', '200', '404', '500', '200', '200', '200', '404', '500', '200', '200', '200', '404', '500', '200', '200', '200', '404', '500', '200', '200', '200', '404', '500', '200', '200', '200', '404', '500', '200', '200', '200', '404', '500', '200', '200', '200', '404', '500', '200', '200', '200']
['500', '200', '200', '200', '404', '500', '200', '200', '200', '404', '500', '200', '200', '200', '404', '500', '200', '200', '200', '404', '500', '200', '200', '200', '404', '500', '200', '200', '200', '404', '500', '200', '200', '200', '404', '500', '200', '200', '200', '404', '500', '200', '200', '200', '404', '500', '200', '200', '200', '404', '500', '200', '200', '200', '404', '500', '200', '200', '200', '404', '500', '200', '200', '200']
http://internal-entitlement-partnerspecific-qa-2003801024.us-east-1.elb.amazonaws.com/entitlement/v1/partners/900000111/clients/990002595/sites/990002595/"\'OR \'))%s=%s --"%(r_time(),r_time())
{'': ''}
{'Content-Type': 'application/json', 'Connection': 'keep-alive'}
{'': ''}
404

['500', '200', '200', '200', '404', '500', '200', '200', '200', '404', '500', '200', '200', '200', '404', '500', '200', '200', '200', '404', '500', '200', '200', '200', '404', '500', '200', '200', '200', '404', '500', '200', '200', '200', '404', '500', '200', '200', '200', '404', '500', '200', '200', '200', '404', '500', '200', '200', '200', '404', '500', '200', '200', '200', '404', '500', '200', '200', '200', '404', '500', '200', '200', '200', '404']
['500', '200', '200', '200', '404', '500', '200', '200', '200', '404', '500', '200', '200', '200', '404', '500', '200', '200', '200', '404', '500', '200', '200', '200', '404', '500', '200', '200', '200', '404', '500', '200', '200', '200', '404', '500', '200', '200', '200', '404', '500', '200', '200', '200', '404', '500', '200', '200', '200', '404', '500', '200', '200', '200', '404', '500', '200', '200', '200', '404', '500', '200', '200', '200', '404']
Row 14 = "\'AND \')))%s=%s --#"%(r_time(),r_time())
"\'AND \')))%s=%s --#"%(r_time(),r_time())://internal-entitlement-partnerspecific-qa-2003801024.us-east-1.elb.amazonaws.com/entitlement/v1/partners/900000111/clients/990002595/sites/990002595/features
{'': ''}
{'Content-Type': 'application/json', 'Connection': 'keep-alive'}
{'': ''}
&lt;module 'traceback' from 'c:\\python37\\lib\\traceback.py'&gt;
Error in executing: "\'AND \')))%s=%s --#"%(r_time(),r_time())://internal-entitlement-partnerspecific-qa-2003801024.us-east-1.elb.amazonaws.com/entitlement/v1/partners/900000111/clients/990002595/sites/990002595/features
['500', '200', '200', '200', '404', '500', '200', '200', '200', '404', '500', '200', '200', '200', '404', '500', '200', '200', '200', '404', '500', '200', '200', '200', '404', '500', '200', '200', '200', '404', '500', '200', '200', '200', '404', '500', '200', '200', '200', '404', '500', '200', '200', '200', '404', '500', '200', '200', '200', '404', '500', '200', '200', '200', '404', '500', '200', '200', '200', '404', '500', '200', '200', '200', '404', '500']
['500', '200', '200', '200', '404', '500', '200', '200', '200', '404', '500', '200', '200', '200', '404', '500', '200', '200', '200', '404', '500', '200', '200', '200', '404', '500', '200', '200', '200', '404', '500', '200', '200', '200', '404', '500', '200', '200', '200', '404', '500', '200', '200', '200', '404', '500', '200', '200', '200', '404', '500', '200', '200', '200', '404', '500', '200', '200', '200', '404', '500', '200', '200', '200', '404', '500']
http://internal-entitlement-partnerspecific-qa-2003801024.us-east-1.elb.amazonaws.com/entitlement/v1/partners/"\'AND \')))%s=%s --#"%(r_time(),r_time())/clients/990002595/sites/990002595/features
{'': ''}
{'Content-Type': 'application/json', 'Connection': 'keep-alive'}
{'': ''}
404

['500', '200', '200', '200', '404', '500', '200', '200', '200', '404', '500', '200', '200', '200', '404', '500', '200', '200', '200', '404', '500', '200', '200', '200', '404', '500', '200', '200', '200', '404', '500', '200', '200', '200', '404', '500', '200', '200', '200', '404', '500', '200', '200', '200', '404', '500', '200', '200', '200', '404', '500', '200', '200', '200', '404', '500', '200', '200', '200', '404', '500', '200', '200', '200', '404', '500', '404']
['500', '200', '200', '200', '404', '500', '200', '200', '200', '404', '500', '200', '200', '200', '404', '500', '200', '200', '200', '404', '500', '200', '200', '200', '404', '500', '200', '200', '200', '404', '500', '200', '200', '200', '404', '500', '200', '200', '200', '404', '500', '200', '200', '200', '404', '500', '200', '200', '200', '404', '500', '200', '200', '200', '404', '500', '200', '200', '200', '404', '500', '200', '200', '200', '404', '500', '404']
http://internal-entitlement-partnerspecific-qa-2003801024.us-east-1.elb.amazonaws.com/entitlement/v1/partners/900000111/clients/"\'AND \')))%s=%s --#"%(r_time(),r_time())/sites/"\'AND \')))%s=%s --#"%(r_time(),r_time())/features
{'': ''}
{'Content-Type': 'application/json', 'Connection': 'keep-alive'}
{'': ''}
404

['500', '200', '200', '200', '404', '500', '200', '200', '200', '404', '500', '200', '200', '200', '404', '500', '200', '200', '200', '404', '500', '200', '200', '200', '404', '500', '200', '200', '200', '404', '500', '200', '200', '200', '404', '500', '200', '200', '200', '404', '500', '200', '200', '200', '404', '500', '200', '200', '200', '404', '500', '200', '200', '200', '404', '500', '200', '200', '200', '404', '500', '200', '200', '200', '404', '500', '404', '404']
['500', '200', '200', '200', '404', '500', '200', '200', '200', '404', '500', '200', '200', '200', '404', '500', '200', '200', '200', '404', '500', '200', '200', '200', '404', '500', '200', '200', '200', '404', '500', '200', '200', '200', '404', '500', '200', '200', '200', '404', '500', '200', '200', '200', '404', '500', '200', '200', '200', '404', '500', '200', '200', '200', '404', '500', '200', '200', '200', '404', '500', '200', '200', '200', '404', '500', '404', '404']
http://internal-entitlement-partnerspecific-qa-2003801024.us-east-1.elb.amazonaws.com/entitlement/v1/partners/900000111/clients/"\'AND \')))%s=%s --#"%(r_time(),r_time())/sites/"\'AND \')))%s=%s --#"%(r_time(),r_time())/features
{'': ''}
{'Content-Type': 'application/json', 'Connection': 'keep-alive'}
{'': ''}
404

['500', '200', '200', '200', '404', '500', '200', '200', '200', '404', '500', '200', '200', '200', '404', '500', '200', '200', '200', '404', '500', '200', '200', '200', '404', '500', '200', '200', '200', '404', '500', '200', '200', '200', '404', '500', '200', '200', '200', '404', '500', '200', '200', '200', '404', '500', '200', '200', '200', '404', '500', '200', '200', '200', '404', '500', '200', '200', '200', '404', '500', '200', '200', '200', '404', '500', '404', '404', '404']
['500', '200', '200', '200', '404', '500', '200', '200', '200', '404', '500', '200', '200', '200', '404', '500', '200', '200', '200', '404', '500', '200', '200', '200', '404', '500', '200', '200', '200', '404', '500', '200', '200', '200', '404', '500', '200', '200', '200', '404', '500', '200', '200', '200', '404', '500', '200', '200', '200', '404', '500', '200', '200', '200', '404', '500', '200', '200', '200', '404', '500', '200', '200', '200', '404', '500', '404', '404', '404']
http://internal-entitlement-partnerspecific-qa-2003801024.us-east-1.elb.amazonaws.com/entitlement/v1/partners/900000111/clients/990002595/sites/990002595/"\'AND \')))%s=%s --#"%(r_time(),r_time())
{'': ''}
{'Content-Type': 'application/json', 'Connection': 'keep-alive'}
{'': ''}
404

['500', '200', '200', '200', '404', '500', '200', '200', '200', '404', '500', '200', '200', '200', '404', '500', '200', '200', '200', '404', '500', '200', '200', '200', '404', '500', '200', '200', '200', '404', '500', '200', '200', '200', '404', '500', '200', '200', '200', '404', '500', '200', '200', '200', '404', '500', '200', '200', '200', '404', '500', '200', '200', '200', '404', '500', '200', '200', '200', '404', '500', '200', '200', '200', '404', '500', '404', '404', '404', '404']
['500', '200', '200', '200', '404', '500', '200', '200', '200', '404', '500', '200', '200', '200', '404', '500', '200', '200', '200', '404', '500', '200', '200', '200', '404', '500', '200', '200', '200', '404', '500', '200', '200', '200', '404', '500', '200', '200', '200', '404', '500', '200', '200', '200', '404', '500', '200', '200', '200', '404', '500', '200', '200', '200', '404', '500', '200', '200', '200', '404', '500', '200', '200', '200', '404', '500', '404', '404', '404', '404']
Row 15 = " %s 1=1 --"%(r_string(20))
" %s 1=1 --"%(r_string(20))://internal-entitlement-partnerspecific-qa-2003801024.us-east-1.elb.amazonaws.com/entitlement/v1/partners/900000111/clients/990002595/sites/990002595/features
{'': ''}
{'Content-Type': 'application/json', 'Connection': 'keep-alive'}
{'': ''}
&lt;module 'traceback' from 'c:\\python37\\lib\\traceback.py'&gt;
Error in executing: " %s 1=1 --"%(r_string(20))://internal-entitlement-partnerspecific-qa-2003801024.us-east-1.elb.amazonaws.com/entitlement/v1/partners/900000111/clients/990002595/sites/990002595/features
['500', '200', '200', '200', '404', '500', '200', '200', '200', '404', '500', '200', '200', '200', '404', '500', '200', '200', '200', '404', '500', '200', '200', '200', '404', '500', '200', '200', '200', '404', '500', '200', '200', '200', '404', '500', '200', '200', '200', '404', '500', '200', '200', '200', '404', '500', '200', '200', '200', '404', '500', '200', '200', '200', '404', '500', '200', '200', '200', '404', '500', '200', '200', '200', '404', '500', '404', '404', '404', '404', '500']
['500', '200', '200', '200', '404', '500', '200', '200', '200', '404', '500', '200', '200', '200', '404', '500', '200', '200', '200', '404', '500', '200', '200', '200', '404', '500', '200', '200', '200', '404', '500', '200', '200', '200', '404', '500', '200', '200', '200', '404', '500', '200', '200', '200', '404', '500', '200', '200', '200', '404', '500', '200', '200', '200', '404', '500', '200', '200', '200', '404', '500', '200', '200', '200', '404', '500', '404', '404', '404', '404', '500']
http://internal-entitlement-partnerspecific-qa-2003801024.us-east-1.elb.amazonaws.com/entitlement/v1/partners/" %s 1=1 --"%(r_string(20))/clients/990002595/sites/990002595/features
{'': ''}
{'Content-Type': 'application/json', 'Connection': 'keep-alive'}
{'': ''}
200

['500', '200', '200', '200', '404', '500', '200', '200', '200', '404', '500', '200', '200', '200', '404', '500', '200', '200', '200', '404', '500', '200', '200', '200', '404', '500', '200', '200', '200', '404', '500', '200', '200', '200', '404', '500', '200', '200', '200', '404', '500', '200', '200', '200', '404', '500', '200', '200', '200', '404', '500', '200', '200', '200', '404', '500', '200', '200', '200', '404', '500', '200', '200', '200', '404', '500', '404', '404', '404', '404', '500', '200']
['500', '200', '200', '200', '404', '500', '200', '200', '200', '404', '500', '200', '200', '200', '404', '500', '200', '200', '200', '404', '500', '200', '200', '200', '404', '500', '200', '200', '200', '404', '500', '200', '200', '200', '404', '500', '200', '200', '200', '404', '500', '200', '200', '200', '404', '500', '200', '200', '200', '404', '500', '200', '200', '200', '404', '500', '200', '200', '200', '404', '500', '200', '200', '200', '404', '500', '404', '404', '404', '404', '500', '200']
http://internal-entitlement-partnerspecific-qa-2003801024.us-east-1.elb.amazonaws.com/entitlement/v1/partners/900000111/clients/" %s 1=1 --"%(r_string(20))/sites/" %s 1=1 --"%(r_string(20))/features
{'': ''}
{'Content-Type': 'application/json', 'Connection': 'keep-alive'}
{'': ''}
200

['500', '200', '200', '200', '404', '500', '200', '200', '200', '404', '500', '200', '200', '200', '404', '500', '200', '200', '200', '404', '500', '200', '200', '200', '404', '500', '200', '200', '200', '404', '500', '200', '200', '200', '404', '500', '200', '200', '200', '404', '500', '200', '200', '200', '404', '500', '200', '200', '200', '404', '500', '200', '200', '200', '404', '500', '200', '200', '200', '404', '500', '200', '200', '200', '404', '500', '404', '404', '404', '404', '500', '200', '200']
['500', '200', '200', '200', '404', '500', '200', '200', '200', '404', '500', '200', '200', '200', '404', '500', '200', '200', '200', '404', '500', '200', '200', '200', '404', '500', '200', '200', '200', '404', '500', '200', '200', '200', '404', '500', '200', '200', '200', '404', '500', '200', '200', '200', '404', '500', '200', '200', '200', '404', '500', '200', '200', '200', '404', '500', '200', '200', '200', '404', '500', '200', '200', '200', '404', '500', '404', '404', '404', '404', '500', '200', '200']
http://internal-entitlement-partnerspecific-qa-2003801024.us-east-1.elb.amazonaws.com/entitlement/v1/partners/900000111/clients/" %s 1=1 --"%(r_string(20))/sites/" %s 1=1 --"%(r_string(20))/features
{'': ''}
{'Content-Type': 'application/json', 'Connection': 'keep-alive'}
{'': ''}
200

['500', '200', '200', '200', '404', '500', '200', '200', '200', '404', '500', '200', '200', '200', '404', '500', '200', '200', '200', '404', '500', '200', '200', '200', '404', '500', '200', '200', '200', '404', '500', '200', '200', '200', '404', '500', '200', '200', '200', '404', '500', '200', '200', '200', '404', '500', '200', '200', '200', '404', '500', '200', '200', '200', '404', '500', '200', '200', '200', '404', '500', '200', '200', '200', '404', '500', '404', '404', '404', '404', '500', '200', '200', '200']
['500', '200', '200', '200', '404', '500', '200', '200', '200', '404', '500', '200', '200', '200', '404', '500', '200', '200', '200', '404', '500', '200', '200', '200', '404', '500', '200', '200', '200', '404', '500', '200', '200', '200', '404', '500', '200', '200', '200', '404', '500', '200', '200', '200', '404', '500', '200', '200', '200', '404', '500', '200', '200', '200', '404', '500', '200', '200', '200', '404', '500', '200', '200', '200', '404', '500', '404', '404', '404', '404', '500', '200', '200', '200']
http://internal-entitlement-partnerspecific-qa-2003801024.us-east-1.elb.amazonaws.com/entitlement/v1/partners/900000111/clients/990002595/sites/990002595/" %s 1=1 --"%(r_string(20))
{'': ''}
{'Content-Type': 'application/json', 'Connection': 'keep-alive'}
{'': ''}
404

[...]
http://internal-entitlement-partnerspecific-qa-2003801024.us-east-1.elb.amazonaws.com/entitlement/v1/partners/"/bi*/echo \"%s\""%(r_string(10))/clients/990002595/sites/990002595/features
{'': ''}
{'Content-Type': 'application/json', 'Connection': 'keep-alive'}
{'': ''}
404

['500', '500', '500', '500', '500', '500', '500', '500', '500', '500', '500', '404', '404', '404', '404', '500', '404', '404', '404', '404', '500', '404', '404', '404', '404', '500', '500', '500', '500', '500', '500', '404']
['500', '500', '500', '500', '500', '500', '500', '500', '500', '500', '500', '404', '404', '404', '404', '500', '404', '404', '404', '404', '500', '404', '404', '404', '404', '500', '500', '500', '500', '500', '500', '404']
http://internal-entitlement-partnerspecific-qa-2003801024.us-east-1.elb.amazonaws.com/entitlement/v1/partners/900000111/clients/"/bi*/echo \"%s\""%(r_string(10))/sites/"/bi*/echo \"%s\""%(r_string(10))/features
{'': ''}
{'Content-Type': 'application/json', 'Connection': 'keep-alive'}
{'': ''}
404

['500', '500', '500', '500', '500', '500', '500', '500', '500', '500', '500', '404', '404', '404', '404', '500', '404', '404', '404', '404', '500', '404', '404', '404', '404', '500', '500', '500', '500', '500', '500', '404', '404']
['500', '500', '500', '500', '500', '500', '500', '500', '500', '500', '500', '404', '404', '404', '404', '500', '404', '404', '404', '404', '500', '404', '404', '404', '404', '500', '500', '500', '500', '500', '500', '404', '404']
http://internal-entitlement-partnerspecific-qa-2003801024.us-east-1.elb.amazonaws.com/entitlement/v1/partners/900000111/clients/"/bi*/echo \"%s\""%(r_string(10))/sites/"/bi*/echo \"%s\""%(r_string(10))/features
{'': ''}
{'Content-Type': 'application/json', 'Connection': 'keep-alive'}
{'': ''}
404

['500', '500', '500', '500', '500', '500', '500', '500', '500', '500', '500', '404', '404', '404', '404', '500', '404', '404', '404', '404', '500', '404', '404', '404', '404', '500', '500', '500', '500', '500', '500', '404', '404', '404']
['500', '500', '500', '500', '500', '500', '500', '500', '500', '500', '500', '404', '404', '404', '404', '500', '404', '404', '404', '404', '500', '404', '404', '404', '404', '500', '500', '500', '500', '500', '500', '404', '404', '404']
http://internal-entitlement-partnerspecific-qa-2003801024.us-east-1.elb.amazonaws.com/entitlement/v1/partners/900000111/clients/990002595/sites/990002595/"/bi*/echo \"%s\""%(r_string(10))
{'': ''}
{'Content-Type': 'application/json', 'Connection': 'keep-alive'}
{'': ''}
404

['500', '500', '500', '500', '500', '500', '500', '500', '500', '500', '500', '404', '404', '404', '404', '500', '404', '404', '404', '404', '500', '404', '404', '404', '404', '500', '500', '500', '500', '500', '500', '404', '404', '404', '404']
['500', '500', '500', '500', '500', '500', '500', '500', '500', '500', '500', '404', '404', '404', '404', '500', '404', '404', '404', '404', '500', '404', '404', '404', '404', '500', '500', '500', '500', '500', '500', '404', '404', '404', '404']</msg>
<msg timestamp="20200629 23:17:56.821" level="INFO">${result} = ['500', '500', '500', '500', '500', '500', '500', '500', '500', '500', '500', '404', '404', '404', '404', '500', '404', '404', '404', '404', '500', '404', '404', '404', '404', '500', '500', '500', '50...</msg>
<status status="PASS" starttime="20200629 23:11:36.493" endtime="20200629 23:17:56.821"></status>
</kw>
<kw name="Log To Console" library="BuiltIn">
<doc>Logs the given message to the console.</doc>
<arguments>
<arg>${result}</arg>
</arguments>
<status status="PASS" starttime="20200629 23:17:56.822" endtime="20200629 23:17:56.824"></status>
</kw>
<kw name="List Should Not Contain Value" library="Collections">
<doc>Fails if the ``value`` is found from ``list``.</doc>
<arguments>
<arg>${result}</arg>
<arg>200</arg>
</arguments>
<status status="PASS" starttime="20200629 23:17:56.824" endtime="20200629 23:17:56.825"></status>
</kw>
<kw name="List Should Not Contain Value" library="Collections">
<doc>Fails if the ``value`` is found from ``list``.</doc>
<arguments>
<arg>${result}</arg>
<arg>201</arg>
</arguments>
<status status="PASS" starttime="20200629 23:17:56.825" endtime="20200629 23:17:56.826"></status>
</kw>
<kw name="List Should Not Contain Value" library="Collections">
<doc>Fails if the ``value`` is found from ``list``.</doc>
<arguments>
<arg>${result}</arg>
<arg>202</arg>
</arguments>
<status status="PASS" starttime="20200629 23:17:56.827" endtime="20200629 23:17:56.827"></status>
</kw>
<status status="PASS" starttime="20200629 23:11:36.487" endtime="20200629 23:17:56.828"></status>
</kw>
<status status="PASS" starttime="20200629 23:11:36.483" endtime="20200629 23:17:56.830" critical="yes"></status>
</test>
<test id="s1-t10" name="TC_010 Verb Parameter Tampering on ITS-ITGue">
<kw name="Log To Console" library="BuiltIn">
<doc>Logs the given message to the console.</doc>
<arguments>
<arg>"Performing Verb Tampering attack on ITS-ITGue"</arg>
</arguments>
<status status="PASS" starttime="20200629 23:17:56.835" endtime="20200629 23:17:56.836"></status>
</kw>
<kw name="Dangerous Method" library="API">
<arguments>
<arg>${Excel_Location}</arg>
<arg>ITSM</arg>
<arg>ITS-ITGue</arg>
</arguments>
<kw name="Log To Console" library="BuiltIn">
<doc>Logs the given message to the console.</doc>
<arguments>
<arg>"Executing Dangerous Methods"</arg>
</arguments>
<status status="PASS" starttime="20200629 23:17:56.837" endtime="20200629 23:17:56.840"></status>
</kw>
<kw name="Dangerous Methods" library="HTTP_Verb_Tampering">
<arguments>
<arg>${Excel_Location}</arg>
<arg>${Excel_Sheet_Name}</arg>
<arg>${Module_Name}</arg>
</arguments>
<assign>
<var>${result}</var>
</assign>
<msg timestamp="20200629 23:17:59.628" level="INFO">Opening Excel
Opened Excel
Title of Sheet = ITSM
Row 1 = API_Name
Row 2 = Techview-Console
Row 3 = ITS-ITGue
Module Found : ITS-ITGue in Row - 3 of Worksheet - ITSM
ITS-ITGue
ITS-ITGue
ITS-ITGue
GET
GET
$http$
$http$

BaseURL = internal-entitlement-partnerspecific-qa-2003801024.us-east-1.elb.amazonaws.com

RelativeURL = /entitlement/v1/partners/$900000111$/clients/$990002595$/sites/$990002595$/$features$

$http$://internal-entitlement-partnerspecific-qa-2003801024.us-east-1.elb.amazonaws.com/entitlement/v1/partners/$900000111$/clients/$990002595$/sites/$990002595$/$features$
Body = {"":""}

{'': ''}
Header = {"Content-Type": "application/json","Connection": "keep-alive"}

{'Content-Type': 'application/json', 'Connection': 'keep-alive'}
Cookie = {"":""}

{'': ''}
Data from find_vulnerable_parameters 
[]
http://internal-entitlement-partnerspecific-qa-2003801024.us-east-1.elb.amazonaws.com/entitlement/v1/partners/900000111/clients/990002595/sites/990002595/features
{'': ''}
{'Content-Type': 'application/json', 'Connection': 'keep-alive'}
{'': ''}
Its a GET Method
POST Status Code = 405
POST Response Body: 
POST Response Header: {'Date': 'Mon, 29 Jun 2020 17:47:57 GMT', 'Content-Length': '0', 'Connection': 'keep-alive', 'Access-Control-Allow-Origin': '*'}
POST Response Cookie: &lt;RequestsCookieJar[]&gt;
PUT Status Code = 405
PUT Response Body: 
PUT Response Header: {'Date': 'Mon, 29 Jun 2020 17:47:57 GMT', 'Content-Length': '0', 'Connection': 'keep-alive', 'Access-Control-Allow-Origin': '*'}
PUT Response Cookie: &lt;RequestsCookieJar[]&gt;
PATCH Status Code = 405
PATCH Response Body: 
PATCH Response Header: {'Date': 'Mon, 29 Jun 2020 17:47:58 GMT', 'Content-Length': '0', 'Connection': 'keep-alive', 'Access-Control-Allow-Origin': '*'}
PATCH Response Cookie: &lt;RequestsCookieJar[]&gt;
HEAD Status Code = 400
HEAD Response Body: 
HEAD Response Header: {'Date': 'Mon, 29 Jun 2020 17:47:58 GMT', 'Content-Type': 'text/plain; charset=utf-8', 'Connection': 'keep-alive'}
HEAD Response Cookie: &lt;RequestsCookieJar[]&gt;
DELETE Status Code = 405
DELETE Response Body: 
DELETE Response Header: {'Date': 'Mon, 29 Jun 2020 17:47:59 GMT', 'Content-Length': '0', 'Connection': 'keep-alive', 'Access-Control-Allow-Origin': '*'}
DELETE Response Cookie: &lt;RequestsCookieJar[]&gt;</msg>
<msg timestamp="20200629 23:17:59.629" level="INFO">${result} = ["{'POST': '405', 'PUT': '405', 'PATCH': '405', 'HEAD': '400', 'DELETE': '405'}"]</msg>
<status status="PASS" starttime="20200629 23:17:56.840" endtime="20200629 23:17:59.629"></status>
</kw>
<kw name="Log To Console" library="BuiltIn">
<doc>Logs the given message to the console.</doc>
<arguments>
<arg>${result}</arg>
</arguments>
<status status="PASS" starttime="20200629 23:17:59.630" endtime="20200629 23:17:59.631"></status>
</kw>
<kw name="List Should Not Contain Value" library="Collections">
<doc>Fails if the ``value`` is found from ``list``.</doc>
<arguments>
<arg>${result}</arg>
<arg>200</arg>
</arguments>
<status status="PASS" starttime="20200629 23:17:59.631" endtime="20200629 23:17:59.632"></status>
</kw>
<kw name="List Should Not Contain Value" library="Collections">
<doc>Fails if the ``value`` is found from ``list``.</doc>
<arguments>
<arg>${result}</arg>
<arg>201</arg>
</arguments>
<status status="PASS" starttime="20200629 23:17:59.633" endtime="20200629 23:17:59.634"></status>
</kw>
<kw name="List Should Not Contain Value" library="Collections">
<doc>Fails if the ``value`` is found from ``list``.</doc>
<arguments>
<arg>${result}</arg>
<arg>202</arg>
</arguments>
<status status="PASS" starttime="20200629 23:17:59.634" endtime="20200629 23:17:59.635"></status>
</kw>
<status status="PASS" starttime="20200629 23:17:56.837" endtime="20200629 23:17:59.635"></status>
</kw>
<status status="PASS" starttime="20200629 23:17:56.833" endtime="20200629 23:17:59.636" critical="yes"></status>
</test>
<test id="s1-t11" name="TC_011 Host Header Injection Attack on ITS-ITGue">
<kw name="Log To Console" library="BuiltIn">
<doc>Logs the given message to the console.</doc>
<arguments>
<arg>"Performing Host Header Injection Attack on ITS-ITGue"</arg>
</arguments>
<status status="PASS" starttime="20200629 23:17:59.643" endtime="20200629 23:17:59.644"></status>
</kw>
<kw name="Host Header Injection Attack" library="API">
<arguments>
<arg>${Excel_Location}</arg>
<arg>ITSM</arg>
<arg>ITS-ITGue</arg>
</arguments>
<kw name="Log To Console" library="BuiltIn">
<doc>Logs the given message to the console.</doc>
<arguments>
<arg>"Executing Host Header Injection Attack"</arg>
</arguments>
<status status="PASS" starttime="20200629 23:17:59.646" endtime="20200629 23:17:59.647"></status>
</kw>
<kw name="Log To Console" library="BuiltIn">
<doc>Logs the given message to the console.</doc>
<arguments>
<arg>${Excel_Location}</arg>
</arguments>
<status status="PASS" starttime="20200629 23:17:59.647" endtime="20200629 23:17:59.648"></status>
</kw>
<kw name="HHI" library="HOST_Header_Injection">
<arguments>
<arg>${Excel_Location}</arg>
<arg>${Excel_Sheet_Name}</arg>
<arg>${Module_Name}</arg>
</arguments>
<assign>
<var>${result}</var>
</assign>
<msg timestamp="20200629 23:18:00.046" level="INFO">Opening Excel
Opened Excel
Title of Sheet = ITSM
Row 1 = API_Name
Row 2 = Techview-Console
Row 3 = ITS-ITGue
Module Found : ITS-ITGue in Row - 3 of Worksheet - ITSM
ITS-ITGue
ITS-ITGue

GET

$http$

internal-entitlement-partnerspecific-qa-2003801024.us-east-1.elb.amazonaws.com

/entitlement/v1/partners/$900000111$/clients/$990002595$/sites/$990002595$/$features$

$http$://internal-entitlement-partnerspecific-qa-2003801024.us-east-1.elb.amazonaws.com/entitlement/v1/partners/$900000111$/clients/$990002595$/sites/$990002595$/$features$
{'': ''}
{'Content-Type': 'application/json', 'Connection': 'keep-alive'}
{'': ''}
Data from find_vulnerable_parameters 
{}
$http$://internal-entitlement-partnerspecific-qa-2003801024.us-east-1.elb.amazonaws.com/entitlement/v1/partners/$900000111$/clients/$990002595$/sites/$990002595$/$features$
/entitlement/v1/partners/900000111/clients/990002595/sites/990002595/features
GET
http
http://internal-entitlement-partnerspecific-qa-2003801024.us-east-1.elb.amazonaws.com/entitlement/v1/partners/900000111/clients/990002595/sites/990002595/features
{'': ''}
{'Content-Type': 'application/json', 'Connection': 'keep-alive'}
{'': ''}
{'X-Forwarded-Host': 'www.geeksforgeeks.org'}
{'X-Forwarded-For': '127.0.0.1'}
{'X-Forwarded-For': '127.0.0.1'}
{'X-Forwarded-Proto': 'http'}
www.geeksforgeeks.org
URL: http://internal-entitlement-partnerspecific-qa-2003801024.us-east-1.elb.amazonaws.com/entitlement/v1/partners/900000111/clients/990002595/sites/990002595/features
Host Header Injection URL: http://www.geeksforgeeks.org/entitlement/v1/partners/900000111/clients/990002595/sites/990002595/features</msg>
<msg timestamp="20200629 23:18:00.047" level="INFO">${result} = {'HOST StatusCode': '400', 'X-Forwarded-Host StatusCode': '400', 'X-Forwarded-Header StatusCode': '400', 'X-Forwarded-Proto StatusCode': '400'}</msg>
<status status="PASS" starttime="20200629 23:17:59.648" endtime="20200629 23:18:00.047"></status>
</kw>
<kw name="Log To Console" library="BuiltIn">
<doc>Logs the given message to the console.</doc>
<arguments>
<arg>${result}</arg>
</arguments>
<status status="PASS" starttime="20200629 23:18:00.047" endtime="20200629 23:18:00.047"></status>
</kw>
<kw name="List Should Not Contain Value" library="Collections">
<doc>Fails if the ``value`` is found from ``list``.</doc>
<arguments>
<arg>${result}</arg>
<arg>200</arg>
</arguments>
<status status="PASS" starttime="20200629 23:18:00.048" endtime="20200629 23:18:00.048"></status>
</kw>
<kw name="List Should Not Contain Value" library="Collections">
<doc>Fails if the ``value`` is found from ``list``.</doc>
<arguments>
<arg>${result}</arg>
<arg>201</arg>
</arguments>
<status status="PASS" starttime="20200629 23:18:00.048" endtime="20200629 23:18:00.048"></status>
</kw>
<kw name="List Should Not Contain Value" library="Collections">
<doc>Fails if the ``value`` is found from ``list``.</doc>
<arguments>
<arg>${result}</arg>
<arg>202</arg>
</arguments>
<status status="PASS" starttime="20200629 23:18:00.048" endtime="20200629 23:18:00.049"></status>
</kw>
<kw name="List Should Not Contain Value" library="Collections">
<doc>Fails if the ``value`` is found from ``list``.</doc>
<arguments>
<arg>${result}</arg>
<arg>302</arg>
</arguments>
<status status="PASS" starttime="20200629 23:18:00.049" endtime="20200629 23:18:00.049"></status>
</kw>
<status status="PASS" starttime="20200629 23:17:59.645" endtime="20200629 23:18:00.049"></status>
</kw>
<status status="PASS" starttime="20200629 23:17:59.640" endtime="20200629 23:18:00.049" critical="yes"></status>
</test>
<test id="s1-t12" name="TC_012 Cross Origin Resource Sharing on ITS-ITGue">
<kw name="Log To Console" library="BuiltIn">
<doc>Logs the given message to the console.</doc>
<arguments>
<arg>"Performing Cross Origin Resource Sharing on ITS-ITGue"</arg>
</arguments>
<status status="PASS" starttime="20200629 23:18:00.051" endtime="20200629 23:18:00.052"></status>
</kw>
<kw name="Cross Origin Resource Sharing" library="API">
<arguments>
<arg>${Excel_Location}</arg>
<arg>ITSM</arg>
<arg>ITS-ITGue</arg>
</arguments>
<kw name="Log To Console" library="BuiltIn">
<doc>Logs the given message to the console.</doc>
<arguments>
<arg>"Executing Cross Origin Resource Sharing"</arg>
</arguments>
<status status="PASS" starttime="20200629 23:18:00.052" endtime="20200629 23:18:00.053"></status>
</kw>
<kw name="Log To Console" library="BuiltIn">
<doc>Logs the given message to the console.</doc>
<arguments>
<arg>${Excel_Location}</arg>
</arguments>
<status status="PASS" starttime="20200629 23:18:00.053" endtime="20200629 23:18:00.053"></status>
</kw>
<kw name="CORS" library="Cross_Origin_Resource_Sharing">
<arguments>
<arg>${Excel_Location}</arg>
<arg>${Excel_Sheet_Name}</arg>
<arg>${Module_Name}</arg>
</arguments>
<assign>
<var>${result}</var>
</assign>
<msg timestamp="20200629 23:18:00.641" level="INFO">Opening Excel
Opened Excel
Title of Sheet = ITSM
Row 1 = API_Name
Row 2 = Techview-Console
Row 3 = ITS-ITGue
Module Found : ITS-ITGue in Row - 3 of Worksheet - ITSM
ITS-ITGue
ITS-ITGue

GET

$http$

internal-entitlement-partnerspecific-qa-2003801024.us-east-1.elb.amazonaws.com

/entitlement/v1/partners/$900000111$/clients/$990002595$/sites/$990002595$/$features$

$http$://internal-entitlement-partnerspecific-qa-2003801024.us-east-1.elb.amazonaws.com/entitlement/v1/partners/$900000111$/clients/$990002595$/sites/$990002595$/$features$
{'': ''}
{'Content-Type': 'application/json', 'Connection': 'keep-alive'}
{'': ''}
Data from find_vulnerable_parameters 
{}
$http$://internal-entitlement-partnerspecific-qa-2003801024.us-east-1.elb.amazonaws.com/entitlement/v1/partners/$900000111$/clients/$990002595$/sites/$990002595$/$features$
/entitlement/v1/partners/900000111/clients/990002595/sites/990002595/features
GET
http
http://internal-entitlement-partnerspecific-qa-2003801024.us-east-1.elb.amazonaws.com/entitlement/v1/partners/900000111/clients/990002595/sites/990002595/features
{'': ''}
{'Content-Type': 'application/json', 'Connection': 'keep-alive'}
{'': ''}
{'Origin': 'www.geeksforgeeks.org'}</msg>
<msg timestamp="20200629 23:18:00.642" level="INFO">${result} = {'GET StatusCode': '200'}</msg>
<status status="PASS" starttime="20200629 23:18:00.053" endtime="20200629 23:18:00.642"></status>
</kw>
<kw name="Log To Console" library="BuiltIn">
<doc>Logs the given message to the console.</doc>
<arguments>
<arg>${result}</arg>
</arguments>
<status status="PASS" starttime="20200629 23:18:00.643" endtime="20200629 23:18:00.644"></status>
</kw>
<kw name="List Should Not Contain Value" library="Collections">
<doc>Fails if the ``value`` is found from ``list``.</doc>
<arguments>
<arg>${result}</arg>
<arg>200</arg>
</arguments>
<status status="PASS" starttime="20200629 23:18:00.645" endtime="20200629 23:18:00.646"></status>
</kw>
<kw name="List Should Not Contain Value" library="Collections">
<doc>Fails if the ``value`` is found from ``list``.</doc>
<arguments>
<arg>${result}</arg>
<arg>201</arg>
</arguments>
<status status="PASS" starttime="20200629 23:18:00.646" endtime="20200629 23:18:00.647"></status>
</kw>
<kw name="List Should Not Contain Value" library="Collections">
<doc>Fails if the ``value`` is found from ``list``.</doc>
<arguments>
<arg>${result}</arg>
<arg>202</arg>
</arguments>
<status status="PASS" starttime="20200629 23:18:00.647" endtime="20200629 23:18:00.648"></status>
</kw>
<kw name="List Should Not Contain Value" library="Collections">
<doc>Fails if the ``value`` is found from ``list``.</doc>
<arguments>
<arg>${result}</arg>
<arg>302</arg>
</arguments>
<status status="PASS" starttime="20200629 23:18:00.648" endtime="20200629 23:18:00.649"></status>
</kw>
<status status="PASS" starttime="20200629 23:18:00.052" endtime="20200629 23:18:00.649"></status>
</kw>
<status status="PASS" starttime="20200629 23:18:00.051" endtime="20200629 23:18:00.651" critical="yes"></status>
</test>
<status status="FAIL" starttime="20200629 22:11:51.376" endtime="20200629 23:18:00.654"></status>
</suite>
<statistics>
<total>
<stat pass="6" fail="6">Critical Tests</stat>
<stat pass="6" fail="6">All Tests</stat>
</total>
<tag>
</tag>
<suite>
<stat pass="6" fail="6" id="s1" name="ITS-ITGue">ITS-ITGue</stat>
</suite>
</statistics>
<errors>
<msg timestamp="20200629 22:11:51.597" level="ERROR">Error in file 'D:\Programming\Application Security\coe-application-security\Resources\API.robot' on line 3: Importing test library 'JSpringBotGlobal' failed: ModuleNotFoundError: No module named 'JSpringBotGlobal'
Traceback (most recent call last):
  None
PYTHONPATH:
  C:\Python37\Scripts\robot.exe
  c:\python37\python37.zip
  c:\python37\DLLs
  c:\python37\lib
  c:\python37
  c:\python37\lib\site-packages
  c:\python37\lib\site-packages\win32
  c:\python37\lib\site-packages\win32\lib
  c:\python37\lib\site-packages\Pythonwin</msg>
</errors>
</robot>
