<?xml version="1.0" encoding="UTF-8"?>
<robot generator="Robot 3.2.1 (Python 3.7.4 on win32)" generated="20200606 16:34:38.580" rpa="false">
<suite id="s1" name="UI" source="D:\Programming\Application Security\coe-application-security\TestCases\Example\UI.robot">
<test id="s1-t1" name="TC_001 Browser Start and Open URL">
<kw name="Open Browser" library="SeleniumLibrary">
<doc>Opens a new browser instance to the optional ``url``.</doc>
<arguments>
<arg>${URL}</arg>
<arg>${Browser}</arg>
</arguments>
<msg timestamp="20200606 16:34:39.042" level="INFO">Opening browser 'Firefox' to base url 'https://control.dtitsupport247.net'.</msg>
<msg timestamp="20200606 16:34:39.044" level="INFO">Firefox driver log is always forced to to: D:\Programming\Application Security\coe-application-security\TestCases\Example\geckodriver-5.log</msg>
<status status="PASS" starttime="20200606 16:34:39.041" endtime="20200606 16:34:47.710"></status>
</kw>
<kw name="Close Browser" library="SeleniumLibrary">
<doc>Closes the current browser.</doc>
<status status="PASS" starttime="20200606 16:34:47.726" endtime="20200606 16:34:52.020"></status>
</kw>
<status status="PASS" starttime="20200606 16:34:39.041" endtime="20200606 16:34:52.020" critical="yes"></status>
</test>
<status status="PASS" starttime="20200606 16:34:38.585" endtime="20200606 16:34:52.022"></status>
</suite>
<statistics>
<total>
<stat pass="1" fail="0">Critical Tests</stat>
<stat pass="1" fail="0">All Tests</stat>
</total>
<tag>
</tag>
<suite>
<stat pass="1" fail="0" id="s1" name="UI">UI</stat>
</suite>
</statistics>
<errors>
<msg timestamp="20200606 16:34:38.628" level="ERROR">Error in file 'D:\Programming\Application Security\coe-application-security\TestCases\Example\UI.robot' on line 2: Test library 'MethodFiles\Mathematics.py' does not exist.</msg>
<msg timestamp="20200606 16:34:38.630" level="ERROR">Error in file 'D:\Programming\Application Security\coe-application-security\TestCases\Example\UI.robot' on line 3: Test library 'MethodFiles\OS.py' does not exist.</msg>
<msg timestamp="20200606 16:34:38.920" level="ERROR">Error in file 'D:\Programming\Application Security\coe-application-security\TestCases\Example\UI.robot' on line 7: Resource file 'Methods.robot' does not exist.</msg>
</errors>
</robot>
